#
# A fatal error has been detected by the Java Runtime Environment:
#
#  SIGSEGV (0xb) at pc=0x00007fd63fadb3b8, pid=23004, tid=0x00007fd63da3a700
#
# JRE version: OpenJDK Runtime Environment (8.0_162-b12) (build 1.8.0_162-b12)
# Java VM: OpenJDK 64-Bit Server VM (25.162-b12 mixed mode linux-amd64 compressed oops)
# Problematic frame:
# V  [libjvm.so+0x6b73b8]
#
# Core dump written. Default location: /home/cheeky/workspace/Allegretto/core or core.23004
#
# If you would like to submit a bug report, please visit:
#   http://bugreport.java.com/bugreport/crash.jsp
#

---------------  T H R E A D  ---------------

Current thread (0x00007fd638029000):  GCTaskThread [stack: 0x00007fd63d93b000,0x00007fd63da3b000] [id=23007]

siginfo: si_signo: 11 (SIGSEGV), si_code: 1 (SEGV_MAPERR), si_addr: 0x0000000000000100

Registers:
RAX=0x0000000000000000, RBX=0x00007fd63da39d30, RCX=0x00007fd63da39d50, RDX=0x0000000000000000
RSP=0x00007fd63da39670, RBP=0x00007fd63da396a0, RSI=0x00007fd63da39d30, RDI=0x0000000000000000
R8 =0x0000000100004f18, R9 =0x0000000000000003, R10=0x00000000d8c8057d, R11=0x0000000000000068
R12=0x0000000000000000, R13=0x0000000000000000, R14=0x0000000000000000, R15=0x00007fd63da39d30
RIP=0x00007fd63fadb3b8, EFLAGS=0x0000000000010202, CSGSFS=0x002b000000000033, ERR=0x0000000000000004
  TRAPNO=0x000000000000000e

Top of Stack: (sp=0x00007fd63da39670)
0x00007fd63da39670:   0000000000000000 00007fd63da39d30
0x00007fd63da39680:   00007fd638819800 00007fd638057980
0x00007fd63da39690:   0000000000000000 00007fd63da39d50
0x00007fd63da396a0:   00007fd63da39d20 00007fd63fe5aea8
0x00007fd63da396b0:   0000000000000000 0000000000000000
0x00007fd63da396c0:   0000000000000000 0000000000000000
0x00007fd63da396d0:   0000000000000000 0000000000000000
0x00007fd63da396e0:   0000000000000000 0000000000000000
0x00007fd63da396f0:   0000000000000000 0000000000000000
0x00007fd63da39700:   0000000000000000 0000000000000000
0x00007fd63da39710:   0000000000000000 0000000000000000
0x00007fd63da39720:   0000000000000000 0000000000000000
0x00007fd63da39730:   0000000000000000 0000000000000000
0x00007fd63da39740:   0000000000000000 0000000000000000
0x00007fd63da39750:   0000000000000000 0000000000000000
0x00007fd63da39760:   0000000000000000 0000000000000000
0x00007fd63da39770:   0000000000000000 0000000000000000
0x00007fd63da39780:   0000000000000000 0000000000000000
0x00007fd63da39790:   0000000000000000 0000000000000000
0x00007fd63da397a0:   0000000000000000 0000000000000000
0x00007fd63da397b0:   0000000000000000 0000000000000000
0x00007fd63da397c0:   0000000000000000 0000000000000000
0x00007fd63da397d0:   0000000000000000 0000000000000000
0x00007fd63da397e0:   0000000000000000 0000000000000000
0x00007fd63da397f0:   0000000000000000 0000000000000000
0x00007fd63da39800:   0000000000000000 0000000000000000
0x00007fd63da39810:   0000000000000000 0000000000000000
0x00007fd63da39820:   0000000000000000 0000000000000000
0x00007fd63da39830:   0000000000000000 0000000000000000
0x00007fd63da39840:   0000000000000000 0000000000000000
0x00007fd63da39850:   0000000000000000 0000000000000000
0x00007fd63da39860:   0000000000000000 0000000000000000 

Instructions: (pc=0x00007fd63fadb3b8)
0x00007fd63fadb398:   41 55 41 54 49 89 fd 53 49 89 f7 48 83 ec 08 66
0x00007fd63fadb3a8:   0f 1f 84 00 00 00 00 00 4d 89 ec 0f 1f 44 00 00
0x00007fd63fadb3b8:   41 8b b4 24 00 01 00 00 85 f6 7e 68 4d 8d 74 24
0x00007fd63fadb3c8:   f8 bb 01 00 00 00 66 90 49 8b 44 dc f8 48 85 c0 

Register to memory mapping:

RAX=0x0000000000000000 is an unknown value
RBX=0x00007fd63da39d30 is an unknown value
RCX=0x00007fd63da39d50 is an unknown value
RDX=0x0000000000000000 is an unknown value
RSP=0x00007fd63da39670 is an unknown value
RBP=0x00007fd63da396a0 is an unknown value
RSI=0x00007fd63da39d30 is an unknown value
RDI=0x0000000000000000 is an unknown value
R8 =0x0000000100004f18 is pointing into metadata
R9 =0x0000000000000003 is an unknown value
R10=0x00000000d8c8057d is an unknown value
R11=0x0000000000000068 is an unknown value
R12=0x0000000000000000 is an unknown value
R13=0x0000000000000000 is an unknown value
R14=0x0000000000000000 is an unknown value
R15=0x00007fd63da39d30 is an unknown value


Stack: [0x00007fd63d93b000,0x00007fd63da3b000],  sp=0x00007fd63da39670,  free space=1017k
Native frames: (J=compiled Java code, j=interpreted, Vv=VM code, C=native code)
V  [libjvm.so+0x6b73b8]
V  [libjvm.so+0xa36ea8]
V  [libjvm.so+0x953b46]
V  [libjvm.so+0x5b3b86]
V  [libjvm.so+0x8d8432]


---------------  P R O C E S S  ---------------

Java Threads: ( => current thread )
  0x00007fd638819800 JavaThread "background-preinit" [_thread_blocked, id=23035, stack(0x00007fd61edc1000,0x00007fd61eec2000)]
  0x00007fd5e0001800 JavaThread "RMI TCP Connection(idle)" daemon [_thread_blocked, id=23034, stack(0x00007fd61eec2000,0x00007fd61efc3000)]
  0x00007fd638740800 JavaThread "RMI TCP Accept-0" daemon [_thread_in_native, id=23031, stack(0x00007fd61f2c4000,0x00007fd61f3c5000)]
  0x00007fd638739800 JavaThread "RMI TCP Accept-43745" daemon [_thread_in_native, id=23030, stack(0x00007fd61f3c5000,0x00007fd61f4c6000)]
  0x00007fd638725000 JavaThread "RMI TCP Accept-0" daemon [_thread_in_native, id=23029, stack(0x00007fd61f4c6000,0x00007fd61f5c7000)]
  0x00007fd638634000 JavaThread "Service Thread" daemon [_thread_blocked, id=23027, stack(0x00007fd61f9e4000,0x00007fd61fae5000)]
  0x00007fd638631000 JavaThread "C1 CompilerThread2" daemon [_thread_blocked, id=23026, stack(0x00007fd61fae6000,0x00007fd61fbe6000)]
  0x00007fd63862f000 JavaThread "C2 CompilerThread1" daemon [_thread_blocked, id=23025, stack(0x00007fd61fbe7000,0x00007fd61fce7000)]
  0x00007fd63862d000 JavaThread "C2 CompilerThread0" daemon [_thread_blocked, id=23024, stack(0x00007fd61ff00000,0x00007fd620000000)]
  0x00007fd63862b000 JavaThread "Monitor Ctrl-Break" daemon [_thread_in_native, id=23023, stack(0x00007fd6240d4000,0x00007fd6241d5000)]
  0x00007fd638187000 JavaThread "Signal Dispatcher" daemon [_thread_blocked, id=23022, stack(0x00007fd62457f000,0x00007fd624680000)]
  0x00007fd638154800 JavaThread "Finalizer" daemon [_thread_blocked, id=23015, stack(0x00007fd624836000,0x00007fd624937000)]
  0x00007fd638150000 JavaThread "Reference Handler" daemon [_thread_blocked, id=23014, stack(0x00007fd624937000,0x00007fd624a38000)]
  0x00007fd638014000 JavaThread "main" [_thread_blocked, id=23005, stack(0x00007fd641091000,0x00007fd641191000)]

Other Threads:
  0x00007fd638148000 VMThread [stack: 0x00007fd624a39000,0x00007fd624b39000] [id=23013]
  0x00007fd638743000 WatcherThread [stack: 0x00007fd61f1c4000,0x00007fd61f2c4000] [id=23032]

=>0x00007fd638029000 (exited) GCTaskThread [stack: 0x00007fd63d93b000,0x00007fd63da3b000] [id=23007]

VM state:at safepoint (normal execution)

VM Mutex/Monitor currently owned by a thread:  ([mutex/lock_event])
[0x00007fd63800aff0] Threads_lock - owner thread: 0x00007fd638148000
[0x00007fd63800b4f0] Heap_lock - owner thread: 0x00007fd5e0001800

Heap:
 PSYoungGen      total 36864K, used 31744K [0x00000000d6d80000, 0x00000000d9680000, 0x0000000100000000)
  eden space 31744K, 100% used [0x00000000d6d80000,0x00000000d8c80000,0x00000000d8c80000)
  from space 5120K, 0% used [0x00000000d9180000,0x00000000d9180000,0x00000000d9680000)
  to   space 5120K, 23% used [0x00000000d8c80000,0x00000000d8da8230,0x00000000d9180000)
 ParOldGen       total 84992K, used 0K [0x0000000084800000, 0x0000000089b00000, 0x00000000d6d80000)
  object space 84992K, 0% used [0x0000000084800000,0x0000000084800000,0x0000000089b00000)
 Metaspace       used 10120K, capacity 10338K, committed 10624K, reserved 1058816K
  class space    used 1220K, capacity 1315K, committed 1408K, reserved 1048576K

Card table byte_map: [0x00007fd63dcce000,0x00007fd63e0ab000] byte_map_base: 0x00007fd63d8aa000

Marking Bits: (ParMarkBitMap*) 0x00007fd64038b0c0
 Begin Bits: [0x00007fd625240000, 0x00007fd627120000)
 End Bits:   [0x00007fd627120000, 0x00007fd629000000)

Polling page: 0x00007fd6411ca000

CodeCache: size=245760Kb used=2263Kb max_used=2263Kb free=243496Kb
 bounds [0x00007fd629000000, 0x00007fd629270000, 0x00007fd638000000]
 total_blobs=1142 nmethods=794 adapters=262
 compilation: enabled

Compilation events (10 events):
Event: 1.070 Thread 0x00007fd638631000  790       1       java.lang.StringBuilder::append (8 bytes)
Event: 1.070 Thread 0x00007fd638631000 nmethod 790 0x00007fd629234850 code [0x00007fd6292349c0, 0x00007fd629234b08]
Event: 1.070 Thread 0x00007fd638631000  791       1       java.lang.AbstractStringBuilder::append (62 bytes)
Event: 1.070 Thread 0x00007fd638631000 nmethod 791 0x00007fd629234b90 code [0x00007fd629234d40, 0x00007fd629235158]
Event: 1.070 Thread 0x00007fd638631000  792       1       java.util.HashMap::size (5 bytes)
Event: 1.070 Thread 0x00007fd638631000 nmethod 792 0x00007fd629235490 code [0x00007fd6292355e0, 0x00007fd6292356f0]
Event: 1.074 Thread 0x00007fd638631000  793       1       java.util.regex.Pattern$BmpCharProperty::match (50 bytes)
Event: 1.075 Thread 0x00007fd638631000 nmethod 793 0x00007fd629235750 code [0x00007fd6292358e0, 0x00007fd629235ae8]
Event: 1.075 Thread 0x00007fd638631000  794       1       java.util.regex.Pattern$Single::isSatisfiedBy (14 bytes)
Event: 1.075 Thread 0x00007fd638631000 nmethod 794 0x00007fd629235bd0 code [0x00007fd629235d20, 0x00007fd629235e50]

GC Heap History (1 events):
Event: 1.092 GC heap before
{Heap before GC invocations=1 (full 0):
 PSYoungGen      total 36864K, used 31744K [0x00000000d6d80000, 0x00000000d9680000, 0x0000000100000000)
  eden space 31744K, 100% used [0x00000000d6d80000,0x00000000d8c80000,0x00000000d8c80000)
  from space 5120K, 0% used [0x00000000d9180000,0x00000000d9180000,0x00000000d9680000)
  to   space 5120K, 0% used [0x00000000d8c80000,0x00000000d8c80000,0x00000000d9180000)
 ParOldGen       total 84992K, used 0K [0x0000000084800000, 0x0000000089b00000, 0x00000000d6d80000)
  object space 84992K, 0% used [0x0000000084800000,0x0000000084800000,0x0000000089b00000)
 Metaspace       used 10120K, capacity 10338K, committed 10624K, reserved 1058816K
  class space    used 1220K, capacity 1315K, committed 1408K, reserved 1048576K

Deoptimization events (0 events):
No events

Classes redefined (0 events):
No events

Internal exceptions (10 events):
Event: 0.847 Thread 0x00007fd638014000 Exception <a 'java/io/FileNotFoundException'> (0x00000000d7fdc890) thrown at [/build/java8-openjdk/src/jdk8u-jdk8u162-b12/hotspot/src/share/vm/prims/jni.cpp, line 709]
Event: 1.044 Thread 0x00007fd638014000 Exception <a 'java/lang/ArrayIndexOutOfBoundsException'> (0x00000000d8a29118) thrown at [/build/java8-openjdk/src/jdk8u-jdk8u162-b12/hotspot/src/share/vm/runtime/sharedRuntime.cpp, line 605]
Event: 1.044 Thread 0x00007fd638014000 Exception <a 'java/lang/ArrayIndexOutOfBoundsException'> (0x00000000d8a2a400) thrown at [/build/java8-openjdk/src/jdk8u-jdk8u162-b12/hotspot/src/share/vm/runtime/sharedRuntime.cpp, line 605]
Event: 1.052 Thread 0x00007fd638014000 Exception <a 'java/lang/ArrayIndexOutOfBoundsException'> (0x00000000d8a7edc8) thrown at [/build/java8-openjdk/src/jdk8u-jdk8u162-b12/hotspot/src/share/vm/runtime/sharedRuntime.cpp, line 605]
Event: 1.052 Thread 0x00007fd638014000 Exception <a 'java/lang/ArrayIndexOutOfBoundsException'> (0x00000000d8a80d30) thrown at [/build/java8-openjdk/src/jdk8u-jdk8u162-b12/hotspot/src/share/vm/runtime/sharedRuntime.cpp, line 605]
Event: 1.053 Thread 0x00007fd638014000 Exception <a 'java/lang/ArrayIndexOutOfBoundsException'> (0x00000000d8a86f90) thrown at [/build/java8-openjdk/src/jdk8u-jdk8u162-b12/hotspot/src/share/vm/runtime/sharedRuntime.cpp, line 605]
Event: 1.054 Thread 0x00007fd638014000 Exception <a 'java/lang/ArrayIndexOutOfBoundsException'> (0x00000000d8a89978) thrown at [/build/java8-openjdk/src/jdk8u-jdk8u162-b12/hotspot/src/share/vm/runtime/sharedRuntime.cpp, line 605]
Event: 1.055 Thread 0x00007fd638014000 Exception <a 'java/lang/ArrayIndexOutOfBoundsException'> (0x00000000d8a99d30) thrown at [/build/java8-openjdk/src/jdk8u-jdk8u162-b12/hotspot/src/share/vm/runtime/sharedRuntime.cpp, line 605]
Event: 1.056 Thread 0x00007fd638014000 Exception <a 'java/lang/ArrayIndexOutOfBoundsException'> (0x00000000d8aa5958) thrown at [/build/java8-openjdk/src/jdk8u-jdk8u162-b12/hotspot/src/share/vm/runtime/sharedRuntime.cpp, line 605]
Event: 1.056 Thread 0x00007fd638014000 Exception <a 'java/lang/ArrayIndexOutOfBoundsException'> (0x00000000d8aa75e8) thrown at [/build/java8-openjdk/src/jdk8u-jdk8u162-b12/hotspot/src/share/vm/runtime/sharedRuntime.cpp, line 605]

Events (10 events):
Event: 1.071 loading class java/lang/IllegalStateException done
Event: 1.072 loading class org/slf4j/bridge/SLF4JBridgeHandler
Event: 1.072 loading class org/slf4j/bridge/SLF4JBridgeHandler done
Event: 1.073 loading class java/util/logging/ConsoleHandler
Event: 1.073 loading class java/util/logging/ConsoleHandler done
Event: 1.074 loading class org/springframework/boot/autoconfigure/BackgroundPreinitializer$1
Event: 1.074 loading class org/springframework/boot/autoconfigure/BackgroundPreinitializer$1 done
Event: 1.075 Thread 0x00007fd5e0001800 Thread added: 0x00007fd5e0001800
Event: 1.075 Executing VM operation: ParallelGCFailedAllocation
Event: 1.079 Thread 0x00007fd638819800 Thread added: 0x00007fd638819800


Dynamic libraries:
84800000-89b00000 rw-p 00000000 00:00 0 
89b00000-d6d80000 ---p 00000000 00:00 0 
d6d80000-d9680000 rw-p 00000000 00:00 0 
d9680000-100000000 ---p 00000000 00:00 0 
100000000-100160000 rw-p 00000000 00:00 0 
100160000-140000000 ---p 00000000 00:00 0 
56448d4bf000-56448d4c0000 r-xp 00000000 08:08 6819680                    /usr/lib/jvm/java-8-openjdk/jre/bin/java
56448d6bf000-56448d6c0000 r--p 00000000 08:08 6819680                    /usr/lib/jvm/java-8-openjdk/jre/bin/java
56448d6c0000-56448d6c1000 rw-p 00001000 08:08 6819680                    /usr/lib/jvm/java-8-openjdk/jre/bin/java
56448e911000-56448e932000 rw-p 00000000 00:00 0                          [heap]
7fd5d0000000-7fd5d0021000 rw-p 00000000 00:00 0 
7fd5d0021000-7fd5d4000000 ---p 00000000 00:00 0 
7fd5d8000000-7fd5d8021000 rw-p 00000000 00:00 0 
7fd5d8021000-7fd5dc000000 ---p 00000000 00:00 0 
7fd5dc000000-7fd5dc021000 rw-p 00000000 00:00 0 
7fd5dc021000-7fd5e0000000 ---p 00000000 00:00 0 
7fd5e0000000-7fd5e0021000 rw-p 00000000 00:00 0 
7fd5e0021000-7fd5e4000000 ---p 00000000 00:00 0 
7fd5e4000000-7fd5e4021000 rw-p 00000000 00:00 0 
7fd5e4021000-7fd5e8000000 ---p 00000000 00:00 0 
7fd5e8000000-7fd5e8021000 rw-p 00000000 00:00 0 
7fd5e8021000-7fd5ec000000 ---p 00000000 00:00 0 
7fd5ec000000-7fd5ec021000 rw-p 00000000 00:00 0 
7fd5ec021000-7fd5f0000000 ---p 00000000 00:00 0 
7fd5f0000000-7fd5f0021000 rw-p 00000000 00:00 0 
7fd5f0021000-7fd5f4000000 ---p 00000000 00:00 0 
7fd5f4000000-7fd5f4208000 rw-p 00000000 00:00 0 
7fd5f4208000-7fd5f8000000 ---p 00000000 00:00 0 
7fd5f8000000-7fd5f8052000 rw-p 00000000 00:00 0 
7fd5f8052000-7fd5fc000000 ---p 00000000 00:00 0 
7fd5fc000000-7fd5fc04e000 rw-p 00000000 00:00 0 
7fd5fc04e000-7fd600000000 ---p 00000000 00:00 0 
7fd600000000-7fd600021000 rw-p 00000000 00:00 0 
7fd600021000-7fd604000000 ---p 00000000 00:00 0 
7fd604000000-7fd604021000 rw-p 00000000 00:00 0 
7fd604021000-7fd608000000 ---p 00000000 00:00 0 
7fd608000000-7fd608021000 rw-p 00000000 00:00 0 
7fd608021000-7fd60c000000 ---p 00000000 00:00 0 
7fd60c000000-7fd60c021000 rw-p 00000000 00:00 0 
7fd60c021000-7fd610000000 ---p 00000000 00:00 0 
7fd610000000-7fd610021000 rw-p 00000000 00:00 0 
7fd610021000-7fd614000000 ---p 00000000 00:00 0 
7fd614000000-7fd614021000 rw-p 00000000 00:00 0 
7fd614021000-7fd618000000 ---p 00000000 00:00 0 
7fd618000000-7fd618021000 rw-p 00000000 00:00 0 
7fd618021000-7fd61c000000 ---p 00000000 00:00 0 
7fd61edc1000-7fd61edc4000 ---p 00000000 00:00 0 
7fd61edc4000-7fd61eec2000 rw-p 00000000 00:00 0 
7fd61eec2000-7fd61eec5000 ---p 00000000 00:00 0 
7fd61eec5000-7fd61f0c3000 rw-p 00000000 00:00 0 
7fd61f0c3000-7fd61f1c3000 ---p 00000000 00:00 0 
7fd61f1c3000-7fd61f1c4000 ---p 00000000 00:00 0 
7fd61f1c4000-7fd61f2c4000 rw-p 00000000 00:00 0 
7fd61f2c4000-7fd61f2c7000 ---p 00000000 00:00 0 
7fd61f2c7000-7fd61f3c5000 rw-p 00000000 00:00 0 
7fd61f3c5000-7fd61f3c8000 ---p 00000000 00:00 0 
7fd61f3c8000-7fd61f4c6000 rw-p 00000000 00:00 0 
7fd61f4c6000-7fd61f4c9000 ---p 00000000 00:00 0 
7fd61f4c9000-7fd61f5c7000 rw-p 00000000 00:00 0 
7fd61f5c7000-7fd61f5d8000 r-xp 00000000 08:08 6950788                    /usr/lib/jvm/java-8-openjdk/jre/lib/amd64/libnio.so
7fd61f5d8000-7fd61f7d8000 ---p 00011000 08:08 6950788                    /usr/lib/jvm/java-8-openjdk/jre/lib/amd64/libnio.so
7fd61f7d8000-7fd61f7d9000 r--p 00011000 08:08 6950788                    /usr/lib/jvm/java-8-openjdk/jre/lib/amd64/libnio.so
7fd61f7d9000-7fd61f7da000 rw-p 00012000 08:08 6950788                    /usr/lib/jvm/java-8-openjdk/jre/lib/amd64/libnio.so
7fd61f7da000-7fd61f7e2000 r-xp 00000000 08:08 6950781                    /usr/lib/jvm/java-8-openjdk/jre/lib/amd64/libmanagement.so
7fd61f7e2000-7fd61f9e2000 ---p 00008000 08:08 6950781                    /usr/lib/jvm/java-8-openjdk/jre/lib/amd64/libmanagement.so
7fd61f9e2000-7fd61f9e3000 r--p 00008000 08:08 6950781                    /usr/lib/jvm/java-8-openjdk/jre/lib/amd64/libmanagement.so
7fd61f9e3000-7fd61f9e4000 rw-p 00009000 08:08 6950781                    /usr/lib/jvm/java-8-openjdk/jre/lib/amd64/libmanagement.so
7fd61f9e4000-7fd61f9e7000 ---p 00000000 00:00 0 
7fd61f9e7000-7fd61fae5000 rw-p 00000000 00:00 0 
7fd61fae5000-7fd61fae6000 ---p 00000000 00:00 0 
7fd61fae6000-7fd61fae9000 ---p 00000000 00:00 0 
7fd61fae9000-7fd61fbe6000 rw-p 00000000 00:00 0 
7fd61fbe6000-7fd61fbe7000 ---p 00000000 00:00 0 
7fd61fbe7000-7fd61fbea000 ---p 00000000 00:00 0 
7fd61fbea000-7fd61fce7000 rw-p 00000000 00:00 0 
7fd61fce7000-7fd61fcfd000 r-xp 00000000 08:08 6950784                    /usr/lib/jvm/java-8-openjdk/jre/lib/amd64/libnet.so
7fd61fcfd000-7fd61fefd000 ---p 00016000 08:08 6950784                    /usr/lib/jvm/java-8-openjdk/jre/lib/amd64/libnet.so
7fd61fefd000-7fd61fefe000 r--p 00016000 08:08 6950784                    /usr/lib/jvm/java-8-openjdk/jre/lib/amd64/libnet.so
7fd61fefe000-7fd61feff000 rw-p 00017000 08:08 6950784                    /usr/lib/jvm/java-8-openjdk/jre/lib/amd64/libnet.so
7fd61feff000-7fd61ff00000 ---p 00000000 00:00 0 
7fd61ff00000-7fd61ff03000 ---p 00000000 00:00 0 
7fd61ff03000-7fd620000000 rw-p 00000000 00:00 0 
7fd620000000-7fd620021000 rw-p 00000000 00:00 0 
7fd620021000-7fd624000000 ---p 00000000 00:00 0 
7fd6240cf000-7fd6240d4000 r--s 0009d000 08:08 6819701                    /usr/lib/jvm/java-8-openjdk/jre/lib/jsse.jar
7fd6240d4000-7fd6240d7000 ---p 00000000 00:00 0 
7fd6240d7000-7fd6241d5000 rw-p 00000000 00:00 0 
7fd6241d5000-7fd6241d7000 r--s 0001a000 08:08 4332317                    /opt/intellij-idea-ultimate-edition/lib/idea_rt.jar
7fd6241d7000-7fd624213000 r--s 00290000 08:08 4726851                    /home/cheeky/.gradle/caches/modules-2/files-2.1/net.bytebuddy/byte-buddy/1.7.11/f02857a4e2c66ccbe7aaad6100a0a6c461bce9b3/byte-buddy-1.7.11.jar
7fd624213000-7fd624219000 r--s 00039000 08:08 7605416                    /home/cheeky/.gradle/caches/modules-2/files-2.1/org.apache.logging.log4j/log4j-api/2.10.0/fec5797a55b786184a537abd39c3fa1449d752d6/log4j-api-2.10.0.jar
7fd624219000-7fd624224000 r--s 00069000 08:08 7603558                    /home/cheeky/.gradle/caches/modules-2/files-2.1/ch.qos.logback/logback-core/1.2.3/864344400c3d4d92dfeb0a305dc87d953677c03c/logback-core-1.2.3.jar
7fd624224000-7fd624226000 r--s 00016000 08:08 4989148                    /home/cheeky/.gradle/caches/modules-2/files-2.1/org.ow2.asm/asm/6.0/bc6fa6b19424bb9592fe43bbc20178f92d403105/asm-6.0.jar
7fd624226000-7fd624228000 r--s 0000a000 08:08 7229824                    /home/cheeky/.gradle/caches/modules-2/files-2.1/org.ow2.asm/asm-tree/6.0/a624f1a6e4e428dcd680a01bab2d4c56b35b18f0/asm-tree-6.0.jar
7fd624228000-7fd624229000 r--s 00012000 08:08 4856983                    /home/cheeky/.gradle/caches/modules-2/files-2.1/org.ow2.asm/asm-commons/6.0/f256fd215d8dd5a4fa2ab3201bf653de266ed4ec/asm-commons-6.0.jar
7fd624229000-7fd62422c000 r--s 00015000 08:08 3408172                    /home/cheeky/.gradle/caches/modules-2/files-2.1/javax.servlet/javax.servlet-api/3.1.0/3cd63d075497751784b2fa84be59432f4905bf7c/javax.servlet-api-3.1.0.jar
7fd62422c000-7fd62422f000 r--s 00008000 08:08 4069568                    /home/cheeky/.gradle/caches/modules-2/files-2.1/org.eclipse.jetty.websocket/websocket-api/9.4.9.v20180320/8be09aafe135e370bbc33a8ec01b443ac9aa9a47/websocket-api-9.4.9.v20180320.jar
7fd62422f000-7fd624233000 r--s 0004b000 08:08 7619563                    /home/cheeky/.gradle/caches/modules-2/files-2.1/com.fasterxml.jackson.core/jackson-core/2.9.5/a22ac51016944b06fd9ffbc9541c6e7ce5eea117/jackson-core-2.9.5.jar
7fd624233000-7fd624236000 r--s 0000e000 08:08 7603553                    /home/cheeky/.gradle/caches/modules-2/files-2.1/com.fasterxml.jackson.core/jackson-annotations/2.9.0/7c10d545325e3a6e72e06381afe469fd40eb701/jackson-annotations-2.9.0.jar
7fd624236000-7fd624238000 r--s 00004000 08:08 5384238                    /home/cheeky/.gradle/caches/modules-2/files-2.1/org.springframework/spring-jcl/5.0.5.RELEASE/f4a2854b9d865e8b86717595aec16f877f8c6489/spring-jcl-5.0.5.RELEASE.jar
7fd624238000-7fd62423d000 r--s 00048000 08:08 3408168                    /home/cheeky/.gradle/caches/modules-2/files-2.1/dom4j/dom4j/1.6.1/5d3ccc056b6f056dbf0dddfdf43894b9065a8f94/dom4j-1.6.1.jar
7fd62423d000-7fd624240000 r--s 0002b000 08:08 7603348                    /home/cheeky/.gradle/caches/modules-2/files-2.1/org.jboss/jandex/2.0.3.Final/bfc4d6257dbff7a33a357f0de116be6ff951d849/jandex-2.0.3.Final.jar
7fd624240000-7fd624245000 r--s 00068000 08:08 3408164                    /home/cheeky/.gradle/caches/modules-2/files-2.1/antlr/antlr/2.7.7/83cd2cd674a217ade95a4bb83a8a14f351f48bd0/antlr-2.7.7.jar
7fd624245000-7fd62424f000 r--s 000ab000 08:08 7619547                    /home/cheeky/.gradle/caches/modules-2/files-2.1/org.javassist/javassist/3.22.0-GA/3e83394258ae2089be7219b971ec21a8288528ad/javassist-3.22.0-GA.jar
7fd62424f000-7fd624254000 r--s 00017000 08:08 3408160                    /home/cheeky/.gradle/caches/modules-2/files-2.1/org.hibernate.javax.persistence/hibernate-jpa-2.1-api/1.0.0.Final/5e731d961297e5a07290bfaf3db1fbc8bbbf405a/hibernate-jpa-2.1-api-1.0.0.Final.jar
7fd624254000-7fd62426d000 r--s 001bf000 08:08 4725865                    /home/cheeky/.gradle/caches/modules-2/files-2.1/org.aspectj/aspectjweaver/1.8.13/ad94df2a28d658a40dc27bbaff6a1ce5fbf04e9b/aspectjweaver-1.8.13.jar
7fd62426d000-7fd62426f000 r--s 00007000 08:08 3408154                    /home/cheeky/.gradle/caches/modules-2/files-2.1/javax.websocket/javax.websocket-api/1.0/fc843b649d4a1dcb0497669d262befa3918c7ba8/javax.websocket-api-1.0.jar
7fd62426f000-7fd624271000 r--s 00004000 08:08 4069566                    /home/cheeky/.gradle/caches/modules-2/files-2.1/org.eclipse.jetty.websocket/websocket-servlet/9.4.9.v20180320/1e443fa4b3ac4c8cee483164479ff3d01b5fcf21/websocket-servlet-9.4.9.v20180320.jar
7fd624271000-7fd624279000 r--s 00071000 08:08 4069570                    /home/cheeky/.gradle/caches/modules-2/files-2.1/org.eclipse.jetty/jetty-util/9.4.9.v20180320/8a602b93581f6af54839728f51d51ab830bdd44d/jetty-util-9.4.9.v20180320.jar
7fd624279000-7fd62427a000 r--s 0000c000 08:08 4069560                    /home/cheeky/.gradle/caches/modules-2/files-2.1/org.eclipse.jetty/jetty-xml/9.4.9.v20180320/247894128d4d3ba41774be941fb801e20e668be7/jetty-xml-9.4.9.v20180320.jar
7fd62427a000-7fd62427d000 r--s 0001e000 08:08 4069562                    /home/cheeky/.gradle/caches/modules-2/files-2.1/org.eclipse.jetty/jetty-io/9.4.9.v20180320/938d67c72405285d2a7a6efb10d870a1b16fa2e0/jetty-io-9.4.9.v20180320.jar
7fd62427d000-7fd624281000 r--s 0002c000 08:08 4069558                    /home/cheeky/.gradle/caches/modules-2/files-2.1/org.eclipse.jetty.websocket/websocket-common/9.4.9.v20180320/ca1f96a14ae58d951d1d93c1c5a3416b4b501578/websocket-common-9.4.9.v20180320.jar
7fd624281000-7fd624284000 r--s 00027000 08:08 4069556                    /home/cheeky/.gradle/caches/modules-2/files-2.1/org.eclipse.jetty/jetty-http/9.4.9.v20180320/64d93698196ea7a66b33c754a0eac2a97d5af4b6/jetty-http-9.4.9.v20180320.jar
7fd624284000-7fd62428c000 r--s 00087000 08:08 4069564                    /home/cheeky/.gradle/caches/modules-2/files-2.1/org.eclipse.jetty/jetty-server/9.4.9.v20180320/8847f7278e8ace7a1f5847e71563c8a10546582/jetty-server-9.4.9.v20180320.jar
7fd62428c000-7fd62428e000 r--s 00015000 08:08 4069550                    /home/cheeky/.gradle/caches/modules-2/files-2.1/org.eclipse.jetty/jetty-security/9.4.9.v20180320/dadd28ef757d9b8cdd1d7eef7fcbfa0b482c4648/jetty-security-9.4.9.v20180320.jar
7fd62428e000-7fd624290000 r--s 00019000 08:08 4069552                    /home/cheeky/.gradle/caches/modules-2/files-2.1/org.eclipse.jetty/jetty-servlet/9.4.9.v20180320/d4453b746bc581af6ec5bce09228dc802bec1040/jetty-servlet-9.4.9.v20180320.jar
7fd624290000-7fd624296000 r--s 0003f000 08:08 4332752                    /home/cheeky/.gradle/caches/modules-2/files-2.1/org.eclipse.jetty/jetty-client/9.4.9.v20180320/c6ed57d55c5d55927c6e11fc47972a4eeacba6f4/jetty-client-9.4.9.v20180320.jar
7fd624296000-7fd624298000 r--s 00007000 08:08 4069548                    /home/cheeky/.gradle/caches/modules-2/files-2.1/org.eclipse.jetty.websocket/websocket-client/9.4.9.v20180320/7bd061a1e4f061a02c9fa1441ff93aca213b303c/websocket-client-9.4.9.v20180320.jar
7fd624298000-7fd62429d000 r--s 00023000 08:08 4069554                    /home/cheeky/.gradle/caches/modules-2/files-2.1/org.eclipse.jetty.websocket/javax-websocket-client-impl/9.4.9.v20180320/c7023867be962419496b41ba736c0cf793c63133/javax-websocket-client-impl-9.4.9.v20180320.jar
7fd62429d000-7fd62429f000 r--s 00003000 08:08 4069546                    /home/cheeky/.gradle/caches/modules-2/files-2.1/org.eclipse.jetty/jetty-continuation/9.4.9.v20180320/590a07c7daf76c755e2daefb1aa0a91b41b26d87/jetty-continuation-9.4.9.v20180320.jar
7fd62429f000-7fd6242a1000 r--s 0000f000 08:08 7229800                    /home/cheeky/.gradle/caches/modules-2/files-2.1/org.jboss.logging/jboss-logging/3.3.2.Final/3789d00e859632e6c6206adc0c71625559e6e3b0/jboss-logging-3.3.2.Final.jar
7fd6242a1000-7fd6242a4000 r--s 00010000 08:08 3408122                    /home/cheeky/.gradle/caches/modules-2/files-2.1/org.hibernate.common/hibernate-commons-annotations/5.0.1.Final/71e1cff3fcb20d3b3af4f3363c3ddb24d33c6879/hibernate-commons-annotations-5.0.1.Final.jar
7fd6242a4000-7fd6242a9000 r--s 00012000 08:08 5384222                    /home/cheeky/.gradle/caches/modules-2/files-2.1/javax.validation/validation-api/2.0.1.Final/cb855558e6271b1b32e716d24cb85c7f583ce09e/validation-api-2.0.1.Final.jar
7fd6242a9000-7fd6242bc000 r--s 00135000 08:08 7619559                    /home/cheeky/.gradle/caches/modules-2/files-2.1/com.fasterxml.jackson.core/jackson-databind/2.9.5/3490508379d065fe3fcb80042b62f630f7588606/jackson-databind-2.9.5.jar
7fd6242bc000-7fd6242be000 r--s 00001000 08:08 7619551                    /home/cheeky/.gradle/caches/modules-2/files-2.1/com.fasterxml.jackson.module/jackson-module-parameter-names/2.9.5/f824c60751ffb7bfc3a0d30dfe0e42317d8e67f5/jackson-module-parameter-names-2.9.5.jar
7fd6242be000-7fd6242c1000 r--s 00016000 08:08 7619553                    /home/cheeky/.gradle/caches/modules-2/files-2.1/com.fasterxml.jackson.datatype/jackson-datatype-jsr310/2.9.5/d1f0d11e816bc04e222a261106ca138801841c2d/jackson-datatype-jsr310-2.9.5.jar
7fd6242c1000-7fd6242c3000 r--s 00007000 08:08 7619549                    /home/cheeky/.gradle/caches/modules-2/files-2.1/com.fasterxml.jackson.datatype/jackson-datatype-jdk8/2.9.5/23e37f085279ba316c0df923513b81609e1d1f6/jackson-datatype-jdk8-2.9.5.jar
7fd6242c3000-7fd6242c5000 r--s 00004000 08:08 7999152                    /home/cheeky/.gradle/caches/modules-2/files-2.1/org.mapstruct/mapstruct/1.2.0.Final/8609d6eb044e9f6c73cb24c8f2f4ed5c72a249c7/mapstruct-1.2.0.Final.jar
7fd6242c5000-7fd6242c7000 r--s 00009000 08:08 3675096                    /home/cheeky/.gradle/caches/modules-2/files-2.1/org.slf4j/slf4j-api/1.7.25/da76ca59f6a57ee3102f8f9bd9cee742973efa8a/slf4j-api-1.7.25.jar
7fd6242c7000-7fd6242c9000 r--s 00000000 08:08 3675104                    /home/cheeky/.gradle/caches/modules-2/files-2.1/org.slf4j/jul-to-slf4j/1.7.25/af5364cd6679bfffb114f0dec8a157aaa283b76/jul-to-slf4j-1.7.25.jar
7fd6242c9000-7fd6242cb000 r--s 00003000 08:08 7603376                    /home/cheeky/.gradle/caches/modules-2/files-2.1/org.apache.logging.log4j/log4j-to-slf4j/2.10.0/f7e631ccf49cfc0aefa4a2a728da7d374c05bd3c/log4j-to-slf4j-2.10.0.jar
7fd6242cb000-7fd6242d1000 r--s 00041000 08:08 7603374                    /home/cheeky/.gradle/caches/modules-2/files-2.1/ch.qos.logback/logback-classic/1.2.3/7c4f3c474fb2c041d8028740440937705ebb473a/logback-classic-1.2.3.jar
7fd6242d1000-7fd6242d4000 r--s 00020000 08:08 7619545                    /home/cheeky/.gradle/caches/modules-2/files-2.1/com.zaxxer/HikariCP/2.7.8/4a3a604fa2efa89621aa498d04e000b2bed90c39/HikariCP-2.7.8.jar
7fd6242d4000-7fd6242d6000 r--s 0000e000 08:08 3675110                    /home/cheeky/.gradle/caches/modules-2/files-2.1/com.fasterxml/classmate/1.3.4/3d5f48f10bbe4eb7bd862f10c0583be2e0053c6/classmate-1.3.4.jar
7fd6242d6000-7fd624305000 r--s 00226000 08:08 4855433                    /home/cheeky/.gradle/caches/modules-2/files-2.1/com.google.guava/guava/20.0/89507701249388e1ed5ddcf8c41f4ce1be7831ef/guava-20.0.jar
7fd624305000-7fd624308000 r--s 0001d000 08:08 4855431                    /home/cheeky/.gradle/caches/modules-2/files-2.1/org.reflections/reflections/0.9.11/4c686033d918ec1727e329b7222fcb020152e32b/reflections-0.9.11.jar
7fd624308000-7fd62430a000 r--s 00004000 08:08 7999150                    /home/cheeky/.gradle/caches/modules-2/files-2.1/io.swagger/swagger-annotations/1.5.14/989c19cd0a90768885532318ca5fd7ea16290cc8/swagger-annotations-1.5.14.jar
7fd62430a000-7fd62430e000 r--s 00020000 08:08 7999148                    /home/cheeky/.gradle/caches/modules-2/files-2.1/io.swagger/swagger-models/1.5.14/581d784b65e82cee5bf3e91d193d3f9c0c702453/swagger-models-1.5.14.jar
7fd62430e000-7fd624315000 r--s 00042000 08:08 7603322                    /home/cheeky/.gradle/caches/modules-2/files-2.1/org.yaml/snakeyaml/1.19/2d998d3d674b172a588e54ab619854d073f555b5/snakeyaml-1.19.jar
7fd624315000-7fd62432d000 r--s 00114000 08:08 5384244                    /home/cheeky/.gradle/caches/modules-2/files-2.1/org.springframework/spring-core/5.0.5.RELEASE/1bd9feb1d9dac6accd27f5244b6c47cfcb55045c/spring-core-5.0.5.RELEASE.jar
7fd62432d000-7fd624332000 r--s 0003f000 08:08 7619543                    /home/cheeky/.gradle/caches/modules-2/files-2.1/org.springframework/spring-expression/5.0.5.RELEASE/fc6c7a95aeb7d00f4c65c338b08d97767eb0dd99/spring-expression-5.0.5.RELEASE.jar
7fd624332000-7fd62433f000 r--s 00095000 08:08 7619541                    /home/cheeky/.gradle/caches/modules-2/files-2.1/org.springframework/spring-beans/5.0.5.RELEASE/984445863c0bbdaaf860615762d998b471a6bf92/spring-beans-5.0.5.RELEASE.jar
7fd62433f000-7fd624347000 r--s 00037000 08:08 7357862                    /home/cheeky/.gradle/caches/modules-2/files-2.1/org.springframework/spring-tx/5.0.5.RELEASE/b772fbba533da282adc89f33e2619ee8a8bba601/spring-tx-5.0.5.RELEASE.jar
7fd624347000-7fd62435e000 r--s 000f0000 08:08 7619537                    /home/cheeky/.gradle/caches/modules-2/files-2.1/org.springframework.data/spring-data-commons/2.0.6.RELEASE/4d65fdcbe258961e866f4f85c87c13193bbfd18c/spring-data-commons-2.0.6.RELEASE.jar
7fd62435e000-7fd624367000 r--s 00059000 08:08 7229860                    /home/cheeky/.gradle/caches/modules-2/files-2.1/org.springframework/spring-jdbc/5.0.5.RELEASE/456bc4d2281c37aa2f2206651a3048a1d3559d2a/spring-jdbc-5.0.5.RELEASE.jar
7fd624367000-7fd62436b000 r--s 0002b000 08:08 7229858                    /home/cheeky/.gradle/caches/modules-2/files-2.1/org.springframework/spring-orm/5.0.5.RELEASE/6734f5ef4c2ebf1d00021fd4b314138f10792174/spring-orm-5.0.5.RELEASE.jar
7fd62436b000-7fd624374000 r--s 00051000 08:08 5250876                    /home/cheeky/.gradle/caches/modules-2/files-2.1/org.springframework/spring-aop/5.0.5.RELEASE/b11b61b94d7fb752a1c9bf3461d655c3084fae47/spring-aop-5.0.5.RELEASE.jar
7fd624374000-7fd62438e000 r--s 000f1000 08:08 7619539                    /home/cheeky/.gradle/caches/modules-2/files-2.1/org.springframework/spring-context/5.0.5.RELEASE/9cca4bf5acb693249a01c218f471c677b951d6e2/spring-context-5.0.5.RELEASE.jar
7fd62438e000-7fd62438f000 r--s 00004000 08:08 3408068                    /home/cheeky/.gradle/caches/modules-2/files-2.1/org.springframework.plugin/spring-plugin-core/1.2.0.RELEASE/f380e7760032e7d929184f8ad8a33716b75c0657/spring-plugin-core-1.2.0.RELEASE.jar
7fd62438f000-7fd624391000 r--s 00000000 08:08 3408066                    /home/cheeky/.gradle/caches/modules-2/files-2.1/org.springframework.plugin/spring-plugin-metadata/1.2.0.RELEASE/97223fc496b6cab31602eedbd4202aa4fff0d44f/spring-plugin-metadata-1.2.0.RELEASE.jar
7fd624391000-7fd624395000 r--s 00018000 08:08 7999146                    /home/cheeky/.gradle/caches/modules-2/files-2.1/io.springfox/springfox-core/2.8.0/5f0fbaa34cc01dfca7089000c4943629d7e1c9dc/springfox-core-2.8.0.jar
7fd624395000-7fd624398000 r--s 0000a000 08:08 7999144                    /home/cheeky/.gradle/caches/modules-2/files-2.1/io.springfox/springfox-spi/2.8.0/efe49b45357dd9f6c27799a5f7f5ba1ce6bdc05f/springfox-spi-2.8.0.jar
7fd624398000-7fd62439b000 r--s 00011000 08:08 7999142                    /home/cheeky/.gradle/caches/modules-2/files-2.1/io.springfox/springfox-schema/2.8.0/70ed8275e2277bffe269c8dbd688f54464bf1222/springfox-schema-2.8.0.jar
7fd62439b000-7fd6243a0000 r--s 00027000 08:08 7999140                    /home/cheeky/.gradle/caches/modules-2/files-2.1/io.springfox/springfox-spring-web/2.8.0/cb2ce464b07919158dde1ad40f72cca9c364559b/springfox-spring-web-2.8.0.jar
7fd6243a0000-7fd6243a3000 r--s 00015000 08:08 7999138                    /home/cheeky/.gradle/caches/modules-2/files-2.1/io.springfox/springfox-swagger-common/2.8.0/e0fc6a0096eb8d40fac7cc8206ddbb2fe73051d2/springfox-swagger-common-2.8.0.jar
7fd6243a3000-7fd6243a5000 r--s 00005000 08:08 6564753                    /home/cheeky/.gradle/caches/modules-2/files-2.1/javax.annotation/javax.annotation-api/1.3.2/934c04d3cfef185a8008e7bf34331b79730a9d43/javax.annotation-api-1.3.2.jar
7fd6243a5000-7fd6243ba000 r--s 000ce000 08:08 7103436                    /home/cheeky/.gradle/caches/modules-2/files-2.1/org.springframework.boot/spring-boot/2.0.1.RELEASE/b8c5b14cbb0e52fdded8f98a8c1493cc74c7cf59/spring-boot-2.0.1.RELEASE.jar
7fd6243ba000-7fd6243da000 r--s 000fa000 08:08 6973564                    /home/cheeky/.gradle/caches/modules-2/files-2.1/org.springframework.boot/spring-boot-autoconfigure/2.0.1.RELEASE/b0bf9d34ed70c6987a86cd58a009065e5fa02545/spring-boot-autoconfigure-2.0.1.RELEASE.jar
7fd6243da000-7fd6243dc000 r--s 0000a000 08:08 6564723                    /home/cheeky/.gradle/caches/modules-2/files-2.1/org.springframework/spring-aspects/5.0.5.RELEASE/34994566374425cfdf82634720b010ed20be512d/spring-aspects-5.0.5.RELEASE.jar
7fd6243dc000-7fd6243e4000 r--s 0004a000 08:08 4857004                    /home/cheeky/.gradle/caches/modules-2/files-2.1/org.springframework.data/spring-data-jpa/2.0.6.RELEASE/2c683dfbd06551bfd6cc7e05f9d13f5c54c79ba/spring-data-jpa-2.0.6.RELEASE.jar
7fd6243e4000-7fd624461000 r--s 005ee000 08:08 7103434                    /home/cheeky/.gradle/caches/modules-2/files-2.1/org.hibernate/hibernate-core/5.2.16.Final/c169565556721e21e9bdc193a3e8e25160a45468/hibernate-core-5.2.16.Final.jar
7fd624461000-7fd62447b000 r--s 00119000 08:08 6715661                    /home/cheeky/.gradle/caches/modules-2/files-2.1/org.springframework/spring-web/5.0.5.RELEASE/d51dbb5cabe72ae02e400577bac48f7fc94088de/spring-web-5.0.5.RELEASE.jar
7fd62447b000-7fd62448a000 r--s 000b2000 08:08 6829101                    /home/cheeky/.gradle/caches/modules-2/files-2.1/org.springframework/spring-webmvc/5.0.5.RELEASE/a7fd53c7ad06b0fa7dd4ff347de1b2dc508739e/spring-webmvc-5.0.5.RELEASE.jar
7fd62448a000-7fd6244a7000 r--s 000f8000 08:08 6829099                    /home/cheeky/.gradle/caches/modules-2/files-2.1/org.hibernate.validator/hibernate-validator/6.0.9.Final/b149e4cce82379f11f6129eb3187ca8ae5404005/hibernate-validator-6.0.9.Final.jar
7fd6244a7000-7fd6244d6000 r--s 002e7000 08:08 6564725                    /home/cheeky/.gradle/caches/modules-2/files-2.1/org.apache.derby/derby/10.14.1.0/3bcd8b1af3f8cd022d54d331e00064776be04f9c/derby-10.14.1.0.jar
7fd6244d6000-7fd6244e9000 r--s 00346000 08:08 6819707                    /usr/lib/jvm/java-8-openjdk/jre/lib/resources.jar
7fd6244e9000-7fd62457f000 r--s 008dd000 08:08 7209985                    /usr/lib/jvm/java-8-openjdk/jre/lib/ext/jfxrt.jar
7fd62457f000-7fd624582000 ---p 00000000 00:00 0 
7fd624582000-7fd624680000 rw-p 00000000 00:00 0 
7fd624680000-7fd624836000 r--p 00000000 08:08 5561427                    /usr/lib/locale/locale-archive
7fd624836000-7fd624839000 ---p 00000000 00:00 0 
7fd624839000-7fd624937000 rw-p 00000000 00:00 0 
7fd624937000-7fd62493a000 ---p 00000000 00:00 0 
7fd62493a000-7fd624a38000 rw-p 00000000 00:00 0 
7fd624a38000-7fd624a39000 ---p 00000000 00:00 0 
7fd624a39000-7fd629000000 rw-p 00000000 00:00 0 
7fd629000000-7fd629270000 rwxp 00000000 00:00 0 
7fd629270000-7fd638000000 ---p 00000000 00:00 0 
7fd638000000-7fd638823000 rw-p 00000000 00:00 0 
7fd638823000-7fd63c000000 ---p 00000000 00:00 0 
7fd63c000000-7fd63c002000 r--s 00006000 08:08 3408082                    /home/cheeky/.gradle/caches/modules-2/files-2.1/javax.transaction/javax.transaction-api/1.2/d81aff979d603edd90dcd8db2abc1f4ce6479e3e/javax.transaction-api-1.2.jar
7fd63c002000-7fd63c007000 r--s 00037000 08:08 7229786                    /home/cheeky/.gradle/caches/modules-2/files-2.1/org.mortbay.jasper/apache-el/8.5.24.2/cd26aaf6c7ee59af58f0e8c12bfda318bf474c49/apache-el-8.5.24.2.jar
7fd63c007000-7fd63c009000 r--s 00007000 08:08 4069540                    /home/cheeky/.gradle/caches/modules-2/files-2.1/org.eclipse.jetty.websocket/websocket-server/9.4.9.v20180320/c278d6649a5c754f5ae5182f4ee680309c3880d3/websocket-server-9.4.9.v20180320.jar
7fd63c009000-7fd63c00c000 r--s 0001d000 08:08 4069544                    /home/cheeky/.gradle/caches/modules-2/files-2.1/org.eclipse.jetty/jetty-webapp/9.4.9.v20180320/e10113bbae52fa213ede3cafb9235ba1b1884bed/jetty-webapp-9.4.9.v20180320.jar
7fd63c00c000-7fd63c00e000 r--s 0000c000 08:08 4069572                    /home/cheeky/.gradle/caches/modules-2/files-2.1/org.eclipse.jetty/jetty-plus/9.4.9.v20180320/e2f7e249dd5c625154126e6e04c96e6cdc77f1ed/jetty-plus-9.4.9.v20180320.jar
7fd63c00e000-7fd63c816000 rw-p 00000000 00:00 0 
7fd63c816000-7fd63c9e5000 r--s 03c2b000 08:08 6828770                    /usr/lib/jvm/java-8-openjdk/jre/lib/rt.jar
7fd63c9e5000-7fd63d637000 rw-p 00000000 00:00 0 
7fd63d637000-7fd63d638000 ---p 00000000 00:00 0 
7fd63d638000-7fd63d738000 rw-p 00000000 00:00 0 
7fd63d738000-7fd63d739000 ---p 00000000 00:00 0 
7fd63d739000-7fd63d839000 rw-p 00000000 00:00 0 
7fd63d839000-7fd63d83a000 ---p 00000000 00:00 0 
7fd63d83a000-7fd63d93a000 rw-p 00000000 00:00 0 
7fd63d93a000-7fd63d93b000 ---p 00000000 00:00 0 
7fd63d93b000-7fd63da65000 rw-p 00000000 00:00 0 
7fd63da65000-7fd63dcce000 ---p 00000000 00:00 0 
7fd63dcce000-7fd63dcf8000 rw-p 00000000 00:00 0 
7fd63dcf8000-7fd63df60000 ---p 00000000 00:00 0 
7fd63df60000-7fd63df76000 rw-p 00000000 00:00 0 
7fd63df76000-7fd63e0aa000 ---p 00000000 00:00 0 
7fd63e0aa000-7fd63e0b5000 rw-p 00000000 00:00 0 
7fd63e0b5000-7fd63e46b000 ---p 00000000 00:00 0 
7fd63e46b000-7fd63e473000 r-xp 00000000 08:08 6973060                    /usr/lib/jvm/java-8-openjdk/jre/lib/amd64/libzip.so
7fd63e473000-7fd63e672000 ---p 00008000 08:08 6973060                    /usr/lib/jvm/java-8-openjdk/jre/lib/amd64/libzip.so
7fd63e672000-7fd63e673000 r--p 00007000 08:08 6973060                    /usr/lib/jvm/java-8-openjdk/jre/lib/amd64/libzip.so
7fd63e673000-7fd63e674000 rw-p 00008000 08:08 6973060                    /usr/lib/jvm/java-8-openjdk/jre/lib/amd64/libzip.so
7fd63e674000-7fd63e67f000 r-xp 00000000 08:08 5507246                    /usr/lib/libnss_files-2.26.so
7fd63e67f000-7fd63e87e000 ---p 0000b000 08:08 5507246                    /usr/lib/libnss_files-2.26.so
7fd63e87e000-7fd63e87f000 r--p 0000a000 08:08 5507246                    /usr/lib/libnss_files-2.26.so
7fd63e87f000-7fd63e880000 rw-p 0000b000 08:08 5507246                    /usr/lib/libnss_files-2.26.so
7fd63e880000-7fd63e886000 rw-p 00000000 00:00 0 
7fd63e886000-7fd63e890000 r-xp 00000000 08:08 6973058                    /usr/lib/jvm/java-8-openjdk/jre/lib/amd64/libinstrument.so
7fd63e890000-7fd63ea8f000 ---p 0000a000 08:08 6973058                    /usr/lib/jvm/java-8-openjdk/jre/lib/amd64/libinstrument.so
7fd63ea8f000-7fd63ea90000 r--p 00009000 08:08 6973058                    /usr/lib/jvm/java-8-openjdk/jre/lib/amd64/libinstrument.so
7fd63ea90000-7fd63ea91000 rw-p 0000a000 08:08 6973058                    /usr/lib/jvm/java-8-openjdk/jre/lib/amd64/libinstrument.so
7fd63ea91000-7fd63eabf000 r-xp 00000000 08:08 6952160                    /usr/lib/jvm/java-8-openjdk/jre/lib/amd64/libjava.so
7fd63eabf000-7fd63ecbe000 ---p 0002e000 08:08 6952160                    /usr/lib/jvm/java-8-openjdk/jre/lib/amd64/libjava.so
7fd63ecbe000-7fd63ecbf000 r--p 0002d000 08:08 6952160                    /usr/lib/jvm/java-8-openjdk/jre/lib/amd64/libjava.so
7fd63ecbf000-7fd63ecc1000 rw-p 0002e000 08:08 6952160                    /usr/lib/jvm/java-8-openjdk/jre/lib/amd64/libjava.so
7fd63ecc1000-7fd63ecce000 r-xp 00000000 08:08 6950774                    /usr/lib/jvm/java-8-openjdk/jre/lib/amd64/libverify.so
7fd63ecce000-7fd63eecd000 ---p 0000d000 08:08 6950774                    /usr/lib/jvm/java-8-openjdk/jre/lib/amd64/libverify.so
7fd63eecd000-7fd63eecf000 r--p 0000c000 08:08 6950774                    /usr/lib/jvm/java-8-openjdk/jre/lib/amd64/libverify.so
7fd63eecf000-7fd63eed0000 rw-p 0000e000 08:08 6950774                    /usr/lib/jvm/java-8-openjdk/jre/lib/amd64/libverify.so
7fd63eed0000-7fd63eed7000 r-xp 00000000 08:08 5507232                    /usr/lib/librt-2.26.so
7fd63eed7000-7fd63f0d6000 ---p 00007000 08:08 5507232                    /usr/lib/librt-2.26.so
7fd63f0d6000-7fd63f0d7000 r--p 00006000 08:08 5507232                    /usr/lib/librt-2.26.so
7fd63f0d7000-7fd63f0d8000 rw-p 00007000 08:08 5507232                    /usr/lib/librt-2.26.so
7fd63f0d8000-7fd63f223000 r-xp 00000000 08:08 5507238                    /usr/lib/libm-2.26.so
7fd63f223000-7fd63f422000 ---p 0014b000 08:08 5507238                    /usr/lib/libm-2.26.so
7fd63f422000-7fd63f423000 r--p 0014a000 08:08 5507238                    /usr/lib/libm-2.26.so
7fd63f423000-7fd63f424000 rw-p 0014b000 08:08 5507238                    /usr/lib/libm-2.26.so
7fd63f424000-7fd6400bc000 r-xp 00000000 08:08 7209978                    /usr/lib/jvm/java-8-openjdk/jre/lib/amd64/server/libjvm.so
7fd6400bc000-7fd6402bb000 ---p 00c98000 08:08 7209978                    /usr/lib/jvm/java-8-openjdk/jre/lib/amd64/server/libjvm.so
7fd6402bb000-7fd64034f000 r--p 00c97000 08:08 7209978                    /usr/lib/jvm/java-8-openjdk/jre/lib/amd64/server/libjvm.so
7fd64034f000-7fd640377000 rw-p 00d2b000 08:08 7209978                    /usr/lib/jvm/java-8-openjdk/jre/lib/amd64/server/libjvm.so
7fd640377000-7fd6403a8000 rw-p 00000000 00:00 0 
7fd6403a8000-7fd640556000 r-xp 00000000 08:08 5507308                    /usr/lib/libc-2.26.so
7fd640556000-7fd640755000 ---p 001ae000 08:08 5507308                    /usr/lib/libc-2.26.so
7fd640755000-7fd640759000 r--p 001ad000 08:08 5507308                    /usr/lib/libc-2.26.so
7fd640759000-7fd64075b000 rw-p 001b1000 08:08 5507308                    /usr/lib/libc-2.26.so
7fd64075b000-7fd64075f000 rw-p 00000000 00:00 0 
7fd64075f000-7fd640762000 r-xp 00000000 08:08 5507240                    /usr/lib/libdl-2.26.so
7fd640762000-7fd640961000 ---p 00003000 08:08 5507240                    /usr/lib/libdl-2.26.so
7fd640961000-7fd640962000 r--p 00002000 08:08 5507240                    /usr/lib/libdl-2.26.so
7fd640962000-7fd640963000 rw-p 00003000 08:08 5507240                    /usr/lib/libdl-2.26.so
7fd640963000-7fd640971000 r-xp 00000000 08:08 7209977                    /usr/lib/jvm/java-8-openjdk/jre/lib/amd64/jli/libjli.so
7fd640971000-7fd640b70000 ---p 0000e000 08:08 7209977                    /usr/lib/jvm/java-8-openjdk/jre/lib/amd64/jli/libjli.so
7fd640b70000-7fd640b71000 r--p 0000d000 08:08 7209977                    /usr/lib/jvm/java-8-openjdk/jre/lib/amd64/jli/libjli.so
7fd640b71000-7fd640b72000 rw-p 0000e000 08:08 7209977                    /usr/lib/jvm/java-8-openjdk/jre/lib/amd64/jli/libjli.so
7fd640b72000-7fd640b88000 r-xp 00000000 08:08 5515651                    /usr/lib/libz.so.1.2.11
7fd640b88000-7fd640d87000 ---p 00016000 08:08 5515651                    /usr/lib/libz.so.1.2.11
7fd640d87000-7fd640d88000 r--p 00015000 08:08 5515651                    /usr/lib/libz.so.1.2.11
7fd640d88000-7fd640d89000 rw-p 00016000 08:08 5515651                    /usr/lib/libz.so.1.2.11
7fd640d89000-7fd640da2000 r-xp 00000000 08:08 5507328                    /usr/lib/libpthread-2.26.so
7fd640da2000-7fd640fa1000 ---p 00019000 08:08 5507328                    /usr/lib/libpthread-2.26.so
7fd640fa1000-7fd640fa2000 r--p 00018000 08:08 5507328                    /usr/lib/libpthread-2.26.so
7fd640fa2000-7fd640fa3000 rw-p 00019000 08:08 5507328                    /usr/lib/libpthread-2.26.so
7fd640fa3000-7fd640fa7000 rw-p 00000000 00:00 0 
7fd640fa7000-7fd640fcc000 r-xp 00000000 08:08 5507309                    /usr/lib/ld-2.26.so
7fd640fcc000-7fd640fcd000 r--s 00000000 08:08 6973562                    /home/cheeky/.gradle/caches/modules-2/files-2.1/org.springframework.boot/spring-boot-starter-logging/2.0.1.RELEASE/10681a28c95e9f9c0159327a1ed0c860517c7ad7/spring-boot-starter-logging-2.0.1.RELEASE.jar
7fd640fcd000-7fd640fd0000 r--s 00011000 08:08 4069542                    /home/cheeky/.gradle/caches/modules-2/files-2.1/org.eclipse.jetty/jetty-annotations/9.4.9.v20180320/873f5343e6c63284b6d8b2e41db11ccb4c526bc9/jetty-annotations-9.4.9.v20180320.jar
7fd640fd0000-7fd640fd1000 r--s 00008000 08:08 4069538                    /home/cheeky/.gradle/caches/modules-2/files-2.1/org.eclipse.jetty.websocket/javax-websocket-server-impl/9.4.9.v20180320/c3c24b4c38a14a2d7789dd1f864b5c468cfe7e3e/javax-websocket-server-impl-9.4.9.v20180320.jar
7fd640fd1000-7fd640fd3000 r--s 00015000 08:08 4069536                    /home/cheeky/.gradle/caches/modules-2/files-2.1/org.eclipse.jetty/jetty-servlets/9.4.9.v20180320/cb40696bb683655b7abb4ca72ad08708cd99ca7b/jetty-servlets-9.4.9.v20180320.jar
7fd640fd3000-7fd640fd4000 r--s 0041e000 08:08 7355673                    /home/cheeky/.gradle/caches/modules-2/files-2.1/io.springfox/springfox-swagger-ui/2.8.0/2b895560df9cd70a2e93119188981b004b4e2ad5/springfox-swagger-ui-2.8.0.jar
7fd640fd4000-7fd640fd6000 r--s 0000e000 08:08 7999136                    /home/cheeky/.gradle/caches/modules-2/files-2.1/io.springfox/springfox-swagger2/2.8.0/27fbca30912258ce0e31cd56361f732f6c27d5ff/springfox-swagger2-2.8.0.jar
7fd640fd6000-7fd640fd7000 r--s 00000000 08:08 4726847                    /home/cheeky/.gradle/caches/modules-2/files-2.1/org.springframework.boot/spring-boot-starter/2.0.1.RELEASE/33abc1286b0aabea4f08ff4285d09e587835a716/spring-boot-starter-2.0.1.RELEASE.jar
7fd640fd7000-7fd640fd8000 r--s 00000000 08:08 5911574                    /home/cheeky/.gradle/caches/modules-2/files-2.1/org.springframework.boot/spring-boot-starter-jdbc/2.0.1.RELEASE/a22a7ac74388118938bfcd894318cd0c5a7c380b/spring-boot-starter-jdbc-2.0.1.RELEASE.jar
7fd640fd8000-7fd640fd9000 r--s 00000000 08:08 5911570                    /home/cheeky/.gradle/caches/modules-2/files-2.1/org.springframework.boot/spring-boot-starter-aop/2.0.1.RELEASE/c7f7b5b5e63edca2fb04899d13d8bad83377b4b3/spring-boot-starter-aop-2.0.1.RELEASE.jar
7fd640fd9000-7fd640fda000 r--s 00000000 08:08 7619565                    /home/cheeky/.gradle/caches/modules-2/files-2.1/org.springframework.boot/spring-boot-starter-json/2.0.1.RELEASE/f2e1aeeb1ac02bfa1b4f7254633484af1866fc65/spring-boot-starter-json-2.0.1.RELEASE.jar
7fd640fda000-7fd640fdb000 r--s 00000000 08:08 5384254                    /home/cheeky/.gradle/caches/modules-2/files-2.1/org.springframework.boot/spring-boot-starter-data-jpa/2.0.1.RELEASE/b7c701f60073e2d2b8a8f5502dcc39d4f65f45ff/spring-boot-starter-data-jpa-2.0.1.RELEASE.jar
7fd640fdb000-7fd640fdc000 r--s 00000000 08:08 4069534                    /home/cheeky/.gradle/caches/modules-2/files-2.1/org.springframework.boot/spring-boot-starter-jetty/2.0.1.RELEASE/b270ff3f1ca7e495f8297d78641a5f86f5b0cd48/spring-boot-starter-jetty-2.0.1.RELEASE.jar
7fd640fdc000-7fd640fdd000 r--s 00000000 08:08 5667223                    /home/cheeky/.gradle/caches/modules-2/files-2.1/org.springframework.boot/spring-boot-starter-web/2.0.1.RELEASE/88751ed76791d12425ce5a80476baf1749a44cf4/spring-boot-starter-web-2.0.1.RELEASE.jar
7fd640fdd000-7fd640fde000 r--s 00000000 08:08 6819700                    /usr/lib/jvm/java-8-openjdk/jre/lib/management-agent.jar
7fd640fde000-7fd640fe3000 r--s 0009d000 08:08 6819701                    /usr/lib/jvm/java-8-openjdk/jre/lib/jsse.jar
7fd640fe3000-7fd640fe4000 r--s 00009000 08:08 6819685                    /usr/lib/jvm/java-8-openjdk/jre/lib/jfxswt.jar
7fd640fe4000-7fd640fe7000 r--s 00015000 08:08 6819704                    /usr/lib/jvm/java-8-openjdk/jre/lib/jce.jar
7fd640fe7000-7fd641090000 rw-p 00000000 00:00 0 
7fd641090000-7fd641091000 ---p 00000000 00:00 0 
7fd641091000-7fd641094000 ---p 00000000 00:00 0 
7fd641094000-7fd641195000 rw-p 00000000 00:00 0 
7fd641195000-7fd64119a000 r--s 002f9000 08:08 6819706                    /usr/lib/jvm/java-8-openjdk/jre/lib/charsets.jar
7fd64119a000-7fd6411c1000 rw-p 00000000 00:00 0 
7fd6411c1000-7fd6411c9000 rw-s 00000000 00:2b 775352                     /tmp/hsperfdata_cheeky/23004
7fd6411c9000-7fd6411ca000 rw-p 00000000 00:00 0 
7fd6411ca000-7fd6411cb000 ---p 00000000 00:00 0 
7fd6411cb000-7fd6411cc000 r--p 00024000 08:08 5507309                    /usr/lib/ld-2.26.so
7fd6411cc000-7fd6411cd000 rw-p 00025000 08:08 5507309                    /usr/lib/ld-2.26.so
7fd6411cd000-7fd6411ce000 rw-p 00000000 00:00 0 
7ffd1b283000-7ffd1b2a8000 rw-p 00000000 00:00 0                          [stack]
7ffd1b3f5000-7ffd1b3f8000 r--p 00000000 00:00 0                          [vvar]
7ffd1b3f8000-7ffd1b3fa000 r-xp 00000000 00:00 0                          [vdso]

VM Arguments:
jvm_args: -XX:TieredStopAtLevel=1 -Xverify:none -Dspring.output.ansi.enabled=always -Dcom.sun.management.jmxremote -Dcom.sun.management.jmxremote.port=43745 -Dcom.sun.management.jmxremote.authenticate=false -Dcom.sun.management.jmxremote.ssl=false -Djava.rmi.server.hostname=localhost -Dspring.liveBeansView.mbeanDomain -Dspring.application.admin.enabled=true -javaagent:/opt/intellij-idea-ultimate-edition/lib/idea_rt.jar=40585:/opt/intellij-idea-ultimate-edition/bin -Dfile.encoding=UTF-8 
java_command: com.kuligowski.maciej.platformy.lab4.allegretto.AllegrettoApplication
java_class_path (initial): /usr/lib/jvm/default-runtime/jre/lib/charsets.jar:/usr/lib/jvm/default-runtime/jre/lib/ext/cldrdata.jar:/usr/lib/jvm/default-runtime/jre/lib/ext/dnsns.jar:/usr/lib/jvm/default-runtime/jre/lib/ext/jaccess.jar:/usr/lib/jvm/default-runtime/jre/lib/ext/jfxrt.jar:/usr/lib/jvm/default-runtime/jre/lib/ext/localedata.jar:/usr/lib/jvm/default-runtime/jre/lib/ext/nashorn.jar:/usr/lib/jvm/default-runtime/jre/lib/ext/sunec.jar:/usr/lib/jvm/default-runtime/jre/lib/ext/sunjce_provider.jar:/usr/lib/jvm/default-runtime/jre/lib/ext/sunpkcs11.jar:/usr/lib/jvm/default-runtime/jre/lib/ext/zipfs.jar:/usr/lib/jvm/default-runtime/jre/lib/jce.jar:/usr/lib/jvm/default-runtime/jre/lib/jfxswt.jar:/usr/lib/jvm/default-runtime/jre/lib/jsse.jar:/usr/lib/jvm/default-runtime/jre/lib/management-agent.jar:/usr/lib/jvm/default-runtime/jre/lib/resources.jar:/usr/lib/jvm/default-runtime/jre/lib/rt.jar:/home/cheeky/workspace/Allegretto/out/production/classes:/home/cheeky/workspace/Allegretto/out/production/resources:/home/cheeky/.gradle/caches/modules-2/files-2.1/org.springframework.boot/spring-boot-starter-web/2.0.1.RELEASE/88751ed76791d12425ce5a80476baf1749a44cf4/spring-boot-starter-web-2.0.1.RELEASE.jar:/home/cheeky/.gradle/caches/modules-2/files-2.1/org.springframework.boot/spring-boot-starter-jetty/2.0.1.RELEASE/b270ff3f1ca7e495f8297d78641a5f86f5b0cd48/spring-boot-starter-jetty-2.0.1.RELEASE.jar:/home/cheeky/.gradle/caches/modules-2/files-2.1/org.springframework.boot/spring-boot-starter-data-jpa/2.0.1.RELEASE/b7c701f60073e2d2b8a8f5502dcc39d4f65f45ff/spring-boot-starter-data-jpa-2.0.1.RELEASE.jar:/home/cheeky/.gradle/caches/modules-2/files-2.1/org.springframework.boot/spring-boot-starter-json/2.0.1.RELEASE/f2e1aeeb1ac02bfa1b4f7254633484af1866fc65/spring-boot-starter-json-2.0.1.RELEASE.jar:/home/cheeky/.gradle/caches/modules-2/files-2.1/org.springframework.boot/spring-boot-starter-aop/2.0.1.RELEASE/c7f7b5b5e63edca2fb04899d13d8bad83377b4b3/spring-boot-starter-aop-2.0.1.REL
Launcher Type: SUN_STANDARD

Environment Variables:
PATH=/usr/local/sbin:/usr/local/bin:/usr/bin:/usr/lib/jvm/default/bin:/usr/bin/site_perl:/usr/bin/vendor_perl:/usr/bin/core_perl
SHELL=/bin/bash
DISPLAY=:0

Signal Handlers:
SIGSEGV: [libjvm.so+0xa9e370], sa_mask[0]=11111111011111111101111111111110, sa_flags=SA_RESTART|SA_SIGINFO
SIGBUS: [libjvm.so+0xa9e370], sa_mask[0]=11111111011111111101111111111110, sa_flags=SA_RESTART|SA_SIGINFO
SIGFPE: [libjvm.so+0x8d66a0], sa_mask[0]=11111111011111111101111111111110, sa_flags=SA_RESTART|SA_SIGINFO
SIGPIPE: [libjvm.so+0x8d66a0], sa_mask[0]=11111111011111111101111111111110, sa_flags=SA_RESTART|SA_SIGINFO
SIGXFSZ: [libjvm.so+0x8d66a0], sa_mask[0]=11111111011111111101111111111110, sa_flags=SA_RESTART|SA_SIGINFO
SIGILL: [libjvm.so+0x8d66a0], sa_mask[0]=11111111011111111101111111111110, sa_flags=SA_RESTART|SA_SIGINFO
SIGUSR1: SIG_DFL, sa_mask[0]=00000000000000000000000000000000, sa_flags=none
SIGUSR2: [libjvm.so+0x8d6550], sa_mask[0]=00100000000000000000000000000000, sa_flags=SA_RESTART|SA_SIGINFO
SIGHUP: [libjvm.so+0x8d6a00], sa_mask[0]=11111111011111111101111111111110, sa_flags=SA_RESTART|SA_SIGINFO
SIGINT: [libjvm.so+0x8d6a00], sa_mask[0]=11111111011111111101111111111110, sa_flags=SA_RESTART|SA_SIGINFO
SIGTERM: [libjvm.so+0x8d6a00], sa_mask[0]=11111111011111111101111111111110, sa_flags=SA_RESTART|SA_SIGINFO
SIGQUIT: [libjvm.so+0x8d6a00], sa_mask[0]=11111111011111111101111111111110, sa_flags=SA_RESTART|SA_SIGINFO


---------------  S Y S T E M  ---------------

OS:LSB_VERSION=1.4
DISTRIB_ID=Arch
DISTRIB_RELEASE=rolling
DISTRIB_DESCRIPTION="Arch Linux"

uname:Linux 4.15.5-1-ARCH #1 SMP PREEMPT Thu Feb 22 22:15:20 UTC 2018 x86_64
libc:glibc 2.26 NPTL 2.26 
rlimit: STACK 8192k, CORE infinity, NPROC 30779, NOFILE 4096, AS infinity
load average:1.20 1.10 1.12

/proc/meminfo:
MemTotal:        8090044 kB
MemFree:         1390956 kB
MemAvailable:    3419728 kB
Buffers:          387240 kB
Cached:          2283844 kB
SwapCached:            0 kB
Active:          4958792 kB
Inactive:        1338008 kB
Active(anon):    3584128 kB
Inactive(anon):   551348 kB
Active(file):    1374664 kB
Inactive(file):   786660 kB
Unevictable:          32 kB
Mlocked:              32 kB
SwapTotal:       1048572 kB
SwapFree:        1048572 kB
Dirty:             11840 kB
Writeback:             0 kB
AnonPages:       3625832 kB
Mapped:          1011316 kB
Shmem:            509764 kB
Slab:             222100 kB
SReclaimable:     172296 kB
SUnreclaim:        49804 kB
KernelStack:       10160 kB
PageTables:        54768 kB
NFS_Unstable:          0 kB
Bounce:                0 kB
WritebackTmp:          0 kB
CommitLimit:     5093592 kB
Committed_AS:    8881740 kB
VmallocTotal:   34359738367 kB
VmallocUsed:           0 kB
VmallocChunk:          0 kB
HardwareCorrupted:     0 kB
AnonHugePages:         0 kB
ShmemHugePages:        0 kB
ShmemPmdMapped:        0 kB
HugePages_Total:       0
HugePages_Free:        0
HugePages_Rsvd:        0
HugePages_Surp:        0
Hugepagesize:       2048 kB
DirectMap4k:      238368 kB
DirectMap2M:     8069120 kB
DirectMap1G:           0 kB


CPU:total 4 (initial active 4) (2 cores per cpu, 2 threads per core) family 6 model 60 stepping 3, cmov, cx8, fxsr, mmx, sse, sse2, sse3, ssse3, sse4.1, sse4.2, popcnt, avx, avx2, aes, clmul, erms, lzcnt, ht, tsc, tscinvbit, bmi1, bmi2

/proc/cpuinfo:
processor	: 0
vendor_id	: GenuineIntel
cpu family	: 6
model		: 60
model name	: Intel(R) Core(TM) i5-4200M CPU @ 2.50GHz
stepping	: 3
microcode	: 0x23
cpu MHz		: 2966.154
cache size	: 3072 KB
physical id	: 0
siblings	: 4
core id		: 0
cpu cores	: 2
apicid		: 0
initial apicid	: 0
fpu		: yes
fpu_exception	: yes
cpuid level	: 13
wp		: yes
flags		: fpu vme de pse tsc msr pae mce cx8 apic sep mtrr pge mca cmov pat pse36 clflush dts acpi mmx fxsr sse sse2 ss ht tm pbe syscall nx pdpe1gb rdtscp lm constant_tsc arch_perfmon pebs bts rep_good nopl xtopology nonstop_tsc cpuid aperfmperf pni pclmulqdq dtes64 monitor ds_cpl vmx est tm2 ssse3 sdbg fma cx16 xtpr pdcm pcid sse4_1 sse4_2 movbe popcnt tsc_deadline_timer aes xsave avx f16c rdrand lahf_lm abm cpuid_fault epb invpcid_single pti tpr_shadow vnmi flexpriority ept vpid fsgsbase tsc_adjust bmi1 avx2 smep bmi2 erms invpcid xsaveopt dtherm ida arat pln pts
bugs		: cpu_meltdown spectre_v1 spectre_v2
bogomips	: 4988.75
clflush size	: 64
cache_alignment	: 64
address sizes	: 39 bits physical, 48 bits virtual
power management:

processor	: 1
vendor_id	: GenuineIntel
cpu family	: 6
model		: 60
model name	: Intel(R) Core(TM) i5-4200M CPU @ 2.50GHz
stepping	: 3
microcode	: 0x23
cpu MHz		: 2967.301
cache size	: 3072 KB
physical id	: 0
siblings	: 4
core id		: 1
cpu cores	: 2
apicid		: 2
initial apicid	: 2
fpu		: yes
fpu_exception	: yes
cpuid level	: 13
wp		: yes
flags		: fpu vme de pse tsc msr pae mce cx8 apic sep mtrr pge mca cmov pat pse36 clflush dts acpi mmx fxsr sse sse2 ss ht tm pbe syscall nx pdpe1gb rdtscp lm constant_tsc arch_perfmon pebs bts rep_good nopl xtopology nonstop_tsc cpuid aperfmperf pni pclmulqdq dtes64 monitor ds_cpl vmx est tm2 ssse3 sdbg fma cx16 xtpr pdcm pcid sse4_1 sse4_2 movbe popcnt tsc_deadline_timer aes xsave avx f16c rdrand lahf_lm abm cpuid_fault epb invpcid_single pti tpr_shadow vnmi flexpriority ept vpid fsgsbase tsc_adjust bmi1 avx2 smep bmi2 erms invpcid xsaveopt dtherm ida arat pln pts
bugs		: cpu_meltdown spectre_v1 spectre_v2
bogomips	: 4988.75
clflush size	: 64
cache_alignment	: 64
address sizes	: 39 bits physical, 48 bits virtual
power management:

processor	: 2
vendor_id	: GenuineIntel
cpu family	: 6
model		: 60
model name	: Intel(R) Core(TM) i5-4200M CPU @ 2.50GHz
stepping	: 3
microcode	: 0x23
cpu MHz		: 2966.553
cache size	: 3072 KB
physical id	: 0
siblings	: 4
core id		: 0
cpu cores	: 2
apicid		: 1
initial apicid	: 1
fpu		: yes
fpu_exception	: yes
cpuid level	: 13
wp		: yes
flags		: fpu vme de pse tsc msr pae mce cx8 apic sep mtrr pge mca cmov pat pse36 clflush dts acpi mmx fxsr sse sse2 ss ht tm pbe syscall nx pdpe1gb rdtscp lm constant_tsc arch_perfmon pebs bts rep_good nopl xtopology nonstop_tsc cpuid aperfmperf pni pclmulqdq dtes64 monitor ds_cpl vmx est tm2 ssse3 sdbg fma cx16 xtpr pdcm pcid sse4_1 sse4_2 movbe popcnt tsc_deadline_timer aes xsave avx f16c rdrand lahf_lm abm cpuid_fault epb invpcid_single pti tpr_shadow vnmi flexpriority ept vpid fsgsbase tsc_adjust bmi1 avx2 smep bmi2 erms invpcid xsaveopt dtherm ida arat pln pts
bugs		: cpu_meltdown spectre_v1 spectre_v2
bogomips	: 4988.75
clflush size	: 64
cache_alignment	: 64
address sizes	: 39 bits physical, 48 bits virtual
power management:

processor	: 3
vendor_id	: GenuineIntel
cpu family	: 6
model		: 60
model name	: Intel(R) Core(TM) i5-4200M CPU @ 2.50GHz
stepping	: 3
microcode	: 0x23
cpu MHz		: 2966.742
cache size	: 3072 KB
physical id	: 0
siblings	: 4
core id		: 1
cpu cores	: 2
apicid		: 3
initial apicid	: 3
fpu		: yes
fpu_exception	: yes
cpuid level	: 13
wp		: yes
flags		: fpu vme de pse tsc msr pae mce cx8 apic sep mtrr pge mca cmov pat pse36 clflush dts acpi mmx fxsr sse sse2 ss ht tm pbe syscall nx pdpe1gb rdtscp lm constant_tsc arch_perfmon pebs bts rep_good nopl xtopology nonstop_tsc cpuid aperfmperf pni pclmulqdq dtes64 monitor ds_cpl vmx est tm2 ssse3 sdbg fma cx16 xtpr pdcm pcid sse4_1 sse4_2 movbe popcnt tsc_deadline_timer aes xsave avx f16c rdrand lahf_lm abm cpuid_fault epb invpcid_single pti tpr_shadow vnmi flexpriority ept vpid fsgsbase tsc_adjust bmi1 avx2 smep bmi2 erms invpcid xsaveopt dtherm ida arat pln pts
bugs		: cpu_meltdown spectre_v1 spectre_v2
bogomips	: 4988.75
clflush size	: 64
cache_alignment	: 64
address sizes	: 39 bits physical, 48 bits virtual
power management:



Memory: 4k page, physical 8090044k(1390460k free), swap 1048572k(1048572k free)

vm_info: OpenJDK 64-Bit Server VM (25.162-b12) for linux-amd64 JRE (1.8.0_162-b12), built on Feb 27 2018 12:14:51 by "builduser" with gcc 7.3.0

time: Sun Apr  8 20:00:13 2018
elapsed time: 1 seconds (0d 0h 0m 1s)

