#
# A fatal error has been detected by the Java Runtime Environment:
#
#  SIGSEGV (0xb) at pc=0x00007f52c52133b8, pid=25870, tid=0x00007f52c41c8700
#
# JRE version: OpenJDK Runtime Environment (8.0_162-b12) (build 1.8.0_162-b12)
# Java VM: OpenJDK 64-Bit Server VM (25.162-b12 mixed mode linux-amd64 compressed oops)
# Problematic frame:
# V  [libjvm.so+0x6b73b8]
#
# Core dump written. Default location: /home/cheeky/workspace/Allegretto/core or core.25870
#
# If you would like to submit a bug report, please visit:
#   http://bugreport.java.com/bugreport/crash.jsp
#

---------------  T H R E A D  ---------------

Current thread (0x00007f52c0029000):  GCTaskThread [stack: 0x00007f52c40c9000,0x00007f52c41c9000] [id=25872]

siginfo: si_signo: 11 (SIGSEGV), si_code: 1 (SEGV_MAPERR), si_addr: 0x0000000000000100

Registers:
RAX=0x0000000000000000, RBX=0x00007f52c41c7d30, RCX=0x00007f52c41c7d50, RDX=0x0000000000000000
RSP=0x00007f52c41c7670, RBP=0x00007f52c41c76a0, RSI=0x00007f52c41c7d30, RDI=0x0000000000000000
R8 =0x0000000100002068, R9 =0x0000000000000003, R10=0x00000000d8c8097d, R11=0x0000000000000068
R12=0x0000000000000000, R13=0x0000000000000000, R14=0x0000000000000000, R15=0x00007f52c41c7d30
RIP=0x00007f52c52133b8, EFLAGS=0x0000000000010202, CSGSFS=0x002b000000000033, ERR=0x0000000000000004
  TRAPNO=0x000000000000000e

Top of Stack: (sp=0x00007f52c41c7670)
0x00007f52c41c7670:   0000000000000000 00007f52c41c7d30
0x00007f52c41c7680:   00007f52c07fc000 00007f52c0057980
0x00007f52c41c7690:   0000000000000000 00007f52c41c7d50
0x00007f52c41c76a0:   00007f52c41c7d20 00007f52c5592ea8
0x00007f52c41c76b0:   0000000000000000 0000000000000000
0x00007f52c41c76c0:   0000000000000000 0000000000000000
0x00007f52c41c76d0:   0000000000000000 0000000000000000
0x00007f52c41c76e0:   0000000000000000 0000000000000000
0x00007f52c41c76f0:   0000000000000000 0000000000000000
0x00007f52c41c7700:   0000000000000000 0000000000000000
0x00007f52c41c7710:   0000000000000000 0000000000000000
0x00007f52c41c7720:   0000000000000000 0000000000000000
0x00007f52c41c7730:   0000000000000000 0000000000000000
0x00007f52c41c7740:   0000000000000000 0000000000000000
0x00007f52c41c7750:   0000000000000000 0000000000000000
0x00007f52c41c7760:   0000000000000000 0000000000000000
0x00007f52c41c7770:   0000000000000000 0000000000000000
0x00007f52c41c7780:   0000000000000000 0000000000000000
0x00007f52c41c7790:   0000000000000000 0000000000000000
0x00007f52c41c77a0:   0000000000000000 0000000000000000
0x00007f52c41c77b0:   0000000000000000 0000000000000000
0x00007f52c41c77c0:   0000000000000000 0000000000000000
0x00007f52c41c77d0:   0000000000000000 0000000000000000
0x00007f52c41c77e0:   0000000000000000 0000000000000000
0x00007f52c41c77f0:   0000000000000000 0000000000000000
0x00007f52c41c7800:   0000000000000000 0000000000000000
0x00007f52c41c7810:   0000000000000000 0000000000000000
0x00007f52c41c7820:   0000000000000000 0000000000000000
0x00007f52c41c7830:   0000000000000000 0000000000000000
0x00007f52c41c7840:   0000000000000000 0000000000000000
0x00007f52c41c7850:   0000000000000000 0000000000000000
0x00007f52c41c7860:   0000000000000000 0000000000000000 

Instructions: (pc=0x00007f52c52133b8)
0x00007f52c5213398:   41 55 41 54 49 89 fd 53 49 89 f7 48 83 ec 08 66
0x00007f52c52133a8:   0f 1f 84 00 00 00 00 00 4d 89 ec 0f 1f 44 00 00
0x00007f52c52133b8:   41 8b b4 24 00 01 00 00 85 f6 7e 68 4d 8d 74 24
0x00007f52c52133c8:   f8 bb 01 00 00 00 66 90 49 8b 44 dc f8 48 85 c0 

Register to memory mapping:

RAX=0x0000000000000000 is an unknown value
RBX=0x00007f52c41c7d30 is an unknown value
RCX=0x00007f52c41c7d50 is an unknown value
RDX=0x0000000000000000 is an unknown value
RSP=0x00007f52c41c7670 is an unknown value
RBP=0x00007f52c41c76a0 is an unknown value
RSI=0x00007f52c41c7d30 is an unknown value
RDI=0x0000000000000000 is an unknown value
R8 =0x0000000100002068 is pointing into metadata
R9 =0x0000000000000003 is an unknown value
R10=0x00000000d8c8097d is an unknown value
R11=0x0000000000000068 is an unknown value
R12=0x0000000000000000 is an unknown value
R13=0x0000000000000000 is an unknown value
R14=0x0000000000000000 is an unknown value
R15=0x00007f52c41c7d30 is an unknown value


Stack: [0x00007f52c40c9000,0x00007f52c41c9000],  sp=0x00007f52c41c7670,  free space=1017k
Native frames: (J=compiled Java code, j=interpreted, Vv=VM code, C=native code)
V  [libjvm.so+0x6b73b8]
V  [libjvm.so+0xa36ea8]
V  [libjvm.so+0x953b46]
V  [libjvm.so+0x5b3b86]
V  [libjvm.so+0x8d8432]


---------------  P R O C E S S  ---------------

Java Threads: ( => current thread )
  0x00007f52c07fc000 JavaThread "background-preinit" [_thread_blocked, id=25905, stack(0x00007f52ac489000,0x00007f52ac58a000)]
  0x00007f52c0721800 JavaThread "RMI TCP Accept-0" daemon [_thread_in_native, id=25903, stack(0x00007f52ac88b000,0x00007f52ac98c000)]
  0x00007f52c071a000 JavaThread "RMI TCP Accept-42925" daemon [_thread_in_native, id=25902, stack(0x00007f52ac98c000,0x00007f52aca8d000)]
  0x00007f52c0706000 JavaThread "RMI TCP Accept-0" daemon [_thread_in_native, id=25901, stack(0x00007f52aca8d000,0x00007f52acb8e000)]
  0x00007f52c063e000 JavaThread "Service Thread" daemon [_thread_blocked, id=25900, stack(0x00007f52acfb0000,0x00007f52ad0b1000)]
  0x00007f52c0631000 JavaThread "C1 CompilerThread2" daemon [_thread_blocked, id=25899, stack(0x00007f52ad0b2000,0x00007f52ad1b2000)]
  0x00007f52c062f000 JavaThread "C2 CompilerThread1" daemon [_thread_blocked, id=25898, stack(0x00007f52ad1b3000,0x00007f52ad2b3000)]
  0x00007f52c062d000 JavaThread "C2 CompilerThread0" daemon [_thread_blocked, id=25897, stack(0x00007f52ad4cc000,0x00007f52ad5cc000)]
  0x00007f52c062b000 JavaThread "Monitor Ctrl-Break" daemon [_thread_in_native, id=25896, stack(0x00007f52ad5cc000,0x00007f52ad6cd000)]
  0x00007f52c0187000 JavaThread "Signal Dispatcher" daemon [_thread_blocked, id=25893, stack(0x00007f52ada33000,0x00007f52adb34000)]
  0x00007f52c0154800 JavaThread "Finalizer" daemon [_thread_blocked, id=25883, stack(0x00007f52adcea000,0x00007f52addeb000)]
  0x00007f52c0150000 JavaThread "Reference Handler" daemon [_thread_blocked, id=25882, stack(0x00007f52addeb000,0x00007f52adeec000)]
  0x00007f52c0014000 JavaThread "main" [_thread_blocked, id=25871, stack(0x00007f52c67c9000,0x00007f52c68c9000)]

Other Threads:
  0x00007f52c0148000 VMThread [stack: 0x00007f52adeed000,0x00007f52adfed000] [id=25881]
  0x00007f52c0723800 WatcherThread [stack: 0x00007f52ac78b000,0x00007f52ac88b000] [id=25904]

=>0x00007f52c0029000 (exited) GCTaskThread [stack: 0x00007f52c40c9000,0x00007f52c41c9000] [id=25872]

VM state:at safepoint (normal execution)

VM Mutex/Monitor currently owned by a thread:  ([mutex/lock_event])
[0x00007f52c000aff0] Threads_lock - owner thread: 0x00007f52c0148000
[0x00007f52c000b4f0] Heap_lock - owner thread: 0x00007f52c0014000

Heap:
 PSYoungGen      total 36864K, used 31744K [0x00000000d6d80000, 0x00000000d9680000, 0x0000000100000000)
  eden space 31744K, 100% used [0x00000000d6d80000,0x00000000d8c80000,0x00000000d8c80000)
  from space 5120K, 0% used [0x00000000d9180000,0x00000000d9180000,0x00000000d9680000)
  to   space 5120K, 9% used [0x00000000d8c80000,0x00000000d8cfc240,0x00000000d9180000)
 ParOldGen       total 84992K, used 0K [0x0000000084800000, 0x0000000089b00000, 0x00000000d6d80000)
  object space 84992K, 0% used [0x0000000084800000,0x0000000084800000,0x0000000089b00000)
 Metaspace       used 10210K, capacity 10434K, committed 10624K, reserved 1058816K
  class space    used 1231K, capacity 1347K, committed 1408K, reserved 1048576K

Card table byte_map: [0x00007f52b023d000,0x00007f52b061a000] byte_map_base: 0x00007f52afe19000

Marking Bits: (ParMarkBitMap*) 0x00007f52c5ac30c0
 Begin Bits: [0x00007f529c240000, 0x00007f529e120000)
 End Bits:   [0x00007f529e120000, 0x00007f52a0000000)

Polling page: 0x00007f52c6902000

CodeCache: size=245760Kb used=2299Kb max_used=2299Kb free=243460Kb
 bounds [0x00007f52b09da000, 0x00007f52b0c4a000, 0x00007f52bf9da000]
 total_blobs=1155 nmethods=807 adapters=262
 compilation: enabled

Compilation events (10 events):
Event: 1.105 Thread 0x00007f52c0631000  806       1       java.util.regex.Pattern$BmpCharProperty::match (50 bytes)
Event: 1.105 Thread 0x00007f52c0631000 nmethod 806 0x00007f52b0c17290 code [0x00007f52b0c17420, 0x00007f52b0c17628]
Event: 1.106 Thread 0x00007f52c0631000  807       1       java.util.regex.Pattern$Single::isSatisfiedBy (14 bytes)
Event: 1.106 Thread 0x00007f52c0631000 nmethod 807 0x00007f52b0c17710 code [0x00007f52b0c17860, 0x00007f52b0c17990]
Event: 1.107 Thread 0x00007f52c0631000  808   !   1       java.util.logging.LogManager::ensureLogManagerInitialized (128 bytes)
Event: 1.108 Thread 0x00007f52c0631000 nmethod 808 0x00007f52b0c179d0 code [0x00007f52b0c17b40, 0x00007f52b0c17f88]
Event: 1.112 Thread 0x00007f52c0631000  809       1       java.security.CodeSource::matchCerts (254 bytes)
Event: 1.112 Thread 0x00007f52c0631000 nmethod 809 0x00007f52b0c180d0 code [0x00007f52b0c18280, 0x00007f52b0c186d8]
Event: 1.112 Thread 0x00007f52c0631000  810       1       java.net.URL::equals (24 bytes)
Event: 1.113 Thread 0x00007f52c0631000 nmethod 810 0x00007f52b0c18b10 code [0x00007f52b0c18c80, 0x00007f52b0c18e48]

GC Heap History (1 events):
Event: 1.123 GC heap before
{Heap before GC invocations=1 (full 0):
 PSYoungGen      total 36864K, used 31744K [0x00000000d6d80000, 0x00000000d9680000, 0x0000000100000000)
  eden space 31744K, 100% used [0x00000000d6d80000,0x00000000d8c80000,0x00000000d8c80000)
  from space 5120K, 0% used [0x00000000d9180000,0x00000000d9180000,0x00000000d9680000)
  to   space 5120K, 0% used [0x00000000d8c80000,0x00000000d8c80000,0x00000000d9180000)
 ParOldGen       total 84992K, used 0K [0x0000000084800000, 0x0000000089b00000, 0x00000000d6d80000)
  object space 84992K, 0% used [0x0000000084800000,0x0000000084800000,0x0000000089b00000)
 Metaspace       used 10210K, capacity 10434K, committed 10624K, reserved 1058816K
  class space    used 1231K, capacity 1347K, committed 1408K, reserved 1048576K

Deoptimization events (0 events):
No events

Classes redefined (0 events):
No events

Internal exceptions (10 events):
Event: 0.850 Thread 0x00007f52c0014000 Exception <a 'java/io/FileNotFoundException'> (0x00000000d7fdc890) thrown at [/build/java8-openjdk/src/jdk8u-jdk8u162-b12/hotspot/src/share/vm/prims/jni.cpp, line 709]
Event: 1.067 Thread 0x00007f52c0014000 Exception <a 'java/lang/ArrayIndexOutOfBoundsException'> (0x00000000d8a29118) thrown at [/build/java8-openjdk/src/jdk8u-jdk8u162-b12/hotspot/src/share/vm/runtime/sharedRuntime.cpp, line 605]
Event: 1.067 Thread 0x00007f52c0014000 Exception <a 'java/lang/ArrayIndexOutOfBoundsException'> (0x00000000d8a2a400) thrown at [/build/java8-openjdk/src/jdk8u-jdk8u162-b12/hotspot/src/share/vm/runtime/sharedRuntime.cpp, line 605]
Event: 1.080 Thread 0x00007f52c0014000 Exception <a 'java/lang/ArrayIndexOutOfBoundsException'> (0x00000000d8a7edc8) thrown at [/build/java8-openjdk/src/jdk8u-jdk8u162-b12/hotspot/src/share/vm/runtime/sharedRuntime.cpp, line 605]
Event: 1.080 Thread 0x00007f52c0014000 Exception <a 'java/lang/ArrayIndexOutOfBoundsException'> (0x00000000d8a80d30) thrown at [/build/java8-openjdk/src/jdk8u-jdk8u162-b12/hotspot/src/share/vm/runtime/sharedRuntime.cpp, line 605]
Event: 1.083 Thread 0x00007f52c0014000 Exception <a 'java/lang/ArrayIndexOutOfBoundsException'> (0x00000000d8a86f90) thrown at [/build/java8-openjdk/src/jdk8u-jdk8u162-b12/hotspot/src/share/vm/runtime/sharedRuntime.cpp, line 605]
Event: 1.084 Thread 0x00007f52c0014000 Exception <a 'java/lang/ArrayIndexOutOfBoundsException'> (0x00000000d8a89978) thrown at [/build/java8-openjdk/src/jdk8u-jdk8u162-b12/hotspot/src/share/vm/runtime/sharedRuntime.cpp, line 605]
Event: 1.086 Thread 0x00007f52c0014000 Exception <a 'java/lang/ArrayIndexOutOfBoundsException'> (0x00000000d8a99d30) thrown at [/build/java8-openjdk/src/jdk8u-jdk8u162-b12/hotspot/src/share/vm/runtime/sharedRuntime.cpp, line 605]
Event: 1.087 Thread 0x00007f52c0014000 Exception <a 'java/lang/ArrayIndexOutOfBoundsException'> (0x00000000d8aa5958) thrown at [/build/java8-openjdk/src/jdk8u-jdk8u162-b12/hotspot/src/share/vm/runtime/sharedRuntime.cpp, line 605]
Event: 1.088 Thread 0x00007f52c0014000 Exception <a 'java/lang/ArrayIndexOutOfBoundsException'> (0x00000000d8aa75e8) thrown at [/build/java8-openjdk/src/jdk8u-jdk8u162-b12/hotspot/src/share/vm/runtime/sharedRuntime.cpp, line 605]

Events (10 events):
Event: 1.115 loading class org/springframework/core/env/AbstractEnvironment done
Event: 1.115 loading class org/springframework/core/env/MutablePropertySources
Event: 1.115 loading class org/springframework/core/env/MutablePropertySources done
Event: 1.116 loading class org/springframework/core/env/PropertySources
Event: 1.116 loading class org/springframework/core/env/PropertySources done
Event: 1.116 loading class org/springframework/core/env/PropertySourcesPropertyResolver
Event: 1.116 loading class org/springframework/core/env/PropertySourcesPropertyResolver done
Event: 1.116 loading class org/springframework/core/env/AbstractPropertyResolver
Event: 1.116 loading class org/springframework/core/env/AbstractPropertyResolver done
Event: 1.116 Executing VM operation: ParallelGCFailedAllocation


Dynamic libraries:
84800000-89b00000 rw-p 00000000 00:00 0 
89b00000-d6d80000 ---p 00000000 00:00 0 
d6d80000-d9680000 rw-p 00000000 00:00 0 
d9680000-100000000 ---p 00000000 00:00 0 
100000000-100160000 rw-p 00000000 00:00 0 
100160000-140000000 ---p 00000000 00:00 0 
55a3b521e000-55a3b521f000 r-xp 00000000 08:08 6819680                    /usr/lib/jvm/java-8-openjdk/jre/bin/java
55a3b541e000-55a3b541f000 r--p 00000000 08:08 6819680                    /usr/lib/jvm/java-8-openjdk/jre/bin/java
55a3b541f000-55a3b5420000 rw-p 00001000 08:08 6819680                    /usr/lib/jvm/java-8-openjdk/jre/bin/java
55a3b6dfd000-55a3b6e1e000 rw-p 00000000 00:00 0                          [heap]
7f5260000000-7f5260021000 rw-p 00000000 00:00 0 
7f5260021000-7f5264000000 ---p 00000000 00:00 0 
7f5264000000-7f5264021000 rw-p 00000000 00:00 0 
7f5264021000-7f5268000000 ---p 00000000 00:00 0 
7f5268000000-7f5268021000 rw-p 00000000 00:00 0 
7f5268021000-7f526c000000 ---p 00000000 00:00 0 
7f526c000000-7f526c021000 rw-p 00000000 00:00 0 
7f526c021000-7f5270000000 ---p 00000000 00:00 0 
7f5270000000-7f5270021000 rw-p 00000000 00:00 0 
7f5270021000-7f5274000000 ---p 00000000 00:00 0 
7f5274000000-7f5274021000 rw-p 00000000 00:00 0 
7f5274021000-7f5278000000 ---p 00000000 00:00 0 
7f5278000000-7f5278021000 rw-p 00000000 00:00 0 
7f5278021000-7f527c000000 ---p 00000000 00:00 0 
7f527c000000-7f527c22a000 rw-p 00000000 00:00 0 
7f527c22a000-7f5280000000 ---p 00000000 00:00 0 
7f5280000000-7f5280042000 rw-p 00000000 00:00 0 
7f5280042000-7f5284000000 ---p 00000000 00:00 0 
7f5284000000-7f528405e000 rw-p 00000000 00:00 0 
7f528405e000-7f5288000000 ---p 00000000 00:00 0 
7f5288000000-7f5288021000 rw-p 00000000 00:00 0 
7f5288021000-7f528c000000 ---p 00000000 00:00 0 
7f528c000000-7f528c021000 rw-p 00000000 00:00 0 
7f528c021000-7f5290000000 ---p 00000000 00:00 0 
7f5290000000-7f5290021000 rw-p 00000000 00:00 0 
7f5290021000-7f5294000000 ---p 00000000 00:00 0 
7f5294000000-7f5294021000 rw-p 00000000 00:00 0 
7f5294021000-7f5298000000 ---p 00000000 00:00 0 
7f5298000000-7f5298021000 rw-p 00000000 00:00 0 
7f5298021000-7f529c000000 ---p 00000000 00:00 0 
7f529c240000-7f52a0000000 rw-p 00000000 00:00 0 
7f52a0000000-7f52a0021000 rw-p 00000000 00:00 0 
7f52a0021000-7f52a4000000 ---p 00000000 00:00 0 
7f52a4000000-7f52a4021000 rw-p 00000000 00:00 0 
7f52a4021000-7f52a8000000 ---p 00000000 00:00 0 
7f52a8000000-7f52a8021000 rw-p 00000000 00:00 0 
7f52a8021000-7f52ac000000 ---p 00000000 00:00 0 
7f52ac489000-7f52ac48c000 ---p 00000000 00:00 0 
7f52ac48c000-7f52ac68a000 rw-p 00000000 00:00 0 
7f52ac68a000-7f52ac78a000 ---p 00000000 00:00 0 
7f52ac78a000-7f52ac78b000 ---p 00000000 00:00 0 
7f52ac78b000-7f52ac88b000 rw-p 00000000 00:00 0 
7f52ac88b000-7f52ac88e000 ---p 00000000 00:00 0 
7f52ac88e000-7f52ac98c000 rw-p 00000000 00:00 0 
7f52ac98c000-7f52ac98f000 ---p 00000000 00:00 0 
7f52ac98f000-7f52aca8d000 rw-p 00000000 00:00 0 
7f52aca8d000-7f52aca90000 ---p 00000000 00:00 0 
7f52aca90000-7f52acb8e000 rw-p 00000000 00:00 0 
7f52acb8e000-7f52acb93000 r--s 0009d000 08:08 6819701                    /usr/lib/jvm/java-8-openjdk/jre/lib/jsse.jar
7f52acb93000-7f52acba4000 r-xp 00000000 08:08 6950788                    /usr/lib/jvm/java-8-openjdk/jre/lib/amd64/libnio.so
7f52acba4000-7f52acda4000 ---p 00011000 08:08 6950788                    /usr/lib/jvm/java-8-openjdk/jre/lib/amd64/libnio.so
7f52acda4000-7f52acda5000 r--p 00011000 08:08 6950788                    /usr/lib/jvm/java-8-openjdk/jre/lib/amd64/libnio.so
7f52acda5000-7f52acda6000 rw-p 00012000 08:08 6950788                    /usr/lib/jvm/java-8-openjdk/jre/lib/amd64/libnio.so
7f52acda6000-7f52acdae000 r-xp 00000000 08:08 6950781                    /usr/lib/jvm/java-8-openjdk/jre/lib/amd64/libmanagement.so
7f52acdae000-7f52acfae000 ---p 00008000 08:08 6950781                    /usr/lib/jvm/java-8-openjdk/jre/lib/amd64/libmanagement.so
7f52acfae000-7f52acfaf000 r--p 00008000 08:08 6950781                    /usr/lib/jvm/java-8-openjdk/jre/lib/amd64/libmanagement.so
7f52acfaf000-7f52acfb0000 rw-p 00009000 08:08 6950781                    /usr/lib/jvm/java-8-openjdk/jre/lib/amd64/libmanagement.so
7f52acfb0000-7f52acfb3000 ---p 00000000 00:00 0 
7f52acfb3000-7f52ad0b1000 rw-p 00000000 00:00 0 
7f52ad0b1000-7f52ad0b2000 ---p 00000000 00:00 0 
7f52ad0b2000-7f52ad0b5000 ---p 00000000 00:00 0 
7f52ad0b5000-7f52ad1b2000 rw-p 00000000 00:00 0 
7f52ad1b2000-7f52ad1b3000 ---p 00000000 00:00 0 
7f52ad1b3000-7f52ad1b6000 ---p 00000000 00:00 0 
7f52ad1b6000-7f52ad2b3000 rw-p 00000000 00:00 0 
7f52ad2b3000-7f52ad2c9000 r-xp 00000000 08:08 6950784                    /usr/lib/jvm/java-8-openjdk/jre/lib/amd64/libnet.so
7f52ad2c9000-7f52ad4c9000 ---p 00016000 08:08 6950784                    /usr/lib/jvm/java-8-openjdk/jre/lib/amd64/libnet.so
7f52ad4c9000-7f52ad4ca000 r--p 00016000 08:08 6950784                    /usr/lib/jvm/java-8-openjdk/jre/lib/amd64/libnet.so
7f52ad4ca000-7f52ad4cb000 rw-p 00017000 08:08 6950784                    /usr/lib/jvm/java-8-openjdk/jre/lib/amd64/libnet.so
7f52ad4cb000-7f52ad4cc000 ---p 00000000 00:00 0 
7f52ad4cc000-7f52ad4cf000 ---p 00000000 00:00 0 
7f52ad4cf000-7f52ad5cc000 rw-p 00000000 00:00 0 
7f52ad5cc000-7f52ad5cf000 ---p 00000000 00:00 0 
7f52ad5cf000-7f52ad6cd000 rw-p 00000000 00:00 0 
7f52ad6cd000-7f52ad6cf000 r--s 0001a000 08:08 4332317                    /opt/intellij-idea-ultimate-edition/lib/idea_rt.jar
7f52ad6cf000-7f52ad70b000 r--s 00290000 08:08 4726851                    /home/cheeky/.gradle/caches/modules-2/files-2.1/net.bytebuddy/byte-buddy/1.7.11/f02857a4e2c66ccbe7aaad6100a0a6c461bce9b3/byte-buddy-1.7.11.jar
7f52ad70b000-7f52ad711000 r--s 00039000 08:08 7605416                    /home/cheeky/.gradle/caches/modules-2/files-2.1/org.apache.logging.log4j/log4j-api/2.10.0/fec5797a55b786184a537abd39c3fa1449d752d6/log4j-api-2.10.0.jar
7f52ad711000-7f52ad71c000 r--s 00069000 08:08 7603558                    /home/cheeky/.gradle/caches/modules-2/files-2.1/ch.qos.logback/logback-core/1.2.3/864344400c3d4d92dfeb0a305dc87d953677c03c/logback-core-1.2.3.jar
7f52ad71c000-7f52ad71e000 r--s 00016000 08:08 4989148                    /home/cheeky/.gradle/caches/modules-2/files-2.1/org.ow2.asm/asm/6.0/bc6fa6b19424bb9592fe43bbc20178f92d403105/asm-6.0.jar
7f52ad71e000-7f52ad720000 r--s 0000a000 08:08 7229824                    /home/cheeky/.gradle/caches/modules-2/files-2.1/org.ow2.asm/asm-tree/6.0/a624f1a6e4e428dcd680a01bab2d4c56b35b18f0/asm-tree-6.0.jar
7f52ad720000-7f52ad721000 r--s 00012000 08:08 4856983                    /home/cheeky/.gradle/caches/modules-2/files-2.1/org.ow2.asm/asm-commons/6.0/f256fd215d8dd5a4fa2ab3201bf653de266ed4ec/asm-commons-6.0.jar
7f52ad721000-7f52ad724000 r--s 00015000 08:08 3408172                    /home/cheeky/.gradle/caches/modules-2/files-2.1/javax.servlet/javax.servlet-api/3.1.0/3cd63d075497751784b2fa84be59432f4905bf7c/javax.servlet-api-3.1.0.jar
7f52ad724000-7f52ad727000 r--s 00008000 08:08 4069568                    /home/cheeky/.gradle/caches/modules-2/files-2.1/org.eclipse.jetty.websocket/websocket-api/9.4.9.v20180320/8be09aafe135e370bbc33a8ec01b443ac9aa9a47/websocket-api-9.4.9.v20180320.jar
7f52ad727000-7f52ad72b000 r--s 0004b000 08:08 7619563                    /home/cheeky/.gradle/caches/modules-2/files-2.1/com.fasterxml.jackson.core/jackson-core/2.9.5/a22ac51016944b06fd9ffbc9541c6e7ce5eea117/jackson-core-2.9.5.jar
7f52ad72b000-7f52ad72e000 r--s 0000e000 08:08 7603553                    /home/cheeky/.gradle/caches/modules-2/files-2.1/com.fasterxml.jackson.core/jackson-annotations/2.9.0/7c10d545325e3a6e72e06381afe469fd40eb701/jackson-annotations-2.9.0.jar
7f52ad72e000-7f52ad730000 r--s 00004000 08:08 5384238                    /home/cheeky/.gradle/caches/modules-2/files-2.1/org.springframework/spring-jcl/5.0.5.RELEASE/f4a2854b9d865e8b86717595aec16f877f8c6489/spring-jcl-5.0.5.RELEASE.jar
7f52ad730000-7f52ad735000 r--s 00048000 08:08 3408168                    /home/cheeky/.gradle/caches/modules-2/files-2.1/dom4j/dom4j/1.6.1/5d3ccc056b6f056dbf0dddfdf43894b9065a8f94/dom4j-1.6.1.jar
7f52ad735000-7f52ad738000 r--s 0002b000 08:08 7603348                    /home/cheeky/.gradle/caches/modules-2/files-2.1/org.jboss/jandex/2.0.3.Final/bfc4d6257dbff7a33a357f0de116be6ff951d849/jandex-2.0.3.Final.jar
7f52ad738000-7f52ad73d000 r--s 00068000 08:08 3408164                    /home/cheeky/.gradle/caches/modules-2/files-2.1/antlr/antlr/2.7.7/83cd2cd674a217ade95a4bb83a8a14f351f48bd0/antlr-2.7.7.jar
7f52ad73d000-7f52ad747000 r--s 000ab000 08:08 7619547                    /home/cheeky/.gradle/caches/modules-2/files-2.1/org.javassist/javassist/3.22.0-GA/3e83394258ae2089be7219b971ec21a8288528ad/javassist-3.22.0-GA.jar
7f52ad747000-7f52ad74c000 r--s 00017000 08:08 3408160                    /home/cheeky/.gradle/caches/modules-2/files-2.1/org.hibernate.javax.persistence/hibernate-jpa-2.1-api/1.0.0.Final/5e731d961297e5a07290bfaf3db1fbc8bbbf405a/hibernate-jpa-2.1-api-1.0.0.Final.jar
7f52ad74c000-7f52ad765000 r--s 001bf000 08:08 4725865                    /home/cheeky/.gradle/caches/modules-2/files-2.1/org.aspectj/aspectjweaver/1.8.13/ad94df2a28d658a40dc27bbaff6a1ce5fbf04e9b/aspectjweaver-1.8.13.jar
7f52ad765000-7f52ad767000 r--s 00007000 08:08 3408154                    /home/cheeky/.gradle/caches/modules-2/files-2.1/javax.websocket/javax.websocket-api/1.0/fc843b649d4a1dcb0497669d262befa3918c7ba8/javax.websocket-api-1.0.jar
7f52ad767000-7f52ad769000 r--s 00004000 08:08 4069566                    /home/cheeky/.gradle/caches/modules-2/files-2.1/org.eclipse.jetty.websocket/websocket-servlet/9.4.9.v20180320/1e443fa4b3ac4c8cee483164479ff3d01b5fcf21/websocket-servlet-9.4.9.v20180320.jar
7f52ad769000-7f52ad771000 r--s 00071000 08:08 4069570                    /home/cheeky/.gradle/caches/modules-2/files-2.1/org.eclipse.jetty/jetty-util/9.4.9.v20180320/8a602b93581f6af54839728f51d51ab830bdd44d/jetty-util-9.4.9.v20180320.jar
7f52ad771000-7f52ad772000 r--s 0000c000 08:08 4069560                    /home/cheeky/.gradle/caches/modules-2/files-2.1/org.eclipse.jetty/jetty-xml/9.4.9.v20180320/247894128d4d3ba41774be941fb801e20e668be7/jetty-xml-9.4.9.v20180320.jar
7f52ad772000-7f52ad775000 r--s 0001e000 08:08 4069562                    /home/cheeky/.gradle/caches/modules-2/files-2.1/org.eclipse.jetty/jetty-io/9.4.9.v20180320/938d67c72405285d2a7a6efb10d870a1b16fa2e0/jetty-io-9.4.9.v20180320.jar
7f52ad775000-7f52ad779000 r--s 0002c000 08:08 4069558                    /home/cheeky/.gradle/caches/modules-2/files-2.1/org.eclipse.jetty.websocket/websocket-common/9.4.9.v20180320/ca1f96a14ae58d951d1d93c1c5a3416b4b501578/websocket-common-9.4.9.v20180320.jar
7f52ad779000-7f52ad77c000 r--s 00027000 08:08 4069556                    /home/cheeky/.gradle/caches/modules-2/files-2.1/org.eclipse.jetty/jetty-http/9.4.9.v20180320/64d93698196ea7a66b33c754a0eac2a97d5af4b6/jetty-http-9.4.9.v20180320.jar
7f52ad77c000-7f52ad784000 r--s 00087000 08:08 4069564                    /home/cheeky/.gradle/caches/modules-2/files-2.1/org.eclipse.jetty/jetty-server/9.4.9.v20180320/8847f7278e8ace7a1f5847e71563c8a10546582/jetty-server-9.4.9.v20180320.jar
7f52ad784000-7f52ad786000 r--s 00015000 08:08 4069550                    /home/cheeky/.gradle/caches/modules-2/files-2.1/org.eclipse.jetty/jetty-security/9.4.9.v20180320/dadd28ef757d9b8cdd1d7eef7fcbfa0b482c4648/jetty-security-9.4.9.v20180320.jar
7f52ad786000-7f52ad788000 r--s 00019000 08:08 4069552                    /home/cheeky/.gradle/caches/modules-2/files-2.1/org.eclipse.jetty/jetty-servlet/9.4.9.v20180320/d4453b746bc581af6ec5bce09228dc802bec1040/jetty-servlet-9.4.9.v20180320.jar
7f52ad788000-7f52ad78e000 r--s 0003f000 08:08 4332752                    /home/cheeky/.gradle/caches/modules-2/files-2.1/org.eclipse.jetty/jetty-client/9.4.9.v20180320/c6ed57d55c5d55927c6e11fc47972a4eeacba6f4/jetty-client-9.4.9.v20180320.jar
7f52ad78e000-7f52ad790000 r--s 00007000 08:08 4069548                    /home/cheeky/.gradle/caches/modules-2/files-2.1/org.eclipse.jetty.websocket/websocket-client/9.4.9.v20180320/7bd061a1e4f061a02c9fa1441ff93aca213b303c/websocket-client-9.4.9.v20180320.jar
7f52ad790000-7f52ad795000 r--s 00023000 08:08 4069554                    /home/cheeky/.gradle/caches/modules-2/files-2.1/org.eclipse.jetty.websocket/javax-websocket-client-impl/9.4.9.v20180320/c7023867be962419496b41ba736c0cf793c63133/javax-websocket-client-impl-9.4.9.v20180320.jar
7f52ad795000-7f52ad797000 r--s 00003000 08:08 4069546                    /home/cheeky/.gradle/caches/modules-2/files-2.1/org.eclipse.jetty/jetty-continuation/9.4.9.v20180320/590a07c7daf76c755e2daefb1aa0a91b41b26d87/jetty-continuation-9.4.9.v20180320.jar
7f52ad797000-7f52ad799000 r--s 0000f000 08:08 7229800                    /home/cheeky/.gradle/caches/modules-2/files-2.1/org.jboss.logging/jboss-logging/3.3.2.Final/3789d00e859632e6c6206adc0c71625559e6e3b0/jboss-logging-3.3.2.Final.jar
7f52ad799000-7f52ad79c000 r--s 00010000 08:08 3408122                    /home/cheeky/.gradle/caches/modules-2/files-2.1/org.hibernate.common/hibernate-commons-annotations/5.0.1.Final/71e1cff3fcb20d3b3af4f3363c3ddb24d33c6879/hibernate-commons-annotations-5.0.1.Final.jar
7f52ad79c000-7f52ad7a1000 r--s 00012000 08:08 5384222                    /home/cheeky/.gradle/caches/modules-2/files-2.1/javax.validation/validation-api/2.0.1.Final/cb855558e6271b1b32e716d24cb85c7f583ce09e/validation-api-2.0.1.Final.jar
7f52ad7a1000-7f52ad7b4000 r--s 00135000 08:08 7619559                    /home/cheeky/.gradle/caches/modules-2/files-2.1/com.fasterxml.jackson.core/jackson-databind/2.9.5/3490508379d065fe3fcb80042b62f630f7588606/jackson-databind-2.9.5.jar
7f52ad7b4000-7f52ad7b6000 r--s 00001000 08:08 7619551                    /home/cheeky/.gradle/caches/modules-2/files-2.1/com.fasterxml.jackson.module/jackson-module-parameter-names/2.9.5/f824c60751ffb7bfc3a0d30dfe0e42317d8e67f5/jackson-module-parameter-names-2.9.5.jar
7f52ad7b6000-7f52ad7b9000 r--s 00016000 08:08 7619553                    /home/cheeky/.gradle/caches/modules-2/files-2.1/com.fasterxml.jackson.datatype/jackson-datatype-jsr310/2.9.5/d1f0d11e816bc04e222a261106ca138801841c2d/jackson-datatype-jsr310-2.9.5.jar
7f52ad7b9000-7f52ad7bb000 r--s 00007000 08:08 7619549                    /home/cheeky/.gradle/caches/modules-2/files-2.1/com.fasterxml.jackson.datatype/jackson-datatype-jdk8/2.9.5/23e37f085279ba316c0df923513b81609e1d1f6/jackson-datatype-jdk8-2.9.5.jar
7f52ad7bb000-7f52ad7bd000 r--s 00004000 08:08 7999152                    /home/cheeky/.gradle/caches/modules-2/files-2.1/org.mapstruct/mapstruct/1.2.0.Final/8609d6eb044e9f6c73cb24c8f2f4ed5c72a249c7/mapstruct-1.2.0.Final.jar
7f52ad7bd000-7f52ad7bf000 r--s 00009000 08:08 3675096                    /home/cheeky/.gradle/caches/modules-2/files-2.1/org.slf4j/slf4j-api/1.7.25/da76ca59f6a57ee3102f8f9bd9cee742973efa8a/slf4j-api-1.7.25.jar
7f52ad7bf000-7f52ad7c1000 r--s 00000000 08:08 3675104                    /home/cheeky/.gradle/caches/modules-2/files-2.1/org.slf4j/jul-to-slf4j/1.7.25/af5364cd6679bfffb114f0dec8a157aaa283b76/jul-to-slf4j-1.7.25.jar
7f52ad7c1000-7f52ad7c3000 r--s 00003000 08:08 7603376                    /home/cheeky/.gradle/caches/modules-2/files-2.1/org.apache.logging.log4j/log4j-to-slf4j/2.10.0/f7e631ccf49cfc0aefa4a2a728da7d374c05bd3c/log4j-to-slf4j-2.10.0.jar
7f52ad7c3000-7f52ad7c9000 r--s 00041000 08:08 7603374                    /home/cheeky/.gradle/caches/modules-2/files-2.1/ch.qos.logback/logback-classic/1.2.3/7c4f3c474fb2c041d8028740440937705ebb473a/logback-classic-1.2.3.jar
7f52ad7c9000-7f52ad7cc000 r--s 00020000 08:08 7619545                    /home/cheeky/.gradle/caches/modules-2/files-2.1/com.zaxxer/HikariCP/2.7.8/4a3a604fa2efa89621aa498d04e000b2bed90c39/HikariCP-2.7.8.jar
7f52ad7cc000-7f52ad7ce000 r--s 0000e000 08:08 3675110                    /home/cheeky/.gradle/caches/modules-2/files-2.1/com.fasterxml/classmate/1.3.4/3d5f48f10bbe4eb7bd862f10c0583be2e0053c6/classmate-1.3.4.jar
7f52ad7ce000-7f52ad7fd000 r--s 00226000 08:08 4855433                    /home/cheeky/.gradle/caches/modules-2/files-2.1/com.google.guava/guava/20.0/89507701249388e1ed5ddcf8c41f4ce1be7831ef/guava-20.0.jar
7f52ad7fd000-7f52ad800000 r--s 0001d000 08:08 4855431                    /home/cheeky/.gradle/caches/modules-2/files-2.1/org.reflections/reflections/0.9.11/4c686033d918ec1727e329b7222fcb020152e32b/reflections-0.9.11.jar
7f52ad800000-7f52ad802000 r--s 00004000 08:08 7999150                    /home/cheeky/.gradle/caches/modules-2/files-2.1/io.swagger/swagger-annotations/1.5.14/989c19cd0a90768885532318ca5fd7ea16290cc8/swagger-annotations-1.5.14.jar
7f52ad802000-7f52ad806000 r--s 00020000 08:08 7999148                    /home/cheeky/.gradle/caches/modules-2/files-2.1/io.swagger/swagger-models/1.5.14/581d784b65e82cee5bf3e91d193d3f9c0c702453/swagger-models-1.5.14.jar
7f52ad806000-7f52ad80d000 r--s 00042000 08:08 7603322                    /home/cheeky/.gradle/caches/modules-2/files-2.1/org.yaml/snakeyaml/1.19/2d998d3d674b172a588e54ab619854d073f555b5/snakeyaml-1.19.jar
7f52ad80d000-7f52ad825000 r--s 00114000 08:08 5384244                    /home/cheeky/.gradle/caches/modules-2/files-2.1/org.springframework/spring-core/5.0.5.RELEASE/1bd9feb1d9dac6accd27f5244b6c47cfcb55045c/spring-core-5.0.5.RELEASE.jar
7f52ad825000-7f52ad82a000 r--s 0003f000 08:08 7619543                    /home/cheeky/.gradle/caches/modules-2/files-2.1/org.springframework/spring-expression/5.0.5.RELEASE/fc6c7a95aeb7d00f4c65c338b08d97767eb0dd99/spring-expression-5.0.5.RELEASE.jar
7f52ad82a000-7f52ad837000 r--s 00095000 08:08 7619541                    /home/cheeky/.gradle/caches/modules-2/files-2.1/org.springframework/spring-beans/5.0.5.RELEASE/984445863c0bbdaaf860615762d998b471a6bf92/spring-beans-5.0.5.RELEASE.jar
7f52ad837000-7f52ad83f000 r--s 00037000 08:08 7357862                    /home/cheeky/.gradle/caches/modules-2/files-2.1/org.springframework/spring-tx/5.0.5.RELEASE/b772fbba533da282adc89f33e2619ee8a8bba601/spring-tx-5.0.5.RELEASE.jar
7f52ad83f000-7f52ad856000 r--s 000f0000 08:08 7619537                    /home/cheeky/.gradle/caches/modules-2/files-2.1/org.springframework.data/spring-data-commons/2.0.6.RELEASE/4d65fdcbe258961e866f4f85c87c13193bbfd18c/spring-data-commons-2.0.6.RELEASE.jar
7f52ad856000-7f52ad85f000 r--s 00059000 08:08 7229860                    /home/cheeky/.gradle/caches/modules-2/files-2.1/org.springframework/spring-jdbc/5.0.5.RELEASE/456bc4d2281c37aa2f2206651a3048a1d3559d2a/spring-jdbc-5.0.5.RELEASE.jar
7f52ad85f000-7f52ad863000 r--s 0002b000 08:08 7229858                    /home/cheeky/.gradle/caches/modules-2/files-2.1/org.springframework/spring-orm/5.0.5.RELEASE/6734f5ef4c2ebf1d00021fd4b314138f10792174/spring-orm-5.0.5.RELEASE.jar
7f52ad863000-7f52ad86c000 r--s 00051000 08:08 5250876                    /home/cheeky/.gradle/caches/modules-2/files-2.1/org.springframework/spring-aop/5.0.5.RELEASE/b11b61b94d7fb752a1c9bf3461d655c3084fae47/spring-aop-5.0.5.RELEASE.jar
7f52ad86c000-7f52ad886000 r--s 000f1000 08:08 7619539                    /home/cheeky/.gradle/caches/modules-2/files-2.1/org.springframework/spring-context/5.0.5.RELEASE/9cca4bf5acb693249a01c218f471c677b951d6e2/spring-context-5.0.5.RELEASE.jar
7f52ad886000-7f52ad888000 r--s 00000000 08:08 3408066                    /home/cheeky/.gradle/caches/modules-2/files-2.1/org.springframework.plugin/spring-plugin-metadata/1.2.0.RELEASE/97223fc496b6cab31602eedbd4202aa4fff0d44f/spring-plugin-metadata-1.2.0.RELEASE.jar
7f52ad888000-7f52ad88c000 r--s 00018000 08:08 7999146                    /home/cheeky/.gradle/caches/modules-2/files-2.1/io.springfox/springfox-core/2.8.0/5f0fbaa34cc01dfca7089000c4943629d7e1c9dc/springfox-core-2.8.0.jar
7f52ad88c000-7f52ad88f000 r--s 0000a000 08:08 7999144                    /home/cheeky/.gradle/caches/modules-2/files-2.1/io.springfox/springfox-spi/2.8.0/efe49b45357dd9f6c27799a5f7f5ba1ce6bdc05f/springfox-spi-2.8.0.jar
7f52ad88f000-7f52ad892000 r--s 00011000 08:08 7999142                    /home/cheeky/.gradle/caches/modules-2/files-2.1/io.springfox/springfox-schema/2.8.0/70ed8275e2277bffe269c8dbd688f54464bf1222/springfox-schema-2.8.0.jar
7f52ad892000-7f52ad897000 r--s 00027000 08:08 7999140                    /home/cheeky/.gradle/caches/modules-2/files-2.1/io.springfox/springfox-spring-web/2.8.0/cb2ce464b07919158dde1ad40f72cca9c364559b/springfox-spring-web-2.8.0.jar
7f52ad897000-7f52ad89a000 r--s 00015000 08:08 7999138                    /home/cheeky/.gradle/caches/modules-2/files-2.1/io.springfox/springfox-swagger-common/2.8.0/e0fc6a0096eb8d40fac7cc8206ddbb2fe73051d2/springfox-swagger-common-2.8.0.jar
7f52ad89a000-7f52ad89c000 r--s 00005000 08:08 6564753                    /home/cheeky/.gradle/caches/modules-2/files-2.1/javax.annotation/javax.annotation-api/1.3.2/934c04d3cfef185a8008e7bf34331b79730a9d43/javax.annotation-api-1.3.2.jar
7f52ad89c000-7f52ad8b1000 r--s 000ce000 08:08 7103436                    /home/cheeky/.gradle/caches/modules-2/files-2.1/org.springframework.boot/spring-boot/2.0.1.RELEASE/b8c5b14cbb0e52fdded8f98a8c1493cc74c7cf59/spring-boot-2.0.1.RELEASE.jar
7f52ad8b1000-7f52ad8d1000 r--s 000fa000 08:08 6973564                    /home/cheeky/.gradle/caches/modules-2/files-2.1/org.springframework.boot/spring-boot-autoconfigure/2.0.1.RELEASE/b0bf9d34ed70c6987a86cd58a009065e5fa02545/spring-boot-autoconfigure-2.0.1.RELEASE.jar
7f52ad8d1000-7f52ad8d3000 r--s 0000a000 08:08 6564723                    /home/cheeky/.gradle/caches/modules-2/files-2.1/org.springframework/spring-aspects/5.0.5.RELEASE/34994566374425cfdf82634720b010ed20be512d/spring-aspects-5.0.5.RELEASE.jar
7f52ad8d3000-7f52ad8db000 r--s 0004a000 08:08 4857004                    /home/cheeky/.gradle/caches/modules-2/files-2.1/org.springframework.data/spring-data-jpa/2.0.6.RELEASE/2c683dfbd06551bfd6cc7e05f9d13f5c54c79ba/spring-data-jpa-2.0.6.RELEASE.jar
7f52ad8db000-7f52ad8dd000 r--s 00006000 08:08 3408082                    /home/cheeky/.gradle/caches/modules-2/files-2.1/javax.transaction/javax.transaction-api/1.2/d81aff979d603edd90dcd8db2abc1f4ce6479e3e/javax.transaction-api-1.2.jar
7f52ad8dd000-7f52ad95a000 r--s 005ee000 08:08 7103434                    /home/cheeky/.gradle/caches/modules-2/files-2.1/org.hibernate/hibernate-core/5.2.16.Final/c169565556721e21e9bdc193a3e8e25160a45468/hibernate-core-5.2.16.Final.jar
7f52ad95a000-7f52ad95f000 r--s 00037000 08:08 7229786                    /home/cheeky/.gradle/caches/modules-2/files-2.1/org.mortbay.jasper/apache-el/8.5.24.2/cd26aaf6c7ee59af58f0e8c12bfda318bf474c49/apache-el-8.5.24.2.jar
7f52ad95f000-7f52ad961000 r--s 00007000 08:08 4069540                    /home/cheeky/.gradle/caches/modules-2/files-2.1/org.eclipse.jetty.websocket/websocket-server/9.4.9.v20180320/c278d6649a5c754f5ae5182f4ee680309c3880d3/websocket-server-9.4.9.v20180320.jar
7f52ad961000-7f52ad964000 r--s 0001d000 08:08 4069544                    /home/cheeky/.gradle/caches/modules-2/files-2.1/org.eclipse.jetty/jetty-webapp/9.4.9.v20180320/e10113bbae52fa213ede3cafb9235ba1b1884bed/jetty-webapp-9.4.9.v20180320.jar
7f52ad964000-7f52ad966000 r--s 0000c000 08:08 4069572                    /home/cheeky/.gradle/caches/modules-2/files-2.1/org.eclipse.jetty/jetty-plus/9.4.9.v20180320/e2f7e249dd5c625154126e6e04c96e6cdc77f1ed/jetty-plus-9.4.9.v20180320.jar
7f52ad966000-7f52ad980000 r--s 00119000 08:08 6715661                    /home/cheeky/.gradle/caches/modules-2/files-2.1/org.springframework/spring-web/5.0.5.RELEASE/d51dbb5cabe72ae02e400577bac48f7fc94088de/spring-web-5.0.5.RELEASE.jar
7f52ad980000-7f52ad99d000 r--s 000f8000 08:08 6829099                    /home/cheeky/.gradle/caches/modules-2/files-2.1/org.hibernate.validator/hibernate-validator/6.0.9.Final/b149e4cce82379f11f6129eb3187ca8ae5404005/hibernate-validator-6.0.9.Final.jar
7f52ad99d000-7f52ada33000 r--s 008dd000 08:08 7209985                    /usr/lib/jvm/java-8-openjdk/jre/lib/ext/jfxrt.jar
7f52ada33000-7f52ada36000 ---p 00000000 00:00 0 
7f52ada36000-7f52adb34000 rw-p 00000000 00:00 0 
7f52adb34000-7f52adcea000 r--p 00000000 08:08 5561427                    /usr/lib/locale/locale-archive
7f52adcea000-7f52adced000 ---p 00000000 00:00 0 
7f52adced000-7f52addeb000 rw-p 00000000 00:00 0 
7f52addeb000-7f52addee000 ---p 00000000 00:00 0 
7f52addee000-7f52adeec000 rw-p 00000000 00:00 0 
7f52adeec000-7f52adeed000 ---p 00000000 00:00 0 
7f52adeed000-7f52aeefc000 rw-p 00000000 00:00 0 
7f52aeefc000-7f52af0cb000 r--s 03c2b000 08:08 6828770                    /usr/lib/jvm/java-8-openjdk/jre/lib/rt.jar
7f52af0cb000-7f52afca7000 rw-p 00000000 00:00 0 
7f52afca7000-7f52afca8000 ---p 00000000 00:00 0 
7f52afca8000-7f52afda8000 rw-p 00000000 00:00 0 
7f52afda8000-7f52afda9000 ---p 00000000 00:00 0 
7f52afda9000-7f52afea9000 rw-p 00000000 00:00 0 
7f52afea9000-7f52afeaa000 ---p 00000000 00:00 0 
7f52afeaa000-7f52affd4000 rw-p 00000000 00:00 0 
7f52affd4000-7f52b023d000 ---p 00000000 00:00 0 
7f52b023d000-7f52b0267000 rw-p 00000000 00:00 0 
7f52b0267000-7f52b04cf000 ---p 00000000 00:00 0 
7f52b04cf000-7f52b04e5000 rw-p 00000000 00:00 0 
7f52b04e5000-7f52b0619000 ---p 00000000 00:00 0 
7f52b0619000-7f52b0624000 rw-p 00000000 00:00 0 
7f52b0624000-7f52b09da000 ---p 00000000 00:00 0 
7f52b09da000-7f52b0c4a000 rwxp 00000000 00:00 0 
7f52b0c4a000-7f52bf9da000 ---p 00000000 00:00 0 
7f52bf9da000-7f52bf9e2000 r-xp 00000000 08:08 6973060                    /usr/lib/jvm/java-8-openjdk/jre/lib/amd64/libzip.so
7f52bf9e2000-7f52bfbe1000 ---p 00008000 08:08 6973060                    /usr/lib/jvm/java-8-openjdk/jre/lib/amd64/libzip.so
7f52bfbe1000-7f52bfbe2000 r--p 00007000 08:08 6973060                    /usr/lib/jvm/java-8-openjdk/jre/lib/amd64/libzip.so
7f52bfbe2000-7f52bfbe3000 rw-p 00008000 08:08 6973060                    /usr/lib/jvm/java-8-openjdk/jre/lib/amd64/libzip.so
7f52bfbe3000-7f52bfbee000 r-xp 00000000 08:08 5507246                    /usr/lib/libnss_files-2.26.so
7f52bfbee000-7f52bfded000 ---p 0000b000 08:08 5507246                    /usr/lib/libnss_files-2.26.so
7f52bfded000-7f52bfdee000 r--p 0000a000 08:08 5507246                    /usr/lib/libnss_files-2.26.so
7f52bfdee000-7f52bfdef000 rw-p 0000b000 08:08 5507246                    /usr/lib/libnss_files-2.26.so
7f52bfdef000-7f52bfdf5000 rw-p 00000000 00:00 0 
7f52bfdf5000-7f52bfdff000 r-xp 00000000 08:08 6973058                    /usr/lib/jvm/java-8-openjdk/jre/lib/amd64/libinstrument.so
7f52bfdff000-7f52bfffe000 ---p 0000a000 08:08 6973058                    /usr/lib/jvm/java-8-openjdk/jre/lib/amd64/libinstrument.so
7f52bfffe000-7f52bffff000 r--p 00009000 08:08 6973058                    /usr/lib/jvm/java-8-openjdk/jre/lib/amd64/libinstrument.so
7f52bffff000-7f52c0000000 rw-p 0000a000 08:08 6973058                    /usr/lib/jvm/java-8-openjdk/jre/lib/amd64/libinstrument.so
7f52c0000000-7f52c0807000 rw-p 00000000 00:00 0 
7f52c0807000-7f52c4000000 ---p 00000000 00:00 0 
7f52c4000000-7f52c4001000 r--s 00004000 08:08 3408068                    /home/cheeky/.gradle/caches/modules-2/files-2.1/org.springframework.plugin/spring-plugin-core/1.2.0.RELEASE/f380e7760032e7d929184f8ad8a33716b75c0657/spring-plugin-core-1.2.0.RELEASE.jar
7f52c4001000-7f52c4010000 r--s 000b2000 08:08 6829101                    /home/cheeky/.gradle/caches/modules-2/files-2.1/org.springframework/spring-webmvc/5.0.5.RELEASE/a7fd53c7ad06b0fa7dd4ff347de1b2dc508739e/spring-webmvc-5.0.5.RELEASE.jar
7f52c4010000-7f52c403f000 r--s 002e7000 08:08 6564725                    /home/cheeky/.gradle/caches/modules-2/files-2.1/org.apache.derby/derby/10.14.1.0/3bcd8b1af3f8cd022d54d331e00064776be04f9c/derby-10.14.1.0.jar
7f52c403f000-7f52c4052000 r--s 00346000 08:08 6819707                    /usr/lib/jvm/java-8-openjdk/jre/lib/resources.jar
7f52c4052000-7f52c40c8000 rw-p 00000000 00:00 0 
7f52c40c8000-7f52c40c9000 ---p 00000000 00:00 0 
7f52c40c9000-7f52c41c9000 rw-p 00000000 00:00 0 
7f52c41c9000-7f52c41f7000 r-xp 00000000 08:08 6952160                    /usr/lib/jvm/java-8-openjdk/jre/lib/amd64/libjava.so
7f52c41f7000-7f52c43f6000 ---p 0002e000 08:08 6952160                    /usr/lib/jvm/java-8-openjdk/jre/lib/amd64/libjava.so
7f52c43f6000-7f52c43f7000 r--p 0002d000 08:08 6952160                    /usr/lib/jvm/java-8-openjdk/jre/lib/amd64/libjava.so
7f52c43f7000-7f52c43f9000 rw-p 0002e000 08:08 6952160                    /usr/lib/jvm/java-8-openjdk/jre/lib/amd64/libjava.so
7f52c43f9000-7f52c4406000 r-xp 00000000 08:08 6950774                    /usr/lib/jvm/java-8-openjdk/jre/lib/amd64/libverify.so
7f52c4406000-7f52c4605000 ---p 0000d000 08:08 6950774                    /usr/lib/jvm/java-8-openjdk/jre/lib/amd64/libverify.so
7f52c4605000-7f52c4607000 r--p 0000c000 08:08 6950774                    /usr/lib/jvm/java-8-openjdk/jre/lib/amd64/libverify.so
7f52c4607000-7f52c4608000 rw-p 0000e000 08:08 6950774                    /usr/lib/jvm/java-8-openjdk/jre/lib/amd64/libverify.so
7f52c4608000-7f52c460f000 r-xp 00000000 08:08 5507232                    /usr/lib/librt-2.26.so
7f52c460f000-7f52c480e000 ---p 00007000 08:08 5507232                    /usr/lib/librt-2.26.so
7f52c480e000-7f52c480f000 r--p 00006000 08:08 5507232                    /usr/lib/librt-2.26.so
7f52c480f000-7f52c4810000 rw-p 00007000 08:08 5507232                    /usr/lib/librt-2.26.so
7f52c4810000-7f52c495b000 r-xp 00000000 08:08 5507238                    /usr/lib/libm-2.26.so
7f52c495b000-7f52c4b5a000 ---p 0014b000 08:08 5507238                    /usr/lib/libm-2.26.so
7f52c4b5a000-7f52c4b5b000 r--p 0014a000 08:08 5507238                    /usr/lib/libm-2.26.so
7f52c4b5b000-7f52c4b5c000 rw-p 0014b000 08:08 5507238                    /usr/lib/libm-2.26.so
7f52c4b5c000-7f52c57f4000 r-xp 00000000 08:08 7209978                    /usr/lib/jvm/java-8-openjdk/jre/lib/amd64/server/libjvm.so
7f52c57f4000-7f52c59f3000 ---p 00c98000 08:08 7209978                    /usr/lib/jvm/java-8-openjdk/jre/lib/amd64/server/libjvm.so
7f52c59f3000-7f52c5a87000 r--p 00c97000 08:08 7209978                    /usr/lib/jvm/java-8-openjdk/jre/lib/amd64/server/libjvm.so
7f52c5a87000-7f52c5aaf000 rw-p 00d2b000 08:08 7209978                    /usr/lib/jvm/java-8-openjdk/jre/lib/amd64/server/libjvm.so
7f52c5aaf000-7f52c5ae0000 rw-p 00000000 00:00 0 
7f52c5ae0000-7f52c5c8e000 r-xp 00000000 08:08 5507308                    /usr/lib/libc-2.26.so
7f52c5c8e000-7f52c5e8d000 ---p 001ae000 08:08 5507308                    /usr/lib/libc-2.26.so
7f52c5e8d000-7f52c5e91000 r--p 001ad000 08:08 5507308                    /usr/lib/libc-2.26.so
7f52c5e91000-7f52c5e93000 rw-p 001b1000 08:08 5507308                    /usr/lib/libc-2.26.so
7f52c5e93000-7f52c5e97000 rw-p 00000000 00:00 0 
7f52c5e97000-7f52c5e9a000 r-xp 00000000 08:08 5507240                    /usr/lib/libdl-2.26.so
7f52c5e9a000-7f52c6099000 ---p 00003000 08:08 5507240                    /usr/lib/libdl-2.26.so
7f52c6099000-7f52c609a000 r--p 00002000 08:08 5507240                    /usr/lib/libdl-2.26.so
7f52c609a000-7f52c609b000 rw-p 00003000 08:08 5507240                    /usr/lib/libdl-2.26.so
7f52c609b000-7f52c60a9000 r-xp 00000000 08:08 7209977                    /usr/lib/jvm/java-8-openjdk/jre/lib/amd64/jli/libjli.so
7f52c60a9000-7f52c62a8000 ---p 0000e000 08:08 7209977                    /usr/lib/jvm/java-8-openjdk/jre/lib/amd64/jli/libjli.so
7f52c62a8000-7f52c62a9000 r--p 0000d000 08:08 7209977                    /usr/lib/jvm/java-8-openjdk/jre/lib/amd64/jli/libjli.so
7f52c62a9000-7f52c62aa000 rw-p 0000e000 08:08 7209977                    /usr/lib/jvm/java-8-openjdk/jre/lib/amd64/jli/libjli.so
7f52c62aa000-7f52c62c0000 r-xp 00000000 08:08 5515651                    /usr/lib/libz.so.1.2.11
7f52c62c0000-7f52c64bf000 ---p 00016000 08:08 5515651                    /usr/lib/libz.so.1.2.11
7f52c64bf000-7f52c64c0000 r--p 00015000 08:08 5515651                    /usr/lib/libz.so.1.2.11
7f52c64c0000-7f52c64c1000 rw-p 00016000 08:08 5515651                    /usr/lib/libz.so.1.2.11
7f52c64c1000-7f52c64da000 r-xp 00000000 08:08 5507328                    /usr/lib/libpthread-2.26.so
7f52c64da000-7f52c66d9000 ---p 00019000 08:08 5507328                    /usr/lib/libpthread-2.26.so
7f52c66d9000-7f52c66da000 r--p 00018000 08:08 5507328                    /usr/lib/libpthread-2.26.so
7f52c66da000-7f52c66db000 rw-p 00019000 08:08 5507328                    /usr/lib/libpthread-2.26.so
7f52c66db000-7f52c66df000 rw-p 00000000 00:00 0 
7f52c66df000-7f52c6704000 r-xp 00000000 08:08 5507309                    /usr/lib/ld-2.26.so
7f52c6704000-7f52c6705000 r--s 00000000 08:08 6973562                    /home/cheeky/.gradle/caches/modules-2/files-2.1/org.springframework.boot/spring-boot-starter-logging/2.0.1.RELEASE/10681a28c95e9f9c0159327a1ed0c860517c7ad7/spring-boot-starter-logging-2.0.1.RELEASE.jar
7f52c6705000-7f52c6708000 r--s 00011000 08:08 4069542                    /home/cheeky/.gradle/caches/modules-2/files-2.1/org.eclipse.jetty/jetty-annotations/9.4.9.v20180320/873f5343e6c63284b6d8b2e41db11ccb4c526bc9/jetty-annotations-9.4.9.v20180320.jar
7f52c6708000-7f52c6709000 r--s 00008000 08:08 4069538                    /home/cheeky/.gradle/caches/modules-2/files-2.1/org.eclipse.jetty.websocket/javax-websocket-server-impl/9.4.9.v20180320/c3c24b4c38a14a2d7789dd1f864b5c468cfe7e3e/javax-websocket-server-impl-9.4.9.v20180320.jar
7f52c6709000-7f52c670b000 r--s 00015000 08:08 4069536                    /home/cheeky/.gradle/caches/modules-2/files-2.1/org.eclipse.jetty/jetty-servlets/9.4.9.v20180320/cb40696bb683655b7abb4ca72ad08708cd99ca7b/jetty-servlets-9.4.9.v20180320.jar
7f52c670b000-7f52c670c000 r--s 0041e000 08:08 7355673                    /home/cheeky/.gradle/caches/modules-2/files-2.1/io.springfox/springfox-swagger-ui/2.8.0/2b895560df9cd70a2e93119188981b004b4e2ad5/springfox-swagger-ui-2.8.0.jar
7f52c670c000-7f52c670e000 r--s 0000e000 08:08 7999136                    /home/cheeky/.gradle/caches/modules-2/files-2.1/io.springfox/springfox-swagger2/2.8.0/27fbca30912258ce0e31cd56361f732f6c27d5ff/springfox-swagger2-2.8.0.jar
7f52c670e000-7f52c670f000 r--s 00000000 08:08 4726847                    /home/cheeky/.gradle/caches/modules-2/files-2.1/org.springframework.boot/spring-boot-starter/2.0.1.RELEASE/33abc1286b0aabea4f08ff4285d09e587835a716/spring-boot-starter-2.0.1.RELEASE.jar
7f52c670f000-7f52c6710000 r--s 00000000 08:08 5911574                    /home/cheeky/.gradle/caches/modules-2/files-2.1/org.springframework.boot/spring-boot-starter-jdbc/2.0.1.RELEASE/a22a7ac74388118938bfcd894318cd0c5a7c380b/spring-boot-starter-jdbc-2.0.1.RELEASE.jar
7f52c6710000-7f52c6711000 r--s 00000000 08:08 5911570                    /home/cheeky/.gradle/caches/modules-2/files-2.1/org.springframework.boot/spring-boot-starter-aop/2.0.1.RELEASE/c7f7b5b5e63edca2fb04899d13d8bad83377b4b3/spring-boot-starter-aop-2.0.1.RELEASE.jar
7f52c6711000-7f52c6712000 r--s 00000000 08:08 7619565                    /home/cheeky/.gradle/caches/modules-2/files-2.1/org.springframework.boot/spring-boot-starter-json/2.0.1.RELEASE/f2e1aeeb1ac02bfa1b4f7254633484af1866fc65/spring-boot-starter-json-2.0.1.RELEASE.jar
7f52c6712000-7f52c6713000 r--s 00000000 08:08 5384254                    /home/cheeky/.gradle/caches/modules-2/files-2.1/org.springframework.boot/spring-boot-starter-data-jpa/2.0.1.RELEASE/b7c701f60073e2d2b8a8f5502dcc39d4f65f45ff/spring-boot-starter-data-jpa-2.0.1.RELEASE.jar
7f52c6713000-7f52c6714000 r--s 00000000 08:08 4069534                    /home/cheeky/.gradle/caches/modules-2/files-2.1/org.springframework.boot/spring-boot-starter-jetty/2.0.1.RELEASE/b270ff3f1ca7e495f8297d78641a5f86f5b0cd48/spring-boot-starter-jetty-2.0.1.RELEASE.jar
7f52c6714000-7f52c6715000 r--s 00000000 08:08 5667223                    /home/cheeky/.gradle/caches/modules-2/files-2.1/org.springframework.boot/spring-boot-starter-web/2.0.1.RELEASE/88751ed76791d12425ce5a80476baf1749a44cf4/spring-boot-starter-web-2.0.1.RELEASE.jar
7f52c6715000-7f52c6716000 r--s 00000000 08:08 6819700                    /usr/lib/jvm/java-8-openjdk/jre/lib/management-agent.jar
7f52c6716000-7f52c671b000 r--s 0009d000 08:08 6819701                    /usr/lib/jvm/java-8-openjdk/jre/lib/jsse.jar
7f52c671b000-7f52c671c000 r--s 00009000 08:08 6819685                    /usr/lib/jvm/java-8-openjdk/jre/lib/jfxswt.jar
7f52c671c000-7f52c671f000 r--s 00015000 08:08 6819704                    /usr/lib/jvm/java-8-openjdk/jre/lib/jce.jar
7f52c671f000-7f52c67c8000 rw-p 00000000 00:00 0 
7f52c67c8000-7f52c67c9000 ---p 00000000 00:00 0 
7f52c67c9000-7f52c67cc000 ---p 00000000 00:00 0 
7f52c67cc000-7f52c68cd000 rw-p 00000000 00:00 0 
7f52c68cd000-7f52c68d2000 r--s 002f9000 08:08 6819706                    /usr/lib/jvm/java-8-openjdk/jre/lib/charsets.jar
7f52c68d2000-7f52c68f9000 rw-p 00000000 00:00 0 
7f52c68f9000-7f52c6901000 rw-s 00000000 00:2b 859066                     /tmp/hsperfdata_cheeky/25870
7f52c6901000-7f52c6902000 rw-p 00000000 00:00 0 
7f52c6902000-7f52c6903000 ---p 00000000 00:00 0 
7f52c6903000-7f52c6904000 r--p 00024000 08:08 5507309                    /usr/lib/ld-2.26.so
7f52c6904000-7f52c6905000 rw-p 00025000 08:08 5507309                    /usr/lib/ld-2.26.so
7f52c6905000-7f52c6906000 rw-p 00000000 00:00 0 
7fff48367000-7fff4838c000 rw-p 00000000 00:00 0                          [stack]
7fff4839a000-7fff4839d000 r--p 00000000 00:00 0                          [vvar]
7fff4839d000-7fff4839f000 r-xp 00000000 00:00 0                          [vdso]

VM Arguments:
jvm_args: -XX:TieredStopAtLevel=1 -Xverify:none -Dspring.output.ansi.enabled=always -Dcom.sun.management.jmxremote -Dcom.sun.management.jmxremote.port=42925 -Dcom.sun.management.jmxremote.authenticate=false -Dcom.sun.management.jmxremote.ssl=false -Djava.rmi.server.hostname=localhost -Dspring.liveBeansView.mbeanDomain -Dspring.application.admin.enabled=true -javaagent:/opt/intellij-idea-ultimate-edition/lib/idea_rt.jar=43957:/opt/intellij-idea-ultimate-edition/bin -Dfile.encoding=UTF-8 
java_command: com.kuligowski.maciej.platformy.lab4.allegretto.AllegrettoApplication
java_class_path (initial): /usr/lib/jvm/default-runtime/jre/lib/charsets.jar:/usr/lib/jvm/default-runtime/jre/lib/ext/cldrdata.jar:/usr/lib/jvm/default-runtime/jre/lib/ext/dnsns.jar:/usr/lib/jvm/default-runtime/jre/lib/ext/jaccess.jar:/usr/lib/jvm/default-runtime/jre/lib/ext/jfxrt.jar:/usr/lib/jvm/default-runtime/jre/lib/ext/localedata.jar:/usr/lib/jvm/default-runtime/jre/lib/ext/nashorn.jar:/usr/lib/jvm/default-runtime/jre/lib/ext/sunec.jar:/usr/lib/jvm/default-runtime/jre/lib/ext/sunjce_provider.jar:/usr/lib/jvm/default-runtime/jre/lib/ext/sunpkcs11.jar:/usr/lib/jvm/default-runtime/jre/lib/ext/zipfs.jar:/usr/lib/jvm/default-runtime/jre/lib/jce.jar:/usr/lib/jvm/default-runtime/jre/lib/jfxswt.jar:/usr/lib/jvm/default-runtime/jre/lib/jsse.jar:/usr/lib/jvm/default-runtime/jre/lib/management-agent.jar:/usr/lib/jvm/default-runtime/jre/lib/resources.jar:/usr/lib/jvm/default-runtime/jre/lib/rt.jar:/home/cheeky/workspace/Allegretto/out/production/classes:/home/cheeky/workspace/Allegretto/out/production/resources:/home/cheeky/.gradle/caches/modules-2/files-2.1/org.springframework.boot/spring-boot-starter-web/2.0.1.RELEASE/88751ed76791d12425ce5a80476baf1749a44cf4/spring-boot-starter-web-2.0.1.RELEASE.jar:/home/cheeky/.gradle/caches/modules-2/files-2.1/org.springframework.boot/spring-boot-starter-jetty/2.0.1.RELEASE/b270ff3f1ca7e495f8297d78641a5f86f5b0cd48/spring-boot-starter-jetty-2.0.1.RELEASE.jar:/home/cheeky/.gradle/caches/modules-2/files-2.1/org.springframework.boot/spring-boot-starter-data-jpa/2.0.1.RELEASE/b7c701f60073e2d2b8a8f5502dcc39d4f65f45ff/spring-boot-starter-data-jpa-2.0.1.RELEASE.jar:/home/cheeky/.gradle/caches/modules-2/files-2.1/org.springframework.boot/spring-boot-starter-json/2.0.1.RELEASE/f2e1aeeb1ac02bfa1b4f7254633484af1866fc65/spring-boot-starter-json-2.0.1.RELEASE.jar:/home/cheeky/.gradle/caches/modules-2/files-2.1/org.springframework.boot/spring-boot-starter-aop/2.0.1.RELEASE/c7f7b5b5e63edca2fb04899d13d8bad83377b4b3/spring-boot-starter-aop-2.0.1.REL
Launcher Type: SUN_STANDARD

Environment Variables:
PATH=/usr/local/sbin:/usr/local/bin:/usr/bin:/usr/lib/jvm/default/bin:/usr/bin/site_perl:/usr/bin/vendor_perl:/usr/bin/core_perl
SHELL=/bin/bash
DISPLAY=:0

Signal Handlers:
SIGSEGV: [libjvm.so+0xa9e370], sa_mask[0]=11111111011111111101111111111110, sa_flags=SA_RESTART|SA_SIGINFO
SIGBUS: [libjvm.so+0xa9e370], sa_mask[0]=11111111011111111101111111111110, sa_flags=SA_RESTART|SA_SIGINFO
SIGFPE: [libjvm.so+0x8d66a0], sa_mask[0]=11111111011111111101111111111110, sa_flags=SA_RESTART|SA_SIGINFO
SIGPIPE: [libjvm.so+0x8d66a0], sa_mask[0]=11111111011111111101111111111110, sa_flags=SA_RESTART|SA_SIGINFO
SIGXFSZ: [libjvm.so+0x8d66a0], sa_mask[0]=11111111011111111101111111111110, sa_flags=SA_RESTART|SA_SIGINFO
SIGILL: [libjvm.so+0x8d66a0], sa_mask[0]=11111111011111111101111111111110, sa_flags=SA_RESTART|SA_SIGINFO
SIGUSR1: SIG_DFL, sa_mask[0]=00000000000000000000000000000000, sa_flags=none
SIGUSR2: [libjvm.so+0x8d6550], sa_mask[0]=00100000000000000000000000000000, sa_flags=SA_RESTART|SA_SIGINFO
SIGHUP: [libjvm.so+0x8d6a00], sa_mask[0]=11111111011111111101111111111110, sa_flags=SA_RESTART|SA_SIGINFO
SIGINT: [libjvm.so+0x8d6a00], sa_mask[0]=11111111011111111101111111111110, sa_flags=SA_RESTART|SA_SIGINFO
SIGTERM: [libjvm.so+0x8d6a00], sa_mask[0]=11111111011111111101111111111110, sa_flags=SA_RESTART|SA_SIGINFO
SIGQUIT: [libjvm.so+0x8d6a00], sa_mask[0]=11111111011111111101111111111110, sa_flags=SA_RESTART|SA_SIGINFO


---------------  S Y S T E M  ---------------

OS:LSB_VERSION=1.4
DISTRIB_ID=Arch
DISTRIB_RELEASE=rolling
DISTRIB_DESCRIPTION="Arch Linux"

uname:Linux 4.15.5-1-ARCH #1 SMP PREEMPT Thu Feb 22 22:15:20 UTC 2018 x86_64
libc:glibc 2.26 NPTL 2.26 
rlimit: STACK 8192k, CORE infinity, NPROC 30779, NOFILE 4096, AS infinity
load average:1.39 1.14 1.25

/proc/meminfo:
MemTotal:        8090044 kB
MemFree:         1051152 kB
MemAvailable:    3186544 kB
Buffers:          392764 kB
Cached:          2421240 kB
SwapCached:            0 kB
Active:          5193540 kB
Inactive:        1436004 kB
Active(anon):    3773952 kB
Inactive(anon):   590672 kB
Active(file):    1419588 kB
Inactive(file):   845332 kB
Unevictable:          32 kB
Mlocked:              32 kB
SwapTotal:       1048572 kB
SwapFree:        1048572 kB
Dirty:              4760 kB
Writeback:             0 kB
AnonPages:       3815624 kB
Mapped:          1060020 kB
Shmem:            549088 kB
Slab:             225324 kB
SReclaimable:     175320 kB
SUnreclaim:        50004 kB
KernelStack:       10656 kB
PageTables:        57904 kB
NFS_Unstable:          0 kB
Bounce:                0 kB
WritebackTmp:          0 kB
CommitLimit:     5093592 kB
Committed_AS:    9508456 kB
VmallocTotal:   34359738367 kB
VmallocUsed:           0 kB
VmallocChunk:          0 kB
HardwareCorrupted:     0 kB
AnonHugePages:         0 kB
ShmemHugePages:        0 kB
ShmemPmdMapped:        0 kB
HugePages_Total:       0
HugePages_Free:        0
HugePages_Rsvd:        0
HugePages_Surp:        0
Hugepagesize:       2048 kB
DirectMap4k:      242464 kB
DirectMap2M:     8065024 kB
DirectMap1G:           0 kB


CPU:total 4 (initial active 4) (2 cores per cpu, 2 threads per core) family 6 model 60 stepping 3, cmov, cx8, fxsr, mmx, sse, sse2, sse3, ssse3, sse4.1, sse4.2, popcnt, avx, avx2, aes, clmul, erms, lzcnt, ht, tsc, tscinvbit, bmi1, bmi2

/proc/cpuinfo:
processor	: 0
vendor_id	: GenuineIntel
cpu family	: 6
model		: 60
model name	: Intel(R) Core(TM) i5-4200M CPU @ 2.50GHz
stepping	: 3
microcode	: 0x23
cpu MHz		: 2993.252
cache size	: 3072 KB
physical id	: 0
siblings	: 4
core id		: 0
cpu cores	: 2
apicid		: 0
initial apicid	: 0
fpu		: yes
fpu_exception	: yes
cpuid level	: 13
wp		: yes
flags		: fpu vme de pse tsc msr pae mce cx8 apic sep mtrr pge mca cmov pat pse36 clflush dts acpi mmx fxsr sse sse2 ss ht tm pbe syscall nx pdpe1gb rdtscp lm constant_tsc arch_perfmon pebs bts rep_good nopl xtopology nonstop_tsc cpuid aperfmperf pni pclmulqdq dtes64 monitor ds_cpl vmx est tm2 ssse3 sdbg fma cx16 xtpr pdcm pcid sse4_1 sse4_2 movbe popcnt tsc_deadline_timer aes xsave avx f16c rdrand lahf_lm abm cpuid_fault epb invpcid_single pti tpr_shadow vnmi flexpriority ept vpid fsgsbase tsc_adjust bmi1 avx2 smep bmi2 erms invpcid xsaveopt dtherm ida arat pln pts
bugs		: cpu_meltdown spectre_v1 spectre_v2
bogomips	: 4988.75
clflush size	: 64
cache_alignment	: 64
address sizes	: 39 bits physical, 48 bits virtual
power management:

processor	: 1
vendor_id	: GenuineIntel
cpu family	: 6
model		: 60
model name	: Intel(R) Core(TM) i5-4200M CPU @ 2.50GHz
stepping	: 3
microcode	: 0x23
cpu MHz		: 2993.253
cache size	: 3072 KB
physical id	: 0
siblings	: 4
core id		: 1
cpu cores	: 2
apicid		: 2
initial apicid	: 2
fpu		: yes
fpu_exception	: yes
cpuid level	: 13
wp		: yes
flags		: fpu vme de pse tsc msr pae mce cx8 apic sep mtrr pge mca cmov pat pse36 clflush dts acpi mmx fxsr sse sse2 ss ht tm pbe syscall nx pdpe1gb rdtscp lm constant_tsc arch_perfmon pebs bts rep_good nopl xtopology nonstop_tsc cpuid aperfmperf pni pclmulqdq dtes64 monitor ds_cpl vmx est tm2 ssse3 sdbg fma cx16 xtpr pdcm pcid sse4_1 sse4_2 movbe popcnt tsc_deadline_timer aes xsave avx f16c rdrand lahf_lm abm cpuid_fault epb invpcid_single pti tpr_shadow vnmi flexpriority ept vpid fsgsbase tsc_adjust bmi1 avx2 smep bmi2 erms invpcid xsaveopt dtherm ida arat pln pts
bugs		: cpu_meltdown spectre_v1 spectre_v2
bogomips	: 4988.75
clflush size	: 64
cache_alignment	: 64
address sizes	: 39 bits physical, 48 bits virtual
power management:

processor	: 2
vendor_id	: GenuineIntel
cpu family	: 6
model		: 60
model name	: Intel(R) Core(TM) i5-4200M CPU @ 2.50GHz
stepping	: 3
microcode	: 0x23
cpu MHz		: 2993.251
cache size	: 3072 KB
physical id	: 0
siblings	: 4
core id		: 0
cpu cores	: 2
apicid		: 1
initial apicid	: 1
fpu		: yes
fpu_exception	: yes
cpuid level	: 13
wp		: yes
flags		: fpu vme de pse tsc msr pae mce cx8 apic sep mtrr pge mca cmov pat pse36 clflush dts acpi mmx fxsr sse sse2 ss ht tm pbe syscall nx pdpe1gb rdtscp lm constant_tsc arch_perfmon pebs bts rep_good nopl xtopology nonstop_tsc cpuid aperfmperf pni pclmulqdq dtes64 monitor ds_cpl vmx est tm2 ssse3 sdbg fma cx16 xtpr pdcm pcid sse4_1 sse4_2 movbe popcnt tsc_deadline_timer aes xsave avx f16c rdrand lahf_lm abm cpuid_fault epb invpcid_single pti tpr_shadow vnmi flexpriority ept vpid fsgsbase tsc_adjust bmi1 avx2 smep bmi2 erms invpcid xsaveopt dtherm ida arat pln pts
bugs		: cpu_meltdown spectre_v1 spectre_v2
bogomips	: 4988.75
clflush size	: 64
cache_alignment	: 64
address sizes	: 39 bits physical, 48 bits virtual
power management:

processor	: 3
vendor_id	: GenuineIntel
cpu family	: 6
model		: 60
model name	: Intel(R) Core(TM) i5-4200M CPU @ 2.50GHz
stepping	: 3
microcode	: 0x23
cpu MHz		: 2993.251
cache size	: 3072 KB
physical id	: 0
siblings	: 4
core id		: 1
cpu cores	: 2
apicid		: 3
initial apicid	: 3
fpu		: yes
fpu_exception	: yes
cpuid level	: 13
wp		: yes
flags		: fpu vme de pse tsc msr pae mce cx8 apic sep mtrr pge mca cmov pat pse36 clflush dts acpi mmx fxsr sse sse2 ss ht tm pbe syscall nx pdpe1gb rdtscp lm constant_tsc arch_perfmon pebs bts rep_good nopl xtopology nonstop_tsc cpuid aperfmperf pni pclmulqdq dtes64 monitor ds_cpl vmx est tm2 ssse3 sdbg fma cx16 xtpr pdcm pcid sse4_1 sse4_2 movbe popcnt tsc_deadline_timer aes xsave avx f16c rdrand lahf_lm abm cpuid_fault epb invpcid_single pti tpr_shadow vnmi flexpriority ept vpid fsgsbase tsc_adjust bmi1 avx2 smep bmi2 erms invpcid xsaveopt dtherm ida arat pln pts
bugs		: cpu_meltdown spectre_v1 spectre_v2
bogomips	: 4988.75
clflush size	: 64
cache_alignment	: 64
address sizes	: 39 bits physical, 48 bits virtual
power management:



Memory: 4k page, physical 8090044k(1049416k free), swap 1048572k(1048572k free)

vm_info: OpenJDK 64-Bit Server VM (25.162-b12) for linux-amd64 JRE (1.8.0_162-b12), built on Feb 27 2018 12:14:51 by "builduser" with gcc 7.3.0

time: Sun Apr  8 20:26:38 2018
elapsed time: 1 seconds (0d 0h 0m 1s)

