#
# A fatal error has been detected by the Java Runtime Environment:
#
#  SIGSEGV (0xb) at pc=0x00007f08da4623b8, pid=3580, tid=0x00007f08d82c0700
#
# JRE version: OpenJDK Runtime Environment (8.0_162-b12) (build 1.8.0_162-b12)
# Java VM: OpenJDK 64-Bit Server VM (25.162-b12 mixed mode linux-amd64 compressed oops)
# Problematic frame:
# V  [libjvm.so+0x6b73b8]
#
# Core dump written. Default location: /home/cheeky/workspace/Allegretto/core or core.3580
#
# If you would like to submit a bug report, please visit:
#   http://bugreport.java.com/bugreport/crash.jsp
#

---------------  T H R E A D  ---------------

Current thread (0x00007f08d402a800):  GCTaskThread [stack: 0x00007f08d81c1000,0x00007f08d82c1000] [id=3584]

siginfo: si_signo: 11 (SIGSEGV), si_code: 1 (SEGV_MAPERR), si_addr: 0x0000000000000100

Registers:
RAX=0x0000000000000000, RBX=0x00007f08d82bfd30, RCX=0x00007f08d82bfd50, RDX=0x0000000000000000
RSP=0x00007f08d82bf670, RBP=0x00007f08d82bf6a0, RSI=0x00007f08d82bfd30, RDI=0x0000000000000000
R8 =0x0000000100004f18, R9 =0x0000000000000003, R10=0x00000000dacec405, R11=0x0000000000000018
R12=0x0000000000000000, R13=0x0000000000000000, R14=0x0000000000000000, R15=0x00007f08d82bfd30
RIP=0x00007f08da4623b8, EFLAGS=0x0000000000010202, CSGSFS=0x002b000000000033, ERR=0x0000000000000004
  TRAPNO=0x000000000000000e

Top of Stack: (sp=0x00007f08d82bf670)
0x00007f08d82bf670:   0000000000000000 00007f08d82bfd30
0x00007f08d82bf680:   00007f086800b000 00007f08d4057a80
0x00007f08d82bf690:   0000000000000000 00007f08d82bfd50
0x00007f08d82bf6a0:   00007f08d82bfd20 00007f08da7e1ea8
0x00007f08d82bf6b0:   00007f08d402a800 00007f08d82bf6c0
0x00007f08d82bf6c0:   00007f08dbb169c8 00007f08c50004e7
0x00007f08d82bf6d0:   00007f08c50003d0 0000000000000000
0x00007f08d82bf6e0:   00007f08dbb16a30 00007f08dbb169c8
0x00007f08d82bf6f0:   00007f08dbb169c8 00007f08c50004e7
0x00007f08d82bf700:   00007f08c50003d0 0000000000000000
0x00007f08d82bf710:   00007f08dbb16a30 00007f08dbb169c8
0x00007f08d82bf720:   00007f08dbb13108 00007f08dbb1310c
0x00007f08d82bf730:   00007f08dbb13100 00007f08dbb13104
0x00007f08d82bf740:   00007f08dbb130f8 00007f08dbb130fc
0x00007f08d82bf750:   00007f08dbb130f0 00007f08dbb130f4
0x00007f08d82bf760:   0000000000000000 0000000000000000
0x00007f08d82bf770:   00007f08dbb169b8 00007f08dbb169b8
0x00007f08d82bf780:   00007f08dbb130d8 00007f08dbb130dc
0x00007f08d82bf790:   00007f08dbb130d0 00007f08dbb130d4
0x00007f08d82bf7a0:   00007f08dbb130c8 00007f08dbb130cc
0x00007f08d82bf7b0:   00007f08dbb130c0 00007f08dbb130c4
0x00007f08d82bf7c0:   00007f08dbb130b8 00007f08dbb130bc
0x00007f08d82bf7d0:   00007f08dbb130b0 00007f08dbb130b4
0x00007f08d82bf7e0:   00007f08dbb130a8 00007f08dbb130ac
0x00007f08d82bf7f0:   00007f08dbb130a0 00007f08dbb130a4
0x00007f08d82bf800:   00007f08dbb13098 00007f08dbb1309c
0x00007f08d82bf810:   00007f08dbb13090 00007f08dbb13094
0x00007f08d82bf820:   0000000000000000 0000000000000000
0x00007f08d82bf830:   0000000000000000 0000000000000000
0x00007f08d82bf840:   0000000000000000 0000000000000000
0x00007f08d82bf850:   0000000000000000 0000000000000000
0x00007f08d82bf860:   0000000000000000 0000000000000000 

Instructions: (pc=0x00007f08da4623b8)
0x00007f08da462398:   41 55 41 54 49 89 fd 53 49 89 f7 48 83 ec 08 66
0x00007f08da4623a8:   0f 1f 84 00 00 00 00 00 4d 89 ec 0f 1f 44 00 00
0x00007f08da4623b8:   41 8b b4 24 00 01 00 00 85 f6 7e 68 4d 8d 74 24
0x00007f08da4623c8:   f8 bb 01 00 00 00 66 90 49 8b 44 dc f8 48 85 c0 

Register to memory mapping:

RAX=0x0000000000000000 is an unknown value
RBX=0x00007f08d82bfd30 is an unknown value
RCX=0x00007f08d82bfd50 is an unknown value
RDX=0x0000000000000000 is an unknown value
RSP=0x00007f08d82bf670 is an unknown value
RBP=0x00007f08d82bf6a0 is an unknown value
RSI=0x00007f08d82bfd30 is an unknown value
RDI=0x0000000000000000 is an unknown value
R8 =0x0000000100004f18 is pointing into metadata
R9 =0x0000000000000003 is an unknown value
R10=0x00000000dacec405 is an unknown value
R11=0x0000000000000018 is an unknown value
R12=0x0000000000000000 is an unknown value
R13=0x0000000000000000 is an unknown value
R14=0x0000000000000000 is an unknown value
R15=0x00007f08d82bfd30 is an unknown value


Stack: [0x00007f08d81c1000,0x00007f08d82c1000],  sp=0x00007f08d82bf670,  free space=1017k
Native frames: (J=compiled Java code, j=interpreted, Vv=VM code, C=native code)
V  [libjvm.so+0x6b73b8]
V  [libjvm.so+0xa36ea8]
V  [libjvm.so+0x953b46]
V  [libjvm.so+0x5b3b86]
V  [libjvm.so+0x8d8432]


---------------  P R O C E S S  ---------------

Java Threads: ( => current thread )
  0x00007f086800b000 JavaThread "JMX server connection timeout 19" daemon [_thread_blocked, id=3619, stack(0x00007f08b0eee000,0x00007f08b0fef000)]
  0x00007f08d4844000 JavaThread "background-preinit" [_thread_blocked, id=3616, stack(0x00007f08b15ef000,0x00007f08b16f0000)]
  0x00007f0880001000 JavaThread "RMI TCP Connection(2)-127.0.0.1" daemon [_thread_blocked, id=3612, stack(0x00007f08b1716000,0x00007f08b1817000)]
  0x00007f0870006000 JavaThread "RMI Scheduler(0)" daemon [_thread_blocked, id=3610, stack(0x00007f08b1817000,0x00007f08b1918000)]
  0x00007f0884001800 JavaThread "RMI TCP Connection(1)-127.0.0.1" daemon [_thread_in_native, id=3609, stack(0x00007f08b1918000,0x00007f08b1a19000)]
  0x00007f08d4751800 JavaThread "RMI TCP Accept-0" daemon [_thread_in_native, id=3607, stack(0x00007f08b1d1a000,0x00007f08b1e1b000)]
  0x00007f08d474a000 JavaThread "RMI TCP Accept-42375" daemon [_thread_in_native, id=3606, stack(0x00007f08b1e1b000,0x00007f08b1f1c000)]
  0x00007f08d4736000 JavaThread "RMI TCP Accept-0" daemon [_thread_in_native, id=3605, stack(0x00007f08b1f1c000,0x00007f08b201d000)]
  0x00007f08d463e000 JavaThread "Service Thread" daemon [_thread_blocked, id=3604, stack(0x00007f08b243f000,0x00007f08b2540000)]
  0x00007f08d4631000 JavaThread "C1 CompilerThread2" daemon [_thread_blocked, id=3603, stack(0x00007f08b2541000,0x00007f08b2641000)]
  0x00007f08d462f000 JavaThread "C2 CompilerThread1" daemon [_thread_blocked, id=3602, stack(0x00007f08b2642000,0x00007f08b2742000)]
  0x00007f08d462d000 JavaThread "C2 CompilerThread0" daemon [_thread_blocked, id=3601, stack(0x00007f08b295b000,0x00007f08b2a5b000)]
  0x00007f08d462b000 JavaThread "Monitor Ctrl-Break" daemon [_thread_in_native, id=3600, stack(0x00007f08b2a5b000,0x00007f08b2b5c000)]
  0x00007f08d4187000 JavaThread "Signal Dispatcher" daemon [_thread_blocked, id=3599, stack(0x00007f08b2e3a000,0x00007f08b2f3b000)]
  0x00007f08d4154800 JavaThread "Finalizer" daemon [_thread_blocked, id=3592, stack(0x00007f08b30f1000,0x00007f08b31f2000)]
  0x00007f08d4150000 JavaThread "Reference Handler" daemon [_thread_blocked, id=3591, stack(0x00007f08b31f2000,0x00007f08b32f3000)]
  0x00007f08d4014000 JavaThread "main" [_thread_blocked, id=3581, stack(0x00007f08dba18000,0x00007f08dbb18000)]

Other Threads:
  0x00007f08d4148000 VMThread [stack: 0x00007f08b32f4000,0x00007f08b33f4000] [id=3590]
  0x00007f08d4754000 WatcherThread [stack: 0x00007f08b1c1a000,0x00007f08b1d1a000] [id=3608]

=>0x00007f08d402a800 (exited) GCTaskThread [stack: 0x00007f08d81c1000,0x00007f08d82c1000] [id=3584]

VM state:at safepoint (normal execution)

VM Mutex/Monitor currently owned by a thread:  ([mutex/lock_event])
[0x00007f08d400aff0] Threads_lock - owner thread: 0x00007f08d4148000
[0x00007f08d400b4f0] Heap_lock - owner thread: 0x00007f08d4844000

Heap:
 PSYoungGen      total 68608K, used 68592K [0x00000000d6d80000, 0x00000000db580000, 0x0000000100000000)
  eden space 63488K, 100% used [0x00000000d6d80000,0x00000000dab80000,0x00000000dab80000)
  from space 5120K, 99% used [0x00000000db080000,0x00000000db57c1a8,0x00000000db580000)
  to   space 5120K, 52% used [0x00000000dab80000,0x00000000dae1c240,0x00000000db080000)
 ParOldGen       total 84992K, used 155K [0x0000000084800000, 0x0000000089b00000, 0x00000000d6d80000)
  object space 84992K, 0% used [0x0000000084800000,0x0000000084826f60,0x0000000089b00000)
 Metaspace       used 18379K, capacity 18952K, committed 19200K, reserved 1067008K
  class space    used 2390K, capacity 2553K, committed 2560K, reserved 1048576K

Card table byte_map: [0x00007f08d8655000,0x00007f08d8a32000] byte_map_base: 0x00007f08d8231000

Marking Bits: (ParMarkBitMap*) 0x00007f08dad120c0
 Begin Bits: [0x00007f08bc240000, 0x00007f08be120000)
 End Bits:   [0x00007f08be120000, 0x00007f08c0000000)

Polling page: 0x00007f08dbb51000

CodeCache: size=245760Kb used=2893Kb max_used=2893Kb free=242867Kb
 bounds [0x00007f08c5000000, 0x00007f08c52e0000, 0x00007f08d4000000]
 total_blobs=1620 nmethods=1244 adapters=290
 compilation: enabled

Compilation events (10 events):
Event: 1.155 Thread 0x00007f08d4631000 1240       1       java.nio.HeapByteBuffer::get (14 bytes)
Event: 1.155 Thread 0x00007f08d4631000 nmethod 1240 0x00007f08c52d16d0 code [0x00007f08c52d1840, 0x00007f08c52d1a08]
Event: 1.155 Thread 0x00007f08d4631000 1241       1       java.nio.Buffer::nextGetIndex (31 bytes)
Event: 1.155 Thread 0x00007f08d4631000 nmethod 1241 0x00007f08c52d1b50 code [0x00007f08c52d1cc0, 0x00007f08c52d1e48]
Event: 1.155 Thread 0x00007f08d4631000 1242       1       java.io.ByteArrayOutputStream::<init> (43 bytes)
Event: 1.155 Thread 0x00007f08d4631000 nmethod 1242 0x00007f08c52d1f10 code [0x00007f08c52d20c0, 0x00007f08c52d2518]
Event: 1.156 Thread 0x00007f08d4631000 1243       1       java.io.ObjectOutputStream$BlockDataOutputStream::getUTFLength (124 bytes)
Event: 1.156 Thread 0x00007f08d4631000 nmethod 1243 0x00007f08c52d2750 code [0x00007f08c52d28c0, 0x00007f08c52d2b28]
Event: 1.156 Thread 0x00007f08d4631000 1244       1       java.io.ObjectOutputStream$BlockDataOutputStream::writeBytes (144 bytes)
Event: 1.157 Thread 0x00007f08d4631000 nmethod 1244 0x00007f08c52d2d10 code [0x00007f08c52d2ea0, 0x00007f08c52d3158]

GC Heap History (5 events):
Event: 0.627 GC heap before
{Heap before GC invocations=1 (full 0):
 PSYoungGen      total 36864K, used 31744K [0x00000000d6d80000, 0x00000000d9680000, 0x0000000100000000)
  eden space 31744K, 100% used [0x00000000d6d80000,0x00000000d8c80000,0x00000000d8c80000)
  from space 5120K, 0% used [0x00000000d9180000,0x00000000d9180000,0x00000000d9680000)
  to   space 5120K, 0% used [0x00000000d8c80000,0x00000000d8c80000,0x00000000d9180000)
 ParOldGen       total 84992K, used 0K [0x0000000084800000, 0x0000000089b00000, 0x00000000d6d80000)
  object space 84992K, 0% used [0x0000000084800000,0x0000000084800000,0x0000000089b00000)
 Metaspace       used 10191K, capacity 10416K, committed 10624K, reserved 1058816K
  class space    used 1219K, capacity 1282K, committed 1408K, reserved 1048576K
Event: 0.636 GC heap after
Heap after GC invocations=1 (full 0):
 PSYoungGen      total 36864K, used 3993K [0x00000000d6d80000, 0x00000000db580000, 0x0000000100000000)
  eden space 31744K, 0% used [0x00000000d6d80000,0x00000000d6d80000,0x00000000d8c80000)
  from space 5120K, 77% used [0x00000000d8c80000,0x00000000d9066648,0x00000000d9180000)
  to   space 5120K, 0% used [0x00000000db080000,0x00000000db080000,0x00000000db580000)
 ParOldGen       total 84992K, used 8K [0x0000000084800000, 0x0000000089b00000, 0x00000000d6d80000)
  object space 84992K, 0% used [0x0000000084800000,0x0000000084802000,0x0000000089b00000)
 Metaspace       used 10191K, capacity 10416K, committed 10624K, reserved 1058816K
  class space    used 1219K, capacity 1282K, committed 1408K, reserved 1048576K
}
Event: 0.828 GC heap before
{Heap before GC invocations=2 (full 0):
 PSYoungGen      total 36864K, used 35737K [0x00000000d6d80000, 0x00000000db580000, 0x0000000100000000)
  eden space 31744K, 100% used [0x00000000d6d80000,0x00000000d8c80000,0x00000000d8c80000)
  from space 5120K, 77% used [0x00000000d8c80000,0x00000000d9066648,0x00000000d9180000)
  to   space 5120K, 0% used [0x00000000db080000,0x00000000db080000,0x00000000db580000)
 ParOldGen       total 84992K, used 8K [0x0000000084800000, 0x0000000089b00000, 0x00000000d6d80000)
  object space 84992K, 0% used [0x0000000084800000,0x0000000084802000,0x0000000089b00000)
 Metaspace       used 13379K, capacity 13748K, committed 13824K, reserved 1060864K
  class space    used 1636K, capacity 1763K, committed 1792K, reserved 1048576K
Event: 0.838 GC heap after
Heap after GC invocations=2 (full 0):
 PSYoungGen      total 68608K, used 5104K [0x00000000d6d80000, 0x00000000db580000, 0x0000000100000000)
  eden space 63488K, 0% used [0x00000000d6d80000,0x00000000d6d80000,0x00000000dab80000)
  from space 5120K, 99% used [0x00000000db080000,0x00000000db57c1a8,0x00000000db580000)
  to   space 5120K, 0% used [0x00000000dab80000,0x00000000dab80000,0x00000000db080000)
 ParOldGen       total 84992K, used 147K [0x0000000084800000, 0x0000000089b00000, 0x00000000d6d80000)
  object space 84992K, 0% used [0x0000000084800000,0x0000000084824f60,0x0000000089b00000)
 Metaspace       used 13379K, capacity 13748K, committed 13824K, reserved 1060864K
  class space    used 1636K, capacity 1763K, committed 1792K, reserved 1048576K
}
Event: 1.158 GC heap before
{Heap before GC invocations=3 (full 0):
 PSYoungGen      total 68608K, used 68592K [0x00000000d6d80000, 0x00000000db580000, 0x0000000100000000)
  eden space 63488K, 100% used [0x00000000d6d80000,0x00000000dab80000,0x00000000dab80000)
  from space 5120K, 99% used [0x00000000db080000,0x00000000db57c1a8,0x00000000db580000)
  to   space 5120K, 0% used [0x00000000dab80000,0x00000000dab80000,0x00000000db080000)
 ParOldGen       total 84992K, used 147K [0x0000000084800000, 0x0000000089b00000, 0x00000000d6d80000)
  object space 84992K, 0% used [0x0000000084800000,0x0000000084824f60,0x0000000089b00000)
 Metaspace       used 18379K, capacity 18952K, committed 19200K, reserved 1067008K
  class space    used 2390K, capacity 2553K, committed 2560K, reserved 1048576K

Deoptimization events (0 events):
No events

Classes redefined (0 events):
No events

Internal exceptions (10 events):
Event: 0.986 Thread 0x00007f08d4844000 Exception <a 'java/lang/ArrayIndexOutOfBoundsException'> (0x00000000d9108b48) thrown at [/build/java8-openjdk/src/jdk8u-jdk8u162-b12/hotspot/src/share/vm/runtime/sharedRuntime.cpp, line 605]
Event: 0.986 Thread 0x00007f08d4844000 Exception <a 'java/lang/ArrayIndexOutOfBoundsException'> (0x00000000d910a618) thrown at [/build/java8-openjdk/src/jdk8u-jdk8u162-b12/hotspot/src/share/vm/runtime/sharedRuntime.cpp, line 605]
Event: 1.074 Thread 0x00007f08d4014000 Exception <a 'java/lang/ArrayIndexOutOfBoundsException'> (0x00000000d9f27618) thrown at [/build/java8-openjdk/src/jdk8u-jdk8u162-b12/hotspot/src/share/vm/runtime/sharedRuntime.cpp, line 605]
Event: 1.074 Thread 0x00007f08d4014000 Exception <a 'java/lang/ArrayIndexOutOfBoundsException'> (0x00000000d9f286d0) thrown at [/build/java8-openjdk/src/jdk8u-jdk8u162-b12/hotspot/src/share/vm/runtime/sharedRuntime.cpp, line 605]
Event: 1.075 Thread 0x00007f08d4014000 Exception <a 'java/lang/ArrayIndexOutOfBoundsException'> (0x00000000d9f2c440) thrown at [/build/java8-openjdk/src/jdk8u-jdk8u162-b12/hotspot/src/share/vm/runtime/sharedRuntime.cpp, line 605]
Event: 1.076 Thread 0x00007f08d4014000 Exception <a 'java/lang/ArrayIndexOutOfBoundsException'> (0x00000000d9f3b550) thrown at [/build/java8-openjdk/src/jdk8u-jdk8u162-b12/hotspot/src/share/vm/runtime/sharedRuntime.cpp, line 605]
Event: 1.078 Thread 0x00007f08d4014000 Exception <a 'java/lang/ArrayIndexOutOfBoundsException'> (0x00000000d9f4dfc8) thrown at [/build/java8-openjdk/src/jdk8u-jdk8u162-b12/hotspot/src/share/vm/runtime/sharedRuntime.cpp, line 605]
Event: 1.083 Thread 0x00007f08d4014000 Exception <a 'java/lang/ArrayIndexOutOfBoundsException'> (0x00000000d9f7b580) thrown at [/build/java8-openjdk/src/jdk8u-jdk8u162-b12/hotspot/src/share/vm/runtime/sharedRuntime.cpp, line 605]
Event: 1.085 Thread 0x00007f08d4014000 Exception <a 'java/lang/ArrayIndexOutOfBoundsException'> (0x00000000d9fa99d8) thrown at [/build/java8-openjdk/src/jdk8u-jdk8u162-b12/hotspot/src/share/vm/runtime/sharedRuntime.cpp, line 605]
Event: 1.091 Thread 0x00007f08d4014000 Exception <a 'java/lang/NoSuchMethodError': org.slf4j.impl.StaticMDCBinder.getSingleton()Lorg/slf4j/impl/StaticMDCBinder;> (0x00000000da1305f8) thrown at [/build/java8-openjdk/src/jdk8u-jdk8u162-b12/hotspot/src/share/vm/interpreter/linkResolver.cpp, line 

Events (10 events):
Event: 1.153 loading class com/fasterxml/jackson/databind/util/TokenBuffer
Event: 1.153 loading class com/fasterxml/jackson/databind/util/TokenBuffer done
Event: 1.154 loading class com/fasterxml/jackson/databind/ser/std/TokenBufferSerializer
Event: 1.154 loading class com/fasterxml/jackson/databind/ser/std/TokenBufferSerializer done
Event: 1.156 Thread 0x00007f086800b000 Thread added: 0x00007f086800b000
Event: 1.156 loading class org/springframework/beans/factory/config/BeanDefinitionCustomizer
Event: 1.156 loading class org/springframework/beans/factory/config/BeanDefinitionCustomizer done
Event: 1.157 loading class com/fasterxml/jackson/databind/cfg/SerializerFactoryConfig
Event: 1.157 loading class com/fasterxml/jackson/databind/cfg/SerializerFactoryConfig done
Event: 1.157 Executing VM operation: ParallelGCFailedAllocation


Dynamic libraries:
84800000-89b00000 rw-p 00000000 00:00 0 
89b00000-d6d80000 ---p 00000000 00:00 0 
d6d80000-db580000 rw-p 00000000 00:00 0 
db580000-100000000 ---p 00000000 00:00 0 
100000000-100280000 rw-p 00000000 00:00 0 
100280000-140000000 ---p 00000000 00:00 0 
55b70a353000-55b70a354000 r-xp 00000000 08:08 6819680                    /usr/lib/jvm/java-8-openjdk/jre/bin/java
55b70a553000-55b70a554000 r--p 00000000 08:08 6819680                    /usr/lib/jvm/java-8-openjdk/jre/bin/java
55b70a554000-55b70a555000 rw-p 00001000 08:08 6819680                    /usr/lib/jvm/java-8-openjdk/jre/bin/java
55b70b141000-55b70b162000 rw-p 00000000 00:00 0                          [heap]
7f0860000000-7f0860021000 rw-p 00000000 00:00 0 
7f0860021000-7f0864000000 ---p 00000000 00:00 0 
7f0868000000-7f0868021000 rw-p 00000000 00:00 0 
7f0868021000-7f086c000000 ---p 00000000 00:00 0 
7f086c000000-7f086c216000 rw-p 00000000 00:00 0 
7f086c216000-7f0870000000 ---p 00000000 00:00 0 
7f0870000000-7f0870021000 rw-p 00000000 00:00 0 
7f0870021000-7f0874000000 ---p 00000000 00:00 0 
7f0874000000-7f0874021000 rw-p 00000000 00:00 0 
7f0874021000-7f0878000000 ---p 00000000 00:00 0 
7f0878000000-7f0878021000 rw-p 00000000 00:00 0 
7f0878021000-7f087c000000 ---p 00000000 00:00 0 
7f087c000000-7f087c021000 rw-p 00000000 00:00 0 
7f087c021000-7f0880000000 ---p 00000000 00:00 0 
7f0880000000-7f0880021000 rw-p 00000000 00:00 0 
7f0880021000-7f0884000000 ---p 00000000 00:00 0 
7f0884000000-7f0884021000 rw-p 00000000 00:00 0 
7f0884021000-7f0888000000 ---p 00000000 00:00 0 
7f0888000000-7f0888021000 rw-p 00000000 00:00 0 
7f0888021000-7f088c000000 ---p 00000000 00:00 0 
7f088c000000-7f088c1ff000 rw-p 00000000 00:00 0 
7f088c1ff000-7f0890000000 ---p 00000000 00:00 0 
7f0890000000-7f089006e000 rw-p 00000000 00:00 0 
7f089006e000-7f0894000000 ---p 00000000 00:00 0 
7f0894000000-7f0894021000 rw-p 00000000 00:00 0 
7f0894021000-7f0898000000 ---p 00000000 00:00 0 
7f0898000000-7f0898021000 rw-p 00000000 00:00 0 
7f0898021000-7f089c000000 ---p 00000000 00:00 0 
7f089c000000-7f089c03a000 rw-p 00000000 00:00 0 
7f089c03a000-7f08a0000000 ---p 00000000 00:00 0 
7f08a0000000-7f08a0021000 rw-p 00000000 00:00 0 
7f08a0021000-7f08a4000000 ---p 00000000 00:00 0 
7f08a4000000-7f08a4021000 rw-p 00000000 00:00 0 
7f08a4021000-7f08a8000000 ---p 00000000 00:00 0 
7f08a8000000-7f08a8021000 rw-p 00000000 00:00 0 
7f08a8021000-7f08ac000000 ---p 00000000 00:00 0 
7f08ac000000-7f08ac021000 rw-p 00000000 00:00 0 
7f08ac021000-7f08b0000000 ---p 00000000 00:00 0 
7f08b0cee000-7f08b0d2e000 rw-p 00000000 00:00 0 
7f08b0d2e000-7f08b0eee000 ---p 00000000 00:00 0 
7f08b0eee000-7f08b0ef1000 ---p 00000000 00:00 0 
7f08b0ef1000-7f08b11ef000 rw-p 00000000 00:00 0 
7f08b11ef000-7f08b13ef000 rw-p 00000000 00:00 0 
7f08b13ef000-7f08b15ef000 rw-p 00000000 00:00 0 
7f08b15ef000-7f08b15f2000 ---p 00000000 00:00 0 
7f08b15f2000-7f08b16f0000 rw-p 00000000 00:00 0 
7f08b16f0000-7f08b170c000 r--s 00393000 08:08 7210003                    /usr/lib/jvm/java-8-openjdk/jre/lib/ext/cldrdata.jar
7f08b170c000-7f08b1716000 r--s 00116000 08:08 7210005                    /usr/lib/jvm/java-8-openjdk/jre/lib/ext/localedata.jar
7f08b1716000-7f08b1719000 ---p 00000000 00:00 0 
7f08b1719000-7f08b1817000 rw-p 00000000 00:00 0 
7f08b1817000-7f08b181a000 ---p 00000000 00:00 0 
7f08b181a000-7f08b1918000 rw-p 00000000 00:00 0 
7f08b1918000-7f08b191b000 ---p 00000000 00:00 0 
7f08b191b000-7f08b1c19000 rw-p 00000000 00:00 0 
7f08b1c19000-7f08b1c1a000 ---p 00000000 00:00 0 
7f08b1c1a000-7f08b1d1a000 rw-p 00000000 00:00 0 
7f08b1d1a000-7f08b1d1d000 ---p 00000000 00:00 0 
7f08b1d1d000-7f08b1e1b000 rw-p 00000000 00:00 0 
7f08b1e1b000-7f08b1e1e000 ---p 00000000 00:00 0 
7f08b1e1e000-7f08b1f1c000 rw-p 00000000 00:00 0 
7f08b1f1c000-7f08b1f1f000 ---p 00000000 00:00 0 
7f08b1f1f000-7f08b201d000 rw-p 00000000 00:00 0 
7f08b201d000-7f08b2022000 r--s 0009d000 08:08 6819701                    /usr/lib/jvm/java-8-openjdk/jre/lib/jsse.jar
7f08b2022000-7f08b2033000 r-xp 00000000 08:08 6950788                    /usr/lib/jvm/java-8-openjdk/jre/lib/amd64/libnio.so
7f08b2033000-7f08b2233000 ---p 00011000 08:08 6950788                    /usr/lib/jvm/java-8-openjdk/jre/lib/amd64/libnio.so
7f08b2233000-7f08b2234000 r--p 00011000 08:08 6950788                    /usr/lib/jvm/java-8-openjdk/jre/lib/amd64/libnio.so
7f08b2234000-7f08b2235000 rw-p 00012000 08:08 6950788                    /usr/lib/jvm/java-8-openjdk/jre/lib/amd64/libnio.so
7f08b2235000-7f08b223d000 r-xp 00000000 08:08 6950781                    /usr/lib/jvm/java-8-openjdk/jre/lib/amd64/libmanagement.so
7f08b223d000-7f08b243d000 ---p 00008000 08:08 6950781                    /usr/lib/jvm/java-8-openjdk/jre/lib/amd64/libmanagement.so
7f08b243d000-7f08b243e000 r--p 00008000 08:08 6950781                    /usr/lib/jvm/java-8-openjdk/jre/lib/amd64/libmanagement.so
7f08b243e000-7f08b243f000 rw-p 00009000 08:08 6950781                    /usr/lib/jvm/java-8-openjdk/jre/lib/amd64/libmanagement.so
7f08b243f000-7f08b2442000 ---p 00000000 00:00 0 
7f08b2442000-7f08b2540000 rw-p 00000000 00:00 0 
7f08b2540000-7f08b2541000 ---p 00000000 00:00 0 
7f08b2541000-7f08b2544000 ---p 00000000 00:00 0 
7f08b2544000-7f08b2641000 rw-p 00000000 00:00 0 
7f08b2641000-7f08b2642000 ---p 00000000 00:00 0 
7f08b2642000-7f08b2645000 ---p 00000000 00:00 0 
7f08b2645000-7f08b2742000 rw-p 00000000 00:00 0 
7f08b2742000-7f08b2758000 r-xp 00000000 08:08 6950784                    /usr/lib/jvm/java-8-openjdk/jre/lib/amd64/libnet.so
7f08b2758000-7f08b2958000 ---p 00016000 08:08 6950784                    /usr/lib/jvm/java-8-openjdk/jre/lib/amd64/libnet.so
7f08b2958000-7f08b2959000 r--p 00016000 08:08 6950784                    /usr/lib/jvm/java-8-openjdk/jre/lib/amd64/libnet.so
7f08b2959000-7f08b295a000 rw-p 00017000 08:08 6950784                    /usr/lib/jvm/java-8-openjdk/jre/lib/amd64/libnet.so
7f08b295a000-7f08b295b000 ---p 00000000 00:00 0 
7f08b295b000-7f08b295e000 ---p 00000000 00:00 0 
7f08b295e000-7f08b2a5b000 rw-p 00000000 00:00 0 
7f08b2a5b000-7f08b2a5e000 ---p 00000000 00:00 0 
7f08b2a5e000-7f08b2b5c000 rw-p 00000000 00:00 0 
7f08b2b5c000-7f08b2b5e000 r--s 0001a000 08:08 4332317                    /opt/intellij-idea-ultimate-edition/lib/idea_rt.jar
7f08b2b5e000-7f08b2b9a000 r--s 00290000 08:08 4726851                    /home/cheeky/.gradle/caches/modules-2/files-2.1/net.bytebuddy/byte-buddy/1.7.11/f02857a4e2c66ccbe7aaad6100a0a6c461bce9b3/byte-buddy-1.7.11.jar
7f08b2b9a000-7f08b2ba0000 r--s 00039000 08:08 7605416                    /home/cheeky/.gradle/caches/modules-2/files-2.1/org.apache.logging.log4j/log4j-api/2.10.0/fec5797a55b786184a537abd39c3fa1449d752d6/log4j-api-2.10.0.jar
7f08b2ba0000-7f08b2bab000 r--s 00069000 08:08 7603558                    /home/cheeky/.gradle/caches/modules-2/files-2.1/ch.qos.logback/logback-core/1.2.3/864344400c3d4d92dfeb0a305dc87d953677c03c/logback-core-1.2.3.jar
7f08b2bab000-7f08b2bad000 r--s 00016000 08:08 4989148                    /home/cheeky/.gradle/caches/modules-2/files-2.1/org.ow2.asm/asm/6.0/bc6fa6b19424bb9592fe43bbc20178f92d403105/asm-6.0.jar
7f08b2bad000-7f08b2baf000 r--s 0000a000 08:08 7229824                    /home/cheeky/.gradle/caches/modules-2/files-2.1/org.ow2.asm/asm-tree/6.0/a624f1a6e4e428dcd680a01bab2d4c56b35b18f0/asm-tree-6.0.jar
7f08b2baf000-7f08b2bb0000 r--s 00012000 08:08 4856983                    /home/cheeky/.gradle/caches/modules-2/files-2.1/org.ow2.asm/asm-commons/6.0/f256fd215d8dd5a4fa2ab3201bf653de266ed4ec/asm-commons-6.0.jar
7f08b2bb0000-7f08b2bb3000 r--s 00015000 08:08 3408172                    /home/cheeky/.gradle/caches/modules-2/files-2.1/javax.servlet/javax.servlet-api/3.1.0/3cd63d075497751784b2fa84be59432f4905bf7c/javax.servlet-api-3.1.0.jar
7f08b2bb3000-7f08b2bb6000 r--s 00008000 08:08 4069568                    /home/cheeky/.gradle/caches/modules-2/files-2.1/org.eclipse.jetty.websocket/websocket-api/9.4.9.v20180320/8be09aafe135e370bbc33a8ec01b443ac9aa9a47/websocket-api-9.4.9.v20180320.jar
7f08b2bb6000-7f08b2bba000 r--s 0004b000 08:08 7619563                    /home/cheeky/.gradle/caches/modules-2/files-2.1/com.fasterxml.jackson.core/jackson-core/2.9.5/a22ac51016944b06fd9ffbc9541c6e7ce5eea117/jackson-core-2.9.5.jar
7f08b2bba000-7f08b2bbd000 r--s 0000e000 08:08 7603553                    /home/cheeky/.gradle/caches/modules-2/files-2.1/com.fasterxml.jackson.core/jackson-annotations/2.9.0/7c10d545325e3a6e72e06381afe469fd40eb701/jackson-annotations-2.9.0.jar
7f08b2bbd000-7f08b2bbf000 r--s 00004000 08:08 5384238                    /home/cheeky/.gradle/caches/modules-2/files-2.1/org.springframework/spring-jcl/5.0.5.RELEASE/f4a2854b9d865e8b86717595aec16f877f8c6489/spring-jcl-5.0.5.RELEASE.jar
7f08b2bbf000-7f08b2bc4000 r--s 00048000 08:08 3408168                    /home/cheeky/.gradle/caches/modules-2/files-2.1/dom4j/dom4j/1.6.1/5d3ccc056b6f056dbf0dddfdf43894b9065a8f94/dom4j-1.6.1.jar
7f08b2bc4000-7f08b2bc7000 r--s 0002b000 08:08 7603348                    /home/cheeky/.gradle/caches/modules-2/files-2.1/org.jboss/jandex/2.0.3.Final/bfc4d6257dbff7a33a357f0de116be6ff951d849/jandex-2.0.3.Final.jar
7f08b2bc7000-7f08b2bcc000 r--s 00068000 08:08 3408164                    /home/cheeky/.gradle/caches/modules-2/files-2.1/antlr/antlr/2.7.7/83cd2cd674a217ade95a4bb83a8a14f351f48bd0/antlr-2.7.7.jar
7f08b2bcc000-7f08b2bd6000 r--s 000ab000 08:08 7619547                    /home/cheeky/.gradle/caches/modules-2/files-2.1/org.javassist/javassist/3.22.0-GA/3e83394258ae2089be7219b971ec21a8288528ad/javassist-3.22.0-GA.jar
7f08b2bd6000-7f08b2bdb000 r--s 00017000 08:08 3408160                    /home/cheeky/.gradle/caches/modules-2/files-2.1/org.hibernate.javax.persistence/hibernate-jpa-2.1-api/1.0.0.Final/5e731d961297e5a07290bfaf3db1fbc8bbbf405a/hibernate-jpa-2.1-api-1.0.0.Final.jar
7f08b2bdb000-7f08b2bf4000 r--s 001bf000 08:08 4725865                    /home/cheeky/.gradle/caches/modules-2/files-2.1/org.aspectj/aspectjweaver/1.8.13/ad94df2a28d658a40dc27bbaff6a1ce5fbf04e9b/aspectjweaver-1.8.13.jar
7f08b2bf4000-7f08b2bf6000 r--s 00007000 08:08 3408154                    /home/cheeky/.gradle/caches/modules-2/files-2.1/javax.websocket/javax.websocket-api/1.0/fc843b649d4a1dcb0497669d262befa3918c7ba8/javax.websocket-api-1.0.jar
7f08b2bf6000-7f08b2bf8000 r--s 00004000 08:08 4069566                    /home/cheeky/.gradle/caches/modules-2/files-2.1/org.eclipse.jetty.websocket/websocket-servlet/9.4.9.v20180320/1e443fa4b3ac4c8cee483164479ff3d01b5fcf21/websocket-servlet-9.4.9.v20180320.jar
7f08b2bf8000-7f08b2c00000 r--s 00071000 08:08 4069570                    /home/cheeky/.gradle/caches/modules-2/files-2.1/org.eclipse.jetty/jetty-util/9.4.9.v20180320/8a602b93581f6af54839728f51d51ab830bdd44d/jetty-util-9.4.9.v20180320.jar
7f08b2c00000-7f08b2c01000 r--s 0000c000 08:08 4069560                    /home/cheeky/.gradle/caches/modules-2/files-2.1/org.eclipse.jetty/jetty-xml/9.4.9.v20180320/247894128d4d3ba41774be941fb801e20e668be7/jetty-xml-9.4.9.v20180320.jar
7f08b2c01000-7f08b2c04000 r--s 0001e000 08:08 4069562                    /home/cheeky/.gradle/caches/modules-2/files-2.1/org.eclipse.jetty/jetty-io/9.4.9.v20180320/938d67c72405285d2a7a6efb10d870a1b16fa2e0/jetty-io-9.4.9.v20180320.jar
7f08b2c04000-7f08b2c08000 r--s 0002c000 08:08 4069558                    /home/cheeky/.gradle/caches/modules-2/files-2.1/org.eclipse.jetty.websocket/websocket-common/9.4.9.v20180320/ca1f96a14ae58d951d1d93c1c5a3416b4b501578/websocket-common-9.4.9.v20180320.jar
7f08b2c08000-7f08b2c0b000 r--s 00027000 08:08 4069556                    /home/cheeky/.gradle/caches/modules-2/files-2.1/org.eclipse.jetty/jetty-http/9.4.9.v20180320/64d93698196ea7a66b33c754a0eac2a97d5af4b6/jetty-http-9.4.9.v20180320.jar
7f08b2c0b000-7f08b2c13000 r--s 00087000 08:08 4069564                    /home/cheeky/.gradle/caches/modules-2/files-2.1/org.eclipse.jetty/jetty-server/9.4.9.v20180320/8847f7278e8ace7a1f5847e71563c8a10546582/jetty-server-9.4.9.v20180320.jar
7f08b2c13000-7f08b2c15000 r--s 00015000 08:08 4069550                    /home/cheeky/.gradle/caches/modules-2/files-2.1/org.eclipse.jetty/jetty-security/9.4.9.v20180320/dadd28ef757d9b8cdd1d7eef7fcbfa0b482c4648/jetty-security-9.4.9.v20180320.jar
7f08b2c15000-7f08b2c17000 r--s 00019000 08:08 4069552                    /home/cheeky/.gradle/caches/modules-2/files-2.1/org.eclipse.jetty/jetty-servlet/9.4.9.v20180320/d4453b746bc581af6ec5bce09228dc802bec1040/jetty-servlet-9.4.9.v20180320.jar
7f08b2c17000-7f08b2c1d000 r--s 0003f000 08:08 4332752                    /home/cheeky/.gradle/caches/modules-2/files-2.1/org.eclipse.jetty/jetty-client/9.4.9.v20180320/c6ed57d55c5d55927c6e11fc47972a4eeacba6f4/jetty-client-9.4.9.v20180320.jar
7f08b2c1d000-7f08b2c1f000 r--s 00007000 08:08 4069548                    /home/cheeky/.gradle/caches/modules-2/files-2.1/org.eclipse.jetty.websocket/websocket-client/9.4.9.v20180320/7bd061a1e4f061a02c9fa1441ff93aca213b303c/websocket-client-9.4.9.v20180320.jar
7f08b2c1f000-7f08b2c24000 r--s 00023000 08:08 4069554                    /home/cheeky/.gradle/caches/modules-2/files-2.1/org.eclipse.jetty.websocket/javax-websocket-client-impl/9.4.9.v20180320/c7023867be962419496b41ba736c0cf793c63133/javax-websocket-client-impl-9.4.9.v20180320.jar
7f08b2c24000-7f08b2c26000 r--s 00003000 08:08 4069546                    /home/cheeky/.gradle/caches/modules-2/files-2.1/org.eclipse.jetty/jetty-continuation/9.4.9.v20180320/590a07c7daf76c755e2daefb1aa0a91b41b26d87/jetty-continuation-9.4.9.v20180320.jar
7f08b2c26000-7f08b2c28000 r--s 0000f000 08:08 7229800                    /home/cheeky/.gradle/caches/modules-2/files-2.1/org.jboss.logging/jboss-logging/3.3.2.Final/3789d00e859632e6c6206adc0c71625559e6e3b0/jboss-logging-3.3.2.Final.jar
7f08b2c28000-7f08b2c2b000 r--s 00010000 08:08 3408122                    /home/cheeky/.gradle/caches/modules-2/files-2.1/org.hibernate.common/hibernate-commons-annotations/5.0.1.Final/71e1cff3fcb20d3b3af4f3363c3ddb24d33c6879/hibernate-commons-annotations-5.0.1.Final.jar
7f08b2c2b000-7f08b2c30000 r--s 00012000 08:08 5384222                    /home/cheeky/.gradle/caches/modules-2/files-2.1/javax.validation/validation-api/2.0.1.Final/cb855558e6271b1b32e716d24cb85c7f583ce09e/validation-api-2.0.1.Final.jar
7f08b2c30000-7f08b2c43000 r--s 00135000 08:08 7619559                    /home/cheeky/.gradle/caches/modules-2/files-2.1/com.fasterxml.jackson.core/jackson-databind/2.9.5/3490508379d065fe3fcb80042b62f630f7588606/jackson-databind-2.9.5.jar
7f08b2c43000-7f08b2c45000 r--s 00001000 08:08 7619551                    /home/cheeky/.gradle/caches/modules-2/files-2.1/com.fasterxml.jackson.module/jackson-module-parameter-names/2.9.5/f824c60751ffb7bfc3a0d30dfe0e42317d8e67f5/jackson-module-parameter-names-2.9.5.jar
7f08b2c45000-7f08b2c48000 r--s 00016000 08:08 7619553                    /home/cheeky/.gradle/caches/modules-2/files-2.1/com.fasterxml.jackson.datatype/jackson-datatype-jsr310/2.9.5/d1f0d11e816bc04e222a261106ca138801841c2d/jackson-datatype-jsr310-2.9.5.jar
7f08b2c48000-7f08b2c4a000 r--s 00007000 08:08 7619549                    /home/cheeky/.gradle/caches/modules-2/files-2.1/com.fasterxml.jackson.datatype/jackson-datatype-jdk8/2.9.5/23e37f085279ba316c0df923513b81609e1d1f6/jackson-datatype-jdk8-2.9.5.jar
7f08b2c4a000-7f08b2c4c000 r--s 00004000 08:08 7999152                    /home/cheeky/.gradle/caches/modules-2/files-2.1/org.mapstruct/mapstruct/1.2.0.Final/8609d6eb044e9f6c73cb24c8f2f4ed5c72a249c7/mapstruct-1.2.0.Final.jar
7f08b2c4c000-7f08b2c4e000 r--s 00009000 08:08 3675096                    /home/cheeky/.gradle/caches/modules-2/files-2.1/org.slf4j/slf4j-api/1.7.25/da76ca59f6a57ee3102f8f9bd9cee742973efa8a/slf4j-api-1.7.25.jar
7f08b2c4e000-7f08b2c50000 r--s 00000000 08:08 3675104                    /home/cheeky/.gradle/caches/modules-2/files-2.1/org.slf4j/jul-to-slf4j/1.7.25/af5364cd6679bfffb114f0dec8a157aaa283b76/jul-to-slf4j-1.7.25.jar
7f08b2c50000-7f08b2c52000 r--s 00003000 08:08 7603376                    /home/cheeky/.gradle/caches/modules-2/files-2.1/org.apache.logging.log4j/log4j-to-slf4j/2.10.0/f7e631ccf49cfc0aefa4a2a728da7d374c05bd3c/log4j-to-slf4j-2.10.0.jar
7f08b2c52000-7f08b2c58000 r--s 00041000 08:08 7603374                    /home/cheeky/.gradle/caches/modules-2/files-2.1/ch.qos.logback/logback-classic/1.2.3/7c4f3c474fb2c041d8028740440937705ebb473a/logback-classic-1.2.3.jar
7f08b2c58000-7f08b2c5b000 r--s 00020000 08:08 7619545                    /home/cheeky/.gradle/caches/modules-2/files-2.1/com.zaxxer/HikariCP/2.7.8/4a3a604fa2efa89621aa498d04e000b2bed90c39/HikariCP-2.7.8.jar
7f08b2c5b000-7f08b2c5d000 r--s 0000e000 08:08 3675110                    /home/cheeky/.gradle/caches/modules-2/files-2.1/com.fasterxml/classmate/1.3.4/3d5f48f10bbe4eb7bd862f10c0583be2e0053c6/classmate-1.3.4.jar
7f08b2c5d000-7f08b2c8c000 r--s 00226000 08:08 4855433                    /home/cheeky/.gradle/caches/modules-2/files-2.1/com.google.guava/guava/20.0/89507701249388e1ed5ddcf8c41f4ce1be7831ef/guava-20.0.jar
7f08b2c8c000-7f08b2c8f000 r--s 0001d000 08:08 4855431                    /home/cheeky/.gradle/caches/modules-2/files-2.1/org.reflections/reflections/0.9.11/4c686033d918ec1727e329b7222fcb020152e32b/reflections-0.9.11.jar
7f08b2c8f000-7f08b2c91000 r--s 00004000 08:08 7999150                    /home/cheeky/.gradle/caches/modules-2/files-2.1/io.swagger/swagger-annotations/1.5.14/989c19cd0a90768885532318ca5fd7ea16290cc8/swagger-annotations-1.5.14.jar
7f08b2c91000-7f08b2c95000 r--s 00020000 08:08 7999148                    /home/cheeky/.gradle/caches/modules-2/files-2.1/io.swagger/swagger-models/1.5.14/581d784b65e82cee5bf3e91d193d3f9c0c702453/swagger-models-1.5.14.jar
7f08b2c95000-7f08b2c9c000 r--s 00042000 08:08 7603322                    /home/cheeky/.gradle/caches/modules-2/files-2.1/org.yaml/snakeyaml/1.19/2d998d3d674b172a588e54ab619854d073f555b5/snakeyaml-1.19.jar
7f08b2c9c000-7f08b2cb4000 r--s 00114000 08:08 5384244                    /home/cheeky/.gradle/caches/modules-2/files-2.1/org.springframework/spring-core/5.0.5.RELEASE/1bd9feb1d9dac6accd27f5244b6c47cfcb55045c/spring-core-5.0.5.RELEASE.jar
7f08b2cb4000-7f08b2cb9000 r--s 0003f000 08:08 7619543                    /home/cheeky/.gradle/caches/modules-2/files-2.1/org.springframework/spring-expression/5.0.5.RELEASE/fc6c7a95aeb7d00f4c65c338b08d97767eb0dd99/spring-expression-5.0.5.RELEASE.jar
7f08b2cb9000-7f08b2cc6000 r--s 00095000 08:08 7619541                    /home/cheeky/.gradle/caches/modules-2/files-2.1/org.springframework/spring-beans/5.0.5.RELEASE/984445863c0bbdaaf860615762d998b471a6bf92/spring-beans-5.0.5.RELEASE.jar
7f08b2cc6000-7f08b2cce000 r--s 00037000 08:08 7357862                    /home/cheeky/.gradle/caches/modules-2/files-2.1/org.springframework/spring-tx/5.0.5.RELEASE/b772fbba533da282adc89f33e2619ee8a8bba601/spring-tx-5.0.5.RELEASE.jar
7f08b2cce000-7f08b2ce5000 r--s 000f0000 08:08 7619537                    /home/cheeky/.gradle/caches/modules-2/files-2.1/org.springframework.data/spring-data-commons/2.0.6.RELEASE/4d65fdcbe258961e866f4f85c87c13193bbfd18c/spring-data-commons-2.0.6.RELEASE.jar
7f08b2ce5000-7f08b2cee000 r--s 00059000 08:08 7229860                    /home/cheeky/.gradle/caches/modules-2/files-2.1/org.springframework/spring-jdbc/5.0.5.RELEASE/456bc4d2281c37aa2f2206651a3048a1d3559d2a/spring-jdbc-5.0.5.RELEASE.jar
7f08b2cee000-7f08b2cf2000 r--s 0002b000 08:08 7229858                    /home/cheeky/.gradle/caches/modules-2/files-2.1/org.springframework/spring-orm/5.0.5.RELEASE/6734f5ef4c2ebf1d00021fd4b314138f10792174/spring-orm-5.0.5.RELEASE.jar
7f08b2cf2000-7f08b2cfb000 r--s 00051000 08:08 5250876                    /home/cheeky/.gradle/caches/modules-2/files-2.1/org.springframework/spring-aop/5.0.5.RELEASE/b11b61b94d7fb752a1c9bf3461d655c3084fae47/spring-aop-5.0.5.RELEASE.jar
7f08b2cfb000-7f08b2d15000 r--s 000f1000 08:08 7619539                    /home/cheeky/.gradle/caches/modules-2/files-2.1/org.springframework/spring-context/5.0.5.RELEASE/9cca4bf5acb693249a01c218f471c677b951d6e2/spring-context-5.0.5.RELEASE.jar
7f08b2d15000-7f08b2d19000 r--s 00018000 08:08 7999146                    /home/cheeky/.gradle/caches/modules-2/files-2.1/io.springfox/springfox-core/2.8.0/5f0fbaa34cc01dfca7089000c4943629d7e1c9dc/springfox-core-2.8.0.jar
7f08b2d19000-7f08b2d1c000 r--s 0000a000 08:08 7999144                    /home/cheeky/.gradle/caches/modules-2/files-2.1/io.springfox/springfox-spi/2.8.0/efe49b45357dd9f6c27799a5f7f5ba1ce6bdc05f/springfox-spi-2.8.0.jar
7f08b2d1c000-7f08b2d1f000 r--s 00011000 08:08 7999142                    /home/cheeky/.gradle/caches/modules-2/files-2.1/io.springfox/springfox-schema/2.8.0/70ed8275e2277bffe269c8dbd688f54464bf1222/springfox-schema-2.8.0.jar
7f08b2d1f000-7f08b2d24000 r--s 00027000 08:08 7999140                    /home/cheeky/.gradle/caches/modules-2/files-2.1/io.springfox/springfox-spring-web/2.8.0/cb2ce464b07919158dde1ad40f72cca9c364559b/springfox-spring-web-2.8.0.jar
7f08b2d24000-7f08b2d27000 r--s 00015000 08:08 7999138                    /home/cheeky/.gradle/caches/modules-2/files-2.1/io.springfox/springfox-swagger-common/2.8.0/e0fc6a0096eb8d40fac7cc8206ddbb2fe73051d2/springfox-swagger-common-2.8.0.jar
7f08b2d27000-7f08b2da4000 r--s 005ee000 08:08 7103434                    /home/cheeky/.gradle/caches/modules-2/files-2.1/org.hibernate/hibernate-core/5.2.16.Final/c169565556721e21e9bdc193a3e8e25160a45468/hibernate-core-5.2.16.Final.jar
7f08b2da4000-7f08b2e3a000 r--s 008dd000 08:08 7209985                    /usr/lib/jvm/java-8-openjdk/jre/lib/ext/jfxrt.jar
7f08b2e3a000-7f08b2e3d000 ---p 00000000 00:00 0 
7f08b2e3d000-7f08b2f3b000 rw-p 00000000 00:00 0 
7f08b2f3b000-7f08b30f1000 r--p 00000000 08:08 5561427                    /usr/lib/locale/locale-archive
7f08b30f1000-7f08b30f4000 ---p 00000000 00:00 0 
7f08b30f4000-7f08b31f2000 rw-p 00000000 00:00 0 
7f08b31f2000-7f08b31f5000 ---p 00000000 00:00 0 
7f08b31f5000-7f08b32f3000 rw-p 00000000 00:00 0 
7f08b32f3000-7f08b32f4000 ---p 00000000 00:00 0 
7f08b32f4000-7f08b4000000 rw-p 00000000 00:00 0 
7f08b4000000-7f08b4021000 rw-p 00000000 00:00 0 
7f08b4021000-7f08b8000000 ---p 00000000 00:00 0 
7f08b8000000-7f08b8021000 rw-p 00000000 00:00 0 
7f08b8021000-7f08bc000000 ---p 00000000 00:00 0 
7f08bc000000-7f08bc001000 r--s 00004000 08:08 3408068                    /home/cheeky/.gradle/caches/modules-2/files-2.1/org.springframework.plugin/spring-plugin-core/1.2.0.RELEASE/f380e7760032e7d929184f8ad8a33716b75c0657/spring-plugin-core-1.2.0.RELEASE.jar
7f08bc001000-7f08bc016000 r--s 000ce000 08:08 7103436                    /home/cheeky/.gradle/caches/modules-2/files-2.1/org.springframework.boot/spring-boot/2.0.1.RELEASE/b8c5b14cbb0e52fdded8f98a8c1493cc74c7cf59/spring-boot-2.0.1.RELEASE.jar
7f08bc016000-7f08bc036000 r--s 000fa000 08:08 6973564                    /home/cheeky/.gradle/caches/modules-2/files-2.1/org.springframework.boot/spring-boot-autoconfigure/2.0.1.RELEASE/b0bf9d34ed70c6987a86cd58a009065e5fa02545/spring-boot-autoconfigure-2.0.1.RELEASE.jar
7f08bc036000-7f08bc03e000 r--s 0004a000 08:08 4857004                    /home/cheeky/.gradle/caches/modules-2/files-2.1/org.springframework.data/spring-data-jpa/2.0.6.RELEASE/2c683dfbd06551bfd6cc7e05f9d13f5c54c79ba/spring-data-jpa-2.0.6.RELEASE.jar
7f08bc03e000-7f08c0000000 rw-p 00000000 00:00 0 
7f08c0000000-7f08c0021000 rw-p 00000000 00:00 0 
7f08c0021000-7f08c4000000 ---p 00000000 00:00 0 
7f08c4000000-7f08c4002000 r--s 00000000 08:08 3408066                    /home/cheeky/.gradle/caches/modules-2/files-2.1/org.springframework.plugin/spring-plugin-metadata/1.2.0.RELEASE/97223fc496b6cab31602eedbd4202aa4fff0d44f/spring-plugin-metadata-1.2.0.RELEASE.jar
7f08c4002000-7f08c4004000 r--s 00005000 08:08 6564753                    /home/cheeky/.gradle/caches/modules-2/files-2.1/javax.annotation/javax.annotation-api/1.3.2/934c04d3cfef185a8008e7bf34331b79730a9d43/javax.annotation-api-1.3.2.jar
7f08c4004000-7f08c4006000 r--s 0000a000 08:08 6564723                    /home/cheeky/.gradle/caches/modules-2/files-2.1/org.springframework/spring-aspects/5.0.5.RELEASE/34994566374425cfdf82634720b010ed20be512d/spring-aspects-5.0.5.RELEASE.jar
7f08c4006000-7f08c4008000 r--s 00006000 08:08 3408082                    /home/cheeky/.gradle/caches/modules-2/files-2.1/javax.transaction/javax.transaction-api/1.2/d81aff979d603edd90dcd8db2abc1f4ce6479e3e/javax.transaction-api-1.2.jar
7f08c4008000-7f08c400d000 r--s 00037000 08:08 7229786                    /home/cheeky/.gradle/caches/modules-2/files-2.1/org.mortbay.jasper/apache-el/8.5.24.2/cd26aaf6c7ee59af58f0e8c12bfda318bf474c49/apache-el-8.5.24.2.jar
7f08c400d000-7f08c4027000 r--s 00119000 08:08 6715661                    /home/cheeky/.gradle/caches/modules-2/files-2.1/org.springframework/spring-web/5.0.5.RELEASE/d51dbb5cabe72ae02e400577bac48f7fc94088de/spring-web-5.0.5.RELEASE.jar
7f08c4027000-7f08c4036000 r--s 000b2000 08:08 6829101                    /home/cheeky/.gradle/caches/modules-2/files-2.1/org.springframework/spring-webmvc/5.0.5.RELEASE/a7fd53c7ad06b0fa7dd4ff347de1b2dc508739e/spring-webmvc-5.0.5.RELEASE.jar
7f08c4036000-7f08c4053000 r--s 000f8000 08:08 6829099                    /home/cheeky/.gradle/caches/modules-2/files-2.1/org.hibernate.validator/hibernate-validator/6.0.9.Final/b149e4cce82379f11f6129eb3187ca8ae5404005/hibernate-validator-6.0.9.Final.jar
7f08c4053000-7f08c4154000 rw-p 00000000 00:00 0 
7f08c4154000-7f08c4323000 r--s 03c2b000 08:08 6828770                    /usr/lib/jvm/java-8-openjdk/jre/lib/rt.jar
7f08c4323000-7f08c4eff000 rw-p 00000000 00:00 0 
7f08c4eff000-7f08c4f00000 ---p 00000000 00:00 0 
7f08c4f00000-7f08c5000000 rw-p 00000000 00:00 0 
7f08c5000000-7f08c52e0000 rwxp 00000000 00:00 0 
7f08c52e0000-7f08d4000000 ---p 00000000 00:00 0 
7f08d4000000-7f08d4949000 rw-p 00000000 00:00 0 
7f08d4949000-7f08d8000000 ---p 00000000 00:00 0 
7f08d8000000-7f08d8002000 r--s 00007000 08:08 4069540                    /home/cheeky/.gradle/caches/modules-2/files-2.1/org.eclipse.jetty.websocket/websocket-server/9.4.9.v20180320/c278d6649a5c754f5ae5182f4ee680309c3880d3/websocket-server-9.4.9.v20180320.jar
7f08d8002000-7f08d8005000 r--s 0001d000 08:08 4069544                    /home/cheeky/.gradle/caches/modules-2/files-2.1/org.eclipse.jetty/jetty-webapp/9.4.9.v20180320/e10113bbae52fa213ede3cafb9235ba1b1884bed/jetty-webapp-9.4.9.v20180320.jar
7f08d8005000-7f08d8007000 r--s 0000c000 08:08 4069572                    /home/cheeky/.gradle/caches/modules-2/files-2.1/org.eclipse.jetty/jetty-plus/9.4.9.v20180320/e2f7e249dd5c625154126e6e04c96e6cdc77f1ed/jetty-plus-9.4.9.v20180320.jar
7f08d8007000-7f08d8036000 r--s 002e7000 08:08 6564725                    /home/cheeky/.gradle/caches/modules-2/files-2.1/org.apache.derby/derby/10.14.1.0/3bcd8b1af3f8cd022d54d331e00064776be04f9c/derby-10.14.1.0.jar
7f08d8036000-7f08d8049000 r--s 00346000 08:08 6819707                    /usr/lib/jvm/java-8-openjdk/jre/lib/resources.jar
7f08d8049000-7f08d80bf000 rw-p 00000000 00:00 0 
7f08d80bf000-7f08d80c0000 ---p 00000000 00:00 0 
7f08d80c0000-7f08d81c0000 rw-p 00000000 00:00 0 
7f08d81c0000-7f08d81c1000 ---p 00000000 00:00 0 
7f08d81c1000-7f08d82c1000 rw-p 00000000 00:00 0 
7f08d82c1000-7f08d82c2000 ---p 00000000 00:00 0 
7f08d82c2000-7f08d83ec000 rw-p 00000000 00:00 0 
7f08d83ec000-7f08d8655000 ---p 00000000 00:00 0 
7f08d8655000-7f08d867f000 rw-p 00000000 00:00 0 
7f08d867f000-7f08d88e7000 ---p 00000000 00:00 0 
7f08d88e7000-7f08d890c000 rw-p 00000000 00:00 0 
7f08d890c000-7f08d8a31000 ---p 00000000 00:00 0 
7f08d8a31000-7f08d8a3e000 rw-p 00000000 00:00 0 
7f08d8a3e000-7f08d8df2000 ---p 00000000 00:00 0 
7f08d8df2000-7f08d8dfa000 r-xp 00000000 08:08 6973060                    /usr/lib/jvm/java-8-openjdk/jre/lib/amd64/libzip.so
7f08d8dfa000-7f08d8ff9000 ---p 00008000 08:08 6973060                    /usr/lib/jvm/java-8-openjdk/jre/lib/amd64/libzip.so
7f08d8ff9000-7f08d8ffa000 r--p 00007000 08:08 6973060                    /usr/lib/jvm/java-8-openjdk/jre/lib/amd64/libzip.so
7f08d8ffa000-7f08d8ffb000 rw-p 00008000 08:08 6973060                    /usr/lib/jvm/java-8-openjdk/jre/lib/amd64/libzip.so
7f08d8ffb000-7f08d9006000 r-xp 00000000 08:08 5507246                    /usr/lib/libnss_files-2.26.so
7f08d9006000-7f08d9205000 ---p 0000b000 08:08 5507246                    /usr/lib/libnss_files-2.26.so
7f08d9205000-7f08d9206000 r--p 0000a000 08:08 5507246                    /usr/lib/libnss_files-2.26.so
7f08d9206000-7f08d9207000 rw-p 0000b000 08:08 5507246                    /usr/lib/libnss_files-2.26.so
7f08d9207000-7f08d920d000 rw-p 00000000 00:00 0 
7f08d920d000-7f08d9217000 r-xp 00000000 08:08 6973058                    /usr/lib/jvm/java-8-openjdk/jre/lib/amd64/libinstrument.so
7f08d9217000-7f08d9416000 ---p 0000a000 08:08 6973058                    /usr/lib/jvm/java-8-openjdk/jre/lib/amd64/libinstrument.so
7f08d9416000-7f08d9417000 r--p 00009000 08:08 6973058                    /usr/lib/jvm/java-8-openjdk/jre/lib/amd64/libinstrument.so
7f08d9417000-7f08d9418000 rw-p 0000a000 08:08 6973058                    /usr/lib/jvm/java-8-openjdk/jre/lib/amd64/libinstrument.so
7f08d9418000-7f08d9446000 r-xp 00000000 08:08 6952160                    /usr/lib/jvm/java-8-openjdk/jre/lib/amd64/libjava.so
7f08d9446000-7f08d9645000 ---p 0002e000 08:08 6952160                    /usr/lib/jvm/java-8-openjdk/jre/lib/amd64/libjava.so
7f08d9645000-7f08d9646000 r--p 0002d000 08:08 6952160                    /usr/lib/jvm/java-8-openjdk/jre/lib/amd64/libjava.so
7f08d9646000-7f08d9648000 rw-p 0002e000 08:08 6952160                    /usr/lib/jvm/java-8-openjdk/jre/lib/amd64/libjava.so
7f08d9648000-7f08d9655000 r-xp 00000000 08:08 6950774                    /usr/lib/jvm/java-8-openjdk/jre/lib/amd64/libverify.so
7f08d9655000-7f08d9854000 ---p 0000d000 08:08 6950774                    /usr/lib/jvm/java-8-openjdk/jre/lib/amd64/libverify.so
7f08d9854000-7f08d9856000 r--p 0000c000 08:08 6950774                    /usr/lib/jvm/java-8-openjdk/jre/lib/amd64/libverify.so
7f08d9856000-7f08d9857000 rw-p 0000e000 08:08 6950774                    /usr/lib/jvm/java-8-openjdk/jre/lib/amd64/libverify.so
7f08d9857000-7f08d985e000 r-xp 00000000 08:08 5507232                    /usr/lib/librt-2.26.so
7f08d985e000-7f08d9a5d000 ---p 00007000 08:08 5507232                    /usr/lib/librt-2.26.so
7f08d9a5d000-7f08d9a5e000 r--p 00006000 08:08 5507232                    /usr/lib/librt-2.26.so
7f08d9a5e000-7f08d9a5f000 rw-p 00007000 08:08 5507232                    /usr/lib/librt-2.26.so
7f08d9a5f000-7f08d9baa000 r-xp 00000000 08:08 5507238                    /usr/lib/libm-2.26.so
7f08d9baa000-7f08d9da9000 ---p 0014b000 08:08 5507238                    /usr/lib/libm-2.26.so
7f08d9da9000-7f08d9daa000 r--p 0014a000 08:08 5507238                    /usr/lib/libm-2.26.so
7f08d9daa000-7f08d9dab000 rw-p 0014b000 08:08 5507238                    /usr/lib/libm-2.26.so
7f08d9dab000-7f08daa43000 r-xp 00000000 08:08 7209978                    /usr/lib/jvm/java-8-openjdk/jre/lib/amd64/server/libjvm.so
7f08daa43000-7f08dac42000 ---p 00c98000 08:08 7209978                    /usr/lib/jvm/java-8-openjdk/jre/lib/amd64/server/libjvm.so
7f08dac42000-7f08dacd6000 r--p 00c97000 08:08 7209978                    /usr/lib/jvm/java-8-openjdk/jre/lib/amd64/server/libjvm.so
7f08dacd6000-7f08dacfe000 rw-p 00d2b000 08:08 7209978                    /usr/lib/jvm/java-8-openjdk/jre/lib/amd64/server/libjvm.so
7f08dacfe000-7f08dad2f000 rw-p 00000000 00:00 0 
7f08dad2f000-7f08daedd000 r-xp 00000000 08:08 5507308                    /usr/lib/libc-2.26.so
7f08daedd000-7f08db0dc000 ---p 001ae000 08:08 5507308                    /usr/lib/libc-2.26.so
7f08db0dc000-7f08db0e0000 r--p 001ad000 08:08 5507308                    /usr/lib/libc-2.26.so
7f08db0e0000-7f08db0e2000 rw-p 001b1000 08:08 5507308                    /usr/lib/libc-2.26.so
7f08db0e2000-7f08db0e6000 rw-p 00000000 00:00 0 
7f08db0e6000-7f08db0e9000 r-xp 00000000 08:08 5507240                    /usr/lib/libdl-2.26.so
7f08db0e9000-7f08db2e8000 ---p 00003000 08:08 5507240                    /usr/lib/libdl-2.26.so
7f08db2e8000-7f08db2e9000 r--p 00002000 08:08 5507240                    /usr/lib/libdl-2.26.so
7f08db2e9000-7f08db2ea000 rw-p 00003000 08:08 5507240                    /usr/lib/libdl-2.26.so
7f08db2ea000-7f08db2f8000 r-xp 00000000 08:08 7209977                    /usr/lib/jvm/java-8-openjdk/jre/lib/amd64/jli/libjli.so
7f08db2f8000-7f08db4f7000 ---p 0000e000 08:08 7209977                    /usr/lib/jvm/java-8-openjdk/jre/lib/amd64/jli/libjli.so
7f08db4f7000-7f08db4f8000 r--p 0000d000 08:08 7209977                    /usr/lib/jvm/java-8-openjdk/jre/lib/amd64/jli/libjli.so
7f08db4f8000-7f08db4f9000 rw-p 0000e000 08:08 7209977                    /usr/lib/jvm/java-8-openjdk/jre/lib/amd64/jli/libjli.so
7f08db4f9000-7f08db50f000 r-xp 00000000 08:08 5515651                    /usr/lib/libz.so.1.2.11
7f08db50f000-7f08db70e000 ---p 00016000 08:08 5515651                    /usr/lib/libz.so.1.2.11
7f08db70e000-7f08db70f000 r--p 00015000 08:08 5515651                    /usr/lib/libz.so.1.2.11
7f08db70f000-7f08db710000 rw-p 00016000 08:08 5515651                    /usr/lib/libz.so.1.2.11
7f08db710000-7f08db729000 r-xp 00000000 08:08 5507328                    /usr/lib/libpthread-2.26.so
7f08db729000-7f08db928000 ---p 00019000 08:08 5507328                    /usr/lib/libpthread-2.26.so
7f08db928000-7f08db929000 r--p 00018000 08:08 5507328                    /usr/lib/libpthread-2.26.so
7f08db929000-7f08db92a000 rw-p 00019000 08:08 5507328                    /usr/lib/libpthread-2.26.so
7f08db92a000-7f08db92e000 rw-p 00000000 00:00 0 
7f08db92e000-7f08db953000 r-xp 00000000 08:08 5507309                    /usr/lib/ld-2.26.so
7f08db953000-7f08db954000 r--s 00000000 08:08 6973562                    /home/cheeky/.gradle/caches/modules-2/files-2.1/org.springframework.boot/spring-boot-starter-logging/2.0.1.RELEASE/10681a28c95e9f9c0159327a1ed0c860517c7ad7/spring-boot-starter-logging-2.0.1.RELEASE.jar
7f08db954000-7f08db957000 r--s 00011000 08:08 4069542                    /home/cheeky/.gradle/caches/modules-2/files-2.1/org.eclipse.jetty/jetty-annotations/9.4.9.v20180320/873f5343e6c63284b6d8b2e41db11ccb4c526bc9/jetty-annotations-9.4.9.v20180320.jar
7f08db957000-7f08db958000 r--s 00008000 08:08 4069538                    /home/cheeky/.gradle/caches/modules-2/files-2.1/org.eclipse.jetty.websocket/javax-websocket-server-impl/9.4.9.v20180320/c3c24b4c38a14a2d7789dd1f864b5c468cfe7e3e/javax-websocket-server-impl-9.4.9.v20180320.jar
7f08db958000-7f08db95a000 r--s 00015000 08:08 4069536                    /home/cheeky/.gradle/caches/modules-2/files-2.1/org.eclipse.jetty/jetty-servlets/9.4.9.v20180320/cb40696bb683655b7abb4ca72ad08708cd99ca7b/jetty-servlets-9.4.9.v20180320.jar
7f08db95a000-7f08db95b000 r--s 0041e000 08:08 7355673                    /home/cheeky/.gradle/caches/modules-2/files-2.1/io.springfox/springfox-swagger-ui/2.8.0/2b895560df9cd70a2e93119188981b004b4e2ad5/springfox-swagger-ui-2.8.0.jar
7f08db95b000-7f08db95d000 r--s 0000e000 08:08 7999136                    /home/cheeky/.gradle/caches/modules-2/files-2.1/io.springfox/springfox-swagger2/2.8.0/27fbca30912258ce0e31cd56361f732f6c27d5ff/springfox-swagger2-2.8.0.jar
7f08db95d000-7f08db95e000 r--s 00000000 08:08 4726847                    /home/cheeky/.gradle/caches/modules-2/files-2.1/org.springframework.boot/spring-boot-starter/2.0.1.RELEASE/33abc1286b0aabea4f08ff4285d09e587835a716/spring-boot-starter-2.0.1.RELEASE.jar
7f08db95e000-7f08db95f000 r--s 00000000 08:08 5911574                    /home/cheeky/.gradle/caches/modules-2/files-2.1/org.springframework.boot/spring-boot-starter-jdbc/2.0.1.RELEASE/a22a7ac74388118938bfcd894318cd0c5a7c380b/spring-boot-starter-jdbc-2.0.1.RELEASE.jar
7f08db95f000-7f08db960000 r--s 00000000 08:08 5911570                    /home/cheeky/.gradle/caches/modules-2/files-2.1/org.springframework.boot/spring-boot-starter-aop/2.0.1.RELEASE/c7f7b5b5e63edca2fb04899d13d8bad83377b4b3/spring-boot-starter-aop-2.0.1.RELEASE.jar
7f08db960000-7f08db961000 r--s 00000000 08:08 7619565                    /home/cheeky/.gradle/caches/modules-2/files-2.1/org.springframework.boot/spring-boot-starter-json/2.0.1.RELEASE/f2e1aeeb1ac02bfa1b4f7254633484af1866fc65/spring-boot-starter-json-2.0.1.RELEASE.jar
7f08db961000-7f08db962000 r--s 00000000 08:08 5384254                    /home/cheeky/.gradle/caches/modules-2/files-2.1/org.springframework.boot/spring-boot-starter-data-jpa/2.0.1.RELEASE/b7c701f60073e2d2b8a8f5502dcc39d4f65f45ff/spring-boot-starter-data-jpa-2.0.1.RELEASE.jar
7f08db962000-7f08db963000 r--s 00000000 08:08 4069534                    /home/cheeky/.gradle/caches/modules-2/files-2.1/org.springframework.boot/spring-boot-starter-jetty/2.0.1.RELEASE/b270ff3f1ca7e495f8297d78641a5f86f5b0cd48/spring-boot-starter-jetty-2.0.1.RELEASE.jar
7f08db963000-7f08db964000 r--s 00000000 08:08 5667223                    /home/cheeky/.gradle/caches/modules-2/files-2.1/org.springframework.boot/spring-boot-starter-web/2.0.1.RELEASE/88751ed76791d12425ce5a80476baf1749a44cf4/spring-boot-starter-web-2.0.1.RELEASE.jar
7f08db964000-7f08db965000 r--s 00000000 08:08 6819700                    /usr/lib/jvm/java-8-openjdk/jre/lib/management-agent.jar
7f08db965000-7f08db96a000 r--s 0009d000 08:08 6819701                    /usr/lib/jvm/java-8-openjdk/jre/lib/jsse.jar
7f08db96a000-7f08db96b000 r--s 00009000 08:08 6819685                    /usr/lib/jvm/java-8-openjdk/jre/lib/jfxswt.jar
7f08db96b000-7f08db96e000 r--s 00015000 08:08 6819704                    /usr/lib/jvm/java-8-openjdk/jre/lib/jce.jar
7f08db96e000-7f08dba17000 rw-p 00000000 00:00 0 
7f08dba17000-7f08dba18000 ---p 00000000 00:00 0 
7f08dba18000-7f08dba1b000 ---p 00000000 00:00 0 
7f08dba1b000-7f08dbb1c000 rw-p 00000000 00:00 0 
7f08dbb1c000-7f08dbb21000 r--s 002f9000 08:08 6819706                    /usr/lib/jvm/java-8-openjdk/jre/lib/charsets.jar
7f08dbb21000-7f08dbb48000 rw-p 00000000 00:00 0 
7f08dbb48000-7f08dbb50000 rw-s 00000000 00:2d 120692                     /tmp/hsperfdata_cheeky/3580
7f08dbb50000-7f08dbb51000 rw-p 00000000 00:00 0 
7f08dbb51000-7f08dbb52000 ---p 00000000 00:00 0 
7f08dbb52000-7f08dbb53000 r--p 00024000 08:08 5507309                    /usr/lib/ld-2.26.so
7f08dbb53000-7f08dbb54000 rw-p 00025000 08:08 5507309                    /usr/lib/ld-2.26.so
7f08dbb54000-7f08dbb55000 rw-p 00000000 00:00 0 
7ffc1c946000-7ffc1c96b000 rw-p 00000000 00:00 0                          [stack]
7ffc1c9cb000-7ffc1c9ce000 r--p 00000000 00:00 0                          [vvar]
7ffc1c9ce000-7ffc1c9d0000 r-xp 00000000 00:00 0                          [vdso]

VM Arguments:
jvm_args: -XX:TieredStopAtLevel=1 -Xverify:none -Dspring.output.ansi.enabled=always -Dcom.sun.management.jmxremote -Dcom.sun.management.jmxremote.port=42375 -Dcom.sun.management.jmxremote.authenticate=false -Dcom.sun.management.jmxremote.ssl=false -Djava.rmi.server.hostname=localhost -Dspring.liveBeansView.mbeanDomain -Dspring.application.admin.enabled=true -javaagent:/opt/intellij-idea-ultimate-edition/lib/idea_rt.jar=43745:/opt/intellij-idea-ultimate-edition/bin -Dfile.encoding=UTF-8 
java_command: com.kuligowski.maciej.platformy.lab4.allegretto.AllegrettoApplication
java_class_path (initial): /usr/lib/jvm/default-runtime/jre/lib/charsets.jar:/usr/lib/jvm/default-runtime/jre/lib/ext/cldrdata.jar:/usr/lib/jvm/default-runtime/jre/lib/ext/dnsns.jar:/usr/lib/jvm/default-runtime/jre/lib/ext/jaccess.jar:/usr/lib/jvm/default-runtime/jre/lib/ext/jfxrt.jar:/usr/lib/jvm/default-runtime/jre/lib/ext/localedata.jar:/usr/lib/jvm/default-runtime/jre/lib/ext/nashorn.jar:/usr/lib/jvm/default-runtime/jre/lib/ext/sunec.jar:/usr/lib/jvm/default-runtime/jre/lib/ext/sunjce_provider.jar:/usr/lib/jvm/default-runtime/jre/lib/ext/sunpkcs11.jar:/usr/lib/jvm/default-runtime/jre/lib/ext/zipfs.jar:/usr/lib/jvm/default-runtime/jre/lib/jce.jar:/usr/lib/jvm/default-runtime/jre/lib/jfxswt.jar:/usr/lib/jvm/default-runtime/jre/lib/jsse.jar:/usr/lib/jvm/default-runtime/jre/lib/management-agent.jar:/usr/lib/jvm/default-runtime/jre/lib/resources.jar:/usr/lib/jvm/default-runtime/jre/lib/rt.jar:/home/cheeky/workspace/Allegretto/out/production/classes:/home/cheeky/workspace/Allegretto/out/production/resources:/home/cheeky/.gradle/caches/modules-2/files-2.1/org.springframework.boot/spring-boot-starter-web/2.0.1.RELEASE/88751ed76791d12425ce5a80476baf1749a44cf4/spring-boot-starter-web-2.0.1.RELEASE.jar:/home/cheeky/.gradle/caches/modules-2/files-2.1/org.springframework.boot/spring-boot-starter-jetty/2.0.1.RELEASE/b270ff3f1ca7e495f8297d78641a5f86f5b0cd48/spring-boot-starter-jetty-2.0.1.RELEASE.jar:/home/cheeky/.gradle/caches/modules-2/files-2.1/org.springframework.boot/spring-boot-starter-data-jpa/2.0.1.RELEASE/b7c701f60073e2d2b8a8f5502dcc39d4f65f45ff/spring-boot-starter-data-jpa-2.0.1.RELEASE.jar:/home/cheeky/.gradle/caches/modules-2/files-2.1/org.springframework.boot/spring-boot-starter-json/2.0.1.RELEASE/f2e1aeeb1ac02bfa1b4f7254633484af1866fc65/spring-boot-starter-json-2.0.1.RELEASE.jar:/home/cheeky/.gradle/caches/modules-2/files-2.1/org.springframework.boot/spring-boot-starter-aop/2.0.1.RELEASE/c7f7b5b5e63edca2fb04899d13d8bad83377b4b3/spring-boot-starter-aop-2.0.1.REL
Launcher Type: SUN_STANDARD

Environment Variables:
PATH=/usr/local/sbin:/usr/local/bin:/usr/bin:/usr/lib/jvm/default/bin:/usr/bin/site_perl:/usr/bin/vendor_perl:/usr/bin/core_perl
SHELL=/bin/bash
DISPLAY=:0

Signal Handlers:
SIGSEGV: [libjvm.so+0xa9e370], sa_mask[0]=11111111011111111101111111111110, sa_flags=SA_RESTART|SA_SIGINFO
SIGBUS: [libjvm.so+0xa9e370], sa_mask[0]=11111111011111111101111111111110, sa_flags=SA_RESTART|SA_SIGINFO
SIGFPE: [libjvm.so+0x8d66a0], sa_mask[0]=11111111011111111101111111111110, sa_flags=SA_RESTART|SA_SIGINFO
SIGPIPE: [libjvm.so+0x8d66a0], sa_mask[0]=11111111011111111101111111111110, sa_flags=SA_RESTART|SA_SIGINFO
SIGXFSZ: [libjvm.so+0x8d66a0], sa_mask[0]=11111111011111111101111111111110, sa_flags=SA_RESTART|SA_SIGINFO
SIGILL: [libjvm.so+0x8d66a0], sa_mask[0]=11111111011111111101111111111110, sa_flags=SA_RESTART|SA_SIGINFO
SIGUSR1: SIG_DFL, sa_mask[0]=00000000000000000000000000000000, sa_flags=none
SIGUSR2: [libjvm.so+0x8d6550], sa_mask[0]=00100000000000000000000000000000, sa_flags=SA_RESTART|SA_SIGINFO
SIGHUP: [libjvm.so+0x8d6a00], sa_mask[0]=11111111011111111101111111111110, sa_flags=SA_RESTART|SA_SIGINFO
SIGINT: [libjvm.so+0x8d6a00], sa_mask[0]=11111111011111111101111111111110, sa_flags=SA_RESTART|SA_SIGINFO
SIGTERM: [libjvm.so+0x8d6a00], sa_mask[0]=11111111011111111101111111111110, sa_flags=SA_RESTART|SA_SIGINFO
SIGQUIT: [libjvm.so+0x8d6a00], sa_mask[0]=11111111011111111101111111111110, sa_flags=SA_RESTART|SA_SIGINFO


---------------  S Y S T E M  ---------------

OS:LSB_VERSION=1.4
DISTRIB_ID=Arch
DISTRIB_RELEASE=rolling
DISTRIB_DESCRIPTION="Arch Linux"

uname:Linux 4.15.5-1-ARCH #1 SMP PREEMPT Thu Feb 22 22:15:20 UTC 2018 x86_64
libc:glibc 2.26 NPTL 2.26 
rlimit: STACK 8192k, CORE infinity, NPROC 30779, NOFILE 4096, AS infinity
load average:1.92 1.41 1.45

/proc/meminfo:
MemTotal:        8090044 kB
MemFree:         1990780 kB
MemAvailable:    3739904 kB
Buffers:          304312 kB
Cached:          1906976 kB
SwapCached:            0 kB
Active:          4409172 kB
Inactive:        1352420 kB
Active(anon):    3551792 kB
Inactive(anon):   301304 kB
Active(file):     857380 kB
Inactive(file):  1051116 kB
Unevictable:          32 kB
Mlocked:              32 kB
SwapTotal:       1048572 kB
SwapFree:        1048572 kB
Dirty:             14272 kB
Writeback:             0 kB
AnonPages:       3550404 kB
Mapped:           637988 kB
Shmem:            302796 kB
Slab:             164644 kB
SReclaimable:     122004 kB
SUnreclaim:        42640 kB
KernelStack:       10608 kB
PageTables:        50116 kB
NFS_Unstable:          0 kB
Bounce:                0 kB
WritebackTmp:          0 kB
CommitLimit:     5093592 kB
Committed_AS:    8475784 kB
VmallocTotal:   34359738367 kB
VmallocUsed:           0 kB
VmallocChunk:          0 kB
HardwareCorrupted:     0 kB
AnonHugePages:         0 kB
ShmemHugePages:        0 kB
ShmemPmdMapped:        0 kB
HugePages_Total:       0
HugePages_Free:        0
HugePages_Rsvd:        0
HugePages_Surp:        0
Hugepagesize:       2048 kB
DirectMap4k:      164640 kB
DirectMap2M:     7094272 kB
DirectMap1G:     1048576 kB


CPU:total 4 (initial active 4) (2 cores per cpu, 2 threads per core) family 6 model 60 stepping 3, cmov, cx8, fxsr, mmx, sse, sse2, sse3, ssse3, sse4.1, sse4.2, popcnt, avx, avx2, aes, clmul, erms, lzcnt, ht, tsc, tscinvbit, bmi1, bmi2

/proc/cpuinfo:
processor	: 0
vendor_id	: GenuineIntel
cpu family	: 6
model		: 60
model name	: Intel(R) Core(TM) i5-4200M CPU @ 2.50GHz
stepping	: 3
microcode	: 0x23
cpu MHz		: 2993.276
cache size	: 3072 KB
physical id	: 0
siblings	: 4
core id		: 0
cpu cores	: 2
apicid		: 0
initial apicid	: 0
fpu		: yes
fpu_exception	: yes
cpuid level	: 13
wp		: yes
flags		: fpu vme de pse tsc msr pae mce cx8 apic sep mtrr pge mca cmov pat pse36 clflush dts acpi mmx fxsr sse sse2 ss ht tm pbe syscall nx pdpe1gb rdtscp lm constant_tsc arch_perfmon pebs bts rep_good nopl xtopology nonstop_tsc cpuid aperfmperf pni pclmulqdq dtes64 monitor ds_cpl vmx est tm2 ssse3 sdbg fma cx16 xtpr pdcm pcid sse4_1 sse4_2 movbe popcnt tsc_deadline_timer aes xsave avx f16c rdrand lahf_lm abm cpuid_fault epb invpcid_single pti tpr_shadow vnmi flexpriority ept vpid fsgsbase tsc_adjust bmi1 avx2 smep bmi2 erms invpcid xsaveopt dtherm ida arat pln pts
bugs		: cpu_meltdown spectre_v1 spectre_v2
bogomips	: 4988.79
clflush size	: 64
cache_alignment	: 64
address sizes	: 39 bits physical, 48 bits virtual
power management:

processor	: 1
vendor_id	: GenuineIntel
cpu family	: 6
model		: 60
model name	: Intel(R) Core(TM) i5-4200M CPU @ 2.50GHz
stepping	: 3
microcode	: 0x23
cpu MHz		: 2993.276
cache size	: 3072 KB
physical id	: 0
siblings	: 4
core id		: 1
cpu cores	: 2
apicid		: 2
initial apicid	: 2
fpu		: yes
fpu_exception	: yes
cpuid level	: 13
wp		: yes
flags		: fpu vme de pse tsc msr pae mce cx8 apic sep mtrr pge mca cmov pat pse36 clflush dts acpi mmx fxsr sse sse2 ss ht tm pbe syscall nx pdpe1gb rdtscp lm constant_tsc arch_perfmon pebs bts rep_good nopl xtopology nonstop_tsc cpuid aperfmperf pni pclmulqdq dtes64 monitor ds_cpl vmx est tm2 ssse3 sdbg fma cx16 xtpr pdcm pcid sse4_1 sse4_2 movbe popcnt tsc_deadline_timer aes xsave avx f16c rdrand lahf_lm abm cpuid_fault epb invpcid_single pti tpr_shadow vnmi flexpriority ept vpid fsgsbase tsc_adjust bmi1 avx2 smep bmi2 erms invpcid xsaveopt dtherm ida arat pln pts
bugs		: cpu_meltdown spectre_v1 spectre_v2
bogomips	: 4988.79
clflush size	: 64
cache_alignment	: 64
address sizes	: 39 bits physical, 48 bits virtual
power management:

processor	: 2
vendor_id	: GenuineIntel
cpu family	: 6
model		: 60
model name	: Intel(R) Core(TM) i5-4200M CPU @ 2.50GHz
stepping	: 3
microcode	: 0x23
cpu MHz		: 2993.277
cache size	: 3072 KB
physical id	: 0
siblings	: 4
core id		: 0
cpu cores	: 2
apicid		: 1
initial apicid	: 1
fpu		: yes
fpu_exception	: yes
cpuid level	: 13
wp		: yes
flags		: fpu vme de pse tsc msr pae mce cx8 apic sep mtrr pge mca cmov pat pse36 clflush dts acpi mmx fxsr sse sse2 ss ht tm pbe syscall nx pdpe1gb rdtscp lm constant_tsc arch_perfmon pebs bts rep_good nopl xtopology nonstop_tsc cpuid aperfmperf pni pclmulqdq dtes64 monitor ds_cpl vmx est tm2 ssse3 sdbg fma cx16 xtpr pdcm pcid sse4_1 sse4_2 movbe popcnt tsc_deadline_timer aes xsave avx f16c rdrand lahf_lm abm cpuid_fault epb invpcid_single pti tpr_shadow vnmi flexpriority ept vpid fsgsbase tsc_adjust bmi1 avx2 smep bmi2 erms invpcid xsaveopt dtherm ida arat pln pts
bugs		: cpu_meltdown spectre_v1 spectre_v2
bogomips	: 4988.79
clflush size	: 64
cache_alignment	: 64
address sizes	: 39 bits physical, 48 bits virtual
power management:

processor	: 3
vendor_id	: GenuineIntel
cpu family	: 6
model		: 60
model name	: Intel(R) Core(TM) i5-4200M CPU @ 2.50GHz
stepping	: 3
microcode	: 0x23
cpu MHz		: 2993.274
cache size	: 3072 KB
physical id	: 0
siblings	: 4
core id		: 1
cpu cores	: 2
apicid		: 3
initial apicid	: 3
fpu		: yes
fpu_exception	: yes
cpuid level	: 13
wp		: yes
flags		: fpu vme de pse tsc msr pae mce cx8 apic sep mtrr pge mca cmov pat pse36 clflush dts acpi mmx fxsr sse sse2 ss ht tm pbe syscall nx pdpe1gb rdtscp lm constant_tsc arch_perfmon pebs bts rep_good nopl xtopology nonstop_tsc cpuid aperfmperf pni pclmulqdq dtes64 monitor ds_cpl vmx est tm2 ssse3 sdbg fma cx16 xtpr pdcm pcid sse4_1 sse4_2 movbe popcnt tsc_deadline_timer aes xsave avx f16c rdrand lahf_lm abm cpuid_fault epb invpcid_single pti tpr_shadow vnmi flexpriority ept vpid fsgsbase tsc_adjust bmi1 avx2 smep bmi2 erms invpcid xsaveopt dtherm ida arat pln pts
bugs		: cpu_meltdown spectre_v1 spectre_v2
bogomips	: 4988.79
clflush size	: 64
cache_alignment	: 64
address sizes	: 39 bits physical, 48 bits virtual
power management:



Memory: 4k page, physical 8090044k(1990160k free), swap 1048572k(1048572k free)

vm_info: OpenJDK 64-Bit Server VM (25.162-b12) for linux-amd64 JRE (1.8.0_162-b12), built on Feb 27 2018 12:14:51 by "builduser" with gcc 7.3.0

time: Sat Apr  7 20:03:21 2018
elapsed time: 1 seconds (0d 0h 0m 1s)

