#
# A fatal error has been detected by the Java Runtime Environment:
#
#  SIGSEGV (0xb) at pc=0x00007fdaca3583b8, pid=8836, tid=0x00007fdac82b7700
#
# JRE version: OpenJDK Runtime Environment (8.0_162-b12) (build 1.8.0_162-b12)
# Java VM: OpenJDK 64-Bit Server VM (25.162-b12 mixed mode linux-amd64 compressed oops)
# Problematic frame:
# V  [libjvm.so+0x6b73b8]
#
# Core dump written. Default location: /home/cheeky/workspace/Allegretto/core or core.8836
#
# If you would like to submit a bug report, please visit:
#   http://bugreport.java.com/bugreport/crash.jsp
#

---------------  T H R E A D  ---------------

Current thread (0x00007fdac4029000):  GCTaskThread [stack: 0x00007fdac81b8000,0x00007fdac82b8000] [id=8838]

siginfo: si_signo: 11 (SIGSEGV), si_code: 1 (SEGV_MAPERR), si_addr: 0x0000000000000100

Registers:
RAX=0x0000000000000000, RBX=0x00007fdac82b6d30, RCX=0x00007fdac82b6d50, RDX=0x0000000000000000
RSP=0x00007fdac82b6670, RBP=0x00007fdac82b66a0, RSI=0x00007fdac82b6d30, RDI=0x0000000000000000
R8 =0x0000000000000009, R9 =0x0000000000000003, R10=0x00000000d9382211, R11=0x00000000d9380480
R12=0x0000000000000000, R13=0x0000000000000000, R14=0x0000000000000000, R15=0x00007fdac82b6d30
RIP=0x00007fdaca3583b8, EFLAGS=0x0000000000010202, CSGSFS=0x002b000000000033, ERR=0x0000000000000004
  TRAPNO=0x000000000000000e

Top of Stack: (sp=0x00007fdac82b6670)
0x00007fdac82b6670:   00007fdaa2a7f408 00007fdac82b6d30
0x00007fdac82b6680:   00007fda64006800 00007fdac4057960
0x00007fdac82b6690:   0000000000000000 00007fdac82b6d50
0x00007fdac82b66a0:   00007fdac82b6d20 00007fdaca6d7ea8
0x00007fdac82b66b0:   00007fdac4029000 00007fdac82b66c0
0x00007fdac82b66c0:   00007fdaa2a7fa00 00007fdab50004e7
0x00007fdac82b66d0:   00007fdab50003d0 0000000000000000
0x00007fdac82b66e0:   00007fdaa2a7fa90 00007fdaa2a7fa28
0x00007fdac82b66f0:   00007fdaa2a7fa00 00007fdab50004e7
0x00007fdac82b6700:   00007fdab50003d0 0000000000000000
0x00007fdac82b6710:   00007fdaa2a7fa90 00007fdaa2a7fa28
0x00007fdac82b6720:   0000000000000000 0000000000000000
0x00007fdac82b6730:   0000000000000000 0000000000000000
0x00007fdac82b6740:   0000000000000000 0000000000000000
0x00007fdac82b6750:   0000000000000000 0000000000000000
0x00007fdac82b6760:   0000000000000000 0000000000000000
0x00007fdac82b6770:   00007fdaa2a7f9f0 00007fdaa2a7f9f0
0x00007fdac82b6780:   0000000000000000 0000000000000000
0x00007fdac82b6790:   0000000000000000 0000000000000000
0x00007fdac82b67a0:   0000000000000000 0000000000000000
0x00007fdac82b67b0:   0000000000000000 0000000000000000
0x00007fdac82b67c0:   0000000000000000 0000000000000000
0x00007fdac82b67d0:   0000000000000000 0000000000000000
0x00007fdac82b67e0:   0000000000000000 0000000000000000
0x00007fdac82b67f0:   0000000000000000 0000000000000000
0x00007fdac82b6800:   0000000000000000 0000000000000000
0x00007fdac82b6810:   0000000000000000 0000000000000000
0x00007fdac82b6820:   0000000000000000 0000000000000000
0x00007fdac82b6830:   0000000000000000 0000000000000000
0x00007fdac82b6840:   0000000000000000 0000000000000000
0x00007fdac82b6850:   0000000000000000 0000000000000000
0x00007fdac82b6860:   0000000000000000 0000000000000000 

Instructions: (pc=0x00007fdaca3583b8)
0x00007fdaca358398:   41 55 41 54 49 89 fd 53 49 89 f7 48 83 ec 08 66
0x00007fdaca3583a8:   0f 1f 84 00 00 00 00 00 4d 89 ec 0f 1f 44 00 00
0x00007fdaca3583b8:   41 8b b4 24 00 01 00 00 85 f6 7e 68 4d 8d 74 24
0x00007fdaca3583c8:   f8 bb 01 00 00 00 66 90 49 8b 44 dc f8 48 85 c0 

Register to memory mapping:

RAX=0x0000000000000000 is an unknown value
RBX=0x00007fdac82b6d30 is an unknown value
RCX=0x00007fdac82b6d50 is an unknown value
RDX=0x0000000000000000 is an unknown value
RSP=0x00007fdac82b6670 is an unknown value
RBP=0x00007fdac82b66a0 is an unknown value
RSI=0x00007fdac82b6d30 is an unknown value
RDI=0x0000000000000000 is an unknown value
R8 =0x0000000000000009 is an unknown value
R9 =0x0000000000000003 is an unknown value
R10=0x00000000d9382211 is an unknown value
R11=0x00000000d9380480 is an oop
java.lang.Class 
 - klass: 'java/lang/Class'
R12=0x0000000000000000 is an unknown value
R13=0x0000000000000000 is an unknown value
R14=0x0000000000000000 is an unknown value
R15=0x00007fdac82b6d30 is an unknown value


Stack: [0x00007fdac81b8000,0x00007fdac82b8000],  sp=0x00007fdac82b6670,  free space=1017k
Native frames: (J=compiled Java code, j=interpreted, Vv=VM code, C=native code)
V  [libjvm.so+0x6b73b8]
V  [libjvm.so+0xa36ea8]
V  [libjvm.so+0x953b46]
V  [libjvm.so+0x5b3b86]
V  [libjvm.so+0x8d8432]


---------------  P R O C E S S  ---------------

Java Threads: ( => current thread )
  0x00007fda64006800 JavaThread "RMI Scheduler(0)" daemon [_thread_blocked, id=8861, stack(0x00007fdaa143b000,0x00007fdaa153c000)]
  0x00007fda74001800 JavaThread "RMI TCP Connection(1)-127.0.0.1" daemon [_thread_in_native, id=8859, stack(0x00007fdaa153c000,0x00007fdaa163d000)]
  0x00007fdac4831800 JavaThread "background-preinit" [_thread_blocked, id=8858, stack(0x00007fdaa183d000,0x00007fdaa193e000)]
  0x00007fdac4737000 JavaThread "RMI TCP Accept-0" daemon [_thread_in_native, id=8853, stack(0x00007fdaa1c3f000,0x00007fdaa1d40000)]
  0x00007fdac472f800 JavaThread "RMI TCP Accept-33259" daemon [_thread_in_native, id=8852, stack(0x00007fdaa1d40000,0x00007fdaa1e41000)]
  0x00007fdac471b800 JavaThread "RMI TCP Accept-0" daemon [_thread_blocked, id=8851, stack(0x00007fdaa1e41000,0x00007fdaa1f42000)]
  0x00007fdac463c000 JavaThread "Service Thread" daemon [_thread_blocked, id=8850, stack(0x00007fdaa2364000,0x00007fdaa2465000)]
  0x00007fdac461f000 JavaThread "C1 CompilerThread2" daemon [_thread_blocked, id=8849, stack(0x00007fdaa2466000,0x00007fdaa2566000)]
  0x00007fdac461d000 JavaThread "C2 CompilerThread1" daemon [_thread_blocked, id=8848, stack(0x00007fdaa2567000,0x00007fdaa2667000)]
  0x00007fdac461b000 JavaThread "C2 CompilerThread0" daemon [_thread_blocked, id=8847, stack(0x00007fdaa2880000,0x00007fdaa2980000)]
  0x00007fdac4619000 JavaThread "Monitor Ctrl-Break" daemon [_thread_in_native, id=8846, stack(0x00007fdaa2980000,0x00007fdaa2a81000)]
  0x00007fdac4187000 JavaThread "Signal Dispatcher" daemon [_thread_blocked, id=8845, stack(0x00007fdaa2d39000,0x00007fdaa2e3a000)]
  0x00007fdac4154800 JavaThread "Finalizer" daemon [_thread_blocked, id=8844, stack(0x00007fdaa2ff0000,0x00007fdaa30f1000)]
  0x00007fdac4150000 JavaThread "Reference Handler" daemon [_thread_blocked, id=8843, stack(0x00007fdaa30f1000,0x00007fdaa31f2000)]
  0x00007fdac4014000 JavaThread "main" [_thread_blocked, id=8837, stack(0x00007fdacb90e000,0x00007fdacba0e000)]

Other Threads:
  0x00007fdac4148000 VMThread [stack: 0x00007fdaa31f3000,0x00007fdaa32f3000] [id=8842]
  0x00007fdac4739000 WatcherThread [stack: 0x00007fdaa1b3f000,0x00007fdaa1c3f000] [id=8854]

=>0x00007fdac4029000 (exited) GCTaskThread [stack: 0x00007fdac81b8000,0x00007fdac82b8000] [id=8838]

VM state:at safepoint (normal execution)

VM Mutex/Monitor currently owned by a thread:  ([mutex/lock_event])
[0x00007fdac400af60] Threads_lock - owner thread: 0x00007fdac4148000
[0x00007fdac400b460] Heap_lock - owner thread: 0x00007fdac4831800

Heap:
 PSYoungGen      total 36864K, used 35883K [0x00000000d6d80000, 0x00000000d9680000, 0x0000000100000000)
  eden space 31744K, 100% used [0x00000000d6d80000,0x00000000d8c80000,0x00000000d8c80000)
  from space 5120K, 80% used [0x00000000d8c80000,0x00000000d908ade8,0x00000000d9180000)
  to   space 5120K, 64% used [0x00000000d9180000,0x00000000d94b8138,0x00000000d9680000)
 ParOldGen       total 84992K, used 8K [0x0000000084800000, 0x0000000089b00000, 0x00000000d6d80000)
  object space 84992K, 0% used [0x0000000084800000,0x0000000084802000,0x0000000089b00000)
 Metaspace       used 13409K, capacity 13738K, committed 13824K, reserved 1060864K
  class space    used 1661K, capacity 1756K, committed 1792K, reserved 1048576K

Card table byte_map: [0x00007fdac854b000,0x00007fdac8928000] byte_map_base: 0x00007fdac8127000

Marking Bits: (ParMarkBitMap*) 0x00007fdacac080c0
 Begin Bits: [0x00007fdab103e000, 0x00007fdab2f1e000)
 End Bits:   [0x00007fdab2f1e000, 0x00007fdab4dfe000)

Polling page: 0x00007fdacba47000

CodeCache: size=245760Kb used=2638Kb max_used=2638Kb free=243121Kb
 bounds [0x00007fdab5000000, 0x00007fdab52a0000, 0x00007fdac4000000]
 total_blobs=1415 nmethods=1054 adapters=275
 compilation: enabled

Compilation events (10 events):
Event: 1.621 Thread 0x00007fdac461f000 1049       1       java.lang.Class::getDeclaringClass (22 bytes)
Event: 1.621 Thread 0x00007fdac461f000 nmethod 1049 0x00007fdab528f3d0 code [0x00007fdab528f560, 0x00007fdab528f708]
Event: 1.621 Thread 0x00007fdac461f000 1050       1       java.util.regex.Pattern::closure (477 bytes)
Event: 1.625 Thread 0x00007fdac461f000 nmethod 1050 0x00007fdab528f810 code [0x00007fdab528fb40, 0x00007fdab5291008]
Event: 1.625 Thread 0x00007fdac461f000 1051       1       java.util.regex.Pattern$CharProperty::<init> (5 bytes)
Event: 1.625 Thread 0x00007fdac461f000 nmethod 1051 0x00007fdab5292390 code [0x00007fdab52924e0, 0x00007fdab5292610]
Event: 1.625 Thread 0x00007fdac461f000 1052       1       java.util.regex.Pattern$CharProperty::<init> (5 bytes)
Event: 1.625 Thread 0x00007fdac461f000 nmethod 1052 0x00007fdab5292690 code [0x00007fdab52927e0, 0x00007fdab5292910]
Event: 1.631 Thread 0x00007fdac461f000 1053   !   1       java.lang.Package::getSystemPackage (63 bytes)
Event: 1.631 Thread 0x00007fdac461f000 nmethod 1053 0x00007fdab5292b90 code [0x00007fdab5292d40, 0x00007fdab52931c8]

GC Heap History (3 events):
Event: 1.242 GC heap before
{Heap before GC invocations=1 (full 0):
 PSYoungGen      total 36864K, used 31744K [0x00000000d6d80000, 0x00000000d9680000, 0x0000000100000000)
  eden space 31744K, 100% used [0x00000000d6d80000,0x00000000d8c80000,0x00000000d8c80000)
  from space 5120K, 0% used [0x00000000d9180000,0x00000000d9180000,0x00000000d9680000)
  to   space 5120K, 0% used [0x00000000d8c80000,0x00000000d8c80000,0x00000000d9180000)
 ParOldGen       total 84992K, used 0K [0x0000000084800000, 0x0000000089b00000, 0x00000000d6d80000)
  object space 84992K, 0% used [0x0000000084800000,0x0000000084800000,0x0000000089b00000)
 Metaspace       used 10199K, capacity 10434K, committed 10624K, reserved 1058816K
  class space    used 1236K, capacity 1347K, committed 1408K, reserved 1048576K
Event: 1.254 GC heap after
Heap after GC invocations=1 (full 0):
 PSYoungGen      total 36864K, used 4139K [0x00000000d6d80000, 0x00000000d9680000, 0x0000000100000000)
  eden space 31744K, 0% used [0x00000000d6d80000,0x00000000d6d80000,0x00000000d8c80000)
  from space 5120K, 80% used [0x00000000d8c80000,0x00000000d908ade8,0x00000000d9180000)
  to   space 5120K, 0% used [0x00000000d9180000,0x00000000d9180000,0x00000000d9680000)
 ParOldGen       total 84992K, used 8K [0x0000000084800000, 0x0000000089b00000, 0x00000000d6d80000)
  object space 84992K, 0% used [0x0000000084800000,0x0000000084802000,0x0000000089b00000)
 Metaspace       used 10199K, capacity 10434K, committed 10624K, reserved 1058816K
  class space    used 1236K, capacity 1347K, committed 1408K, reserved 1048576K
}
Event: 1.637 GC heap before
{Heap before GC invocations=2 (full 0):
 PSYoungGen      total 36864K, used 35883K [0x00000000d6d80000, 0x00000000d9680000, 0x0000000100000000)
  eden space 31744K, 100% used [0x00000000d6d80000,0x00000000d8c80000,0x00000000d8c80000)
  from space 5120K, 80% used [0x00000000d8c80000,0x00000000d908ade8,0x00000000d9180000)
  to   space 5120K, 0% used [0x00000000d9180000,0x00000000d9180000,0x00000000d9680000)
 ParOldGen       total 84992K, used 8K [0x0000000084800000, 0x0000000089b00000, 0x00000000d6d80000)
  object space 84992K, 0% used [0x0000000084800000,0x0000000084802000,0x0000000089b00000)
 Metaspace       used 13409K, capacity 13738K, committed 13824K, reserved 1060864K
  class space    used 1661K, capacity 1756K, committed 1792K, reserved 1048576K

Deoptimization events (0 events):
No events

Classes redefined (0 events):
No events

Internal exceptions (10 events):
Event: 1.628 Thread 0x00007fdac4831800 Exception <a 'java/lang/ArrayIndexOutOfBoundsException'> (0x00000000d8a48630) thrown at [/build/java8-openjdk/src/jdk8u-jdk8u162-b12/hotspot/src/share/vm/runtime/sharedRuntime.cpp, line 605]
Event: 1.628 Thread 0x00007fdac4831800 Exception <a 'java/lang/ArrayIndexOutOfBoundsException'> (0x00000000d8a49ff8) thrown at [/build/java8-openjdk/src/jdk8u-jdk8u162-b12/hotspot/src/share/vm/runtime/sharedRuntime.cpp, line 605]
Event: 1.628 Thread 0x00007fdac4831800 Exception <a 'java/lang/ArrayIndexOutOfBoundsException'> (0x00000000d8a4b9b0) thrown at [/build/java8-openjdk/src/jdk8u-jdk8u162-b12/hotspot/src/share/vm/runtime/sharedRuntime.cpp, line 605]
Event: 1.628 Thread 0x00007fdac4831800 Exception <a 'java/lang/ArrayIndexOutOfBoundsException'> (0x00000000d8a4d360) thrown at [/build/java8-openjdk/src/jdk8u-jdk8u162-b12/hotspot/src/share/vm/runtime/sharedRuntime.cpp, line 605]
Event: 1.628 Thread 0x00007fdac4831800 Exception <a 'java/lang/ArrayIndexOutOfBoundsException'> (0x00000000d8a4ed18) thrown at [/build/java8-openjdk/src/jdk8u-jdk8u162-b12/hotspot/src/share/vm/runtime/sharedRuntime.cpp, line 605]
Event: 1.628 Thread 0x00007fdac4831800 Exception <a 'java/lang/ArrayIndexOutOfBoundsException'> (0x00000000d8a50738) thrown at [/build/java8-openjdk/src/jdk8u-jdk8u162-b12/hotspot/src/share/vm/runtime/sharedRuntime.cpp, line 605]
Event: 1.629 Thread 0x00007fdac4831800 Exception <a 'java/lang/ArrayIndexOutOfBoundsException'> (0x00000000d8a75608) thrown at [/build/java8-openjdk/src/jdk8u-jdk8u162-b12/hotspot/src/share/vm/runtime/sharedRuntime.cpp, line 605]
Event: 1.629 Thread 0x00007fdac4831800 Exception <a 'java/lang/ArrayIndexOutOfBoundsException'> (0x00000000d8a77088) thrown at [/build/java8-openjdk/src/jdk8u-jdk8u162-b12/hotspot/src/share/vm/runtime/sharedRuntime.cpp, line 605]
Event: 1.630 Thread 0x00007fdac4831800 Exception <a 'java/lang/ArrayIndexOutOfBoundsException'> (0x00000000d8a97788) thrown at [/build/java8-openjdk/src/jdk8u-jdk8u162-b12/hotspot/src/share/vm/runtime/sharedRuntime.cpp, line 605]
Event: 1.630 Thread 0x00007fdac4831800 Exception <a 'java/lang/ArrayIndexOutOfBoundsException'> (0x00000000d8a98f10) thrown at [/build/java8-openjdk/src/jdk8u-jdk8u162-b12/hotspot/src/share/vm/runtime/sharedRuntime.cpp, line 605]

Events (10 events):
Event: 1.635 loading class org/hibernate/validator/internal/constraintvalidators/bv/time/future/FutureValidatorForMonthDay done
Event: 1.635 loading class org/hibernate/validator/internal/constraintvalidators/bv/time/future/FutureValidatorForOffsetDateTime
Event: 1.635 loading class org/hibernate/validator/internal/constraintvalidators/bv/time/future/FutureValidatorForOffsetDateTime done
Event: 1.635 loading class org/hibernate/validator/internal/constraintvalidators/bv/time/future/FutureValidatorForOffsetTime
Event: 1.635 loading class org/hibernate/validator/internal/constraintvalidators/bv/time/future/FutureValidatorForOffsetTime done
Event: 1.635 loading class org/yaml/snakeyaml/tokens/ScalarToken
Event: 1.635 loading class org/yaml/snakeyaml/tokens/ScalarToken done
Event: 1.635 loading class org/hibernate/validator/internal/constraintvalidators/bv/time/future/FutureValidatorForThaiBuddhistDate
Event: 1.635 loading class org/hibernate/validator/internal/constraintvalidators/bv/time/future/FutureValidatorForThaiBuddhistDate done
Event: 1.635 Executing VM operation: ParallelGCFailedAllocation


Dynamic libraries:
84800000-89b00000 rw-p 00000000 00:00 0 
89b00000-d6d80000 ---p 00000000 00:00 0 
d6d80000-d9680000 rw-p 00000000 00:00 0 
d9680000-100000000 ---p 00000000 00:00 0 
100000000-1001c0000 rw-p 00000000 00:00 0 
1001c0000-140000000 ---p 00000000 00:00 0 
563d4c7f2000-563d4c7f3000 r-xp 00000000 08:08 6819680                    /usr/lib/jvm/java-8-openjdk/jre/bin/java
563d4c9f2000-563d4c9f3000 r--p 00000000 08:08 6819680                    /usr/lib/jvm/java-8-openjdk/jre/bin/java
563d4c9f3000-563d4c9f4000 rw-p 00001000 08:08 6819680                    /usr/lib/jvm/java-8-openjdk/jre/bin/java
563d4dad5000-563d4daf6000 rw-p 00000000 00:00 0                          [heap]
7fda58000000-7fda58021000 rw-p 00000000 00:00 0 
7fda58021000-7fda5c000000 ---p 00000000 00:00 0 
7fda60000000-7fda600f2000 rw-p 00000000 00:00 0 
7fda600f2000-7fda64000000 ---p 00000000 00:00 0 
7fda64000000-7fda64021000 rw-p 00000000 00:00 0 
7fda64021000-7fda68000000 ---p 00000000 00:00 0 
7fda68000000-7fda68021000 rw-p 00000000 00:00 0 
7fda68021000-7fda6c000000 ---p 00000000 00:00 0 
7fda6c000000-7fda6c021000 rw-p 00000000 00:00 0 
7fda6c021000-7fda70000000 ---p 00000000 00:00 0 
7fda70000000-7fda70021000 rw-p 00000000 00:00 0 
7fda70021000-7fda74000000 ---p 00000000 00:00 0 
7fda74000000-7fda74021000 rw-p 00000000 00:00 0 
7fda74021000-7fda78000000 ---p 00000000 00:00 0 
7fda78000000-7fda781bf000 rw-p 00000000 00:00 0 
7fda781bf000-7fda7c000000 ---p 00000000 00:00 0 
7fda7c000000-7fda7c021000 rw-p 00000000 00:00 0 
7fda7c021000-7fda80000000 ---p 00000000 00:00 0 
7fda80000000-7fda8006f000 rw-p 00000000 00:00 0 
7fda8006f000-7fda84000000 ---p 00000000 00:00 0 
7fda84000000-7fda84021000 rw-p 00000000 00:00 0 
7fda84021000-7fda88000000 ---p 00000000 00:00 0 
7fda88000000-7fda88021000 rw-p 00000000 00:00 0 
7fda88021000-7fda8c000000 ---p 00000000 00:00 0 
7fda8c000000-7fda8c06a000 rw-p 00000000 00:00 0 
7fda8c06a000-7fda90000000 ---p 00000000 00:00 0 
7fda90000000-7fda90021000 rw-p 00000000 00:00 0 
7fda90021000-7fda94000000 ---p 00000000 00:00 0 
7fda94000000-7fda94021000 rw-p 00000000 00:00 0 
7fda94021000-7fda98000000 ---p 00000000 00:00 0 
7fda98000000-7fda98021000 rw-p 00000000 00:00 0 
7fda98021000-7fda9c000000 ---p 00000000 00:00 0 
7fda9c000000-7fda9c021000 rw-p 00000000 00:00 0 
7fda9c021000-7fdaa0000000 ---p 00000000 00:00 0 
7fdaa143b000-7fdaa143e000 ---p 00000000 00:00 0 
7fdaa143e000-7fdaa153c000 rw-p 00000000 00:00 0 
7fdaa153c000-7fdaa153f000 ---p 00000000 00:00 0 
7fdaa153f000-7fdaa17fd000 rw-p 00000000 00:00 0 
7fdaa17fd000-7fdaa183d000 ---p 00000000 00:00 0 
7fdaa183d000-7fdaa1840000 ---p 00000000 00:00 0 
7fdaa1840000-7fdaa1b3e000 rw-p 00000000 00:00 0 
7fdaa1b3e000-7fdaa1b3f000 ---p 00000000 00:00 0 
7fdaa1b3f000-7fdaa1c3f000 rw-p 00000000 00:00 0 
7fdaa1c3f000-7fdaa1c42000 ---p 00000000 00:00 0 
7fdaa1c42000-7fdaa1d40000 rw-p 00000000 00:00 0 
7fdaa1d40000-7fdaa1d43000 ---p 00000000 00:00 0 
7fdaa1d43000-7fdaa1e41000 rw-p 00000000 00:00 0 
7fdaa1e41000-7fdaa1e44000 ---p 00000000 00:00 0 
7fdaa1e44000-7fdaa1f42000 rw-p 00000000 00:00 0 
7fdaa1f42000-7fdaa1f47000 r--s 0009d000 08:08 6819701                    /usr/lib/jvm/java-8-openjdk/jre/lib/jsse.jar
7fdaa1f47000-7fdaa1f58000 r-xp 00000000 08:08 6950788                    /usr/lib/jvm/java-8-openjdk/jre/lib/amd64/libnio.so
7fdaa1f58000-7fdaa2158000 ---p 00011000 08:08 6950788                    /usr/lib/jvm/java-8-openjdk/jre/lib/amd64/libnio.so
7fdaa2158000-7fdaa2159000 r--p 00011000 08:08 6950788                    /usr/lib/jvm/java-8-openjdk/jre/lib/amd64/libnio.so
7fdaa2159000-7fdaa215a000 rw-p 00012000 08:08 6950788                    /usr/lib/jvm/java-8-openjdk/jre/lib/amd64/libnio.so
7fdaa215a000-7fdaa2162000 r-xp 00000000 08:08 6950781                    /usr/lib/jvm/java-8-openjdk/jre/lib/amd64/libmanagement.so
7fdaa2162000-7fdaa2362000 ---p 00008000 08:08 6950781                    /usr/lib/jvm/java-8-openjdk/jre/lib/amd64/libmanagement.so
7fdaa2362000-7fdaa2363000 r--p 00008000 08:08 6950781                    /usr/lib/jvm/java-8-openjdk/jre/lib/amd64/libmanagement.so
7fdaa2363000-7fdaa2364000 rw-p 00009000 08:08 6950781                    /usr/lib/jvm/java-8-openjdk/jre/lib/amd64/libmanagement.so
7fdaa2364000-7fdaa2367000 ---p 00000000 00:00 0 
7fdaa2367000-7fdaa2465000 rw-p 00000000 00:00 0 
7fdaa2465000-7fdaa2466000 ---p 00000000 00:00 0 
7fdaa2466000-7fdaa2469000 ---p 00000000 00:00 0 
7fdaa2469000-7fdaa2566000 rw-p 00000000 00:00 0 
7fdaa2566000-7fdaa2567000 ---p 00000000 00:00 0 
7fdaa2567000-7fdaa256a000 ---p 00000000 00:00 0 
7fdaa256a000-7fdaa2667000 rw-p 00000000 00:00 0 
7fdaa2667000-7fdaa267d000 r-xp 00000000 08:08 6950784                    /usr/lib/jvm/java-8-openjdk/jre/lib/amd64/libnet.so
7fdaa267d000-7fdaa287d000 ---p 00016000 08:08 6950784                    /usr/lib/jvm/java-8-openjdk/jre/lib/amd64/libnet.so
7fdaa287d000-7fdaa287e000 r--p 00016000 08:08 6950784                    /usr/lib/jvm/java-8-openjdk/jre/lib/amd64/libnet.so
7fdaa287e000-7fdaa287f000 rw-p 00017000 08:08 6950784                    /usr/lib/jvm/java-8-openjdk/jre/lib/amd64/libnet.so
7fdaa287f000-7fdaa2880000 ---p 00000000 00:00 0 
7fdaa2880000-7fdaa2883000 ---p 00000000 00:00 0 
7fdaa2883000-7fdaa2980000 rw-p 00000000 00:00 0 
7fdaa2980000-7fdaa2983000 ---p 00000000 00:00 0 
7fdaa2983000-7fdaa2a81000 rw-p 00000000 00:00 0 
7fdaa2a81000-7fdaa2a83000 r--s 0001a000 08:08 4332317                    /opt/intellij-idea-ultimate-edition/lib/idea_rt.jar
7fdaa2a83000-7fdaa2abf000 r--s 00290000 08:08 4726851                    /home/cheeky/.gradle/caches/modules-2/files-2.1/net.bytebuddy/byte-buddy/1.7.11/f02857a4e2c66ccbe7aaad6100a0a6c461bce9b3/byte-buddy-1.7.11.jar
7fdaa2abf000-7fdaa2ac5000 r--s 00039000 08:08 7605416                    /home/cheeky/.gradle/caches/modules-2/files-2.1/org.apache.logging.log4j/log4j-api/2.10.0/fec5797a55b786184a537abd39c3fa1449d752d6/log4j-api-2.10.0.jar
7fdaa2ac5000-7fdaa2ad0000 r--s 00069000 08:08 7603558                    /home/cheeky/.gradle/caches/modules-2/files-2.1/ch.qos.logback/logback-core/1.2.3/864344400c3d4d92dfeb0a305dc87d953677c03c/logback-core-1.2.3.jar
7fdaa2ad0000-7fdaa2ad2000 r--s 00016000 08:08 4989148                    /home/cheeky/.gradle/caches/modules-2/files-2.1/org.ow2.asm/asm/6.0/bc6fa6b19424bb9592fe43bbc20178f92d403105/asm-6.0.jar
7fdaa2ad2000-7fdaa2ad4000 r--s 0000a000 08:08 7229824                    /home/cheeky/.gradle/caches/modules-2/files-2.1/org.ow2.asm/asm-tree/6.0/a624f1a6e4e428dcd680a01bab2d4c56b35b18f0/asm-tree-6.0.jar
7fdaa2ad4000-7fdaa2ad5000 r--s 00012000 08:08 4856983                    /home/cheeky/.gradle/caches/modules-2/files-2.1/org.ow2.asm/asm-commons/6.0/f256fd215d8dd5a4fa2ab3201bf653de266ed4ec/asm-commons-6.0.jar
7fdaa2ad5000-7fdaa2ad8000 r--s 00015000 08:08 3408172                    /home/cheeky/.gradle/caches/modules-2/files-2.1/javax.servlet/javax.servlet-api/3.1.0/3cd63d075497751784b2fa84be59432f4905bf7c/javax.servlet-api-3.1.0.jar
7fdaa2ad8000-7fdaa2adb000 r--s 00008000 08:08 4069568                    /home/cheeky/.gradle/caches/modules-2/files-2.1/org.eclipse.jetty.websocket/websocket-api/9.4.9.v20180320/8be09aafe135e370bbc33a8ec01b443ac9aa9a47/websocket-api-9.4.9.v20180320.jar
7fdaa2adb000-7fdaa2adf000 r--s 0004b000 08:08 7619563                    /home/cheeky/.gradle/caches/modules-2/files-2.1/com.fasterxml.jackson.core/jackson-core/2.9.5/a22ac51016944b06fd9ffbc9541c6e7ce5eea117/jackson-core-2.9.5.jar
7fdaa2adf000-7fdaa2ae2000 r--s 0000e000 08:08 7603553                    /home/cheeky/.gradle/caches/modules-2/files-2.1/com.fasterxml.jackson.core/jackson-annotations/2.9.0/7c10d545325e3a6e72e06381afe469fd40eb701/jackson-annotations-2.9.0.jar
7fdaa2ae2000-7fdaa2ae4000 r--s 00004000 08:08 5384238                    /home/cheeky/.gradle/caches/modules-2/files-2.1/org.springframework/spring-jcl/5.0.5.RELEASE/f4a2854b9d865e8b86717595aec16f877f8c6489/spring-jcl-5.0.5.RELEASE.jar
7fdaa2ae4000-7fdaa2ae9000 r--s 00048000 08:08 3408168                    /home/cheeky/.gradle/caches/modules-2/files-2.1/dom4j/dom4j/1.6.1/5d3ccc056b6f056dbf0dddfdf43894b9065a8f94/dom4j-1.6.1.jar
7fdaa2ae9000-7fdaa2aec000 r--s 0002b000 08:08 7603348                    /home/cheeky/.gradle/caches/modules-2/files-2.1/org.jboss/jandex/2.0.3.Final/bfc4d6257dbff7a33a357f0de116be6ff951d849/jandex-2.0.3.Final.jar
7fdaa2aec000-7fdaa2af1000 r--s 00068000 08:08 3408164                    /home/cheeky/.gradle/caches/modules-2/files-2.1/antlr/antlr/2.7.7/83cd2cd674a217ade95a4bb83a8a14f351f48bd0/antlr-2.7.7.jar
7fdaa2af1000-7fdaa2afb000 r--s 000ab000 08:08 7619547                    /home/cheeky/.gradle/caches/modules-2/files-2.1/org.javassist/javassist/3.22.0-GA/3e83394258ae2089be7219b971ec21a8288528ad/javassist-3.22.0-GA.jar
7fdaa2afb000-7fdaa2b00000 r--s 00017000 08:08 3408160                    /home/cheeky/.gradle/caches/modules-2/files-2.1/org.hibernate.javax.persistence/hibernate-jpa-2.1-api/1.0.0.Final/5e731d961297e5a07290bfaf3db1fbc8bbbf405a/hibernate-jpa-2.1-api-1.0.0.Final.jar
7fdaa2b00000-7fdaa2b19000 r--s 001bf000 08:08 4725865                    /home/cheeky/.gradle/caches/modules-2/files-2.1/org.aspectj/aspectjweaver/1.8.13/ad94df2a28d658a40dc27bbaff6a1ce5fbf04e9b/aspectjweaver-1.8.13.jar
7fdaa2b19000-7fdaa2b1b000 r--s 00007000 08:08 3408154                    /home/cheeky/.gradle/caches/modules-2/files-2.1/javax.websocket/javax.websocket-api/1.0/fc843b649d4a1dcb0497669d262befa3918c7ba8/javax.websocket-api-1.0.jar
7fdaa2b1b000-7fdaa2b1d000 r--s 00004000 08:08 4069566                    /home/cheeky/.gradle/caches/modules-2/files-2.1/org.eclipse.jetty.websocket/websocket-servlet/9.4.9.v20180320/1e443fa4b3ac4c8cee483164479ff3d01b5fcf21/websocket-servlet-9.4.9.v20180320.jar
7fdaa2b1d000-7fdaa2b25000 r--s 00071000 08:08 4069570                    /home/cheeky/.gradle/caches/modules-2/files-2.1/org.eclipse.jetty/jetty-util/9.4.9.v20180320/8a602b93581f6af54839728f51d51ab830bdd44d/jetty-util-9.4.9.v20180320.jar
7fdaa2b25000-7fdaa2b26000 r--s 0000c000 08:08 4069560                    /home/cheeky/.gradle/caches/modules-2/files-2.1/org.eclipse.jetty/jetty-xml/9.4.9.v20180320/247894128d4d3ba41774be941fb801e20e668be7/jetty-xml-9.4.9.v20180320.jar
7fdaa2b26000-7fdaa2b29000 r--s 0001e000 08:08 4069562                    /home/cheeky/.gradle/caches/modules-2/files-2.1/org.eclipse.jetty/jetty-io/9.4.9.v20180320/938d67c72405285d2a7a6efb10d870a1b16fa2e0/jetty-io-9.4.9.v20180320.jar
7fdaa2b29000-7fdaa2b2d000 r--s 0002c000 08:08 4069558                    /home/cheeky/.gradle/caches/modules-2/files-2.1/org.eclipse.jetty.websocket/websocket-common/9.4.9.v20180320/ca1f96a14ae58d951d1d93c1c5a3416b4b501578/websocket-common-9.4.9.v20180320.jar
7fdaa2b2d000-7fdaa2b30000 r--s 00027000 08:08 4069556                    /home/cheeky/.gradle/caches/modules-2/files-2.1/org.eclipse.jetty/jetty-http/9.4.9.v20180320/64d93698196ea7a66b33c754a0eac2a97d5af4b6/jetty-http-9.4.9.v20180320.jar
7fdaa2b30000-7fdaa2b38000 r--s 00087000 08:08 4069564                    /home/cheeky/.gradle/caches/modules-2/files-2.1/org.eclipse.jetty/jetty-server/9.4.9.v20180320/8847f7278e8ace7a1f5847e71563c8a10546582/jetty-server-9.4.9.v20180320.jar
7fdaa2b38000-7fdaa2b3a000 r--s 00015000 08:08 4069550                    /home/cheeky/.gradle/caches/modules-2/files-2.1/org.eclipse.jetty/jetty-security/9.4.9.v20180320/dadd28ef757d9b8cdd1d7eef7fcbfa0b482c4648/jetty-security-9.4.9.v20180320.jar
7fdaa2b3a000-7fdaa2b3c000 r--s 00019000 08:08 4069552                    /home/cheeky/.gradle/caches/modules-2/files-2.1/org.eclipse.jetty/jetty-servlet/9.4.9.v20180320/d4453b746bc581af6ec5bce09228dc802bec1040/jetty-servlet-9.4.9.v20180320.jar
7fdaa2b3c000-7fdaa2b42000 r--s 0003f000 08:08 4332752                    /home/cheeky/.gradle/caches/modules-2/files-2.1/org.eclipse.jetty/jetty-client/9.4.9.v20180320/c6ed57d55c5d55927c6e11fc47972a4eeacba6f4/jetty-client-9.4.9.v20180320.jar
7fdaa2b42000-7fdaa2b44000 r--s 00007000 08:08 4069548                    /home/cheeky/.gradle/caches/modules-2/files-2.1/org.eclipse.jetty.websocket/websocket-client/9.4.9.v20180320/7bd061a1e4f061a02c9fa1441ff93aca213b303c/websocket-client-9.4.9.v20180320.jar
7fdaa2b44000-7fdaa2b49000 r--s 00023000 08:08 4069554                    /home/cheeky/.gradle/caches/modules-2/files-2.1/org.eclipse.jetty.websocket/javax-websocket-client-impl/9.4.9.v20180320/c7023867be962419496b41ba736c0cf793c63133/javax-websocket-client-impl-9.4.9.v20180320.jar
7fdaa2b49000-7fdaa2b4b000 r--s 00003000 08:08 4069546                    /home/cheeky/.gradle/caches/modules-2/files-2.1/org.eclipse.jetty/jetty-continuation/9.4.9.v20180320/590a07c7daf76c755e2daefb1aa0a91b41b26d87/jetty-continuation-9.4.9.v20180320.jar
7fdaa2b4b000-7fdaa2b4d000 r--s 0000f000 08:08 7229800                    /home/cheeky/.gradle/caches/modules-2/files-2.1/org.jboss.logging/jboss-logging/3.3.2.Final/3789d00e859632e6c6206adc0c71625559e6e3b0/jboss-logging-3.3.2.Final.jar
7fdaa2b4d000-7fdaa2b50000 r--s 00010000 08:08 3408122                    /home/cheeky/.gradle/caches/modules-2/files-2.1/org.hibernate.common/hibernate-commons-annotations/5.0.1.Final/71e1cff3fcb20d3b3af4f3363c3ddb24d33c6879/hibernate-commons-annotations-5.0.1.Final.jar
7fdaa2b50000-7fdaa2b55000 r--s 00012000 08:08 5384222                    /home/cheeky/.gradle/caches/modules-2/files-2.1/javax.validation/validation-api/2.0.1.Final/cb855558e6271b1b32e716d24cb85c7f583ce09e/validation-api-2.0.1.Final.jar
7fdaa2b55000-7fdaa2b68000 r--s 00135000 08:08 7619559                    /home/cheeky/.gradle/caches/modules-2/files-2.1/com.fasterxml.jackson.core/jackson-databind/2.9.5/3490508379d065fe3fcb80042b62f630f7588606/jackson-databind-2.9.5.jar
7fdaa2b68000-7fdaa2b6a000 r--s 00001000 08:08 7619551                    /home/cheeky/.gradle/caches/modules-2/files-2.1/com.fasterxml.jackson.module/jackson-module-parameter-names/2.9.5/f824c60751ffb7bfc3a0d30dfe0e42317d8e67f5/jackson-module-parameter-names-2.9.5.jar
7fdaa2b6a000-7fdaa2b6d000 r--s 00016000 08:08 7619553                    /home/cheeky/.gradle/caches/modules-2/files-2.1/com.fasterxml.jackson.datatype/jackson-datatype-jsr310/2.9.5/d1f0d11e816bc04e222a261106ca138801841c2d/jackson-datatype-jsr310-2.9.5.jar
7fdaa2b6d000-7fdaa2b6f000 r--s 00007000 08:08 7619549                    /home/cheeky/.gradle/caches/modules-2/files-2.1/com.fasterxml.jackson.datatype/jackson-datatype-jdk8/2.9.5/23e37f085279ba316c0df923513b81609e1d1f6/jackson-datatype-jdk8-2.9.5.jar
7fdaa2b6f000-7fdaa2b71000 r--s 00004000 08:08 7999152                    /home/cheeky/.gradle/caches/modules-2/files-2.1/org.mapstruct/mapstruct/1.2.0.Final/8609d6eb044e9f6c73cb24c8f2f4ed5c72a249c7/mapstruct-1.2.0.Final.jar
7fdaa2b71000-7fdaa2b73000 r--s 00009000 08:08 3675096                    /home/cheeky/.gradle/caches/modules-2/files-2.1/org.slf4j/slf4j-api/1.7.25/da76ca59f6a57ee3102f8f9bd9cee742973efa8a/slf4j-api-1.7.25.jar
7fdaa2b73000-7fdaa2b75000 r--s 00000000 08:08 3675104                    /home/cheeky/.gradle/caches/modules-2/files-2.1/org.slf4j/jul-to-slf4j/1.7.25/af5364cd6679bfffb114f0dec8a157aaa283b76/jul-to-slf4j-1.7.25.jar
7fdaa2b75000-7fdaa2b77000 r--s 00003000 08:08 7603376                    /home/cheeky/.gradle/caches/modules-2/files-2.1/org.apache.logging.log4j/log4j-to-slf4j/2.10.0/f7e631ccf49cfc0aefa4a2a728da7d374c05bd3c/log4j-to-slf4j-2.10.0.jar
7fdaa2b77000-7fdaa2b7d000 r--s 00041000 08:08 7603374                    /home/cheeky/.gradle/caches/modules-2/files-2.1/ch.qos.logback/logback-classic/1.2.3/7c4f3c474fb2c041d8028740440937705ebb473a/logback-classic-1.2.3.jar
7fdaa2b7d000-7fdaa2b80000 r--s 00020000 08:08 7619545                    /home/cheeky/.gradle/caches/modules-2/files-2.1/com.zaxxer/HikariCP/2.7.8/4a3a604fa2efa89621aa498d04e000b2bed90c39/HikariCP-2.7.8.jar
7fdaa2b80000-7fdaa2b82000 r--s 0000e000 08:08 3675110                    /home/cheeky/.gradle/caches/modules-2/files-2.1/com.fasterxml/classmate/1.3.4/3d5f48f10bbe4eb7bd862f10c0583be2e0053c6/classmate-1.3.4.jar
7fdaa2b82000-7fdaa2bb1000 r--s 00226000 08:08 4855433                    /home/cheeky/.gradle/caches/modules-2/files-2.1/com.google.guava/guava/20.0/89507701249388e1ed5ddcf8c41f4ce1be7831ef/guava-20.0.jar
7fdaa2bb1000-7fdaa2bb4000 r--s 0001d000 08:08 4855431                    /home/cheeky/.gradle/caches/modules-2/files-2.1/org.reflections/reflections/0.9.11/4c686033d918ec1727e329b7222fcb020152e32b/reflections-0.9.11.jar
7fdaa2bb4000-7fdaa2bb8000 r--s 00020000 08:08 7999148                    /home/cheeky/.gradle/caches/modules-2/files-2.1/io.swagger/swagger-models/1.5.14/581d784b65e82cee5bf3e91d193d3f9c0c702453/swagger-models-1.5.14.jar
7fdaa2bb8000-7fdaa2bbf000 r--s 00042000 08:08 7603322                    /home/cheeky/.gradle/caches/modules-2/files-2.1/org.yaml/snakeyaml/1.19/2d998d3d674b172a588e54ab619854d073f555b5/snakeyaml-1.19.jar
7fdaa2bbf000-7fdaa2bd7000 r--s 00114000 08:08 5384244                    /home/cheeky/.gradle/caches/modules-2/files-2.1/org.springframework/spring-core/5.0.5.RELEASE/1bd9feb1d9dac6accd27f5244b6c47cfcb55045c/spring-core-5.0.5.RELEASE.jar
7fdaa2bd7000-7fdaa2be4000 r--s 00095000 08:08 7619541                    /home/cheeky/.gradle/caches/modules-2/files-2.1/org.springframework/spring-beans/5.0.5.RELEASE/984445863c0bbdaaf860615762d998b471a6bf92/spring-beans-5.0.5.RELEASE.jar
7fdaa2be4000-7fdaa2bec000 r--s 00037000 08:08 7357862                    /home/cheeky/.gradle/caches/modules-2/files-2.1/org.springframework/spring-tx/5.0.5.RELEASE/b772fbba533da282adc89f33e2619ee8a8bba601/spring-tx-5.0.5.RELEASE.jar
7fdaa2bec000-7fdaa2c03000 r--s 000f0000 08:08 7619537                    /home/cheeky/.gradle/caches/modules-2/files-2.1/org.springframework.data/spring-data-commons/2.0.6.RELEASE/4d65fdcbe258961e866f4f85c87c13193bbfd18c/spring-data-commons-2.0.6.RELEASE.jar
7fdaa2c03000-7fdaa2c0c000 r--s 00059000 08:08 7229860                    /home/cheeky/.gradle/caches/modules-2/files-2.1/org.springframework/spring-jdbc/5.0.5.RELEASE/456bc4d2281c37aa2f2206651a3048a1d3559d2a/spring-jdbc-5.0.5.RELEASE.jar
7fdaa2c0c000-7fdaa2c26000 r--s 000f1000 08:08 7619539                    /home/cheeky/.gradle/caches/modules-2/files-2.1/org.springframework/spring-context/5.0.5.RELEASE/9cca4bf5acb693249a01c218f471c677b951d6e2/spring-context-5.0.5.RELEASE.jar
7fdaa2c26000-7fdaa2ca3000 r--s 005ee000 08:08 7103434                    /home/cheeky/.gradle/caches/modules-2/files-2.1/org.hibernate/hibernate-core/5.2.16.Final/c169565556721e21e9bdc193a3e8e25160a45468/hibernate-core-5.2.16.Final.jar
7fdaa2ca3000-7fdaa2d39000 r--s 008dd000 08:08 7209985                    /usr/lib/jvm/java-8-openjdk/jre/lib/ext/jfxrt.jar
7fdaa2d39000-7fdaa2d3c000 ---p 00000000 00:00 0 
7fdaa2d3c000-7fdaa2e3a000 rw-p 00000000 00:00 0 
7fdaa2e3a000-7fdaa2ff0000 r--p 00000000 08:08 5561427                    /usr/lib/locale/locale-archive
7fdaa2ff0000-7fdaa2ff3000 ---p 00000000 00:00 0 
7fdaa2ff3000-7fdaa30f1000 rw-p 00000000 00:00 0 
7fdaa30f1000-7fdaa30f4000 ---p 00000000 00:00 0 
7fdaa30f4000-7fdaa31f2000 rw-p 00000000 00:00 0 
7fdaa31f2000-7fdaa31f3000 ---p 00000000 00:00 0 
7fdaa31f3000-7fdaa4000000 rw-p 00000000 00:00 0 
7fdaa4000000-7fdaa4021000 rw-p 00000000 00:00 0 
7fdaa4021000-7fdaa8000000 ---p 00000000 00:00 0 
7fdaa8000000-7fdaa8021000 rw-p 00000000 00:00 0 
7fdaa8021000-7fdaac000000 ---p 00000000 00:00 0 
7fdaac000000-7fdaac021000 rw-p 00000000 00:00 0 
7fdaac021000-7fdab0000000 ---p 00000000 00:00 0 
7fdab0000000-7fdab0002000 r--s 00004000 08:08 7999150                    /home/cheeky/.gradle/caches/modules-2/files-2.1/io.swagger/swagger-annotations/1.5.14/989c19cd0a90768885532318ca5fd7ea16290cc8/swagger-annotations-1.5.14.jar
7fdab0002000-7fdab0007000 r--s 0003f000 08:08 7619543                    /home/cheeky/.gradle/caches/modules-2/files-2.1/org.springframework/spring-expression/5.0.5.RELEASE/fc6c7a95aeb7d00f4c65c338b08d97767eb0dd99/spring-expression-5.0.5.RELEASE.jar
7fdab0007000-7fdab000b000 r--s 0002b000 08:08 7229858                    /home/cheeky/.gradle/caches/modules-2/files-2.1/org.springframework/spring-orm/5.0.5.RELEASE/6734f5ef4c2ebf1d00021fd4b314138f10792174/spring-orm-5.0.5.RELEASE.jar
7fdab000b000-7fdab0014000 r--s 00051000 08:08 5250876                    /home/cheeky/.gradle/caches/modules-2/files-2.1/org.springframework/spring-aop/5.0.5.RELEASE/b11b61b94d7fb752a1c9bf3461d655c3084fae47/spring-aop-5.0.5.RELEASE.jar
7fdab0014000-7fdab0016000 r--s 00000000 08:08 3408066                    /home/cheeky/.gradle/caches/modules-2/files-2.1/org.springframework.plugin/spring-plugin-metadata/1.2.0.RELEASE/97223fc496b6cab31602eedbd4202aa4fff0d44f/spring-plugin-metadata-1.2.0.RELEASE.jar
7fdab0016000-7fdab001a000 r--s 00018000 08:08 7999146                    /home/cheeky/.gradle/caches/modules-2/files-2.1/io.springfox/springfox-core/2.8.0/5f0fbaa34cc01dfca7089000c4943629d7e1c9dc/springfox-core-2.8.0.jar
7fdab001a000-7fdab001d000 r--s 0000a000 08:08 7999144                    /home/cheeky/.gradle/caches/modules-2/files-2.1/io.springfox/springfox-spi/2.8.0/efe49b45357dd9f6c27799a5f7f5ba1ce6bdc05f/springfox-spi-2.8.0.jar
7fdab001d000-7fdab0020000 r--s 00011000 08:08 7999142                    /home/cheeky/.gradle/caches/modules-2/files-2.1/io.springfox/springfox-schema/2.8.0/70ed8275e2277bffe269c8dbd688f54464bf1222/springfox-schema-2.8.0.jar
7fdab0020000-7fdab0025000 r--s 00027000 08:08 7999140                    /home/cheeky/.gradle/caches/modules-2/files-2.1/io.springfox/springfox-spring-web/2.8.0/cb2ce464b07919158dde1ad40f72cca9c364559b/springfox-spring-web-2.8.0.jar
7fdab0025000-7fdab0028000 r--s 00015000 08:08 7999138                    /home/cheeky/.gradle/caches/modules-2/files-2.1/io.springfox/springfox-swagger-common/2.8.0/e0fc6a0096eb8d40fac7cc8206ddbb2fe73051d2/springfox-swagger-common-2.8.0.jar
7fdab0028000-7fdab002a000 r--s 00005000 08:08 6564753                    /home/cheeky/.gradle/caches/modules-2/files-2.1/javax.annotation/javax.annotation-api/1.3.2/934c04d3cfef185a8008e7bf34331b79730a9d43/javax.annotation-api-1.3.2.jar
7fdab002a000-7fdab003f000 r--s 000ce000 08:08 7103436                    /home/cheeky/.gradle/caches/modules-2/files-2.1/org.springframework.boot/spring-boot/2.0.1.RELEASE/b8c5b14cbb0e52fdded8f98a8c1493cc74c7cf59/spring-boot-2.0.1.RELEASE.jar
7fdab003f000-7fdab005f000 r--s 000fa000 08:08 6973564                    /home/cheeky/.gradle/caches/modules-2/files-2.1/org.springframework.boot/spring-boot-autoconfigure/2.0.1.RELEASE/b0bf9d34ed70c6987a86cd58a009065e5fa02545/spring-boot-autoconfigure-2.0.1.RELEASE.jar
7fdab005f000-7fdab0061000 r--s 0000a000 08:08 6564723                    /home/cheeky/.gradle/caches/modules-2/files-2.1/org.springframework/spring-aspects/5.0.5.RELEASE/34994566374425cfdf82634720b010ed20be512d/spring-aspects-5.0.5.RELEASE.jar
7fdab0061000-7fdab0069000 r--s 0004a000 08:08 4857004                    /home/cheeky/.gradle/caches/modules-2/files-2.1/org.springframework.data/spring-data-jpa/2.0.6.RELEASE/2c683dfbd06551bfd6cc7e05f9d13f5c54c79ba/spring-data-jpa-2.0.6.RELEASE.jar
7fdab0069000-7fdab006b000 r--s 00006000 08:08 3408082                    /home/cheeky/.gradle/caches/modules-2/files-2.1/javax.transaction/javax.transaction-api/1.2/d81aff979d603edd90dcd8db2abc1f4ce6479e3e/javax.transaction-api-1.2.jar
7fdab006b000-7fdab0070000 r--s 00037000 08:08 7229786                    /home/cheeky/.gradle/caches/modules-2/files-2.1/org.mortbay.jasper/apache-el/8.5.24.2/cd26aaf6c7ee59af58f0e8c12bfda318bf474c49/apache-el-8.5.24.2.jar
7fdab0070000-7fdab0072000 r--s 00007000 08:08 4069540                    /home/cheeky/.gradle/caches/modules-2/files-2.1/org.eclipse.jetty.websocket/websocket-server/9.4.9.v20180320/c278d6649a5c754f5ae5182f4ee680309c3880d3/websocket-server-9.4.9.v20180320.jar
7fdab0072000-7fdab0075000 r--s 0001d000 08:08 4069544                    /home/cheeky/.gradle/caches/modules-2/files-2.1/org.eclipse.jetty/jetty-webapp/9.4.9.v20180320/e10113bbae52fa213ede3cafb9235ba1b1884bed/jetty-webapp-9.4.9.v20180320.jar
7fdab0075000-7fdab0077000 r--s 0000c000 08:08 4069572                    /home/cheeky/.gradle/caches/modules-2/files-2.1/org.eclipse.jetty/jetty-plus/9.4.9.v20180320/e2f7e249dd5c625154126e6e04c96e6cdc77f1ed/jetty-plus-9.4.9.v20180320.jar
7fdab0077000-7fdab0091000 r--s 00119000 08:08 6715661                    /home/cheeky/.gradle/caches/modules-2/files-2.1/org.springframework/spring-web/5.0.5.RELEASE/d51dbb5cabe72ae02e400577bac48f7fc94088de/spring-web-5.0.5.RELEASE.jar
7fdab0091000-7fdab0293000 rw-p 00000000 00:00 0 
7fdab0293000-7fdab0462000 r--s 03c2b000 08:08 6828770                    /usr/lib/jvm/java-8-openjdk/jre/lib/rt.jar
7fdab0462000-7fdab4dfe000 rw-p 00000000 00:00 0 
7fdab4dfe000-7fdab4dff000 ---p 00000000 00:00 0 
7fdab4dff000-7fdab4eff000 rw-p 00000000 00:00 0 
7fdab4eff000-7fdab4f00000 ---p 00000000 00:00 0 
7fdab4f00000-7fdab5000000 rw-p 00000000 00:00 0 
7fdab5000000-7fdab52a0000 rwxp 00000000 00:00 0 
7fdab52a0000-7fdac4000000 ---p 00000000 00:00 0 
7fdac4000000-7fdac4897000 rw-p 00000000 00:00 0 
7fdac4897000-7fdac8000000 ---p 00000000 00:00 0 
7fdac8000000-7fdac8001000 r--s 00004000 08:08 3408068                    /home/cheeky/.gradle/caches/modules-2/files-2.1/org.springframework.plugin/spring-plugin-core/1.2.0.RELEASE/f380e7760032e7d929184f8ad8a33716b75c0657/spring-plugin-core-1.2.0.RELEASE.jar
7fdac8001000-7fdac8010000 r--s 000b2000 08:08 6829101                    /home/cheeky/.gradle/caches/modules-2/files-2.1/org.springframework/spring-webmvc/5.0.5.RELEASE/a7fd53c7ad06b0fa7dd4ff347de1b2dc508739e/spring-webmvc-5.0.5.RELEASE.jar
7fdac8010000-7fdac802d000 r--s 000f8000 08:08 6829099                    /home/cheeky/.gradle/caches/modules-2/files-2.1/org.hibernate.validator/hibernate-validator/6.0.9.Final/b149e4cce82379f11f6129eb3187ca8ae5404005/hibernate-validator-6.0.9.Final.jar
7fdac802d000-7fdac8040000 r--s 00346000 08:08 6819707                    /usr/lib/jvm/java-8-openjdk/jre/lib/resources.jar
7fdac8040000-7fdac80b6000 rw-p 00000000 00:00 0 
7fdac80b6000-7fdac80b7000 ---p 00000000 00:00 0 
7fdac80b7000-7fdac81b7000 rw-p 00000000 00:00 0 
7fdac81b7000-7fdac81b8000 ---p 00000000 00:00 0 
7fdac81b8000-7fdac82e2000 rw-p 00000000 00:00 0 
7fdac82e2000-7fdac854b000 ---p 00000000 00:00 0 
7fdac854b000-7fdac8575000 rw-p 00000000 00:00 0 
7fdac8575000-7fdac87dd000 ---p 00000000 00:00 0 
7fdac87dd000-7fdac87f3000 rw-p 00000000 00:00 0 
7fdac87f3000-7fdac8927000 ---p 00000000 00:00 0 
7fdac8927000-7fdac8933000 rw-p 00000000 00:00 0 
7fdac8933000-7fdac8ce8000 ---p 00000000 00:00 0 
7fdac8ce8000-7fdac8cf0000 r-xp 00000000 08:08 6973060                    /usr/lib/jvm/java-8-openjdk/jre/lib/amd64/libzip.so
7fdac8cf0000-7fdac8eef000 ---p 00008000 08:08 6973060                    /usr/lib/jvm/java-8-openjdk/jre/lib/amd64/libzip.so
7fdac8eef000-7fdac8ef0000 r--p 00007000 08:08 6973060                    /usr/lib/jvm/java-8-openjdk/jre/lib/amd64/libzip.so
7fdac8ef0000-7fdac8ef1000 rw-p 00008000 08:08 6973060                    /usr/lib/jvm/java-8-openjdk/jre/lib/amd64/libzip.so
7fdac8ef1000-7fdac8efc000 r-xp 00000000 08:08 5507246                    /usr/lib/libnss_files-2.26.so
7fdac8efc000-7fdac90fb000 ---p 0000b000 08:08 5507246                    /usr/lib/libnss_files-2.26.so
7fdac90fb000-7fdac90fc000 r--p 0000a000 08:08 5507246                    /usr/lib/libnss_files-2.26.so
7fdac90fc000-7fdac90fd000 rw-p 0000b000 08:08 5507246                    /usr/lib/libnss_files-2.26.so
7fdac90fd000-7fdac9103000 rw-p 00000000 00:00 0 
7fdac9103000-7fdac910d000 r-xp 00000000 08:08 6973058                    /usr/lib/jvm/java-8-openjdk/jre/lib/amd64/libinstrument.so
7fdac910d000-7fdac930c000 ---p 0000a000 08:08 6973058                    /usr/lib/jvm/java-8-openjdk/jre/lib/amd64/libinstrument.so
7fdac930c000-7fdac930d000 r--p 00009000 08:08 6973058                    /usr/lib/jvm/java-8-openjdk/jre/lib/amd64/libinstrument.so
7fdac930d000-7fdac930e000 rw-p 0000a000 08:08 6973058                    /usr/lib/jvm/java-8-openjdk/jre/lib/amd64/libinstrument.so
7fdac930e000-7fdac933c000 r-xp 00000000 08:08 6952160                    /usr/lib/jvm/java-8-openjdk/jre/lib/amd64/libjava.so
7fdac933c000-7fdac953b000 ---p 0002e000 08:08 6952160                    /usr/lib/jvm/java-8-openjdk/jre/lib/amd64/libjava.so
7fdac953b000-7fdac953c000 r--p 0002d000 08:08 6952160                    /usr/lib/jvm/java-8-openjdk/jre/lib/amd64/libjava.so
7fdac953c000-7fdac953e000 rw-p 0002e000 08:08 6952160                    /usr/lib/jvm/java-8-openjdk/jre/lib/amd64/libjava.so
7fdac953e000-7fdac954b000 r-xp 00000000 08:08 6950774                    /usr/lib/jvm/java-8-openjdk/jre/lib/amd64/libverify.so
7fdac954b000-7fdac974a000 ---p 0000d000 08:08 6950774                    /usr/lib/jvm/java-8-openjdk/jre/lib/amd64/libverify.so
7fdac974a000-7fdac974c000 r--p 0000c000 08:08 6950774                    /usr/lib/jvm/java-8-openjdk/jre/lib/amd64/libverify.so
7fdac974c000-7fdac974d000 rw-p 0000e000 08:08 6950774                    /usr/lib/jvm/java-8-openjdk/jre/lib/amd64/libverify.so
7fdac974d000-7fdac9754000 r-xp 00000000 08:08 5507232                    /usr/lib/librt-2.26.so
7fdac9754000-7fdac9953000 ---p 00007000 08:08 5507232                    /usr/lib/librt-2.26.so
7fdac9953000-7fdac9954000 r--p 00006000 08:08 5507232                    /usr/lib/librt-2.26.so
7fdac9954000-7fdac9955000 rw-p 00007000 08:08 5507232                    /usr/lib/librt-2.26.so
7fdac9955000-7fdac9aa0000 r-xp 00000000 08:08 5507238                    /usr/lib/libm-2.26.so
7fdac9aa0000-7fdac9c9f000 ---p 0014b000 08:08 5507238                    /usr/lib/libm-2.26.so
7fdac9c9f000-7fdac9ca0000 r--p 0014a000 08:08 5507238                    /usr/lib/libm-2.26.so
7fdac9ca0000-7fdac9ca1000 rw-p 0014b000 08:08 5507238                    /usr/lib/libm-2.26.so
7fdac9ca1000-7fdaca939000 r-xp 00000000 08:08 7209978                    /usr/lib/jvm/java-8-openjdk/jre/lib/amd64/server/libjvm.so
7fdaca939000-7fdacab38000 ---p 00c98000 08:08 7209978                    /usr/lib/jvm/java-8-openjdk/jre/lib/amd64/server/libjvm.so
7fdacab38000-7fdacabcc000 r--p 00c97000 08:08 7209978                    /usr/lib/jvm/java-8-openjdk/jre/lib/amd64/server/libjvm.so
7fdacabcc000-7fdacabf4000 rw-p 00d2b000 08:08 7209978                    /usr/lib/jvm/java-8-openjdk/jre/lib/amd64/server/libjvm.so
7fdacabf4000-7fdacac25000 rw-p 00000000 00:00 0 
7fdacac25000-7fdacadd3000 r-xp 00000000 08:08 5507308                    /usr/lib/libc-2.26.so
7fdacadd3000-7fdacafd2000 ---p 001ae000 08:08 5507308                    /usr/lib/libc-2.26.so
7fdacafd2000-7fdacafd6000 r--p 001ad000 08:08 5507308                    /usr/lib/libc-2.26.so
7fdacafd6000-7fdacafd8000 rw-p 001b1000 08:08 5507308                    /usr/lib/libc-2.26.so
7fdacafd8000-7fdacafdc000 rw-p 00000000 00:00 0 
7fdacafdc000-7fdacafdf000 r-xp 00000000 08:08 5507240                    /usr/lib/libdl-2.26.so
7fdacafdf000-7fdacb1de000 ---p 00003000 08:08 5507240                    /usr/lib/libdl-2.26.so
7fdacb1de000-7fdacb1df000 r--p 00002000 08:08 5507240                    /usr/lib/libdl-2.26.so
7fdacb1df000-7fdacb1e0000 rw-p 00003000 08:08 5507240                    /usr/lib/libdl-2.26.so
7fdacb1e0000-7fdacb1ee000 r-xp 00000000 08:08 7209977                    /usr/lib/jvm/java-8-openjdk/jre/lib/amd64/jli/libjli.so
7fdacb1ee000-7fdacb3ed000 ---p 0000e000 08:08 7209977                    /usr/lib/jvm/java-8-openjdk/jre/lib/amd64/jli/libjli.so
7fdacb3ed000-7fdacb3ee000 r--p 0000d000 08:08 7209977                    /usr/lib/jvm/java-8-openjdk/jre/lib/amd64/jli/libjli.so
7fdacb3ee000-7fdacb3ef000 rw-p 0000e000 08:08 7209977                    /usr/lib/jvm/java-8-openjdk/jre/lib/amd64/jli/libjli.so
7fdacb3ef000-7fdacb405000 r-xp 00000000 08:08 5515651                    /usr/lib/libz.so.1.2.11
7fdacb405000-7fdacb604000 ---p 00016000 08:08 5515651                    /usr/lib/libz.so.1.2.11
7fdacb604000-7fdacb605000 r--p 00015000 08:08 5515651                    /usr/lib/libz.so.1.2.11
7fdacb605000-7fdacb606000 rw-p 00016000 08:08 5515651                    /usr/lib/libz.so.1.2.11
7fdacb606000-7fdacb61f000 r-xp 00000000 08:08 5507328                    /usr/lib/libpthread-2.26.so
7fdacb61f000-7fdacb81e000 ---p 00019000 08:08 5507328                    /usr/lib/libpthread-2.26.so
7fdacb81e000-7fdacb81f000 r--p 00018000 08:08 5507328                    /usr/lib/libpthread-2.26.so
7fdacb81f000-7fdacb820000 rw-p 00019000 08:08 5507328                    /usr/lib/libpthread-2.26.so
7fdacb820000-7fdacb824000 rw-p 00000000 00:00 0 
7fdacb824000-7fdacb849000 r-xp 00000000 08:08 5507309                    /usr/lib/ld-2.26.so
7fdacb849000-7fdacb84a000 r--s 00000000 08:08 6973562                    /home/cheeky/.gradle/caches/modules-2/files-2.1/org.springframework.boot/spring-boot-starter-logging/2.0.1.RELEASE/10681a28c95e9f9c0159327a1ed0c860517c7ad7/spring-boot-starter-logging-2.0.1.RELEASE.jar
7fdacb84a000-7fdacb84d000 r--s 00011000 08:08 4069542                    /home/cheeky/.gradle/caches/modules-2/files-2.1/org.eclipse.jetty/jetty-annotations/9.4.9.v20180320/873f5343e6c63284b6d8b2e41db11ccb4c526bc9/jetty-annotations-9.4.9.v20180320.jar
7fdacb84d000-7fdacb84e000 r--s 00008000 08:08 4069538                    /home/cheeky/.gradle/caches/modules-2/files-2.1/org.eclipse.jetty.websocket/javax-websocket-server-impl/9.4.9.v20180320/c3c24b4c38a14a2d7789dd1f864b5c468cfe7e3e/javax-websocket-server-impl-9.4.9.v20180320.jar
7fdacb84e000-7fdacb850000 r--s 00015000 08:08 4069536                    /home/cheeky/.gradle/caches/modules-2/files-2.1/org.eclipse.jetty/jetty-servlets/9.4.9.v20180320/cb40696bb683655b7abb4ca72ad08708cd99ca7b/jetty-servlets-9.4.9.v20180320.jar
7fdacb850000-7fdacb851000 r--s 0041e000 08:08 7355673                    /home/cheeky/.gradle/caches/modules-2/files-2.1/io.springfox/springfox-swagger-ui/2.8.0/2b895560df9cd70a2e93119188981b004b4e2ad5/springfox-swagger-ui-2.8.0.jar
7fdacb851000-7fdacb853000 r--s 0000e000 08:08 7999136                    /home/cheeky/.gradle/caches/modules-2/files-2.1/io.springfox/springfox-swagger2/2.8.0/27fbca30912258ce0e31cd56361f732f6c27d5ff/springfox-swagger2-2.8.0.jar
7fdacb853000-7fdacb854000 r--s 00000000 08:08 4726847                    /home/cheeky/.gradle/caches/modules-2/files-2.1/org.springframework.boot/spring-boot-starter/2.0.1.RELEASE/33abc1286b0aabea4f08ff4285d09e587835a716/spring-boot-starter-2.0.1.RELEASE.jar
7fdacb854000-7fdacb855000 r--s 00000000 08:08 5911574                    /home/cheeky/.gradle/caches/modules-2/files-2.1/org.springframework.boot/spring-boot-starter-jdbc/2.0.1.RELEASE/a22a7ac74388118938bfcd894318cd0c5a7c380b/spring-boot-starter-jdbc-2.0.1.RELEASE.jar
7fdacb855000-7fdacb856000 r--s 00000000 08:08 5911570                    /home/cheeky/.gradle/caches/modules-2/files-2.1/org.springframework.boot/spring-boot-starter-aop/2.0.1.RELEASE/c7f7b5b5e63edca2fb04899d13d8bad83377b4b3/spring-boot-starter-aop-2.0.1.RELEASE.jar
7fdacb856000-7fdacb857000 r--s 00000000 08:08 7619565                    /home/cheeky/.gradle/caches/modules-2/files-2.1/org.springframework.boot/spring-boot-starter-json/2.0.1.RELEASE/f2e1aeeb1ac02bfa1b4f7254633484af1866fc65/spring-boot-starter-json-2.0.1.RELEASE.jar
7fdacb857000-7fdacb858000 r--s 00000000 08:08 5384254                    /home/cheeky/.gradle/caches/modules-2/files-2.1/org.springframework.boot/spring-boot-starter-data-jpa/2.0.1.RELEASE/b7c701f60073e2d2b8a8f5502dcc39d4f65f45ff/spring-boot-starter-data-jpa-2.0.1.RELEASE.jar
7fdacb858000-7fdacb859000 r--s 00000000 08:08 4069534                    /home/cheeky/.gradle/caches/modules-2/files-2.1/org.springframework.boot/spring-boot-starter-jetty/2.0.1.RELEASE/b270ff3f1ca7e495f8297d78641a5f86f5b0cd48/spring-boot-starter-jetty-2.0.1.RELEASE.jar
7fdacb859000-7fdacb85a000 r--s 00000000 08:08 5667223                    /home/cheeky/.gradle/caches/modules-2/files-2.1/org.springframework.boot/spring-boot-starter-web/2.0.1.RELEASE/88751ed76791d12425ce5a80476baf1749a44cf4/spring-boot-starter-web-2.0.1.RELEASE.jar
7fdacb85a000-7fdacb85b000 r--s 00000000 08:08 6819700                    /usr/lib/jvm/java-8-openjdk/jre/lib/management-agent.jar
7fdacb85b000-7fdacb860000 r--s 0009d000 08:08 6819701                    /usr/lib/jvm/java-8-openjdk/jre/lib/jsse.jar
7fdacb860000-7fdacb861000 r--s 00009000 08:08 6819685                    /usr/lib/jvm/java-8-openjdk/jre/lib/jfxswt.jar
7fdacb861000-7fdacb864000 r--s 00015000 08:08 6819704                    /usr/lib/jvm/java-8-openjdk/jre/lib/jce.jar
7fdacb864000-7fdacb90d000 rw-p 00000000 00:00 0 
7fdacb90d000-7fdacb90e000 ---p 00000000 00:00 0 
7fdacb90e000-7fdacb911000 ---p 00000000 00:00 0 
7fdacb911000-7fdacba12000 rw-p 00000000 00:00 0 
7fdacba12000-7fdacba17000 r--s 002f9000 08:08 6819706                    /usr/lib/jvm/java-8-openjdk/jre/lib/charsets.jar
7fdacba17000-7fdacba3e000 rw-p 00000000 00:00 0 
7fdacba3e000-7fdacba46000 rw-s 00000000 00:2d 305877                     /tmp/hsperfdata_cheeky/8836
7fdacba46000-7fdacba47000 rw-p 00000000 00:00 0 
7fdacba47000-7fdacba48000 ---p 00000000 00:00 0 
7fdacba48000-7fdacba49000 r--p 00024000 08:08 5507309                    /usr/lib/ld-2.26.so
7fdacba49000-7fdacba4a000 rw-p 00025000 08:08 5507309                    /usr/lib/ld-2.26.so
7fdacba4a000-7fdacba4b000 rw-p 00000000 00:00 0 
7ffd75c96000-7ffd75cbb000 rw-p 00000000 00:00 0                          [stack]
7ffd75de6000-7ffd75de9000 r--p 00000000 00:00 0                          [vvar]
7ffd75de9000-7ffd75deb000 r-xp 00000000 00:00 0                          [vdso]

VM Arguments:
jvm_args: -XX:TieredStopAtLevel=1 -Xverify:none -Dspring.output.ansi.enabled=always -Dcom.sun.management.jmxremote -Dcom.sun.management.jmxremote.port=33259 -Dcom.sun.management.jmxremote.authenticate=false -Dcom.sun.management.jmxremote.ssl=false -Djava.rmi.server.hostname=localhost -Dspring.liveBeansView.mbeanDomain -Dspring.application.admin.enabled=true -javaagent:/opt/intellij-idea-ultimate-edition/lib/idea_rt.jar=36099:/opt/intellij-idea-ultimate-edition/bin -Dfile.encoding=UTF-8 
java_command: com.kuligowski.maciej.platformy.lab4.allegretto.AllegrettoApplication
java_class_path (initial): /usr/lib/jvm/default-runtime/jre/lib/charsets.jar:/usr/lib/jvm/default-runtime/jre/lib/ext/cldrdata.jar:/usr/lib/jvm/default-runtime/jre/lib/ext/dnsns.jar:/usr/lib/jvm/default-runtime/jre/lib/ext/jaccess.jar:/usr/lib/jvm/default-runtime/jre/lib/ext/jfxrt.jar:/usr/lib/jvm/default-runtime/jre/lib/ext/localedata.jar:/usr/lib/jvm/default-runtime/jre/lib/ext/nashorn.jar:/usr/lib/jvm/default-runtime/jre/lib/ext/sunec.jar:/usr/lib/jvm/default-runtime/jre/lib/ext/sunjce_provider.jar:/usr/lib/jvm/default-runtime/jre/lib/ext/sunpkcs11.jar:/usr/lib/jvm/default-runtime/jre/lib/ext/zipfs.jar:/usr/lib/jvm/default-runtime/jre/lib/jce.jar:/usr/lib/jvm/default-runtime/jre/lib/jfxswt.jar:/usr/lib/jvm/default-runtime/jre/lib/jsse.jar:/usr/lib/jvm/default-runtime/jre/lib/management-agent.jar:/usr/lib/jvm/default-runtime/jre/lib/resources.jar:/usr/lib/jvm/default-runtime/jre/lib/rt.jar:/home/cheeky/workspace/Allegretto/out/production/classes:/home/cheeky/workspace/Allegretto/out/production/resources:/home/cheeky/.gradle/caches/modules-2/files-2.1/org.springframework.boot/spring-boot-starter-web/2.0.1.RELEASE/88751ed76791d12425ce5a80476baf1749a44cf4/spring-boot-starter-web-2.0.1.RELEASE.jar:/home/cheeky/.gradle/caches/modules-2/files-2.1/org.springframework.boot/spring-boot-starter-jetty/2.0.1.RELEASE/b270ff3f1ca7e495f8297d78641a5f86f5b0cd48/spring-boot-starter-jetty-2.0.1.RELEASE.jar:/home/cheeky/.gradle/caches/modules-2/files-2.1/org.springframework.boot/spring-boot-starter-data-jpa/2.0.1.RELEASE/b7c701f60073e2d2b8a8f5502dcc39d4f65f45ff/spring-boot-starter-data-jpa-2.0.1.RELEASE.jar:/home/cheeky/.gradle/caches/modules-2/files-2.1/org.springframework.boot/spring-boot-starter-json/2.0.1.RELEASE/f2e1aeeb1ac02bfa1b4f7254633484af1866fc65/spring-boot-starter-json-2.0.1.RELEASE.jar:/home/cheeky/.gradle/caches/modules-2/files-2.1/org.springframework.boot/spring-boot-starter-aop/2.0.1.RELEASE/c7f7b5b5e63edca2fb04899d13d8bad83377b4b3/spring-boot-starter-aop-2.0.1.REL
Launcher Type: SUN_STANDARD

Environment Variables:
PATH=/usr/local/sbin:/usr/local/bin:/usr/bin:/usr/lib/jvm/default/bin:/usr/bin/site_perl:/usr/bin/vendor_perl:/usr/bin/core_perl
SHELL=/bin/bash
DISPLAY=:0

Signal Handlers:
SIGSEGV: [libjvm.so+0xa9e370], sa_mask[0]=11111111011111111101111111111110, sa_flags=SA_RESTART|SA_SIGINFO
SIGBUS: [libjvm.so+0xa9e370], sa_mask[0]=11111111011111111101111111111110, sa_flags=SA_RESTART|SA_SIGINFO
SIGFPE: [libjvm.so+0x8d66a0], sa_mask[0]=11111111011111111101111111111110, sa_flags=SA_RESTART|SA_SIGINFO
SIGPIPE: [libjvm.so+0x8d66a0], sa_mask[0]=11111111011111111101111111111110, sa_flags=SA_RESTART|SA_SIGINFO
SIGXFSZ: [libjvm.so+0x8d66a0], sa_mask[0]=11111111011111111101111111111110, sa_flags=SA_RESTART|SA_SIGINFO
SIGILL: [libjvm.so+0x8d66a0], sa_mask[0]=11111111011111111101111111111110, sa_flags=SA_RESTART|SA_SIGINFO
SIGUSR1: SIG_DFL, sa_mask[0]=00000000000000000000000000000000, sa_flags=none
SIGUSR2: [libjvm.so+0x8d6550], sa_mask[0]=00100000000000000000000000000000, sa_flags=SA_RESTART|SA_SIGINFO
SIGHUP: [libjvm.so+0x8d6a00], sa_mask[0]=11111111011111111101111111111110, sa_flags=SA_RESTART|SA_SIGINFO
SIGINT: [libjvm.so+0x8d6a00], sa_mask[0]=11111111011111111101111111111110, sa_flags=SA_RESTART|SA_SIGINFO
SIGTERM: [libjvm.so+0x8d6a00], sa_mask[0]=11111111011111111101111111111110, sa_flags=SA_RESTART|SA_SIGINFO
SIGQUIT: [libjvm.so+0x8d6a00], sa_mask[0]=11111111011111111101111111111110, sa_flags=SA_RESTART|SA_SIGINFO


---------------  S Y S T E M  ---------------

OS:LSB_VERSION=1.4
DISTRIB_ID=Arch
DISTRIB_RELEASE=rolling
DISTRIB_DESCRIPTION="Arch Linux"

uname:Linux 4.15.5-1-ARCH #1 SMP PREEMPT Thu Feb 22 22:15:20 UTC 2018 x86_64
libc:glibc 2.26 NPTL 2.26 
rlimit: STACK 8192k, CORE infinity, NPROC 30779, NOFILE 4096, AS infinity
load average:3.71 2.66 1.94

/proc/meminfo:
MemTotal:        8090044 kB
MemFree:          632776 kB
MemAvailable:    3480072 kB
Buffers:          344540 kB
Cached:          3035116 kB
SwapCached:            0 kB
Active:          5419612 kB
Inactive:        1592932 kB
Active(anon):    3573236 kB
Inactive(anon):   502136 kB
Active(file):    1846376 kB
Inactive(file):  1090796 kB
Unevictable:          32 kB
Mlocked:              32 kB
SwapTotal:       1048572 kB
SwapFree:        1048572 kB
Dirty:             17208 kB
Writeback:             0 kB
AnonPages:       3633016 kB
Mapped:           963096 kB
Shmem:            442488 kB
Slab:             263340 kB
SReclaimable:     214972 kB
SUnreclaim:        48368 kB
KernelStack:       10880 kB
PageTables:        55144 kB
NFS_Unstable:          0 kB
Bounce:                0 kB
WritebackTmp:          0 kB
CommitLimit:     5093592 kB
Committed_AS:    9105316 kB
VmallocTotal:   34359738367 kB
VmallocUsed:           0 kB
VmallocChunk:          0 kB
HardwareCorrupted:     0 kB
AnonHugePages:         0 kB
ShmemHugePages:        0 kB
ShmemPmdMapped:        0 kB
HugePages_Total:       0
HugePages_Free:        0
HugePages_Rsvd:        0
HugePages_Surp:        0
Hugepagesize:       2048 kB
DirectMap4k:      217888 kB
DirectMap2M:     8089600 kB
DirectMap1G:           0 kB


CPU:total 4 (initial active 4) (2 cores per cpu, 2 threads per core) family 6 model 60 stepping 3, cmov, cx8, fxsr, mmx, sse, sse2, sse3, ssse3, sse4.1, sse4.2, popcnt, avx, avx2, aes, clmul, erms, lzcnt, ht, tsc, tscinvbit, bmi1, bmi2

/proc/cpuinfo:
processor	: 0
vendor_id	: GenuineIntel
cpu family	: 6
model		: 60
model name	: Intel(R) Core(TM) i5-4200M CPU @ 2.50GHz
stepping	: 3
microcode	: 0x23
cpu MHz		: 2993.165
cache size	: 3072 KB
physical id	: 0
siblings	: 4
core id		: 0
cpu cores	: 2
apicid		: 0
initial apicid	: 0
fpu		: yes
fpu_exception	: yes
cpuid level	: 13
wp		: yes
flags		: fpu vme de pse tsc msr pae mce cx8 apic sep mtrr pge mca cmov pat pse36 clflush dts acpi mmx fxsr sse sse2 ss ht tm pbe syscall nx pdpe1gb rdtscp lm constant_tsc arch_perfmon pebs bts rep_good nopl xtopology nonstop_tsc cpuid aperfmperf pni pclmulqdq dtes64 monitor ds_cpl vmx est tm2 ssse3 sdbg fma cx16 xtpr pdcm pcid sse4_1 sse4_2 movbe popcnt tsc_deadline_timer aes xsave avx f16c rdrand lahf_lm abm cpuid_fault epb invpcid_single pti tpr_shadow vnmi flexpriority ept vpid fsgsbase tsc_adjust bmi1 avx2 smep bmi2 erms invpcid xsaveopt dtherm ida arat pln pts
bugs		: cpu_meltdown spectre_v1 spectre_v2
bogomips	: 4988.61
clflush size	: 64
cache_alignment	: 64
address sizes	: 39 bits physical, 48 bits virtual
power management:

processor	: 1
vendor_id	: GenuineIntel
cpu family	: 6
model		: 60
model name	: Intel(R) Core(TM) i5-4200M CPU @ 2.50GHz
stepping	: 3
microcode	: 0x23
cpu MHz		: 2993.165
cache size	: 3072 KB
physical id	: 0
siblings	: 4
core id		: 1
cpu cores	: 2
apicid		: 2
initial apicid	: 2
fpu		: yes
fpu_exception	: yes
cpuid level	: 13
wp		: yes
flags		: fpu vme de pse tsc msr pae mce cx8 apic sep mtrr pge mca cmov pat pse36 clflush dts acpi mmx fxsr sse sse2 ss ht tm pbe syscall nx pdpe1gb rdtscp lm constant_tsc arch_perfmon pebs bts rep_good nopl xtopology nonstop_tsc cpuid aperfmperf pni pclmulqdq dtes64 monitor ds_cpl vmx est tm2 ssse3 sdbg fma cx16 xtpr pdcm pcid sse4_1 sse4_2 movbe popcnt tsc_deadline_timer aes xsave avx f16c rdrand lahf_lm abm cpuid_fault epb invpcid_single pti tpr_shadow vnmi flexpriority ept vpid fsgsbase tsc_adjust bmi1 avx2 smep bmi2 erms invpcid xsaveopt dtherm ida arat pln pts
bugs		: cpu_meltdown spectre_v1 spectre_v2
bogomips	: 4988.61
clflush size	: 64
cache_alignment	: 64
address sizes	: 39 bits physical, 48 bits virtual
power management:

processor	: 2
vendor_id	: GenuineIntel
cpu family	: 6
model		: 60
model name	: Intel(R) Core(TM) i5-4200M CPU @ 2.50GHz
stepping	: 3
microcode	: 0x23
cpu MHz		: 2993.166
cache size	: 3072 KB
physical id	: 0
siblings	: 4
core id		: 0
cpu cores	: 2
apicid		: 1
initial apicid	: 1
fpu		: yes
fpu_exception	: yes
cpuid level	: 13
wp		: yes
flags		: fpu vme de pse tsc msr pae mce cx8 apic sep mtrr pge mca cmov pat pse36 clflush dts acpi mmx fxsr sse sse2 ss ht tm pbe syscall nx pdpe1gb rdtscp lm constant_tsc arch_perfmon pebs bts rep_good nopl xtopology nonstop_tsc cpuid aperfmperf pni pclmulqdq dtes64 monitor ds_cpl vmx est tm2 ssse3 sdbg fma cx16 xtpr pdcm pcid sse4_1 sse4_2 movbe popcnt tsc_deadline_timer aes xsave avx f16c rdrand lahf_lm abm cpuid_fault epb invpcid_single pti tpr_shadow vnmi flexpriority ept vpid fsgsbase tsc_adjust bmi1 avx2 smep bmi2 erms invpcid xsaveopt dtherm ida arat pln pts
bugs		: cpu_meltdown spectre_v1 spectre_v2
bogomips	: 4988.61
clflush size	: 64
cache_alignment	: 64
address sizes	: 39 bits physical, 48 bits virtual
power management:

processor	: 3
vendor_id	: GenuineIntel
cpu family	: 6
model		: 60
model name	: Intel(R) Core(TM) i5-4200M CPU @ 2.50GHz
stepping	: 3
microcode	: 0x23
cpu MHz		: 2993.165
cache size	: 3072 KB
physical id	: 0
siblings	: 4
core id		: 1
cpu cores	: 2
apicid		: 3
initial apicid	: 3
fpu		: yes
fpu_exception	: yes
cpuid level	: 13
wp		: yes
flags		: fpu vme de pse tsc msr pae mce cx8 apic sep mtrr pge mca cmov pat pse36 clflush dts acpi mmx fxsr sse sse2 ss ht tm pbe syscall nx pdpe1gb rdtscp lm constant_tsc arch_perfmon pebs bts rep_good nopl xtopology nonstop_tsc cpuid aperfmperf pni pclmulqdq dtes64 monitor ds_cpl vmx est tm2 ssse3 sdbg fma cx16 xtpr pdcm pcid sse4_1 sse4_2 movbe popcnt tsc_deadline_timer aes xsave avx f16c rdrand lahf_lm abm cpuid_fault epb invpcid_single pti tpr_shadow vnmi flexpriority ept vpid fsgsbase tsc_adjust bmi1 avx2 smep bmi2 erms invpcid xsaveopt dtherm ida arat pln pts
bugs		: cpu_meltdown spectre_v1 spectre_v2
bogomips	: 4988.61
clflush size	: 64
cache_alignment	: 64
address sizes	: 39 bits physical, 48 bits virtual
power management:



Memory: 4k page, physical 8090044k(632620k free), swap 1048572k(1048572k free)

vm_info: OpenJDK 64-Bit Server VM (25.162-b12) for linux-amd64 JRE (1.8.0_162-b12), built on Feb 27 2018 12:14:51 by "builduser" with gcc 7.3.0

time: Sat Apr  7 16:09:27 2018
elapsed time: 1 seconds (0d 0h 0m 1s)

