#
# A fatal error has been detected by the Java Runtime Environment:
#
#  SIGSEGV (0xb) at pc=0x00007f0817c293b8, pid=7070, tid=0x00007f0815b88700
#
# JRE version: OpenJDK Runtime Environment (8.0_162-b12) (build 1.8.0_162-b12)
# Java VM: OpenJDK 64-Bit Server VM (25.162-b12 mixed mode linux-amd64 compressed oops)
# Problematic frame:
# V  [libjvm.so+0x6b73b8]
#
# Core dump written. Default location: /home/cheeky/workspace/Allegretto/core or core.7070
#
# If you would like to submit a bug report, please visit:
#   http://bugreport.java.com/bugreport/crash.jsp
#

---------------  T H R E A D  ---------------

Current thread (0x00007f0810029000):  GCTaskThread [stack: 0x00007f0815a89000,0x00007f0815b89000] [id=7072]

siginfo: si_signo: 11 (SIGSEGV), si_code: 1 (SEGV_MAPERR), si_addr: 0x0000000000000100

Registers:
RAX=0x0000000000000000, RBX=0x00007f0815b87d30, RCX=0x00007f0815b87d50, RDX=0x0000000000000000
RSP=0x00007f0815b87670, RBP=0x00007f0815b876a0, RSI=0x00007f0815b87d30, RDI=0x0000000000000000
R8 =0x0000000100002068, R9 =0x0000000000000003, R10=0x00000000dab8097d, R11=0x0000000000000068
R12=0x0000000000000000, R13=0x0000000000000000, R14=0x0000000000000000, R15=0x00007f0815b87d30
RIP=0x00007f0817c293b8, EFLAGS=0x0000000000010202, CSGSFS=0x002b000000000033, ERR=0x0000000000000004
  TRAPNO=0x000000000000000e

Top of Stack: (sp=0x00007f0815b87670)
0x00007f0815b87670:   00007f07f823e408 00007f0815b87d30
0x00007f0815b87680:   00007f07a400b000 00007f0810057a80
0x00007f0815b87690:   0000000000000000 00007f0815b87d50
0x00007f0815b876a0:   00007f0815b87d20 00007f0817fa8ea8
0x00007f0815b876b0:   00007f0810029000 00007f0815b876c0
0x00007f0815b876c0:   00007f07f823ea00 00007f08010004e7
0x00007f0815b876d0:   00007f08010003d0 0000000000000000
0x00007f0815b876e0:   00007f07f823ea90 00007f07f823ea28
0x00007f0815b876f0:   00007f07f823ea00 00007f08010004e7
0x00007f0815b87700:   00007f08010003d0 0000000000000000
0x00007f0815b87710:   00007f07f823ea90 00007f07f823ea28
0x00007f0815b87720:   0000000000000000 0000000000000000
0x00007f0815b87730:   0000000000000000 0000000000000000
0x00007f0815b87740:   0000000000000000 0000000000000000
0x00007f0815b87750:   0000000000000000 0000000000000000
0x00007f0815b87760:   0000000000000000 0000000000000000
0x00007f0815b87770:   00007f07f823e9f0 00007f07f823e9f0
0x00007f0815b87780:   0000000000000000 0000000000000000
0x00007f0815b87790:   0000000000000000 0000000000000000
0x00007f0815b877a0:   0000000000000000 0000000000000000
0x00007f0815b877b0:   0000000000000000 0000000000000000
0x00007f0815b877c0:   0000000000000000 0000000000000000
0x00007f0815b877d0:   0000000000000000 0000000000000000
0x00007f0815b877e0:   0000000000000000 0000000000000000
0x00007f0815b877f0:   0000000000000000 0000000000000000
0x00007f0815b87800:   0000000000000000 0000000000000000
0x00007f0815b87810:   0000000000000000 0000000000000000
0x00007f0815b87820:   0000000000000000 0000000000000000
0x00007f0815b87830:   0000000000000000 0000000000000000
0x00007f0815b87840:   0000000000000000 0000000000000000
0x00007f0815b87850:   0000000000000000 0000000000000000
0x00007f0815b87860:   0000000000000000 0000000000000000 

Instructions: (pc=0x00007f0817c293b8)
0x00007f0817c29398:   41 55 41 54 49 89 fd 53 49 89 f7 48 83 ec 08 66
0x00007f0817c293a8:   0f 1f 84 00 00 00 00 00 4d 89 ec 0f 1f 44 00 00
0x00007f0817c293b8:   41 8b b4 24 00 01 00 00 85 f6 7e 68 4d 8d 74 24
0x00007f0817c293c8:   f8 bb 01 00 00 00 66 90 49 8b 44 dc f8 48 85 c0 

Register to memory mapping:

RAX=0x0000000000000000 is an unknown value
RBX=0x00007f0815b87d30 is an unknown value
RCX=0x00007f0815b87d50 is an unknown value
RDX=0x0000000000000000 is an unknown value
RSP=0x00007f0815b87670 is an unknown value
RBP=0x00007f0815b876a0 is an unknown value
RSI=0x00007f0815b87d30 is an unknown value
RDI=0x0000000000000000 is an unknown value
R8 =0x0000000100002068 is pointing into metadata
R9 =0x0000000000000003 is an unknown value
R10=0x00000000dab8097d is an unknown value
R11=0x0000000000000068 is an unknown value
R12=0x0000000000000000 is an unknown value
R13=0x0000000000000000 is an unknown value
R14=0x0000000000000000 is an unknown value
R15=0x00007f0815b87d30 is an unknown value


Stack: [0x00007f0815a89000,0x00007f0815b89000],  sp=0x00007f0815b87670,  free space=1017k
Native frames: (J=compiled Java code, j=interpreted, Vv=VM code, C=native code)
V  [libjvm.so+0x6b73b8]
V  [libjvm.so+0xa36ea8]
V  [libjvm.so+0x953b46]
V  [libjvm.so+0x5b3b86]
V  [libjvm.so+0x8d8432]


---------------  P R O C E S S  ---------------

Java Threads: ( => current thread )
  0x00007f07a400b000 JavaThread "JMX server connection timeout 19" daemon [_thread_blocked, id=7109, stack(0x00007f07f25bf000,0x00007f07f26c0000)]
  0x00007f08107dd000 JavaThread "background-preinit" [_thread_blocked, id=7107, stack(0x00007f07f2cc0000,0x00007f07f2dc1000)]
  0x00007f07bc001000 JavaThread "RMI TCP Connection(2)-127.0.0.1" daemon [_thread_blocked, id=7102, stack(0x00007f07f2dc1000,0x00007f07f2ec2000)]
  0x00007f07ac00c800 JavaThread "RMI Scheduler(0)" daemon [_thread_blocked, id=7099, stack(0x00007f07f2ec2000,0x00007f07f2fc3000)]
  0x00007f07c0001800 JavaThread "RMI TCP Connection(1)-127.0.0.1" daemon [_thread_in_native, id=7098, stack(0x00007f07f31c3000,0x00007f07f32c4000)]
  0x00007f08106e6800 JavaThread "RMI TCP Accept-0" daemon [_thread_in_native, id=7096, stack(0x00007f07f33c5000,0x00007f07f34c6000)]
  0x00007f08106df000 JavaThread "RMI TCP Accept-46123" daemon [_thread_in_native, id=7095, stack(0x00007f07f34c6000,0x00007f07f35c7000)]
  0x00007f08106cb000 JavaThread "RMI TCP Accept-0" daemon [_thread_in_native, id=7094, stack(0x00007f07f35c7000,0x00007f07f36c8000)]
  0x00007f081063c000 JavaThread "Service Thread" daemon [_thread_blocked, id=7093, stack(0x00007f07f3ae5000,0x00007f07f3be6000)]
  0x00007f0810631000 JavaThread "C1 CompilerThread2" daemon [_thread_blocked, id=7092, stack(0x00007f07f3dff000,0x00007f07f3eff000)]
  0x00007f081062f000 JavaThread "C2 CompilerThread1" daemon [_thread_blocked, id=7091, stack(0x00007f07f3f00000,0x00007f07f4000000)]
  0x00007f081062d000 JavaThread "C2 CompilerThread0" daemon [_thread_blocked, id=7090, stack(0x00007f07f803f000,0x00007f07f813f000)]
  0x00007f081062b000 JavaThread "Monitor Ctrl-Break" daemon [_thread_in_native, id=7089, stack(0x00007f07f813f000,0x00007f07f8240000)]
  0x00007f0810187000 JavaThread "Signal Dispatcher" daemon [_thread_blocked, id=7088, stack(0x00007f0800440000,0x00007f0800541000)]
  0x00007f0810154800 JavaThread "Finalizer" daemon [_thread_blocked, id=7081, stack(0x00007f08006f7000,0x00007f08007f8000)]
  0x00007f0810150000 JavaThread "Reference Handler" daemon [_thread_blocked, id=7080, stack(0x00007f08007f8000,0x00007f08008f9000)]
  0x00007f0810014000 JavaThread "main" [_thread_blocked, id=7071, stack(0x00007f08191df000,0x00007f08192df000)]

Other Threads:
  0x00007f0810148000 VMThread [stack: 0x00007f08008fa000,0x00007f08009fa000] [id=7079]
  0x00007f08106e9000 WatcherThread [stack: 0x00007f07f32c5000,0x00007f07f33c5000] [id=7097]

=>0x00007f0810029000 (exited) GCTaskThread [stack: 0x00007f0815a89000,0x00007f0815b89000] [id=7072]

VM state:at safepoint (normal execution)

VM Mutex/Monitor currently owned by a thread:  ([mutex/lock_event])
[0x00007f081000aff0] Threads_lock - owner thread: 0x00007f0810148000
[0x00007f081000b4f0] Heap_lock - owner thread: 0x00007f08107dd000

Heap:
 PSYoungGen      total 68608K, used 68588K [0x00000000d6d80000, 0x00000000db580000, 0x0000000100000000)
  eden space 63488K, 100% used [0x00000000d6d80000,0x00000000dab80000,0x00000000dab80000)
  from space 5120K, 99% used [0x00000000db080000,0x00000000db57b378,0x00000000db580000)
  to   space 5120K, 14% used [0x00000000dab80000,0x00000000dac3c240,0x00000000db080000)
 ParOldGen       total 84992K, used 102K [0x0000000084800000, 0x0000000089b00000, 0x00000000d6d80000)
  object space 84992K, 0% used [0x0000000084800000,0x0000000084819b50,0x0000000089b00000)
 Metaspace       used 18333K, capacity 18956K, committed 19072K, reserved 1064960K
  class space    used 2401K, capacity 2593K, committed 2688K, reserved 1048576K

Card table byte_map: [0x00007f0815e1c000,0x00007f08161f9000] byte_map_base: 0x00007f08159f8000

Marking Bits: (ParMarkBitMap*) 0x00007f08184d90c0
 Begin Bits: [0x00007f07f8240000, 0x00007f07fa120000)
 End Bits:   [0x00007f07fa120000, 0x00007f07fc000000)

Polling page: 0x00007f0819318000

CodeCache: size=245760Kb used=3029Kb max_used=3029Kb free=242730Kb
 bounds [0x00007f0801000000, 0x00007f0801300000, 0x00007f0810000000]
 total_blobs=1696 nmethods=1319 adapters=291
 compilation: enabled

Compilation events (10 events):
Event: 1.144 Thread 0x00007f0810631000 nmethod 1315 0x00007f08012f4050 code [0x00007f08012f41c0, 0x00007f08012f4318]
Event: 1.144 Thread 0x00007f0810631000 1316       1       java.lang.invoke.DirectMethodHandle::<init> (132 bytes)
Event: 1.145 Thread 0x00007f0810631000 nmethod 1316 0x00007f08012f4410 code [0x00007f08012f45e0, 0x00007f08012f4b78]
Event: 1.149 Thread 0x00007f0810631000 1317       1       java.io.ObjectOutputStream$BlockDataOutputStream::setBlockDataMode (35 bytes)
Event: 1.149 Thread 0x00007f0810631000 nmethod 1317 0x00007f08012f4f90 code [0x00007f08012f5100, 0x00007f08012f5288]
Event: 1.156 Thread 0x00007f0810631000 1318       1       java.lang.invoke.MemberName::flagsMods (72 bytes)
Event: 1.156 Thread 0x00007f0810631000 nmethod 1318 0x00007f08012f5310 code [0x00007f08012f5460, 0x00007f08012f5550]
Event: 1.156 Thread 0x00007f0810631000 1319       1       java.lang.invoke.MemberName::init (66 bytes)
Event: 1.157 Thread 0x00007f0810631000 nmethod 1319 0x00007f08012f5590 code [0x00007f08012f56e0, 0x00007f08012f5830]
Event: 1.160 Thread 0x00007f0810631000 1320       1       java.io.ObjectOutputStream$BlockDataOutputStream::getUTFLength (124 bytes)

GC Heap History (5 events):
Event: 0.639 GC heap before
{Heap before GC invocations=1 (full 0):
 PSYoungGen      total 36864K, used 31744K [0x00000000d6d80000, 0x00000000d9680000, 0x0000000100000000)
  eden space 31744K, 100% used [0x00000000d6d80000,0x00000000d8c80000,0x00000000d8c80000)
  from space 5120K, 0% used [0x00000000d9180000,0x00000000d9180000,0x00000000d9680000)
  to   space 5120K, 0% used [0x00000000d8c80000,0x00000000d8c80000,0x00000000d9180000)
 ParOldGen       total 84992K, used 0K [0x0000000084800000, 0x0000000089b00000, 0x00000000d6d80000)
  object space 84992K, 0% used [0x0000000084800000,0x0000000084800000,0x0000000089b00000)
 Metaspace       used 10156K, capacity 10364K, committed 10624K, reserved 1058816K
  class space    used 1218K, capacity 1284K, committed 1408K, reserved 1048576K
Event: 0.647 GC heap after
Heap after GC invocations=1 (full 0):
 PSYoungGen      total 36864K, used 3913K [0x00000000d6d80000, 0x00000000db580000, 0x0000000100000000)
  eden space 31744K, 0% used [0x00000000d6d80000,0x00000000d6d80000,0x00000000d8c80000)
  from space 5120K, 76% used [0x00000000d8c80000,0x00000000d9052638,0x00000000d9180000)
  to   space 5120K, 0% used [0x00000000db080000,0x00000000db080000,0x00000000db580000)
 ParOldGen       total 84992K, used 8K [0x0000000084800000, 0x0000000089b00000, 0x00000000d6d80000)
  object space 84992K, 0% used [0x0000000084800000,0x0000000084802000,0x0000000089b00000)
 Metaspace       used 10156K, capacity 10364K, committed 10624K, reserved 1058816K
  class space    used 1218K, capacity 1284K, committed 1408K, reserved 1048576K
}
Event: 0.822 GC heap before
{Heap before GC invocations=2 (full 0):
 PSYoungGen      total 36864K, used 35657K [0x00000000d6d80000, 0x00000000db580000, 0x0000000100000000)
  eden space 31744K, 100% used [0x00000000d6d80000,0x00000000d8c80000,0x00000000d8c80000)
  from space 5120K, 76% used [0x00000000d8c80000,0x00000000d9052638,0x00000000d9180000)
  to   space 5120K, 0% used [0x00000000db080000,0x00000000db080000,0x00000000db580000)
 ParOldGen       total 84992K, used 8K [0x0000000084800000, 0x0000000089b00000, 0x00000000d6d80000)
  object space 84992K, 0% used [0x0000000084800000,0x0000000084802000,0x0000000089b00000)
 Metaspace       used 13302K, capacity 13702K, committed 13824K, reserved 1060864K
  class space    used 1627K, capacity 1767K, committed 1792K, reserved 1048576K
Event: 0.829 GC heap after
Heap after GC invocations=2 (full 0):
 PSYoungGen      total 68608K, used 5100K [0x00000000d6d80000, 0x00000000db580000, 0x0000000100000000)
  eden space 63488K, 0% used [0x00000000d6d80000,0x00000000d6d80000,0x00000000dab80000)
  from space 5120K, 99% used [0x00000000db080000,0x00000000db57b378,0x00000000db580000)
  to   space 5120K, 0% used [0x00000000dab80000,0x00000000dab80000,0x00000000db080000)
 ParOldGen       total 84992K, used 102K [0x0000000084800000, 0x0000000089b00000, 0x00000000d6d80000)
  object space 84992K, 0% used [0x0000000084800000,0x0000000084819b50,0x0000000089b00000)
 Metaspace       used 13302K, capacity 13702K, committed 13824K, reserved 1060864K
  class space    used 1627K, capacity 1767K, committed 1792K, reserved 1048576K
}
Event: 1.162 GC heap before
{Heap before GC invocations=3 (full 0):
 PSYoungGen      total 68608K, used 68588K [0x00000000d6d80000, 0x00000000db580000, 0x0000000100000000)
  eden space 63488K, 100% used [0x00000000d6d80000,0x00000000dab80000,0x00000000dab80000)
  from space 5120K, 99% used [0x00000000db080000,0x00000000db57b378,0x00000000db580000)
  to   space 5120K, 0% used [0x00000000dab80000,0x00000000dab80000,0x00000000db080000)
 ParOldGen       total 84992K, used 102K [0x0000000084800000, 0x0000000089b00000, 0x00000000d6d80000)
  object space 84992K, 0% used [0x0000000084800000,0x0000000084819b50,0x0000000089b00000)
 Metaspace       used 18333K, capacity 18956K, committed 19072K, reserved 1064960K
  class space    used 2401K, capacity 2593K, committed 2688K, reserved 1048576K

Deoptimization events (0 events):
No events

Classes redefined (0 events):
No events

Internal exceptions (10 events):
Event: 1.029 Thread 0x00007f0810014000 Exception <a 'java/lang/ArrayIndexOutOfBoundsException'> (0x00000000d976eeb0) thrown at [/build/java8-openjdk/src/jdk8u-jdk8u162-b12/hotspot/src/share/vm/runtime/sharedRuntime.cpp, line 605]
Event: 1.030 Thread 0x00007f0810014000 Exception <a 'java/lang/ArrayIndexOutOfBoundsException'> (0x00000000d9772c20) thrown at [/build/java8-openjdk/src/jdk8u-jdk8u162-b12/hotspot/src/share/vm/runtime/sharedRuntime.cpp, line 605]
Event: 1.031 Thread 0x00007f0810014000 Exception <a 'java/lang/ArrayIndexOutOfBoundsException'> (0x00000000d9781d30) thrown at [/build/java8-openjdk/src/jdk8u-jdk8u162-b12/hotspot/src/share/vm/runtime/sharedRuntime.cpp, line 605]
Event: 1.031 Thread 0x00007f0810014000 Exception <a 'java/lang/ArrayIndexOutOfBoundsException'> (0x00000000d97947a8) thrown at [/build/java8-openjdk/src/jdk8u-jdk8u162-b12/hotspot/src/share/vm/runtime/sharedRuntime.cpp, line 605]
Event: 1.033 Thread 0x00007f0810014000 Exception <a 'java/lang/ArrayIndexOutOfBoundsException'> (0x00000000d9824a30) thrown at [/build/java8-openjdk/src/jdk8u-jdk8u162-b12/hotspot/src/share/vm/runtime/sharedRuntime.cpp, line 605]
Event: 1.034 Thread 0x00007f0810014000 Exception <a 'java/lang/ArrayIndexOutOfBoundsException'> (0x00000000d9852e88) thrown at [/build/java8-openjdk/src/jdk8u-jdk8u162-b12/hotspot/src/share/vm/runtime/sharedRuntime.cpp, line 605]
Event: 1.037 Thread 0x00007f08107dd000 Exception <a 'java/lang/ArrayIndexOutOfBoundsException'> (0x00000000d997af28) thrown at [/build/java8-openjdk/src/jdk8u-jdk8u162-b12/hotspot/src/share/vm/runtime/sharedRuntime.cpp, line 605]
Event: 1.037 Thread 0x00007f08107dd000 Exception <a 'java/lang/ArrayIndexOutOfBoundsException'> (0x00000000d997bb10) thrown at [/build/java8-openjdk/src/jdk8u-jdk8u162-b12/hotspot/src/share/vm/runtime/sharedRuntime.cpp, line 605]
Event: 1.037 Thread 0x00007f08107dd000 Exception <a 'java/lang/ArrayIndexOutOfBoundsException'> (0x00000000d997d5e0) thrown at [/build/java8-openjdk/src/jdk8u-jdk8u162-b12/hotspot/src/share/vm/runtime/sharedRuntime.cpp, line 605]
Event: 1.038 Thread 0x00007f0810014000 Exception <a 'java/lang/NoSuchMethodError': org.slf4j.impl.StaticMDCBinder.getSingleton()Lorg/slf4j/impl/StaticMDCBinder;> (0x00000000d9897b60) thrown at [/build/java8-openjdk/src/jdk8u-jdk8u162-b12/hotspot/src/share/vm/interpreter/linkResolver.cpp, line 

Events (10 events):
Event: 1.155 loading class org/springframework/beans/AbstractPropertyAccessor done
Event: 1.156 loading class org/springframework/beans/factory/support/RootBeanDefinition
Event: 1.156 loading class org/springframework/beans/factory/support/RootBeanDefinition done
Event: 1.156 loading class org/springframework/beans/factory/support/AbstractAutowireCapableBeanFactory
Event: 1.156 loading class org/springframework/beans/factory/support/AbstractAutowireCapableBeanFactory done
Event: 1.156 loading class org/springframework/beans/factory/support/BeanDefinitionValueResolver
Event: 1.156 loading class org/springframework/beans/factory/support/BeanDefinitionValueResolver done
Event: 1.157 loading class org/springframework/expression/common/LiteralExpression
Event: 1.157 loading class org/springframework/expression/common/LiteralExpression done
Event: 1.160 Thread 0x00007f07a400b000 Thread added: 0x00007f07a400b000


Dynamic libraries:
84800000-89b00000 rw-p 00000000 00:00 0 
89b00000-d6d80000 ---p 00000000 00:00 0 
d6d80000-db580000 rw-p 00000000 00:00 0 
db580000-100000000 ---p 00000000 00:00 0 
100000000-1002a0000 rw-p 00000000 00:00 0 
1002a0000-140000000 ---p 00000000 00:00 0 
565103274000-565103275000 r-xp 00000000 08:08 6819680                    /usr/lib/jvm/java-8-openjdk/jre/bin/java
565103474000-565103475000 r--p 00000000 08:08 6819680                    /usr/lib/jvm/java-8-openjdk/jre/bin/java
565103475000-565103476000 rw-p 00001000 08:08 6819680                    /usr/lib/jvm/java-8-openjdk/jre/bin/java
565104b0d000-565104b2e000 rw-p 00000000 00:00 0                          [heap]
7f079c000000-7f079c021000 rw-p 00000000 00:00 0 
7f079c021000-7f07a0000000 ---p 00000000 00:00 0 
7f07a4000000-7f07a4021000 rw-p 00000000 00:00 0 
7f07a4021000-7f07a8000000 ---p 00000000 00:00 0 
7f07a8000000-7f07a81c3000 rw-p 00000000 00:00 0 
7f07a81c3000-7f07ac000000 ---p 00000000 00:00 0 
7f07ac000000-7f07ac021000 rw-p 00000000 00:00 0 
7f07ac021000-7f07b0000000 ---p 00000000 00:00 0 
7f07b0000000-7f07b0021000 rw-p 00000000 00:00 0 
7f07b0021000-7f07b4000000 ---p 00000000 00:00 0 
7f07b4000000-7f07b4021000 rw-p 00000000 00:00 0 
7f07b4021000-7f07b8000000 ---p 00000000 00:00 0 
7f07b8000000-7f07b8021000 rw-p 00000000 00:00 0 
7f07b8021000-7f07bc000000 ---p 00000000 00:00 0 
7f07bc000000-7f07bc021000 rw-p 00000000 00:00 0 
7f07bc021000-7f07c0000000 ---p 00000000 00:00 0 
7f07c0000000-7f07c0021000 rw-p 00000000 00:00 0 
7f07c0021000-7f07c4000000 ---p 00000000 00:00 0 
7f07c4000000-7f07c423b000 rw-p 00000000 00:00 0 
7f07c423b000-7f07c8000000 ---p 00000000 00:00 0 
7f07c8000000-7f07c8021000 rw-p 00000000 00:00 0 
7f07c8021000-7f07cc000000 ---p 00000000 00:00 0 
7f07cc000000-7f07cc07e000 rw-p 00000000 00:00 0 
7f07cc07e000-7f07d0000000 ---p 00000000 00:00 0 
7f07d0000000-7f07d0021000 rw-p 00000000 00:00 0 
7f07d0021000-7f07d4000000 ---p 00000000 00:00 0 
7f07d4000000-7f07d4021000 rw-p 00000000 00:00 0 
7f07d4021000-7f07d8000000 ---p 00000000 00:00 0 
7f07d8000000-7f07d8054000 rw-p 00000000 00:00 0 
7f07d8054000-7f07dc000000 ---p 00000000 00:00 0 
7f07dc000000-7f07dc021000 rw-p 00000000 00:00 0 
7f07dc021000-7f07e0000000 ---p 00000000 00:00 0 
7f07e0000000-7f07e0021000 rw-p 00000000 00:00 0 
7f07e0021000-7f07e4000000 ---p 00000000 00:00 0 
7f07e4000000-7f07e4021000 rw-p 00000000 00:00 0 
7f07e4021000-7f07e8000000 ---p 00000000 00:00 0 
7f07e8000000-7f07e8021000 rw-p 00000000 00:00 0 
7f07e8021000-7f07ec000000 ---p 00000000 00:00 0 
7f07ec000000-7f07ec021000 rw-p 00000000 00:00 0 
7f07ec021000-7f07f0000000 ---p 00000000 00:00 0 
7f07f25bf000-7f07f25c2000 ---p 00000000 00:00 0 
7f07f25c2000-7f07f28c0000 rw-p 00000000 00:00 0 
7f07f28c0000-7f07f2ac0000 rw-p 00000000 00:00 0 
7f07f2ac0000-7f07f2cc0000 rw-p 00000000 00:00 0 
7f07f2cc0000-7f07f2cc3000 ---p 00000000 00:00 0 
7f07f2cc3000-7f07f2dc1000 rw-p 00000000 00:00 0 
7f07f2dc1000-7f07f2dc4000 ---p 00000000 00:00 0 
7f07f2dc4000-7f07f2ec2000 rw-p 00000000 00:00 0 
7f07f2ec2000-7f07f2ec5000 ---p 00000000 00:00 0 
7f07f2ec5000-7f07f31c3000 rw-p 00000000 00:00 0 
7f07f31c3000-7f07f31c6000 ---p 00000000 00:00 0 
7f07f31c6000-7f07f32c4000 rw-p 00000000 00:00 0 
7f07f32c4000-7f07f32c5000 ---p 00000000 00:00 0 
7f07f32c5000-7f07f33c5000 rw-p 00000000 00:00 0 
7f07f33c5000-7f07f33c8000 ---p 00000000 00:00 0 
7f07f33c8000-7f07f34c6000 rw-p 00000000 00:00 0 
7f07f34c6000-7f07f34c9000 ---p 00000000 00:00 0 
7f07f34c9000-7f07f35c7000 rw-p 00000000 00:00 0 
7f07f35c7000-7f07f35ca000 ---p 00000000 00:00 0 
7f07f35ca000-7f07f36c8000 rw-p 00000000 00:00 0 
7f07f36c8000-7f07f36d9000 r-xp 00000000 08:08 6950788                    /usr/lib/jvm/java-8-openjdk/jre/lib/amd64/libnio.so
7f07f36d9000-7f07f38d9000 ---p 00011000 08:08 6950788                    /usr/lib/jvm/java-8-openjdk/jre/lib/amd64/libnio.so
7f07f38d9000-7f07f38da000 r--p 00011000 08:08 6950788                    /usr/lib/jvm/java-8-openjdk/jre/lib/amd64/libnio.so
7f07f38da000-7f07f38db000 rw-p 00012000 08:08 6950788                    /usr/lib/jvm/java-8-openjdk/jre/lib/amd64/libnio.so
7f07f38db000-7f07f38e3000 r-xp 00000000 08:08 6950781                    /usr/lib/jvm/java-8-openjdk/jre/lib/amd64/libmanagement.so
7f07f38e3000-7f07f3ae3000 ---p 00008000 08:08 6950781                    /usr/lib/jvm/java-8-openjdk/jre/lib/amd64/libmanagement.so
7f07f3ae3000-7f07f3ae4000 r--p 00008000 08:08 6950781                    /usr/lib/jvm/java-8-openjdk/jre/lib/amd64/libmanagement.so
7f07f3ae4000-7f07f3ae5000 rw-p 00009000 08:08 6950781                    /usr/lib/jvm/java-8-openjdk/jre/lib/amd64/libmanagement.so
7f07f3ae5000-7f07f3ae8000 ---p 00000000 00:00 0 
7f07f3ae8000-7f07f3be6000 rw-p 00000000 00:00 0 
7f07f3be6000-7f07f3bfc000 r-xp 00000000 08:08 6950784                    /usr/lib/jvm/java-8-openjdk/jre/lib/amd64/libnet.so
7f07f3bfc000-7f07f3dfc000 ---p 00016000 08:08 6950784                    /usr/lib/jvm/java-8-openjdk/jre/lib/amd64/libnet.so
7f07f3dfc000-7f07f3dfd000 r--p 00016000 08:08 6950784                    /usr/lib/jvm/java-8-openjdk/jre/lib/amd64/libnet.so
7f07f3dfd000-7f07f3dfe000 rw-p 00017000 08:08 6950784                    /usr/lib/jvm/java-8-openjdk/jre/lib/amd64/libnet.so
7f07f3dfe000-7f07f3dff000 ---p 00000000 00:00 0 
7f07f3dff000-7f07f3e02000 ---p 00000000 00:00 0 
7f07f3e02000-7f07f3eff000 rw-p 00000000 00:00 0 
7f07f3eff000-7f07f3f00000 ---p 00000000 00:00 0 
7f07f3f00000-7f07f3f03000 ---p 00000000 00:00 0 
7f07f3f03000-7f07f4000000 rw-p 00000000 00:00 0 
7f07f4000000-7f07f4021000 rw-p 00000000 00:00 0 
7f07f4021000-7f07f8000000 ---p 00000000 00:00 0 
7f07f803e000-7f07f803f000 ---p 00000000 00:00 0 
7f07f803f000-7f07f8042000 ---p 00000000 00:00 0 
7f07f8042000-7f07f813f000 rw-p 00000000 00:00 0 
7f07f813f000-7f07f8142000 ---p 00000000 00:00 0 
7f07f8142000-7f07fc000000 rw-p 00000000 00:00 0 
7f07fc000000-7f07fc021000 rw-p 00000000 00:00 0 
7f07fc021000-7f0800000000 ---p 00000000 00:00 0 
7f08000b8000-7f08000d4000 r--s 00393000 08:08 7210003                    /usr/lib/jvm/java-8-openjdk/jre/lib/ext/cldrdata.jar
7f08000d4000-7f08000de000 r--s 00116000 08:08 7210005                    /usr/lib/jvm/java-8-openjdk/jre/lib/ext/localedata.jar
7f08000de000-7f08000e3000 r--s 0009d000 08:08 6819701                    /usr/lib/jvm/java-8-openjdk/jre/lib/jsse.jar
7f08000e3000-7f08000e5000 r--s 0001a000 08:08 4332317                    /opt/intellij-idea-ultimate-edition/lib/idea_rt.jar
7f08000e5000-7f0800121000 r--s 00290000 08:08 4726851                    /home/cheeky/.gradle/caches/modules-2/files-2.1/net.bytebuddy/byte-buddy/1.7.11/f02857a4e2c66ccbe7aaad6100a0a6c461bce9b3/byte-buddy-1.7.11.jar
7f0800121000-7f0800127000 r--s 00039000 08:08 7605416                    /home/cheeky/.gradle/caches/modules-2/files-2.1/org.apache.logging.log4j/log4j-api/2.10.0/fec5797a55b786184a537abd39c3fa1449d752d6/log4j-api-2.10.0.jar
7f0800127000-7f0800132000 r--s 00069000 08:08 7603558                    /home/cheeky/.gradle/caches/modules-2/files-2.1/ch.qos.logback/logback-core/1.2.3/864344400c3d4d92dfeb0a305dc87d953677c03c/logback-core-1.2.3.jar
7f0800132000-7f0800134000 r--s 00016000 08:08 4989148                    /home/cheeky/.gradle/caches/modules-2/files-2.1/org.ow2.asm/asm/6.0/bc6fa6b19424bb9592fe43bbc20178f92d403105/asm-6.0.jar
7f0800134000-7f0800136000 r--s 0000a000 08:08 7229824                    /home/cheeky/.gradle/caches/modules-2/files-2.1/org.ow2.asm/asm-tree/6.0/a624f1a6e4e428dcd680a01bab2d4c56b35b18f0/asm-tree-6.0.jar
7f0800136000-7f0800137000 r--s 00012000 08:08 4856983                    /home/cheeky/.gradle/caches/modules-2/files-2.1/org.ow2.asm/asm-commons/6.0/f256fd215d8dd5a4fa2ab3201bf653de266ed4ec/asm-commons-6.0.jar
7f0800137000-7f080013a000 r--s 00015000 08:08 3408172                    /home/cheeky/.gradle/caches/modules-2/files-2.1/javax.servlet/javax.servlet-api/3.1.0/3cd63d075497751784b2fa84be59432f4905bf7c/javax.servlet-api-3.1.0.jar
7f080013a000-7f080013d000 r--s 00008000 08:08 4069568                    /home/cheeky/.gradle/caches/modules-2/files-2.1/org.eclipse.jetty.websocket/websocket-api/9.4.9.v20180320/8be09aafe135e370bbc33a8ec01b443ac9aa9a47/websocket-api-9.4.9.v20180320.jar
7f080013d000-7f0800141000 r--s 0004b000 08:08 7619563                    /home/cheeky/.gradle/caches/modules-2/files-2.1/com.fasterxml.jackson.core/jackson-core/2.9.5/a22ac51016944b06fd9ffbc9541c6e7ce5eea117/jackson-core-2.9.5.jar
7f0800141000-7f0800144000 r--s 0000e000 08:08 7603553                    /home/cheeky/.gradle/caches/modules-2/files-2.1/com.fasterxml.jackson.core/jackson-annotations/2.9.0/7c10d545325e3a6e72e06381afe469fd40eb701/jackson-annotations-2.9.0.jar
7f0800144000-7f0800146000 r--s 00004000 08:08 5384238                    /home/cheeky/.gradle/caches/modules-2/files-2.1/org.springframework/spring-jcl/5.0.5.RELEASE/f4a2854b9d865e8b86717595aec16f877f8c6489/spring-jcl-5.0.5.RELEASE.jar
7f0800146000-7f080014b000 r--s 00048000 08:08 3408168                    /home/cheeky/.gradle/caches/modules-2/files-2.1/dom4j/dom4j/1.6.1/5d3ccc056b6f056dbf0dddfdf43894b9065a8f94/dom4j-1.6.1.jar
7f080014b000-7f080014e000 r--s 0002b000 08:08 7603348                    /home/cheeky/.gradle/caches/modules-2/files-2.1/org.jboss/jandex/2.0.3.Final/bfc4d6257dbff7a33a357f0de116be6ff951d849/jandex-2.0.3.Final.jar
7f080014e000-7f0800153000 r--s 00068000 08:08 3408164                    /home/cheeky/.gradle/caches/modules-2/files-2.1/antlr/antlr/2.7.7/83cd2cd674a217ade95a4bb83a8a14f351f48bd0/antlr-2.7.7.jar
7f0800153000-7f080015d000 r--s 000ab000 08:08 7619547                    /home/cheeky/.gradle/caches/modules-2/files-2.1/org.javassist/javassist/3.22.0-GA/3e83394258ae2089be7219b971ec21a8288528ad/javassist-3.22.0-GA.jar
7f080015d000-7f0800162000 r--s 00017000 08:08 3408160                    /home/cheeky/.gradle/caches/modules-2/files-2.1/org.hibernate.javax.persistence/hibernate-jpa-2.1-api/1.0.0.Final/5e731d961297e5a07290bfaf3db1fbc8bbbf405a/hibernate-jpa-2.1-api-1.0.0.Final.jar
7f0800162000-7f080017b000 r--s 001bf000 08:08 4725865                    /home/cheeky/.gradle/caches/modules-2/files-2.1/org.aspectj/aspectjweaver/1.8.13/ad94df2a28d658a40dc27bbaff6a1ce5fbf04e9b/aspectjweaver-1.8.13.jar
7f080017b000-7f080017d000 r--s 00007000 08:08 3408154                    /home/cheeky/.gradle/caches/modules-2/files-2.1/javax.websocket/javax.websocket-api/1.0/fc843b649d4a1dcb0497669d262befa3918c7ba8/javax.websocket-api-1.0.jar
7f080017d000-7f080017f000 r--s 00004000 08:08 4069566                    /home/cheeky/.gradle/caches/modules-2/files-2.1/org.eclipse.jetty.websocket/websocket-servlet/9.4.9.v20180320/1e443fa4b3ac4c8cee483164479ff3d01b5fcf21/websocket-servlet-9.4.9.v20180320.jar
7f080017f000-7f0800187000 r--s 00071000 08:08 4069570                    /home/cheeky/.gradle/caches/modules-2/files-2.1/org.eclipse.jetty/jetty-util/9.4.9.v20180320/8a602b93581f6af54839728f51d51ab830bdd44d/jetty-util-9.4.9.v20180320.jar
7f0800187000-7f0800188000 r--s 0000c000 08:08 4069560                    /home/cheeky/.gradle/caches/modules-2/files-2.1/org.eclipse.jetty/jetty-xml/9.4.9.v20180320/247894128d4d3ba41774be941fb801e20e668be7/jetty-xml-9.4.9.v20180320.jar
7f0800188000-7f080018b000 r--s 0001e000 08:08 4069562                    /home/cheeky/.gradle/caches/modules-2/files-2.1/org.eclipse.jetty/jetty-io/9.4.9.v20180320/938d67c72405285d2a7a6efb10d870a1b16fa2e0/jetty-io-9.4.9.v20180320.jar
7f080018b000-7f080018f000 r--s 0002c000 08:08 4069558                    /home/cheeky/.gradle/caches/modules-2/files-2.1/org.eclipse.jetty.websocket/websocket-common/9.4.9.v20180320/ca1f96a14ae58d951d1d93c1c5a3416b4b501578/websocket-common-9.4.9.v20180320.jar
7f080018f000-7f0800192000 r--s 00027000 08:08 4069556                    /home/cheeky/.gradle/caches/modules-2/files-2.1/org.eclipse.jetty/jetty-http/9.4.9.v20180320/64d93698196ea7a66b33c754a0eac2a97d5af4b6/jetty-http-9.4.9.v20180320.jar
7f0800192000-7f080019a000 r--s 00087000 08:08 4069564                    /home/cheeky/.gradle/caches/modules-2/files-2.1/org.eclipse.jetty/jetty-server/9.4.9.v20180320/8847f7278e8ace7a1f5847e71563c8a10546582/jetty-server-9.4.9.v20180320.jar
7f080019a000-7f080019c000 r--s 00015000 08:08 4069550                    /home/cheeky/.gradle/caches/modules-2/files-2.1/org.eclipse.jetty/jetty-security/9.4.9.v20180320/dadd28ef757d9b8cdd1d7eef7fcbfa0b482c4648/jetty-security-9.4.9.v20180320.jar
7f080019c000-7f080019e000 r--s 00019000 08:08 4069552                    /home/cheeky/.gradle/caches/modules-2/files-2.1/org.eclipse.jetty/jetty-servlet/9.4.9.v20180320/d4453b746bc581af6ec5bce09228dc802bec1040/jetty-servlet-9.4.9.v20180320.jar
7f080019e000-7f08001a4000 r--s 0003f000 08:08 4332752                    /home/cheeky/.gradle/caches/modules-2/files-2.1/org.eclipse.jetty/jetty-client/9.4.9.v20180320/c6ed57d55c5d55927c6e11fc47972a4eeacba6f4/jetty-client-9.4.9.v20180320.jar
7f08001a4000-7f08001a6000 r--s 00007000 08:08 4069548                    /home/cheeky/.gradle/caches/modules-2/files-2.1/org.eclipse.jetty.websocket/websocket-client/9.4.9.v20180320/7bd061a1e4f061a02c9fa1441ff93aca213b303c/websocket-client-9.4.9.v20180320.jar
7f08001a6000-7f08001ab000 r--s 00023000 08:08 4069554                    /home/cheeky/.gradle/caches/modules-2/files-2.1/org.eclipse.jetty.websocket/javax-websocket-client-impl/9.4.9.v20180320/c7023867be962419496b41ba736c0cf793c63133/javax-websocket-client-impl-9.4.9.v20180320.jar
7f08001ab000-7f08001ad000 r--s 00003000 08:08 4069546                    /home/cheeky/.gradle/caches/modules-2/files-2.1/org.eclipse.jetty/jetty-continuation/9.4.9.v20180320/590a07c7daf76c755e2daefb1aa0a91b41b26d87/jetty-continuation-9.4.9.v20180320.jar
7f08001ad000-7f08001af000 r--s 0000f000 08:08 7229800                    /home/cheeky/.gradle/caches/modules-2/files-2.1/org.jboss.logging/jboss-logging/3.3.2.Final/3789d00e859632e6c6206adc0c71625559e6e3b0/jboss-logging-3.3.2.Final.jar
7f08001af000-7f08001b2000 r--s 00010000 08:08 3408122                    /home/cheeky/.gradle/caches/modules-2/files-2.1/org.hibernate.common/hibernate-commons-annotations/5.0.1.Final/71e1cff3fcb20d3b3af4f3363c3ddb24d33c6879/hibernate-commons-annotations-5.0.1.Final.jar
7f08001b2000-7f08001b7000 r--s 00012000 08:08 5384222                    /home/cheeky/.gradle/caches/modules-2/files-2.1/javax.validation/validation-api/2.0.1.Final/cb855558e6271b1b32e716d24cb85c7f583ce09e/validation-api-2.0.1.Final.jar
7f08001b7000-7f08001ca000 r--s 00135000 08:08 7619559                    /home/cheeky/.gradle/caches/modules-2/files-2.1/com.fasterxml.jackson.core/jackson-databind/2.9.5/3490508379d065fe3fcb80042b62f630f7588606/jackson-databind-2.9.5.jar
7f08001ca000-7f08001cc000 r--s 00001000 08:08 7619551                    /home/cheeky/.gradle/caches/modules-2/files-2.1/com.fasterxml.jackson.module/jackson-module-parameter-names/2.9.5/f824c60751ffb7bfc3a0d30dfe0e42317d8e67f5/jackson-module-parameter-names-2.9.5.jar
7f08001cc000-7f08001cf000 r--s 00016000 08:08 7619553                    /home/cheeky/.gradle/caches/modules-2/files-2.1/com.fasterxml.jackson.datatype/jackson-datatype-jsr310/2.9.5/d1f0d11e816bc04e222a261106ca138801841c2d/jackson-datatype-jsr310-2.9.5.jar
7f08001cf000-7f08001d1000 r--s 00007000 08:08 7619549                    /home/cheeky/.gradle/caches/modules-2/files-2.1/com.fasterxml.jackson.datatype/jackson-datatype-jdk8/2.9.5/23e37f085279ba316c0df923513b81609e1d1f6/jackson-datatype-jdk8-2.9.5.jar
7f08001d1000-7f08001d3000 r--s 00004000 08:08 7999152                    /home/cheeky/.gradle/caches/modules-2/files-2.1/org.mapstruct/mapstruct/1.2.0.Final/8609d6eb044e9f6c73cb24c8f2f4ed5c72a249c7/mapstruct-1.2.0.Final.jar
7f08001d3000-7f08001d5000 r--s 00009000 08:08 3675096                    /home/cheeky/.gradle/caches/modules-2/files-2.1/org.slf4j/slf4j-api/1.7.25/da76ca59f6a57ee3102f8f9bd9cee742973efa8a/slf4j-api-1.7.25.jar
7f08001d5000-7f08001d7000 r--s 00000000 08:08 3675104                    /home/cheeky/.gradle/caches/modules-2/files-2.1/org.slf4j/jul-to-slf4j/1.7.25/af5364cd6679bfffb114f0dec8a157aaa283b76/jul-to-slf4j-1.7.25.jar
7f08001d7000-7f08001d9000 r--s 00003000 08:08 7603376                    /home/cheeky/.gradle/caches/modules-2/files-2.1/org.apache.logging.log4j/log4j-to-slf4j/2.10.0/f7e631ccf49cfc0aefa4a2a728da7d374c05bd3c/log4j-to-slf4j-2.10.0.jar
7f08001d9000-7f08001df000 r--s 00041000 08:08 7603374                    /home/cheeky/.gradle/caches/modules-2/files-2.1/ch.qos.logback/logback-classic/1.2.3/7c4f3c474fb2c041d8028740440937705ebb473a/logback-classic-1.2.3.jar
7f08001df000-7f08001e2000 r--s 00020000 08:08 7619545                    /home/cheeky/.gradle/caches/modules-2/files-2.1/com.zaxxer/HikariCP/2.7.8/4a3a604fa2efa89621aa498d04e000b2bed90c39/HikariCP-2.7.8.jar
7f08001e2000-7f08001e4000 r--s 0000e000 08:08 3675110                    /home/cheeky/.gradle/caches/modules-2/files-2.1/com.fasterxml/classmate/1.3.4/3d5f48f10bbe4eb7bd862f10c0583be2e0053c6/classmate-1.3.4.jar
7f08001e4000-7f0800213000 r--s 00226000 08:08 4855433                    /home/cheeky/.gradle/caches/modules-2/files-2.1/com.google.guava/guava/20.0/89507701249388e1ed5ddcf8c41f4ce1be7831ef/guava-20.0.jar
7f0800213000-7f0800216000 r--s 0001d000 08:08 4855431                    /home/cheeky/.gradle/caches/modules-2/files-2.1/org.reflections/reflections/0.9.11/4c686033d918ec1727e329b7222fcb020152e32b/reflections-0.9.11.jar
7f0800216000-7f0800218000 r--s 00004000 08:08 7999150                    /home/cheeky/.gradle/caches/modules-2/files-2.1/io.swagger/swagger-annotations/1.5.14/989c19cd0a90768885532318ca5fd7ea16290cc8/swagger-annotations-1.5.14.jar
7f0800218000-7f080021c000 r--s 00020000 08:08 7999148                    /home/cheeky/.gradle/caches/modules-2/files-2.1/io.swagger/swagger-models/1.5.14/581d784b65e82cee5bf3e91d193d3f9c0c702453/swagger-models-1.5.14.jar
7f080021c000-7f0800223000 r--s 00042000 08:08 7603322                    /home/cheeky/.gradle/caches/modules-2/files-2.1/org.yaml/snakeyaml/1.19/2d998d3d674b172a588e54ab619854d073f555b5/snakeyaml-1.19.jar
7f0800223000-7f080023b000 r--s 00114000 08:08 5384244                    /home/cheeky/.gradle/caches/modules-2/files-2.1/org.springframework/spring-core/5.0.5.RELEASE/1bd9feb1d9dac6accd27f5244b6c47cfcb55045c/spring-core-5.0.5.RELEASE.jar
7f080023b000-7f0800240000 r--s 0003f000 08:08 7619543                    /home/cheeky/.gradle/caches/modules-2/files-2.1/org.springframework/spring-expression/5.0.5.RELEASE/fc6c7a95aeb7d00f4c65c338b08d97767eb0dd99/spring-expression-5.0.5.RELEASE.jar
7f0800240000-7f080024d000 r--s 00095000 08:08 7619541                    /home/cheeky/.gradle/caches/modules-2/files-2.1/org.springframework/spring-beans/5.0.5.RELEASE/984445863c0bbdaaf860615762d998b471a6bf92/spring-beans-5.0.5.RELEASE.jar
7f080024d000-7f0800255000 r--s 00037000 08:08 7357862                    /home/cheeky/.gradle/caches/modules-2/files-2.1/org.springframework/spring-tx/5.0.5.RELEASE/b772fbba533da282adc89f33e2619ee8a8bba601/spring-tx-5.0.5.RELEASE.jar
7f0800255000-7f080026c000 r--s 000f0000 08:08 7619537                    /home/cheeky/.gradle/caches/modules-2/files-2.1/org.springframework.data/spring-data-commons/2.0.6.RELEASE/4d65fdcbe258961e866f4f85c87c13193bbfd18c/spring-data-commons-2.0.6.RELEASE.jar
7f080026c000-7f0800275000 r--s 00059000 08:08 7229860                    /home/cheeky/.gradle/caches/modules-2/files-2.1/org.springframework/spring-jdbc/5.0.5.RELEASE/456bc4d2281c37aa2f2206651a3048a1d3559d2a/spring-jdbc-5.0.5.RELEASE.jar
7f0800275000-7f0800279000 r--s 0002b000 08:08 7229858                    /home/cheeky/.gradle/caches/modules-2/files-2.1/org.springframework/spring-orm/5.0.5.RELEASE/6734f5ef4c2ebf1d00021fd4b314138f10792174/spring-orm-5.0.5.RELEASE.jar
7f0800279000-7f0800282000 r--s 00051000 08:08 5250876                    /home/cheeky/.gradle/caches/modules-2/files-2.1/org.springframework/spring-aop/5.0.5.RELEASE/b11b61b94d7fb752a1c9bf3461d655c3084fae47/spring-aop-5.0.5.RELEASE.jar
7f0800282000-7f080029c000 r--s 000f1000 08:08 7619539                    /home/cheeky/.gradle/caches/modules-2/files-2.1/org.springframework/spring-context/5.0.5.RELEASE/9cca4bf5acb693249a01c218f471c677b951d6e2/spring-context-5.0.5.RELEASE.jar
7f080029c000-7f080029e000 r--s 00000000 08:08 3408066                    /home/cheeky/.gradle/caches/modules-2/files-2.1/org.springframework.plugin/spring-plugin-metadata/1.2.0.RELEASE/97223fc496b6cab31602eedbd4202aa4fff0d44f/spring-plugin-metadata-1.2.0.RELEASE.jar
7f080029e000-7f08002a2000 r--s 00018000 08:08 7999146                    /home/cheeky/.gradle/caches/modules-2/files-2.1/io.springfox/springfox-core/2.8.0/5f0fbaa34cc01dfca7089000c4943629d7e1c9dc/springfox-core-2.8.0.jar
7f08002a2000-7f08002a5000 r--s 0000a000 08:08 7999144                    /home/cheeky/.gradle/caches/modules-2/files-2.1/io.springfox/springfox-spi/2.8.0/efe49b45357dd9f6c27799a5f7f5ba1ce6bdc05f/springfox-spi-2.8.0.jar
7f08002a5000-7f08002a8000 r--s 00011000 08:08 7999142                    /home/cheeky/.gradle/caches/modules-2/files-2.1/io.springfox/springfox-schema/2.8.0/70ed8275e2277bffe269c8dbd688f54464bf1222/springfox-schema-2.8.0.jar
7f08002a8000-7f08002ad000 r--s 00027000 08:08 7999140                    /home/cheeky/.gradle/caches/modules-2/files-2.1/io.springfox/springfox-spring-web/2.8.0/cb2ce464b07919158dde1ad40f72cca9c364559b/springfox-spring-web-2.8.0.jar
7f08002ad000-7f08002b0000 r--s 00015000 08:08 7999138                    /home/cheeky/.gradle/caches/modules-2/files-2.1/io.springfox/springfox-swagger-common/2.8.0/e0fc6a0096eb8d40fac7cc8206ddbb2fe73051d2/springfox-swagger-common-2.8.0.jar
7f08002b0000-7f08002b2000 r--s 00005000 08:08 6564753                    /home/cheeky/.gradle/caches/modules-2/files-2.1/javax.annotation/javax.annotation-api/1.3.2/934c04d3cfef185a8008e7bf34331b79730a9d43/javax.annotation-api-1.3.2.jar
7f08002b2000-7f08002c7000 r--s 000ce000 08:08 7103436                    /home/cheeky/.gradle/caches/modules-2/files-2.1/org.springframework.boot/spring-boot/2.0.1.RELEASE/b8c5b14cbb0e52fdded8f98a8c1493cc74c7cf59/spring-boot-2.0.1.RELEASE.jar
7f08002c7000-7f08002e7000 r--s 000fa000 08:08 6973564                    /home/cheeky/.gradle/caches/modules-2/files-2.1/org.springframework.boot/spring-boot-autoconfigure/2.0.1.RELEASE/b0bf9d34ed70c6987a86cd58a009065e5fa02545/spring-boot-autoconfigure-2.0.1.RELEASE.jar
7f08002e7000-7f08002e9000 r--s 0000a000 08:08 6564723                    /home/cheeky/.gradle/caches/modules-2/files-2.1/org.springframework/spring-aspects/5.0.5.RELEASE/34994566374425cfdf82634720b010ed20be512d/spring-aspects-5.0.5.RELEASE.jar
7f08002e9000-7f08002f1000 r--s 0004a000 08:08 4857004                    /home/cheeky/.gradle/caches/modules-2/files-2.1/org.springframework.data/spring-data-jpa/2.0.6.RELEASE/2c683dfbd06551bfd6cc7e05f9d13f5c54c79ba/spring-data-jpa-2.0.6.RELEASE.jar
7f08002f1000-7f080036e000 r--s 005ee000 08:08 7103434                    /home/cheeky/.gradle/caches/modules-2/files-2.1/org.hibernate/hibernate-core/5.2.16.Final/c169565556721e21e9bdc193a3e8e25160a45468/hibernate-core-5.2.16.Final.jar
7f080036e000-7f0800373000 r--s 00037000 08:08 7229786                    /home/cheeky/.gradle/caches/modules-2/files-2.1/org.mortbay.jasper/apache-el/8.5.24.2/cd26aaf6c7ee59af58f0e8c12bfda318bf474c49/apache-el-8.5.24.2.jar
7f0800373000-7f080038d000 r--s 00119000 08:08 6715661                    /home/cheeky/.gradle/caches/modules-2/files-2.1/org.springframework/spring-web/5.0.5.RELEASE/d51dbb5cabe72ae02e400577bac48f7fc94088de/spring-web-5.0.5.RELEASE.jar
7f080038d000-7f08003aa000 r--s 000f8000 08:08 6829099                    /home/cheeky/.gradle/caches/modules-2/files-2.1/org.hibernate.validator/hibernate-validator/6.0.9.Final/b149e4cce82379f11f6129eb3187ca8ae5404005/hibernate-validator-6.0.9.Final.jar
7f08003aa000-7f0800440000 r--s 008dd000 08:08 7209985                    /usr/lib/jvm/java-8-openjdk/jre/lib/ext/jfxrt.jar
7f0800440000-7f0800443000 ---p 00000000 00:00 0 
7f0800443000-7f0800541000 rw-p 00000000 00:00 0 
7f0800541000-7f08006f7000 r--p 00000000 08:08 5561427                    /usr/lib/locale/locale-archive
7f08006f7000-7f08006fa000 ---p 00000000 00:00 0 
7f08006fa000-7f08007f8000 rw-p 00000000 00:00 0 
7f08007f8000-7f08007fb000 ---p 00000000 00:00 0 
7f08007fb000-7f08008f9000 rw-p 00000000 00:00 0 
7f08008f9000-7f08008fa000 ---p 00000000 00:00 0 
7f08008fa000-7f0801000000 rw-p 00000000 00:00 0 
7f0801000000-7f0801300000 rwxp 00000000 00:00 0 
7f0801300000-7f0810000000 ---p 00000000 00:00 0 
7f0810000000-7f0810932000 rw-p 00000000 00:00 0 
7f0810932000-7f0814000000 ---p 00000000 00:00 0 
7f0814000000-7f0814001000 r--s 00004000 08:08 3408068                    /home/cheeky/.gradle/caches/modules-2/files-2.1/org.springframework.plugin/spring-plugin-core/1.2.0.RELEASE/f380e7760032e7d929184f8ad8a33716b75c0657/spring-plugin-core-1.2.0.RELEASE.jar
7f0814001000-7f0814003000 r--s 00006000 08:08 3408082                    /home/cheeky/.gradle/caches/modules-2/files-2.1/javax.transaction/javax.transaction-api/1.2/d81aff979d603edd90dcd8db2abc1f4ce6479e3e/javax.transaction-api-1.2.jar
7f0814003000-7f0814005000 r--s 00007000 08:08 4069540                    /home/cheeky/.gradle/caches/modules-2/files-2.1/org.eclipse.jetty.websocket/websocket-server/9.4.9.v20180320/c278d6649a5c754f5ae5182f4ee680309c3880d3/websocket-server-9.4.9.v20180320.jar
7f0814005000-7f0814008000 r--s 0001d000 08:08 4069544                    /home/cheeky/.gradle/caches/modules-2/files-2.1/org.eclipse.jetty/jetty-webapp/9.4.9.v20180320/e10113bbae52fa213ede3cafb9235ba1b1884bed/jetty-webapp-9.4.9.v20180320.jar
7f0814008000-7f081400a000 r--s 0000c000 08:08 4069572                    /home/cheeky/.gradle/caches/modules-2/files-2.1/org.eclipse.jetty/jetty-plus/9.4.9.v20180320/e2f7e249dd5c625154126e6e04c96e6cdc77f1ed/jetty-plus-9.4.9.v20180320.jar
7f081400a000-7f0814019000 r--s 000b2000 08:08 6829101                    /home/cheeky/.gradle/caches/modules-2/files-2.1/org.springframework/spring-webmvc/5.0.5.RELEASE/a7fd53c7ad06b0fa7dd4ff347de1b2dc508739e/spring-webmvc-5.0.5.RELEASE.jar
7f0814019000-7f0814048000 r--s 002e7000 08:08 6564725                    /home/cheeky/.gradle/caches/modules-2/files-2.1/org.apache.derby/derby/10.14.1.0/3bcd8b1af3f8cd022d54d331e00064776be04f9c/derby-10.14.1.0.jar
7f0814048000-7f081405b000 r--s 00346000 08:08 6819707                    /usr/lib/jvm/java-8-openjdk/jre/lib/resources.jar
7f081405b000-7f0814964000 rw-p 00000000 00:00 0 
7f0814964000-7f0814b33000 r--s 03c2b000 08:08 6828770                    /usr/lib/jvm/java-8-openjdk/jre/lib/rt.jar
7f0814b33000-7f0815785000 rw-p 00000000 00:00 0 
7f0815785000-7f0815786000 ---p 00000000 00:00 0 
7f0815786000-7f0815886000 rw-p 00000000 00:00 0 
7f0815886000-7f0815887000 ---p 00000000 00:00 0 
7f0815887000-7f0815987000 rw-p 00000000 00:00 0 
7f0815987000-7f0815988000 ---p 00000000 00:00 0 
7f0815988000-7f0815a88000 rw-p 00000000 00:00 0 
7f0815a88000-7f0815a89000 ---p 00000000 00:00 0 
7f0815a89000-7f0815bb3000 rw-p 00000000 00:00 0 
7f0815bb3000-7f0815e1c000 ---p 00000000 00:00 0 
7f0815e1c000-7f0815e46000 rw-p 00000000 00:00 0 
7f0815e46000-7f08160ae000 ---p 00000000 00:00 0 
7f08160ae000-7f08160d3000 rw-p 00000000 00:00 0 
7f08160d3000-7f08161f8000 ---p 00000000 00:00 0 
7f08161f8000-7f0816205000 rw-p 00000000 00:00 0 
7f0816205000-7f08165b9000 ---p 00000000 00:00 0 
7f08165b9000-7f08165c1000 r-xp 00000000 08:08 6973060                    /usr/lib/jvm/java-8-openjdk/jre/lib/amd64/libzip.so
7f08165c1000-7f08167c0000 ---p 00008000 08:08 6973060                    /usr/lib/jvm/java-8-openjdk/jre/lib/amd64/libzip.so
7f08167c0000-7f08167c1000 r--p 00007000 08:08 6973060                    /usr/lib/jvm/java-8-openjdk/jre/lib/amd64/libzip.so
7f08167c1000-7f08167c2000 rw-p 00008000 08:08 6973060                    /usr/lib/jvm/java-8-openjdk/jre/lib/amd64/libzip.so
7f08167c2000-7f08167cd000 r-xp 00000000 08:08 5507246                    /usr/lib/libnss_files-2.26.so
7f08167cd000-7f08169cc000 ---p 0000b000 08:08 5507246                    /usr/lib/libnss_files-2.26.so
7f08169cc000-7f08169cd000 r--p 0000a000 08:08 5507246                    /usr/lib/libnss_files-2.26.so
7f08169cd000-7f08169ce000 rw-p 0000b000 08:08 5507246                    /usr/lib/libnss_files-2.26.so
7f08169ce000-7f08169d4000 rw-p 00000000 00:00 0 
7f08169d4000-7f08169de000 r-xp 00000000 08:08 6973058                    /usr/lib/jvm/java-8-openjdk/jre/lib/amd64/libinstrument.so
7f08169de000-7f0816bdd000 ---p 0000a000 08:08 6973058                    /usr/lib/jvm/java-8-openjdk/jre/lib/amd64/libinstrument.so
7f0816bdd000-7f0816bde000 r--p 00009000 08:08 6973058                    /usr/lib/jvm/java-8-openjdk/jre/lib/amd64/libinstrument.so
7f0816bde000-7f0816bdf000 rw-p 0000a000 08:08 6973058                    /usr/lib/jvm/java-8-openjdk/jre/lib/amd64/libinstrument.so
7f0816bdf000-7f0816c0d000 r-xp 00000000 08:08 6952160                    /usr/lib/jvm/java-8-openjdk/jre/lib/amd64/libjava.so
7f0816c0d000-7f0816e0c000 ---p 0002e000 08:08 6952160                    /usr/lib/jvm/java-8-openjdk/jre/lib/amd64/libjava.so
7f0816e0c000-7f0816e0d000 r--p 0002d000 08:08 6952160                    /usr/lib/jvm/java-8-openjdk/jre/lib/amd64/libjava.so
7f0816e0d000-7f0816e0f000 rw-p 0002e000 08:08 6952160                    /usr/lib/jvm/java-8-openjdk/jre/lib/amd64/libjava.so
7f0816e0f000-7f0816e1c000 r-xp 00000000 08:08 6950774                    /usr/lib/jvm/java-8-openjdk/jre/lib/amd64/libverify.so
7f0816e1c000-7f081701b000 ---p 0000d000 08:08 6950774                    /usr/lib/jvm/java-8-openjdk/jre/lib/amd64/libverify.so
7f081701b000-7f081701d000 r--p 0000c000 08:08 6950774                    /usr/lib/jvm/java-8-openjdk/jre/lib/amd64/libverify.so
7f081701d000-7f081701e000 rw-p 0000e000 08:08 6950774                    /usr/lib/jvm/java-8-openjdk/jre/lib/amd64/libverify.so
7f081701e000-7f0817025000 r-xp 00000000 08:08 5507232                    /usr/lib/librt-2.26.so
7f0817025000-7f0817224000 ---p 00007000 08:08 5507232                    /usr/lib/librt-2.26.so
7f0817224000-7f0817225000 r--p 00006000 08:08 5507232                    /usr/lib/librt-2.26.so
7f0817225000-7f0817226000 rw-p 00007000 08:08 5507232                    /usr/lib/librt-2.26.so
7f0817226000-7f0817371000 r-xp 00000000 08:08 5507238                    /usr/lib/libm-2.26.so
7f0817371000-7f0817570000 ---p 0014b000 08:08 5507238                    /usr/lib/libm-2.26.so
7f0817570000-7f0817571000 r--p 0014a000 08:08 5507238                    /usr/lib/libm-2.26.so
7f0817571000-7f0817572000 rw-p 0014b000 08:08 5507238                    /usr/lib/libm-2.26.so
7f0817572000-7f081820a000 r-xp 00000000 08:08 7209978                    /usr/lib/jvm/java-8-openjdk/jre/lib/amd64/server/libjvm.so
7f081820a000-7f0818409000 ---p 00c98000 08:08 7209978                    /usr/lib/jvm/java-8-openjdk/jre/lib/amd64/server/libjvm.so
7f0818409000-7f081849d000 r--p 00c97000 08:08 7209978                    /usr/lib/jvm/java-8-openjdk/jre/lib/amd64/server/libjvm.so
7f081849d000-7f08184c5000 rw-p 00d2b000 08:08 7209978                    /usr/lib/jvm/java-8-openjdk/jre/lib/amd64/server/libjvm.so
7f08184c5000-7f08184f6000 rw-p 00000000 00:00 0 
7f08184f6000-7f08186a4000 r-xp 00000000 08:08 5507308                    /usr/lib/libc-2.26.so
7f08186a4000-7f08188a3000 ---p 001ae000 08:08 5507308                    /usr/lib/libc-2.26.so
7f08188a3000-7f08188a7000 r--p 001ad000 08:08 5507308                    /usr/lib/libc-2.26.so
7f08188a7000-7f08188a9000 rw-p 001b1000 08:08 5507308                    /usr/lib/libc-2.26.so
7f08188a9000-7f08188ad000 rw-p 00000000 00:00 0 
7f08188ad000-7f08188b0000 r-xp 00000000 08:08 5507240                    /usr/lib/libdl-2.26.so
7f08188b0000-7f0818aaf000 ---p 00003000 08:08 5507240                    /usr/lib/libdl-2.26.so
7f0818aaf000-7f0818ab0000 r--p 00002000 08:08 5507240                    /usr/lib/libdl-2.26.so
7f0818ab0000-7f0818ab1000 rw-p 00003000 08:08 5507240                    /usr/lib/libdl-2.26.so
7f0818ab1000-7f0818abf000 r-xp 00000000 08:08 7209977                    /usr/lib/jvm/java-8-openjdk/jre/lib/amd64/jli/libjli.so
7f0818abf000-7f0818cbe000 ---p 0000e000 08:08 7209977                    /usr/lib/jvm/java-8-openjdk/jre/lib/amd64/jli/libjli.so
7f0818cbe000-7f0818cbf000 r--p 0000d000 08:08 7209977                    /usr/lib/jvm/java-8-openjdk/jre/lib/amd64/jli/libjli.so
7f0818cbf000-7f0818cc0000 rw-p 0000e000 08:08 7209977                    /usr/lib/jvm/java-8-openjdk/jre/lib/amd64/jli/libjli.so
7f0818cc0000-7f0818cd6000 r-xp 00000000 08:08 5515651                    /usr/lib/libz.so.1.2.11
7f0818cd6000-7f0818ed5000 ---p 00016000 08:08 5515651                    /usr/lib/libz.so.1.2.11
7f0818ed5000-7f0818ed6000 r--p 00015000 08:08 5515651                    /usr/lib/libz.so.1.2.11
7f0818ed6000-7f0818ed7000 rw-p 00016000 08:08 5515651                    /usr/lib/libz.so.1.2.11
7f0818ed7000-7f0818ef0000 r-xp 00000000 08:08 5507328                    /usr/lib/libpthread-2.26.so
7f0818ef0000-7f08190ef000 ---p 00019000 08:08 5507328                    /usr/lib/libpthread-2.26.so
7f08190ef000-7f08190f0000 r--p 00018000 08:08 5507328                    /usr/lib/libpthread-2.26.so
7f08190f0000-7f08190f1000 rw-p 00019000 08:08 5507328                    /usr/lib/libpthread-2.26.so
7f08190f1000-7f08190f5000 rw-p 00000000 00:00 0 
7f08190f5000-7f081911a000 r-xp 00000000 08:08 5507309                    /usr/lib/ld-2.26.so
7f081911a000-7f081911b000 r--s 00000000 08:08 6973562                    /home/cheeky/.gradle/caches/modules-2/files-2.1/org.springframework.boot/spring-boot-starter-logging/2.0.1.RELEASE/10681a28c95e9f9c0159327a1ed0c860517c7ad7/spring-boot-starter-logging-2.0.1.RELEASE.jar
7f081911b000-7f081911e000 r--s 00011000 08:08 4069542                    /home/cheeky/.gradle/caches/modules-2/files-2.1/org.eclipse.jetty/jetty-annotations/9.4.9.v20180320/873f5343e6c63284b6d8b2e41db11ccb4c526bc9/jetty-annotations-9.4.9.v20180320.jar
7f081911e000-7f081911f000 r--s 00008000 08:08 4069538                    /home/cheeky/.gradle/caches/modules-2/files-2.1/org.eclipse.jetty.websocket/javax-websocket-server-impl/9.4.9.v20180320/c3c24b4c38a14a2d7789dd1f864b5c468cfe7e3e/javax-websocket-server-impl-9.4.9.v20180320.jar
7f081911f000-7f0819121000 r--s 00015000 08:08 4069536                    /home/cheeky/.gradle/caches/modules-2/files-2.1/org.eclipse.jetty/jetty-servlets/9.4.9.v20180320/cb40696bb683655b7abb4ca72ad08708cd99ca7b/jetty-servlets-9.4.9.v20180320.jar
7f0819121000-7f0819122000 r--s 0041e000 08:08 7355673                    /home/cheeky/.gradle/caches/modules-2/files-2.1/io.springfox/springfox-swagger-ui/2.8.0/2b895560df9cd70a2e93119188981b004b4e2ad5/springfox-swagger-ui-2.8.0.jar
7f0819122000-7f0819124000 r--s 0000e000 08:08 7999136                    /home/cheeky/.gradle/caches/modules-2/files-2.1/io.springfox/springfox-swagger2/2.8.0/27fbca30912258ce0e31cd56361f732f6c27d5ff/springfox-swagger2-2.8.0.jar
7f0819124000-7f0819125000 r--s 00000000 08:08 4726847                    /home/cheeky/.gradle/caches/modules-2/files-2.1/org.springframework.boot/spring-boot-starter/2.0.1.RELEASE/33abc1286b0aabea4f08ff4285d09e587835a716/spring-boot-starter-2.0.1.RELEASE.jar
7f0819125000-7f0819126000 r--s 00000000 08:08 5911574                    /home/cheeky/.gradle/caches/modules-2/files-2.1/org.springframework.boot/spring-boot-starter-jdbc/2.0.1.RELEASE/a22a7ac74388118938bfcd894318cd0c5a7c380b/spring-boot-starter-jdbc-2.0.1.RELEASE.jar
7f0819126000-7f0819127000 r--s 00000000 08:08 5911570                    /home/cheeky/.gradle/caches/modules-2/files-2.1/org.springframework.boot/spring-boot-starter-aop/2.0.1.RELEASE/c7f7b5b5e63edca2fb04899d13d8bad83377b4b3/spring-boot-starter-aop-2.0.1.RELEASE.jar
7f0819127000-7f0819128000 r--s 00000000 08:08 7619565                    /home/cheeky/.gradle/caches/modules-2/files-2.1/org.springframework.boot/spring-boot-starter-json/2.0.1.RELEASE/f2e1aeeb1ac02bfa1b4f7254633484af1866fc65/spring-boot-starter-json-2.0.1.RELEASE.jar
7f0819128000-7f0819129000 r--s 00000000 08:08 5384254                    /home/cheeky/.gradle/caches/modules-2/files-2.1/org.springframework.boot/spring-boot-starter-data-jpa/2.0.1.RELEASE/b7c701f60073e2d2b8a8f5502dcc39d4f65f45ff/spring-boot-starter-data-jpa-2.0.1.RELEASE.jar
7f0819129000-7f081912a000 r--s 00000000 08:08 4069534                    /home/cheeky/.gradle/caches/modules-2/files-2.1/org.springframework.boot/spring-boot-starter-jetty/2.0.1.RELEASE/b270ff3f1ca7e495f8297d78641a5f86f5b0cd48/spring-boot-starter-jetty-2.0.1.RELEASE.jar
7f081912a000-7f081912b000 r--s 00000000 08:08 5667223                    /home/cheeky/.gradle/caches/modules-2/files-2.1/org.springframework.boot/spring-boot-starter-web/2.0.1.RELEASE/88751ed76791d12425ce5a80476baf1749a44cf4/spring-boot-starter-web-2.0.1.RELEASE.jar
7f081912b000-7f081912c000 r--s 00000000 08:08 6819700                    /usr/lib/jvm/java-8-openjdk/jre/lib/management-agent.jar
7f081912c000-7f0819131000 r--s 0009d000 08:08 6819701                    /usr/lib/jvm/java-8-openjdk/jre/lib/jsse.jar
7f0819131000-7f0819132000 r--s 00009000 08:08 6819685                    /usr/lib/jvm/java-8-openjdk/jre/lib/jfxswt.jar
7f0819132000-7f0819135000 r--s 00015000 08:08 6819704                    /usr/lib/jvm/java-8-openjdk/jre/lib/jce.jar
7f0819135000-7f08191de000 rw-p 00000000 00:00 0 
7f08191de000-7f08191df000 ---p 00000000 00:00 0 
7f08191df000-7f08191e2000 ---p 00000000 00:00 0 
7f08191e2000-7f08192e3000 rw-p 00000000 00:00 0 
7f08192e3000-7f08192e8000 r--s 002f9000 08:08 6819706                    /usr/lib/jvm/java-8-openjdk/jre/lib/charsets.jar
7f08192e8000-7f081930f000 rw-p 00000000 00:00 0 
7f081930f000-7f0819317000 rw-s 00000000 00:2b 260995                     /tmp/hsperfdata_cheeky/7070
7f0819317000-7f0819318000 rw-p 00000000 00:00 0 
7f0819318000-7f0819319000 ---p 00000000 00:00 0 
7f0819319000-7f081931a000 r--p 00024000 08:08 5507309                    /usr/lib/ld-2.26.so
7f081931a000-7f081931b000 rw-p 00025000 08:08 5507309                    /usr/lib/ld-2.26.so
7f081931b000-7f081931c000 rw-p 00000000 00:00 0 
7fff72972000-7fff72997000 rw-p 00000000 00:00 0                          [stack]
7fff729e2000-7fff729e5000 r--p 00000000 00:00 0                          [vvar]
7fff729e5000-7fff729e7000 r-xp 00000000 00:00 0                          [vdso]

VM Arguments:
jvm_args: -XX:TieredStopAtLevel=1 -Xverify:none -Dspring.output.ansi.enabled=always -Dcom.sun.management.jmxremote -Dcom.sun.management.jmxremote.port=46123 -Dcom.sun.management.jmxremote.authenticate=false -Dcom.sun.management.jmxremote.ssl=false -Djava.rmi.server.hostname=localhost -Dspring.liveBeansView.mbeanDomain -Dspring.application.admin.enabled=true -javaagent:/opt/intellij-idea-ultimate-edition/lib/idea_rt.jar=41195:/opt/intellij-idea-ultimate-edition/bin -Dfile.encoding=UTF-8 
java_command: com.kuligowski.maciej.platformy.lab4.allegretto.AllegrettoApplication
java_class_path (initial): /usr/lib/jvm/default-runtime/jre/lib/charsets.jar:/usr/lib/jvm/default-runtime/jre/lib/ext/cldrdata.jar:/usr/lib/jvm/default-runtime/jre/lib/ext/dnsns.jar:/usr/lib/jvm/default-runtime/jre/lib/ext/jaccess.jar:/usr/lib/jvm/default-runtime/jre/lib/ext/jfxrt.jar:/usr/lib/jvm/default-runtime/jre/lib/ext/localedata.jar:/usr/lib/jvm/default-runtime/jre/lib/ext/nashorn.jar:/usr/lib/jvm/default-runtime/jre/lib/ext/sunec.jar:/usr/lib/jvm/default-runtime/jre/lib/ext/sunjce_provider.jar:/usr/lib/jvm/default-runtime/jre/lib/ext/sunpkcs11.jar:/usr/lib/jvm/default-runtime/jre/lib/ext/zipfs.jar:/usr/lib/jvm/default-runtime/jre/lib/jce.jar:/usr/lib/jvm/default-runtime/jre/lib/jfxswt.jar:/usr/lib/jvm/default-runtime/jre/lib/jsse.jar:/usr/lib/jvm/default-runtime/jre/lib/management-agent.jar:/usr/lib/jvm/default-runtime/jre/lib/resources.jar:/usr/lib/jvm/default-runtime/jre/lib/rt.jar:/home/cheeky/workspace/Allegretto/out/production/classes:/home/cheeky/workspace/Allegretto/out/production/resources:/home/cheeky/.gradle/caches/modules-2/files-2.1/org.springframework.boot/spring-boot-starter-web/2.0.1.RELEASE/88751ed76791d12425ce5a80476baf1749a44cf4/spring-boot-starter-web-2.0.1.RELEASE.jar:/home/cheeky/.gradle/caches/modules-2/files-2.1/org.springframework.boot/spring-boot-starter-jetty/2.0.1.RELEASE/b270ff3f1ca7e495f8297d78641a5f86f5b0cd48/spring-boot-starter-jetty-2.0.1.RELEASE.jar:/home/cheeky/.gradle/caches/modules-2/files-2.1/org.springframework.boot/spring-boot-starter-data-jpa/2.0.1.RELEASE/b7c701f60073e2d2b8a8f5502dcc39d4f65f45ff/spring-boot-starter-data-jpa-2.0.1.RELEASE.jar:/home/cheeky/.gradle/caches/modules-2/files-2.1/org.springframework.boot/spring-boot-starter-json/2.0.1.RELEASE/f2e1aeeb1ac02bfa1b4f7254633484af1866fc65/spring-boot-starter-json-2.0.1.RELEASE.jar:/home/cheeky/.gradle/caches/modules-2/files-2.1/org.springframework.boot/spring-boot-starter-aop/2.0.1.RELEASE/c7f7b5b5e63edca2fb04899d13d8bad83377b4b3/spring-boot-starter-aop-2.0.1.REL
Launcher Type: SUN_STANDARD

Environment Variables:
PATH=/usr/local/sbin:/usr/local/bin:/usr/bin:/usr/lib/jvm/default/bin:/usr/bin/site_perl:/usr/bin/vendor_perl:/usr/bin/core_perl
SHELL=/bin/bash
DISPLAY=:0

Signal Handlers:
SIGSEGV: [libjvm.so+0xa9e370], sa_mask[0]=11111111011111111101111111111110, sa_flags=SA_RESTART|SA_SIGINFO
SIGBUS: [libjvm.so+0xa9e370], sa_mask[0]=11111111011111111101111111111110, sa_flags=SA_RESTART|SA_SIGINFO
SIGFPE: [libjvm.so+0x8d66a0], sa_mask[0]=11111111011111111101111111111110, sa_flags=SA_RESTART|SA_SIGINFO
SIGPIPE: [libjvm.so+0x8d66a0], sa_mask[0]=11111111011111111101111111111110, sa_flags=SA_RESTART|SA_SIGINFO
SIGXFSZ: [libjvm.so+0x8d66a0], sa_mask[0]=11111111011111111101111111111110, sa_flags=SA_RESTART|SA_SIGINFO
SIGILL: [libjvm.so+0x8d66a0], sa_mask[0]=11111111011111111101111111111110, sa_flags=SA_RESTART|SA_SIGINFO
SIGUSR1: SIG_DFL, sa_mask[0]=00000000000000000000000000000000, sa_flags=none
SIGUSR2: [libjvm.so+0x8d6550], sa_mask[0]=00100000000000000000000000000000, sa_flags=SA_RESTART|SA_SIGINFO
SIGHUP: [libjvm.so+0x8d6a00], sa_mask[0]=11111111011111111101111111111110, sa_flags=SA_RESTART|SA_SIGINFO
SIGINT: [libjvm.so+0x8d6a00], sa_mask[0]=11111111011111111101111111111110, sa_flags=SA_RESTART|SA_SIGINFO
SIGTERM: [libjvm.so+0x8d6a00], sa_mask[0]=11111111011111111101111111111110, sa_flags=SA_RESTART|SA_SIGINFO
SIGQUIT: [libjvm.so+0x8d6a00], sa_mask[0]=11111111011111111101111111111110, sa_flags=SA_RESTART|SA_SIGINFO


---------------  S Y S T E M  ---------------

OS:LSB_VERSION=1.4
DISTRIB_ID=Arch
DISTRIB_RELEASE=rolling
DISTRIB_DESCRIPTION="Arch Linux"

uname:Linux 4.15.5-1-ARCH #1 SMP PREEMPT Thu Feb 22 22:15:20 UTC 2018 x86_64
libc:glibc 2.26 NPTL 2.26 
rlimit: STACK 8192k, CORE infinity, NPROC 30779, NOFILE 4096, AS infinity
load average:1.50 1.28 1.15

/proc/meminfo:
MemTotal:        8090044 kB
MemFree:         1060884 kB
MemAvailable:    2977180 kB
Buffers:          325236 kB
Cached:          2165448 kB
SwapCached:            0 kB
Active:          5059240 kB
Inactive:        1570212 kB
Active(anon):    4140200 kB
Inactive(anon):   433400 kB
Active(file):     919040 kB
Inactive(file):  1136812 kB
Unevictable:          32 kB
Mlocked:              32 kB
SwapTotal:       1048572 kB
SwapFree:        1048572 kB
Dirty:             11784 kB
Writeback:             0 kB
AnonPages:       4138872 kB
Mapped:           826892 kB
Shmem:            434836 kB
Slab:             209496 kB
SReclaimable:     161640 kB
SUnreclaim:        47856 kB
KernelStack:       11984 kB
PageTables:        60056 kB
NFS_Unstable:          0 kB
Bounce:                0 kB
WritebackTmp:          0 kB
CommitLimit:     5093592 kB
Committed_AS:   10592308 kB
VmallocTotal:   34359738367 kB
VmallocUsed:           0 kB
VmallocChunk:          0 kB
HardwareCorrupted:     0 kB
AnonHugePages:         0 kB
ShmemHugePages:        0 kB
ShmemPmdMapped:        0 kB
HugePages_Total:       0
HugePages_Free:        0
HugePages_Rsvd:        0
HugePages_Surp:        0
Hugepagesize:       2048 kB
DirectMap4k:      199456 kB
DirectMap2M:     8108032 kB
DirectMap1G:           0 kB


CPU:total 4 (initial active 4) (2 cores per cpu, 2 threads per core) family 6 model 60 stepping 3, cmov, cx8, fxsr, mmx, sse, sse2, sse3, ssse3, sse4.1, sse4.2, popcnt, avx, avx2, aes, clmul, erms, lzcnt, ht, tsc, tscinvbit, bmi1, bmi2

/proc/cpuinfo:
processor	: 0
vendor_id	: GenuineIntel
cpu family	: 6
model		: 60
model name	: Intel(R) Core(TM) i5-4200M CPU @ 2.50GHz
stepping	: 3
microcode	: 0x23
cpu MHz		: 2993.252
cache size	: 3072 KB
physical id	: 0
siblings	: 4
core id		: 0
cpu cores	: 2
apicid		: 0
initial apicid	: 0
fpu		: yes
fpu_exception	: yes
cpuid level	: 13
wp		: yes
flags		: fpu vme de pse tsc msr pae mce cx8 apic sep mtrr pge mca cmov pat pse36 clflush dts acpi mmx fxsr sse sse2 ss ht tm pbe syscall nx pdpe1gb rdtscp lm constant_tsc arch_perfmon pebs bts rep_good nopl xtopology nonstop_tsc cpuid aperfmperf pni pclmulqdq dtes64 monitor ds_cpl vmx est tm2 ssse3 sdbg fma cx16 xtpr pdcm pcid sse4_1 sse4_2 movbe popcnt tsc_deadline_timer aes xsave avx f16c rdrand lahf_lm abm cpuid_fault epb invpcid_single pti tpr_shadow vnmi flexpriority ept vpid fsgsbase tsc_adjust bmi1 avx2 smep bmi2 erms invpcid xsaveopt dtherm ida arat pln pts
bugs		: cpu_meltdown spectre_v1 spectre_v2
bogomips	: 4988.75
clflush size	: 64
cache_alignment	: 64
address sizes	: 39 bits physical, 48 bits virtual
power management:

processor	: 1
vendor_id	: GenuineIntel
cpu family	: 6
model		: 60
model name	: Intel(R) Core(TM) i5-4200M CPU @ 2.50GHz
stepping	: 3
microcode	: 0x23
cpu MHz		: 2993.253
cache size	: 3072 KB
physical id	: 0
siblings	: 4
core id		: 1
cpu cores	: 2
apicid		: 2
initial apicid	: 2
fpu		: yes
fpu_exception	: yes
cpuid level	: 13
wp		: yes
flags		: fpu vme de pse tsc msr pae mce cx8 apic sep mtrr pge mca cmov pat pse36 clflush dts acpi mmx fxsr sse sse2 ss ht tm pbe syscall nx pdpe1gb rdtscp lm constant_tsc arch_perfmon pebs bts rep_good nopl xtopology nonstop_tsc cpuid aperfmperf pni pclmulqdq dtes64 monitor ds_cpl vmx est tm2 ssse3 sdbg fma cx16 xtpr pdcm pcid sse4_1 sse4_2 movbe popcnt tsc_deadline_timer aes xsave avx f16c rdrand lahf_lm abm cpuid_fault epb invpcid_single pti tpr_shadow vnmi flexpriority ept vpid fsgsbase tsc_adjust bmi1 avx2 smep bmi2 erms invpcid xsaveopt dtherm ida arat pln pts
bugs		: cpu_meltdown spectre_v1 spectre_v2
bogomips	: 4988.75
clflush size	: 64
cache_alignment	: 64
address sizes	: 39 bits physical, 48 bits virtual
power management:

processor	: 2
vendor_id	: GenuineIntel
cpu family	: 6
model		: 60
model name	: Intel(R) Core(TM) i5-4200M CPU @ 2.50GHz
stepping	: 3
microcode	: 0x23
cpu MHz		: 2993.253
cache size	: 3072 KB
physical id	: 0
siblings	: 4
core id		: 0
cpu cores	: 2
apicid		: 1
initial apicid	: 1
fpu		: yes
fpu_exception	: yes
cpuid level	: 13
wp		: yes
flags		: fpu vme de pse tsc msr pae mce cx8 apic sep mtrr pge mca cmov pat pse36 clflush dts acpi mmx fxsr sse sse2 ss ht tm pbe syscall nx pdpe1gb rdtscp lm constant_tsc arch_perfmon pebs bts rep_good nopl xtopology nonstop_tsc cpuid aperfmperf pni pclmulqdq dtes64 monitor ds_cpl vmx est tm2 ssse3 sdbg fma cx16 xtpr pdcm pcid sse4_1 sse4_2 movbe popcnt tsc_deadline_timer aes xsave avx f16c rdrand lahf_lm abm cpuid_fault epb invpcid_single pti tpr_shadow vnmi flexpriority ept vpid fsgsbase tsc_adjust bmi1 avx2 smep bmi2 erms invpcid xsaveopt dtherm ida arat pln pts
bugs		: cpu_meltdown spectre_v1 spectre_v2
bogomips	: 4988.75
clflush size	: 64
cache_alignment	: 64
address sizes	: 39 bits physical, 48 bits virtual
power management:

processor	: 3
vendor_id	: GenuineIntel
cpu family	: 6
model		: 60
model name	: Intel(R) Core(TM) i5-4200M CPU @ 2.50GHz
stepping	: 3
microcode	: 0x23
cpu MHz		: 2993.252
cache size	: 3072 KB
physical id	: 0
siblings	: 4
core id		: 1
cpu cores	: 2
apicid		: 3
initial apicid	: 3
fpu		: yes
fpu_exception	: yes
cpuid level	: 13
wp		: yes
flags		: fpu vme de pse tsc msr pae mce cx8 apic sep mtrr pge mca cmov pat pse36 clflush dts acpi mmx fxsr sse sse2 ss ht tm pbe syscall nx pdpe1gb rdtscp lm constant_tsc arch_perfmon pebs bts rep_good nopl xtopology nonstop_tsc cpuid aperfmperf pni pclmulqdq dtes64 monitor ds_cpl vmx est tm2 ssse3 sdbg fma cx16 xtpr pdcm pcid sse4_1 sse4_2 movbe popcnt tsc_deadline_timer aes xsave avx f16c rdrand lahf_lm abm cpuid_fault epb invpcid_single pti tpr_shadow vnmi flexpriority ept vpid fsgsbase tsc_adjust bmi1 avx2 smep bmi2 erms invpcid xsaveopt dtherm ida arat pln pts
bugs		: cpu_meltdown spectre_v1 spectre_v2
bogomips	: 4988.75
clflush size	: 64
cache_alignment	: 64
address sizes	: 39 bits physical, 48 bits virtual
power management:



Memory: 4k page, physical 8090044k(1059992k free), swap 1048572k(1048572k free)

vm_info: OpenJDK 64-Bit Server VM (25.162-b12) for linux-amd64 JRE (1.8.0_162-b12), built on Feb 27 2018 12:14:51 by "builduser" with gcc 7.3.0

time: Sun Apr  8 13:01:42 2018
elapsed time: 1 seconds (0d 0h 0m 1s)

