#
# A fatal error has been detected by the Java Runtime Environment:
#
#  SIGSEGV (0xb) at pc=0x00007f93b7bc43b8, pid=22083, tid=0x00007f93b5820700
#
# JRE version: OpenJDK Runtime Environment (8.0_162-b12) (build 1.8.0_162-b12)
# Java VM: OpenJDK 64-Bit Server VM (25.162-b12 mixed mode linux-amd64 compressed oops)
# Problematic frame:
# V  [libjvm.so+0x6b73b8]
#
# Core dump written. Default location: /home/cheeky/workspace/Allegretto/core or core.22083
#
# If you would like to submit a bug report, please visit:
#   http://bugreport.java.com/bugreport/crash.jsp
#

---------------  T H R E A D  ---------------

Current thread (0x00007f93b002e000):  GCTaskThread [stack: 0x00007f93b5721000,0x00007f93b5821000] [id=22089]

siginfo: si_signo: 11 (SIGSEGV), si_code: 1 (SEGV_MAPERR), si_addr: 0x0000000000000100

Registers:
RAX=0x0000000000000000, RBX=0x00007f93b581fd30, RCX=0x00007f93b581fd50, RDX=0x0000000000000000
RSP=0x00007f93b581f670, RBP=0x00007f93b581f6a0, RSI=0x00007f93b581fd30, RDI=0x0000000000000000
R8 =0x0000000000000021, R9 =0x0000000000000003, R10=0x00000000dadfcb01, R11=0x00000000dadfc338
R12=0x0000000000000000, R13=0x0000000000000000, R14=0x0000000000000000, R15=0x00007f93b581fd30
RIP=0x00007f93b7bc43b8, EFLAGS=0x0000000000010202, CSGSFS=0x002b000000000033, ERR=0x0000000000000004
  TRAPNO=0x000000000000000e

Top of Stack: (sp=0x00007f93b581f670)
0x00007f93b581f670:   0000000000000000 00007f93b581fd30
0x00007f93b581f680:   00007f934c00d000 00007f93b0057a80
0x00007f93b581f690:   0000000000000000 00007f93b581fd50
0x00007f93b581f6a0:   00007f93b581fd20 00007f93b7f43ea8
0x00007f93b581f6b0:   00007f93b002e000 00007f93b581f6c0
0x00007f93b581f6c0:   00007f93b92789c8 00007f93a10004e7
0x00007f93b581f6d0:   00007f93a10003d0 0000000000000000
0x00007f93b581f6e0:   00007f93b9278a30 00007f93b92789c8
0x00007f93b581f6f0:   00007f93b92789c8 00007f93a10004e7
0x00007f93b581f700:   00007f93a10003d0 0000000000000000
0x00007f93b581f710:   00007f93b9278a30 00007f93b92789c8
0x00007f93b581f720:   00007f93b92760c8 00007f93b92760cc
0x00007f93b581f730:   00007f93b92760c0 00007f93b92760c4
0x00007f93b581f740:   00007f93b92760b8 00007f93b92760bc
0x00007f93b581f750:   00007f93b92760b0 00007f93b92760b4
0x00007f93b581f760:   0000000000000000 0000000000000000
0x00007f93b581f770:   00007f93b92789b8 00007f93b92789b8
0x00007f93b581f780:   00007f93b9276098 00007f93b927609c
0x00007f93b581f790:   00007f93b9276090 00007f93b9276094
0x00007f93b581f7a0:   00007f93b9276088 00007f93b927608c
0x00007f93b581f7b0:   00007f93b9276080 00007f93b9276084
0x00007f93b581f7c0:   00007f93b9276078 00007f93b927607c
0x00007f93b581f7d0:   00007f93b9276070 00007f93b9276074
0x00007f93b581f7e0:   00007f93b9276068 00007f93b927606c
0x00007f93b581f7f0:   00007f93b9276060 00007f93b9276064
0x00007f93b581f800:   00007f93b9276058 00007f93b927605c
0x00007f93b581f810:   00007f93b9276050 00007f93b9276054
0x00007f93b581f820:   0000000000000000 0000000000000000
0x00007f93b581f830:   0000000000000000 0000000000000000
0x00007f93b581f840:   0000000000000000 0000000000000000
0x00007f93b581f850:   0000000000000000 0000000000000000
0x00007f93b581f860:   0000000000000000 0000000000000000 

Instructions: (pc=0x00007f93b7bc43b8)
0x00007f93b7bc4398:   41 55 41 54 49 89 fd 53 49 89 f7 48 83 ec 08 66
0x00007f93b7bc43a8:   0f 1f 84 00 00 00 00 00 4d 89 ec 0f 1f 44 00 00
0x00007f93b7bc43b8:   41 8b b4 24 00 01 00 00 85 f6 7e 68 4d 8d 74 24
0x00007f93b7bc43c8:   f8 bb 01 00 00 00 66 90 49 8b 44 dc f8 48 85 c0 

Register to memory mapping:

RAX=0x0000000000000000 is an unknown value
RBX=0x00007f93b581fd30 is an unknown value
RCX=0x00007f93b581fd50 is an unknown value
RDX=0x0000000000000000 is an unknown value
RSP=0x00007f93b581f670 is an unknown value
RBP=0x00007f93b581f6a0 is an unknown value
RSI=0x00007f93b581fd30 is an unknown value
RDI=0x0000000000000000 is an unknown value
R8 =0x0000000000000021 is an unknown value
R9 =0x0000000000000003 is an unknown value
R10=0x00000000dadfcb01 is an unknown value
R11=0x00000000dadfc338 is an oop
java.lang.Class 
 - klass: 'java/lang/Class'
R12=0x0000000000000000 is an unknown value
R13=0x0000000000000000 is an unknown value
R14=0x0000000000000000 is an unknown value
R15=0x00007f93b581fd30 is an unknown value


Stack: [0x00007f93b5721000,0x00007f93b5821000],  sp=0x00007f93b581f670,  free space=1017k
Native frames: (J=compiled Java code, j=interpreted, Vv=VM code, C=native code)
V  [libjvm.so+0x6b73b8]
V  [libjvm.so+0xa36ea8]
V  [libjvm.so+0x953b46]
V  [libjvm.so+0x5b3b86]
V  [libjvm.so+0x8d8432]


---------------  P R O C E S S  ---------------

Java Threads: ( => current thread )
  0x00007f934c00d000 JavaThread "JMX server connection timeout 21" daemon [_thread_blocked, id=22129, stack(0x00007f93769bf000,0x00007f9376ac0000)]
  0x00007f93b085c000 JavaThread "background-preinit" [_thread_blocked, id=22119, stack(0x00007f9376ec0000,0x00007f9376fc1000)]
  0x00007f9364001000 JavaThread "RMI TCP Connection(2)-127.0.0.1" daemon [_thread_blocked, id=22115, stack(0x00007f9376fc1000,0x00007f93770c2000)]
  0x00007f9354008800 JavaThread "RMI Scheduler(0)" daemon [_thread_blocked, id=22114, stack(0x00007f93770c2000,0x00007f93771c3000)]
  0x00007f9358001800 JavaThread "RMI TCP Connection(1)-127.0.0.1" daemon [_thread_in_native, id=22112, stack(0x00007f93771c3000,0x00007f93772c4000)]
  0x00007f93b0789800 JavaThread "RMI TCP Accept-0" daemon [_thread_in_native, id=22109, stack(0x00007f93773c5000,0x00007f93774c6000)]
  0x00007f93b0782000 JavaThread "RMI TCP Accept-35805" daemon [_thread_in_native, id=22108, stack(0x00007f93774c6000,0x00007f93775c7000)]
  0x00007f93b076e000 JavaThread "RMI TCP Accept-0" daemon [_thread_in_native, id=22107, stack(0x00007f93775c7000,0x00007f93776c8000)]
  0x00007f93b0634000 JavaThread "Service Thread" daemon [_thread_blocked, id=22106, stack(0x00007f9377ae5000,0x00007f9377be6000)]
  0x00007f93b0631000 JavaThread "C1 CompilerThread2" daemon [_thread_blocked, id=22105, stack(0x00007f9377be7000,0x00007f9377ce7000)]
  0x00007f93b062f000 JavaThread "C2 CompilerThread1" daemon [_thread_blocked, id=22104, stack(0x00007f9377f00000,0x00007f9378000000)]
  0x00007f93b062d000 JavaThread "C2 CompilerThread0" daemon [_thread_blocked, id=22103, stack(0x00007f939c0bd000,0x00007f939c1bd000)]
  0x00007f93b062b000 JavaThread "Monitor Ctrl-Break" daemon [_thread_in_native, id=22102, stack(0x00007f939c1bd000,0x00007f939c2be000)]
  0x00007f93b0187000 JavaThread "Signal Dispatcher" daemon [_thread_blocked, id=22097, stack(0x00007f939c57f000,0x00007f939c680000)]
  0x00007f93b0154800 JavaThread "Finalizer" daemon [_thread_blocked, id=22094, stack(0x00007f939c836000,0x00007f939c937000)]
  0x00007f93b0150000 JavaThread "Reference Handler" daemon [_thread_blocked, id=22093, stack(0x00007f939c937000,0x00007f939ca38000)]
  0x00007f93b0014000 JavaThread "main" [_thread_blocked, id=22084, stack(0x00007f93b917a000,0x00007f93b927a000)]

Other Threads:
  0x00007f93b0148000 VMThread [stack: 0x00007f939ca39000,0x00007f939cb39000] [id=22092]
  0x00007f93b078c000 WatcherThread [stack: 0x00007f93772c5000,0x00007f93773c5000] [id=22110]

=>0x00007f93b002e000 (exited) GCTaskThread [stack: 0x00007f93b5721000,0x00007f93b5821000] [id=22089]

VM state:at safepoint (normal execution)

VM Mutex/Monitor currently owned by a thread:  ([mutex/lock_event])
[0x00007f93b000aff0] Threads_lock - owner thread: 0x00007f93b0148000
[0x00007f93b000b4f0] Heap_lock - owner thread: 0x00007f93b085c000

Heap:
 PSYoungGen      total 68608K, used 43000K [0x00000000d6d80000, 0x00000000db580000, 0x0000000100000000)
  eden space 63488K, 59% used [0x00000000d6d80000,0x00000000d9285240,0x00000000dab80000)
  from space 5120K, 99% used [0x00000000db080000,0x00000000db578e10,0x00000000db580000)
  to   space 5120K, 99% used [0x00000000dab80000,0x00000000db078250,0x00000000db080000)
 ParOldGen       total 84992K, used 3647K [0x0000000084800000, 0x0000000089b00000, 0x00000000d6d80000)
  object space 84992K, 4% used [0x0000000084800000,0x0000000084b8fe10,0x0000000089b00000)
 Metaspace       used 20589K, capacity 21232K, committed 21296K, reserved 1067008K
  class space    used 2679K, capacity 2861K, committed 2864K, reserved 1048576K

Card table byte_map: [0x00007f93b5db7000,0x00007f93b6194000] byte_map_base: 0x00007f93b5993000

Marking Bits: (ParMarkBitMap*) 0x00007f93b84740c0
 Begin Bits: [0x00007f939d240000, 0x00007f939f120000)
 End Bits:   [0x00007f939f120000, 0x00007f93a1000000)

Polling page: 0x00007f93b92b3000

CodeCache: size=245760Kb used=3379Kb max_used=3379Kb free=242380Kb
 bounds [0x00007f93a1000000, 0x00007f93a1350000, 0x00007f93b0000000]
 total_blobs=1884 nmethods=1493 adapters=305
 compilation: enabled

Compilation events (10 events):
Event: 2.147 Thread 0x00007f93b0631000 nmethod 1491 0x00007f93a134a6d0 code [0x00007f93a134a820, 0x00007f93a134a930]
Event: 2.147 Thread 0x00007f93b0631000 1485       1       java.nio.charset.Charset::atBugLevel (44 bytes)
Event: 2.149 Thread 0x00007f93b0631000 nmethod 1485 0x00007f93a134a990 code [0x00007f93a134ab20, 0x00007f93a134ad98]
Event: 2.150 Thread 0x00007f93b0631000 1499       1       java.util.jar.JarEntry::<init> (6 bytes)
Event: 2.151 Thread 0x00007f93b0631000 nmethod 1499 0x00007f93a134ae90 code [0x00007f93a134b000, 0x00007f93a134b128]
Event: 2.151 Thread 0x00007f93b0631000 1487       1       org.springframework.core.type.classreading.SimpleMetadataReader::getAnnotationMetadata (5 bytes)
Event: 2.151 Thread 0x00007f93b0631000 nmethod 1487 0x00007f93a134b190 code [0x00007f93a134b2e0, 0x00007f93a134b3f0]
Event: 2.152 Thread 0x00007f93b0631000 1490       1       sun.reflect.annotation.AnnotationParser::parseConst (208 bytes)
Event: 2.168 Thread 0x00007f93b0631000 nmethod 1490 0x00007f93a134b5d0 code [0x00007f93a134b860, 0x00007f93a134c148]
Event: 2.168 Thread 0x00007f93b0631000 1508       1       org.springframework.asm.ClassReader::readMethod (1130 bytes)

GC Heap History (9 events):
Event: 0.879 GC heap before
{Heap before GC invocations=1 (full 0):
 PSYoungGen      total 36864K, used 31744K [0x00000000d6d80000, 0x00000000d9680000, 0x0000000100000000)
  eden space 31744K, 100% used [0x00000000d6d80000,0x00000000d8c80000,0x00000000d8c80000)
  from space 5120K, 0% used [0x00000000d9180000,0x00000000d9180000,0x00000000d9680000)
  to   space 5120K, 0% used [0x00000000d8c80000,0x00000000d8c80000,0x00000000d9180000)
 ParOldGen       total 84992K, used 0K [0x0000000084800000, 0x0000000089b00000, 0x00000000d6d80000)
  object space 84992K, 0% used [0x0000000084800000,0x0000000084800000,0x0000000089b00000)
 Metaspace       used 10248K, capacity 10492K, committed 10880K, reserved 1058816K
  class space    used 1218K, capacity 1284K, committed 1408K, reserved 1048576K
Event: 0.888 GC heap after
Heap after GC invocations=1 (full 0):
 PSYoungGen      total 36864K, used 3956K [0x00000000d6d80000, 0x00000000d9680000, 0x0000000100000000)
  eden space 31744K, 0% used [0x00000000d6d80000,0x00000000d6d80000,0x00000000d8c80000)
  from space 5120K, 77% used [0x00000000d8c80000,0x00000000d905d370,0x00000000d9180000)
  to   space 5120K, 0% used [0x00000000d9180000,0x00000000d9180000,0x00000000d9680000)
 ParOldGen       total 84992K, used 8K [0x0000000084800000, 0x0000000089b00000, 0x00000000d6d80000)
  object space 84992K, 0% used [0x0000000084800000,0x0000000084802000,0x0000000089b00000)
 Metaspace       used 10248K, capacity 10492K, committed 10880K, reserved 1058816K
  class space    used 1218K, capacity 1284K, committed 1408K, reserved 1048576K
}
Event: 1.264 GC heap before
{Heap before GC invocations=2 (full 0):
 PSYoungGen      total 36864K, used 35689K [0x00000000d6d80000, 0x00000000d9680000, 0x0000000100000000)
  eden space 31744K, 99% used [0x00000000d6d80000,0x00000000d8c7d0d0,0x00000000d8c80000)
  from space 5120K, 77% used [0x00000000d8c80000,0x00000000d905d370,0x00000000d9180000)
  to   space 5120K, 0% used [0x00000000d9180000,0x00000000d9180000,0x00000000d9680000)
 ParOldGen       total 84992K, used 8K [0x0000000084800000, 0x0000000089b00000, 0x00000000d6d80000)
  object space 84992K, 0% used [0x0000000084800000,0x0000000084802000,0x0000000089b00000)
 Metaspace       used 13290K, capacity 13696K, committed 13824K, reserved 1060864K
  class space    used 1637K, capacity 1758K, committed 1792K, reserved 1048576K
Event: 1.276 GC heap after
Heap after GC invocations=2 (full 0):
 PSYoungGen      total 36864K, used 5092K [0x00000000d6d80000, 0x00000000db580000, 0x0000000100000000)
  eden space 31744K, 0% used [0x00000000d6d80000,0x00000000d6d80000,0x00000000d8c80000)
  from space 5120K, 99% used [0x00000000d9180000,0x00000000d96791e0,0x00000000d9680000)
  to   space 5120K, 0% used [0x00000000d8c80000,0x00000000d8c80000,0x00000000d9180000)
 ParOldGen       total 84992K, used 163K [0x0000000084800000, 0x0000000089b00000, 0x00000000d6d80000)
  object space 84992K, 0% used [0x0000000084800000,0x0000000084828f78,0x0000000089b00000)
 Metaspace       used 13290K, capacity 13696K, committed 13824K, reserved 1060864K
  class space    used 1637K, capacity 1758K, committed 1792K, reserved 1048576K
}
Event: 1.461 GC heap before
{Heap before GC invocations=3 (full 0):
 PSYoungGen      total 36864K, used 36836K [0x00000000d6d80000, 0x00000000db580000, 0x0000000100000000)
  eden space 31744K, 100% used [0x00000000d6d80000,0x00000000d8c80000,0x00000000d8c80000)
  from space 5120K, 99% used [0x00000000d9180000,0x00000000d96791e0,0x00000000d9680000)
  to   space 5120K, 0% used [0x00000000d8c80000,0x00000000d8c80000,0x00000000d9180000)
 ParOldGen       total 84992K, used 163K [0x0000000084800000, 0x0000000089b00000, 0x00000000d6d80000)
  object space 84992K, 0% used [0x0000000084800000,0x0000000084828f78,0x0000000089b00000)
 Metaspace       used 15774K, capacity 16244K, committed 16384K, reserved 1062912K
  class space    used 2055K, capacity 2211K, committed 2304K, reserved 1048576K
Event: 1.480 GC heap after
Heap after GC invocations=3 (full 0):
 PSYoungGen      total 36864K, used 5118K [0x00000000d6d80000, 0x00000000db580000, 0x0000000100000000)
  eden space 31744K, 0% used [0x00000000d6d80000,0x00000000d6d80000,0x00000000d8c80000)
  from space 5120K, 99% used [0x00000000d8c80000,0x00000000d917f9a8,0x00000000d9180000)
  to   space 5120K, 0% used [0x00000000db080000,0x00000000db080000,0x00000000db580000)
 ParOldGen       total 84992K, used 1018K [0x0000000084800000, 0x0000000089b00000, 0x00000000d6d80000)
  object space 84992K, 1% used [0x0000000084800000,0x00000000848fe980,0x0000000089b00000)
 Metaspace       used 15774K, capacity 16244K, committed 16384K, reserved 1062912K
  class space    used 2055K, capacity 2211K, committed 2304K, reserved 1048576K
}
Event: 1.738 GC heap before
{Heap before GC invocations=4 (full 0):
 PSYoungGen      total 36864K, used 36862K [0x00000000d6d80000, 0x00000000db580000, 0x0000000100000000)
  eden space 31744K, 100% used [0x00000000d6d80000,0x00000000d8c80000,0x00000000d8c80000)
  from space 5120K, 99% used [0x00000000d8c80000,0x00000000d917f9a8,0x00000000d9180000)
  to   space 5120K, 0% used [0x00000000db080000,0x00000000db080000,0x00000000db580000)
 ParOldGen       total 84992K, used 1018K [0x0000000084800000, 0x0000000089b00000, 0x00000000d6d80000)
  object space 84992K, 1% used [0x0000000084800000,0x00000000848fe980,0x0000000089b00000)
 Metaspace       used 18377K, capacity 18926K, committed 19072K, reserved 1064960K
  class space    used 2408K, capacity 2566K, committed 2688K, reserved 1048576K
Event: 1.758 GC heap after
Heap after GC invocations=4 (full 0):
 PSYoungGen      total 68608K, used 5091K [0x00000000d6d80000, 0x00000000db580000, 0x0000000100000000)
  eden space 63488K, 0% used [0x00000000d6d80000,0x00000000d6d80000,0x00000000dab80000)
  from space 5120K, 99% used [0x00000000db080000,0x00000000db578e10,0x00000000db580000)
  to   space 5120K, 0% used [0x00000000dab80000,0x00000000dab80000,0x00000000db080000)
 ParOldGen       total 84992K, used 2880K [0x0000000084800000, 0x0000000089b00000, 0x00000000d6d80000)
  object space 84992K, 3% used [0x0000000084800000,0x0000000084ad0178,0x0000000089b00000)
 Metaspace       used 18377K, capacity 18926K, committed 19072K, reserved 1064960K
  class space    used 2408K, capacity 2566K, committed 2688K, reserved 1048576K
}
Event: 2.229 GC heap before
{Heap before GC invocations=5 (full 0):
 PSYoungGen      total 68608K, used 43000K [0x00000000d6d80000, 0x00000000db580000, 0x0000000100000000)
  eden space 63488K, 59% used [0x00000000d6d80000,0x00000000d9285240,0x00000000dab80000)
  from space 5120K, 99% used [0x00000000db080000,0x00000000db578e10,0x00000000db580000)
  to   space 5120K, 0% used [0x00000000dab80000,0x00000000dab80000,0x00000000db080000)
 ParOldGen       total 84992K, used 2880K [0x0000000084800000, 0x0000000089b00000, 0x00000000d6d80000)
  object space 84992K, 3% used [0x0000000084800000,0x0000000084ad0178,0x0000000089b00000)
 Metaspace       used 20589K, capacity 21232K, committed 21296K, reserved 1067008K
  class space    used 2679K, capacity 2861K, committed 2864K, reserved 1048576K

Deoptimization events (0 events):
No events

Classes redefined (0 events):
No events

Internal exceptions (10 events):
Event: 1.720 Thread 0x00007f93b0014000 Exception <a 'java/lang/ClassNotFoundException': org/springframework/beans/factory/support/BeanDefinitionRegistryPostProcessorCustomizer> (0x00000000d8795980) thrown at [/build/java8-openjdk/src/jdk8u-jdk8u162-b12/hotspot/src/share/vm/classfile/systemDict
Event: 1.721 Thread 0x00007f93b0014000 Exception <a 'java/lang/ClassNotFoundException': org/springframework/core/PriorityOrderedCustomizer> (0x00000000d87b0570) thrown at [/build/java8-openjdk/src/jdk8u-jdk8u162-b12/hotspot/src/share/vm/classfile/systemDictionary.cpp, line 210]
Event: 1.723 Thread 0x00007f93b0014000 Exception <a 'java/lang/ClassNotFoundException': org/springframework/context/ResourceLoaderAwareCustomizer> (0x00000000d87cd270) thrown at [/build/java8-openjdk/src/jdk8u-jdk8u162-b12/hotspot/src/share/vm/classfile/systemDictionary.cpp, line 210]
Event: 1.724 Thread 0x00007f93b0014000 Exception <a 'java/lang/ClassNotFoundException': org/springframework/beans/factory/BeanClassLoaderAwareCustomizer> (0x00000000d87edb50) thrown at [/build/java8-openjdk/src/jdk8u-jdk8u162-b12/hotspot/src/share/vm/classfile/systemDictionary.cpp, line 210]
Event: 1.724 Thread 0x00007f93b0014000 Exception <a 'java/lang/ClassNotFoundException': org/springframework/context/EnvironmentAwareCustomizer> (0x00000000d88711c0) thrown at [/build/java8-openjdk/src/jdk8u-jdk8u162-b12/hotspot/src/share/vm/classfile/systemDictionary.cpp, line 210]
Event: 1.731 Thread 0x00007f93b0014000 Exception <a 'java/lang/NoClassDefFoundError': reactor/core/publisher/Mono> (0x00000000d89c9820) thrown at [/build/java8-openjdk/src/jdk8u-jdk8u162-b12/hotspot/src/share/vm/classfile/systemDictionary.cpp, line 199]
Event: 1.732 Thread 0x00007f93b0014000 Exception <a 'java/lang/NoClassDefFoundError': rx/Observable> (0x00000000d89de730) thrown at [/build/java8-openjdk/src/jdk8u-jdk8u162-b12/hotspot/src/share/vm/classfile/systemDictionary.cpp, line 199]
Event: 1.732 Thread 0x00007f93b0014000 Exception <a 'java/lang/NoClassDefFoundError': io/reactivex/Flowable> (0x00000000d8ab5090) thrown at [/build/java8-openjdk/src/jdk8u-jdk8u162-b12/hotspot/src/share/vm/classfile/systemDictionary.cpp, line 199]
Event: 2.181 Thread 0x00007f93b085c000 Exception <a 'java/lang/IncompatibleClassChangeError': Found class java.lang.Object, but interface was expected> (0x00000000d8d93d48) thrown at [/build/java8-openjdk/src/jdk8u-jdk8u162-b12/hotspot/src/share/vm/interpreter/linkResolver.cpp, line 653]
Event: 2.204 Thread 0x00007f93b085c000 Exception <a 'java/lang/NoClassDefFoundError': org/apache/catalina/mbeans/MBeanFactory> (0x00000000d90820b8) thrown at [/build/java8-openjdk/src/jdk8u-jdk8u162-b12/hotspot/src/share/vm/classfile/systemDictionary.cpp, line 199]

Events (10 events):
Event: 2.219 loading class sun/nio/cs/MS1253 done
Event: 2.219 loading class sun/nio/cs/MS1252
Event: 2.219 loading class sun/nio/cs/MS1252 done
Event: 2.220 loading class sun/nio/cs/UTF_32BE
Event: 2.221 loading class sun/nio/cs/UTF_32BE done
Event: 2.221 loading class sun/nio/cs/MS1254
Event: 2.221 loading class sun/nio/cs/MS1254 done
Event: 2.221 loading class sun/nio/cs/MS1257
Event: 2.221 Thread 0x00007f934c00d000 Thread added: 0x00007f934c00d000
Event: 2.221 Executing VM operation: CollectForMetadataAllocation


Dynamic libraries:
84800000-89b00000 rw-p 00000000 00:00 0 
89b00000-d6d80000 ---p 00000000 00:00 0 
d6d80000-db580000 rw-p 00000000 00:00 0 
db580000-100000000 ---p 00000000 00:00 0 
100000000-1002cc000 rw-p 00000000 00:00 0 
1002cc000-140000000 ---p 00000000 00:00 0 
55cd90a5c000-55cd90a5d000 r-xp 00000000 08:08 6819680                    /usr/lib/jvm/java-8-openjdk/jre/bin/java
55cd90c5c000-55cd90c5d000 r--p 00000000 08:08 6819680                    /usr/lib/jvm/java-8-openjdk/jre/bin/java
55cd90c5d000-55cd90c5e000 rw-p 00001000 08:08 6819680                    /usr/lib/jvm/java-8-openjdk/jre/bin/java
55cd91b72000-55cd91b93000 rw-p 00000000 00:00 0                          [heap]
7f9340000000-7f93402b4000 rw-p 00000000 00:00 0 
7f93402b4000-7f9344000000 ---p 00000000 00:00 0 
7f9344000000-7f9344021000 rw-p 00000000 00:00 0 
7f9344021000-7f9348000000 ---p 00000000 00:00 0 
7f9348000000-7f9348021000 rw-p 00000000 00:00 0 
7f9348021000-7f934c000000 ---p 00000000 00:00 0 
7f934c000000-7f934c021000 rw-p 00000000 00:00 0 
7f934c021000-7f9350000000 ---p 00000000 00:00 0 
7f9350000000-7f9350021000 rw-p 00000000 00:00 0 
7f9350021000-7f9354000000 ---p 00000000 00:00 0 
7f9354000000-7f9354021000 rw-p 00000000 00:00 0 
7f9354021000-7f9358000000 ---p 00000000 00:00 0 
7f9358000000-7f9358021000 rw-p 00000000 00:00 0 
7f9358021000-7f935c000000 ---p 00000000 00:00 0 
7f935c000000-7f935c021000 rw-p 00000000 00:00 0 
7f935c021000-7f9360000000 ---p 00000000 00:00 0 
7f9360000000-7f9360021000 rw-p 00000000 00:00 0 
7f9360021000-7f9364000000 ---p 00000000 00:00 0 
7f9364000000-7f9364021000 rw-p 00000000 00:00 0 
7f9364021000-7f9368000000 ---p 00000000 00:00 0 
7f9368000000-7f9368021000 rw-p 00000000 00:00 0 
7f9368021000-7f936c000000 ---p 00000000 00:00 0 
7f936c000000-7f936c53d000 rw-p 00000000 00:00 0 
7f936c53d000-7f9370000000 ---p 00000000 00:00 0 
7f9370000000-7f937005e000 rw-p 00000000 00:00 0 
7f937005e000-7f9374000000 ---p 00000000 00:00 0 
7f93763bf000-7f93765bf000 rw-p 00000000 00:00 0 
7f93765bf000-7f93767bf000 rw-p 00000000 00:00 0 
7f93767bf000-7f93769bf000 rw-p 00000000 00:00 0 
7f93769bf000-7f93769c2000 ---p 00000000 00:00 0 
7f93769c2000-7f9376cc0000 rw-p 00000000 00:00 0 
7f9376cc0000-7f9376ec0000 rw-p 00000000 00:00 0 
7f9376ec0000-7f9376ec3000 ---p 00000000 00:00 0 
7f9376ec3000-7f9376fc1000 rw-p 00000000 00:00 0 
7f9376fc1000-7f9376fc4000 ---p 00000000 00:00 0 
7f9376fc4000-7f93770c2000 rw-p 00000000 00:00 0 
7f93770c2000-7f93770c5000 ---p 00000000 00:00 0 
7f93770c5000-7f93771c3000 rw-p 00000000 00:00 0 
7f93771c3000-7f93771c6000 ---p 00000000 00:00 0 
7f93771c6000-7f93772c4000 rw-p 00000000 00:00 0 
7f93772c4000-7f93772c5000 ---p 00000000 00:00 0 
7f93772c5000-7f93773c5000 rw-p 00000000 00:00 0 
7f93773c5000-7f93773c8000 ---p 00000000 00:00 0 
7f93773c8000-7f93774c6000 rw-p 00000000 00:00 0 
7f93774c6000-7f93774c9000 ---p 00000000 00:00 0 
7f93774c9000-7f93775c7000 rw-p 00000000 00:00 0 
7f93775c7000-7f93775ca000 ---p 00000000 00:00 0 
7f93775ca000-7f93776c8000 rw-p 00000000 00:00 0 
7f93776c8000-7f93776d9000 r-xp 00000000 08:08 6950788                    /usr/lib/jvm/java-8-openjdk/jre/lib/amd64/libnio.so
7f93776d9000-7f93778d9000 ---p 00011000 08:08 6950788                    /usr/lib/jvm/java-8-openjdk/jre/lib/amd64/libnio.so
7f93778d9000-7f93778da000 r--p 00011000 08:08 6950788                    /usr/lib/jvm/java-8-openjdk/jre/lib/amd64/libnio.so
7f93778da000-7f93778db000 rw-p 00012000 08:08 6950788                    /usr/lib/jvm/java-8-openjdk/jre/lib/amd64/libnio.so
7f93778db000-7f93778e3000 r-xp 00000000 08:08 6950781                    /usr/lib/jvm/java-8-openjdk/jre/lib/amd64/libmanagement.so
7f93778e3000-7f9377ae3000 ---p 00008000 08:08 6950781                    /usr/lib/jvm/java-8-openjdk/jre/lib/amd64/libmanagement.so
7f9377ae3000-7f9377ae4000 r--p 00008000 08:08 6950781                    /usr/lib/jvm/java-8-openjdk/jre/lib/amd64/libmanagement.so
7f9377ae4000-7f9377ae5000 rw-p 00009000 08:08 6950781                    /usr/lib/jvm/java-8-openjdk/jre/lib/amd64/libmanagement.so
7f9377ae5000-7f9377ae8000 ---p 00000000 00:00 0 
7f9377ae8000-7f9377be6000 rw-p 00000000 00:00 0 
7f9377be6000-7f9377be7000 ---p 00000000 00:00 0 
7f9377be7000-7f9377bea000 ---p 00000000 00:00 0 
7f9377bea000-7f9377ce7000 rw-p 00000000 00:00 0 
7f9377ce7000-7f9377cfd000 r-xp 00000000 08:08 6950784                    /usr/lib/jvm/java-8-openjdk/jre/lib/amd64/libnet.so
7f9377cfd000-7f9377efd000 ---p 00016000 08:08 6950784                    /usr/lib/jvm/java-8-openjdk/jre/lib/amd64/libnet.so
7f9377efd000-7f9377efe000 r--p 00016000 08:08 6950784                    /usr/lib/jvm/java-8-openjdk/jre/lib/amd64/libnet.so
7f9377efe000-7f9377eff000 rw-p 00017000 08:08 6950784                    /usr/lib/jvm/java-8-openjdk/jre/lib/amd64/libnet.so
7f9377eff000-7f9377f00000 ---p 00000000 00:00 0 
7f9377f00000-7f9377f03000 ---p 00000000 00:00 0 
7f9377f03000-7f9378000000 rw-p 00000000 00:00 0 
7f9378000000-7f9378021000 rw-p 00000000 00:00 0 
7f9378021000-7f937c000000 ---p 00000000 00:00 0 
7f937c000000-7f937c042000 rw-p 00000000 00:00 0 
7f937c042000-7f9380000000 ---p 00000000 00:00 0 
7f9380000000-7f9380021000 rw-p 00000000 00:00 0 
7f9380021000-7f9384000000 ---p 00000000 00:00 0 
7f9384000000-7f9384021000 rw-p 00000000 00:00 0 
7f9384021000-7f9388000000 ---p 00000000 00:00 0 
7f9388000000-7f9388021000 rw-p 00000000 00:00 0 
7f9388021000-7f938c000000 ---p 00000000 00:00 0 
7f938c000000-7f938c021000 rw-p 00000000 00:00 0 
7f938c021000-7f9390000000 ---p 00000000 00:00 0 
7f9390000000-7f9390021000 rw-p 00000000 00:00 0 
7f9390021000-7f9394000000 ---p 00000000 00:00 0 
7f9394000000-7f9394021000 rw-p 00000000 00:00 0 
7f9394021000-7f9398000000 ---p 00000000 00:00 0 
7f9398000000-7f9398021000 rw-p 00000000 00:00 0 
7f9398021000-7f939c000000 ---p 00000000 00:00 0 
7f939c091000-7f939c0ad000 r--s 00393000 08:08 7210003                    /usr/lib/jvm/java-8-openjdk/jre/lib/ext/cldrdata.jar
7f939c0ad000-7f939c0b7000 r--s 00116000 08:08 7210005                    /usr/lib/jvm/java-8-openjdk/jre/lib/ext/localedata.jar
7f939c0b7000-7f939c0bc000 r--s 0009d000 08:08 6819701                    /usr/lib/jvm/java-8-openjdk/jre/lib/jsse.jar
7f939c0bc000-7f939c0bd000 ---p 00000000 00:00 0 
7f939c0bd000-7f939c0c0000 ---p 00000000 00:00 0 
7f939c0c0000-7f939c1bd000 rw-p 00000000 00:00 0 
7f939c1bd000-7f939c1c0000 ---p 00000000 00:00 0 
7f939c1c0000-7f939c2be000 rw-p 00000000 00:00 0 
7f939c2be000-7f939c2c0000 r--s 0001a000 08:08 4332317                    /opt/intellij-idea-ultimate-edition/lib/idea_rt.jar
7f939c2c0000-7f939c2fc000 r--s 00290000 08:08 4726851                    /home/cheeky/.gradle/caches/modules-2/files-2.1/net.bytebuddy/byte-buddy/1.7.11/f02857a4e2c66ccbe7aaad6100a0a6c461bce9b3/byte-buddy-1.7.11.jar
7f939c2fc000-7f939c302000 r--s 00039000 08:08 7605416                    /home/cheeky/.gradle/caches/modules-2/files-2.1/org.apache.logging.log4j/log4j-api/2.10.0/fec5797a55b786184a537abd39c3fa1449d752d6/log4j-api-2.10.0.jar
7f939c302000-7f939c30d000 r--s 00069000 08:08 7603558                    /home/cheeky/.gradle/caches/modules-2/files-2.1/ch.qos.logback/logback-core/1.2.3/864344400c3d4d92dfeb0a305dc87d953677c03c/logback-core-1.2.3.jar
7f939c30d000-7f939c30f000 r--s 00016000 08:08 4989148                    /home/cheeky/.gradle/caches/modules-2/files-2.1/org.ow2.asm/asm/6.0/bc6fa6b19424bb9592fe43bbc20178f92d403105/asm-6.0.jar
7f939c30f000-7f939c311000 r--s 0000a000 08:08 7229824                    /home/cheeky/.gradle/caches/modules-2/files-2.1/org.ow2.asm/asm-tree/6.0/a624f1a6e4e428dcd680a01bab2d4c56b35b18f0/asm-tree-6.0.jar
7f939c311000-7f939c312000 r--s 00012000 08:08 4856983                    /home/cheeky/.gradle/caches/modules-2/files-2.1/org.ow2.asm/asm-commons/6.0/f256fd215d8dd5a4fa2ab3201bf653de266ed4ec/asm-commons-6.0.jar
7f939c312000-7f939c315000 r--s 00015000 08:08 3408172                    /home/cheeky/.gradle/caches/modules-2/files-2.1/javax.servlet/javax.servlet-api/3.1.0/3cd63d075497751784b2fa84be59432f4905bf7c/javax.servlet-api-3.1.0.jar
7f939c315000-7f939c318000 r--s 00008000 08:08 4069568                    /home/cheeky/.gradle/caches/modules-2/files-2.1/org.eclipse.jetty.websocket/websocket-api/9.4.9.v20180320/8be09aafe135e370bbc33a8ec01b443ac9aa9a47/websocket-api-9.4.9.v20180320.jar
7f939c318000-7f939c31c000 r--s 0004b000 08:08 7619563                    /home/cheeky/.gradle/caches/modules-2/files-2.1/com.fasterxml.jackson.core/jackson-core/2.9.5/a22ac51016944b06fd9ffbc9541c6e7ce5eea117/jackson-core-2.9.5.jar
7f939c31c000-7f939c31f000 r--s 0000e000 08:08 7603553                    /home/cheeky/.gradle/caches/modules-2/files-2.1/com.fasterxml.jackson.core/jackson-annotations/2.9.0/7c10d545325e3a6e72e06381afe469fd40eb701/jackson-annotations-2.9.0.jar
7f939c31f000-7f939c321000 r--s 00004000 08:08 5384238                    /home/cheeky/.gradle/caches/modules-2/files-2.1/org.springframework/spring-jcl/5.0.5.RELEASE/f4a2854b9d865e8b86717595aec16f877f8c6489/spring-jcl-5.0.5.RELEASE.jar
7f939c321000-7f939c326000 r--s 00048000 08:08 3408168                    /home/cheeky/.gradle/caches/modules-2/files-2.1/dom4j/dom4j/1.6.1/5d3ccc056b6f056dbf0dddfdf43894b9065a8f94/dom4j-1.6.1.jar
7f939c326000-7f939c329000 r--s 0002b000 08:08 7603348                    /home/cheeky/.gradle/caches/modules-2/files-2.1/org.jboss/jandex/2.0.3.Final/bfc4d6257dbff7a33a357f0de116be6ff951d849/jandex-2.0.3.Final.jar
7f939c329000-7f939c32e000 r--s 00068000 08:08 3408164                    /home/cheeky/.gradle/caches/modules-2/files-2.1/antlr/antlr/2.7.7/83cd2cd674a217ade95a4bb83a8a14f351f48bd0/antlr-2.7.7.jar
7f939c32e000-7f939c338000 r--s 000ab000 08:08 7619547                    /home/cheeky/.gradle/caches/modules-2/files-2.1/org.javassist/javassist/3.22.0-GA/3e83394258ae2089be7219b971ec21a8288528ad/javassist-3.22.0-GA.jar
7f939c338000-7f939c33d000 r--s 00017000 08:08 3408160                    /home/cheeky/.gradle/caches/modules-2/files-2.1/org.hibernate.javax.persistence/hibernate-jpa-2.1-api/1.0.0.Final/5e731d961297e5a07290bfaf3db1fbc8bbbf405a/hibernate-jpa-2.1-api-1.0.0.Final.jar
7f939c33d000-7f939c356000 r--s 001bf000 08:08 4725865                    /home/cheeky/.gradle/caches/modules-2/files-2.1/org.aspectj/aspectjweaver/1.8.13/ad94df2a28d658a40dc27bbaff6a1ce5fbf04e9b/aspectjweaver-1.8.13.jar
7f939c356000-7f939c358000 r--s 00007000 08:08 3408154                    /home/cheeky/.gradle/caches/modules-2/files-2.1/javax.websocket/javax.websocket-api/1.0/fc843b649d4a1dcb0497669d262befa3918c7ba8/javax.websocket-api-1.0.jar
7f939c358000-7f939c35a000 r--s 00004000 08:08 4069566                    /home/cheeky/.gradle/caches/modules-2/files-2.1/org.eclipse.jetty.websocket/websocket-servlet/9.4.9.v20180320/1e443fa4b3ac4c8cee483164479ff3d01b5fcf21/websocket-servlet-9.4.9.v20180320.jar
7f939c35a000-7f939c362000 r--s 00071000 08:08 4069570                    /home/cheeky/.gradle/caches/modules-2/files-2.1/org.eclipse.jetty/jetty-util/9.4.9.v20180320/8a602b93581f6af54839728f51d51ab830bdd44d/jetty-util-9.4.9.v20180320.jar
7f939c362000-7f939c363000 r--s 0000c000 08:08 4069560                    /home/cheeky/.gradle/caches/modules-2/files-2.1/org.eclipse.jetty/jetty-xml/9.4.9.v20180320/247894128d4d3ba41774be941fb801e20e668be7/jetty-xml-9.4.9.v20180320.jar
7f939c363000-7f939c366000 r--s 0001e000 08:08 4069562                    /home/cheeky/.gradle/caches/modules-2/files-2.1/org.eclipse.jetty/jetty-io/9.4.9.v20180320/938d67c72405285d2a7a6efb10d870a1b16fa2e0/jetty-io-9.4.9.v20180320.jar
7f939c366000-7f939c36a000 r--s 0002c000 08:08 4069558                    /home/cheeky/.gradle/caches/modules-2/files-2.1/org.eclipse.jetty.websocket/websocket-common/9.4.9.v20180320/ca1f96a14ae58d951d1d93c1c5a3416b4b501578/websocket-common-9.4.9.v20180320.jar
7f939c36a000-7f939c36d000 r--s 00027000 08:08 4069556                    /home/cheeky/.gradle/caches/modules-2/files-2.1/org.eclipse.jetty/jetty-http/9.4.9.v20180320/64d93698196ea7a66b33c754a0eac2a97d5af4b6/jetty-http-9.4.9.v20180320.jar
7f939c36d000-7f939c375000 r--s 00087000 08:08 4069564                    /home/cheeky/.gradle/caches/modules-2/files-2.1/org.eclipse.jetty/jetty-server/9.4.9.v20180320/8847f7278e8ace7a1f5847e71563c8a10546582/jetty-server-9.4.9.v20180320.jar
7f939c375000-7f939c377000 r--s 00015000 08:08 4069550                    /home/cheeky/.gradle/caches/modules-2/files-2.1/org.eclipse.jetty/jetty-security/9.4.9.v20180320/dadd28ef757d9b8cdd1d7eef7fcbfa0b482c4648/jetty-security-9.4.9.v20180320.jar
7f939c377000-7f939c379000 r--s 00019000 08:08 4069552                    /home/cheeky/.gradle/caches/modules-2/files-2.1/org.eclipse.jetty/jetty-servlet/9.4.9.v20180320/d4453b746bc581af6ec5bce09228dc802bec1040/jetty-servlet-9.4.9.v20180320.jar
7f939c379000-7f939c37f000 r--s 0003f000 08:08 4332752                    /home/cheeky/.gradle/caches/modules-2/files-2.1/org.eclipse.jetty/jetty-client/9.4.9.v20180320/c6ed57d55c5d55927c6e11fc47972a4eeacba6f4/jetty-client-9.4.9.v20180320.jar
7f939c37f000-7f939c381000 r--s 00007000 08:08 4069548                    /home/cheeky/.gradle/caches/modules-2/files-2.1/org.eclipse.jetty.websocket/websocket-client/9.4.9.v20180320/7bd061a1e4f061a02c9fa1441ff93aca213b303c/websocket-client-9.4.9.v20180320.jar
7f939c381000-7f939c386000 r--s 00023000 08:08 4069554                    /home/cheeky/.gradle/caches/modules-2/files-2.1/org.eclipse.jetty.websocket/javax-websocket-client-impl/9.4.9.v20180320/c7023867be962419496b41ba736c0cf793c63133/javax-websocket-client-impl-9.4.9.v20180320.jar
7f939c386000-7f939c388000 r--s 00003000 08:08 4069546                    /home/cheeky/.gradle/caches/modules-2/files-2.1/org.eclipse.jetty/jetty-continuation/9.4.9.v20180320/590a07c7daf76c755e2daefb1aa0a91b41b26d87/jetty-continuation-9.4.9.v20180320.jar
7f939c388000-7f939c38a000 r--s 0000f000 08:08 7229800                    /home/cheeky/.gradle/caches/modules-2/files-2.1/org.jboss.logging/jboss-logging/3.3.2.Final/3789d00e859632e6c6206adc0c71625559e6e3b0/jboss-logging-3.3.2.Final.jar
7f939c38a000-7f939c38d000 r--s 00010000 08:08 3408122                    /home/cheeky/.gradle/caches/modules-2/files-2.1/org.hibernate.common/hibernate-commons-annotations/5.0.1.Final/71e1cff3fcb20d3b3af4f3363c3ddb24d33c6879/hibernate-commons-annotations-5.0.1.Final.jar
7f939c38d000-7f939c392000 r--s 00012000 08:08 5384222                    /home/cheeky/.gradle/caches/modules-2/files-2.1/javax.validation/validation-api/2.0.1.Final/cb855558e6271b1b32e716d24cb85c7f583ce09e/validation-api-2.0.1.Final.jar
7f939c392000-7f939c3a5000 r--s 00135000 08:08 7619559                    /home/cheeky/.gradle/caches/modules-2/files-2.1/com.fasterxml.jackson.core/jackson-databind/2.9.5/3490508379d065fe3fcb80042b62f630f7588606/jackson-databind-2.9.5.jar
7f939c3a5000-7f939c3a7000 r--s 00001000 08:08 7619551                    /home/cheeky/.gradle/caches/modules-2/files-2.1/com.fasterxml.jackson.module/jackson-module-parameter-names/2.9.5/f824c60751ffb7bfc3a0d30dfe0e42317d8e67f5/jackson-module-parameter-names-2.9.5.jar
7f939c3a7000-7f939c3aa000 r--s 00016000 08:08 7619553                    /home/cheeky/.gradle/caches/modules-2/files-2.1/com.fasterxml.jackson.datatype/jackson-datatype-jsr310/2.9.5/d1f0d11e816bc04e222a261106ca138801841c2d/jackson-datatype-jsr310-2.9.5.jar
7f939c3aa000-7f939c3ac000 r--s 00007000 08:08 7619549                    /home/cheeky/.gradle/caches/modules-2/files-2.1/com.fasterxml.jackson.datatype/jackson-datatype-jdk8/2.9.5/23e37f085279ba316c0df923513b81609e1d1f6/jackson-datatype-jdk8-2.9.5.jar
7f939c3ac000-7f939c3ae000 r--s 00004000 08:08 7999152                    /home/cheeky/.gradle/caches/modules-2/files-2.1/org.mapstruct/mapstruct/1.2.0.Final/8609d6eb044e9f6c73cb24c8f2f4ed5c72a249c7/mapstruct-1.2.0.Final.jar
7f939c3ae000-7f939c3b0000 r--s 00009000 08:08 3675096                    /home/cheeky/.gradle/caches/modules-2/files-2.1/org.slf4j/slf4j-api/1.7.25/da76ca59f6a57ee3102f8f9bd9cee742973efa8a/slf4j-api-1.7.25.jar
7f939c3b0000-7f939c3b2000 r--s 00000000 08:08 3675104                    /home/cheeky/.gradle/caches/modules-2/files-2.1/org.slf4j/jul-to-slf4j/1.7.25/af5364cd6679bfffb114f0dec8a157aaa283b76/jul-to-slf4j-1.7.25.jar
7f939c3b2000-7f939c3b4000 r--s 00003000 08:08 7603376                    /home/cheeky/.gradle/caches/modules-2/files-2.1/org.apache.logging.log4j/log4j-to-slf4j/2.10.0/f7e631ccf49cfc0aefa4a2a728da7d374c05bd3c/log4j-to-slf4j-2.10.0.jar
7f939c3b4000-7f939c3ba000 r--s 00041000 08:08 7603374                    /home/cheeky/.gradle/caches/modules-2/files-2.1/ch.qos.logback/logback-classic/1.2.3/7c4f3c474fb2c041d8028740440937705ebb473a/logback-classic-1.2.3.jar
7f939c3ba000-7f939c3bd000 r--s 00020000 08:08 7619545                    /home/cheeky/.gradle/caches/modules-2/files-2.1/com.zaxxer/HikariCP/2.7.8/4a3a604fa2efa89621aa498d04e000b2bed90c39/HikariCP-2.7.8.jar
7f939c3bd000-7f939c3bf000 r--s 0000e000 08:08 3675110                    /home/cheeky/.gradle/caches/modules-2/files-2.1/com.fasterxml/classmate/1.3.4/3d5f48f10bbe4eb7bd862f10c0583be2e0053c6/classmate-1.3.4.jar
7f939c3bf000-7f939c3ee000 r--s 00226000 08:08 4855433                    /home/cheeky/.gradle/caches/modules-2/files-2.1/com.google.guava/guava/20.0/89507701249388e1ed5ddcf8c41f4ce1be7831ef/guava-20.0.jar
7f939c3ee000-7f939c3f1000 r--s 0001d000 08:08 4855431                    /home/cheeky/.gradle/caches/modules-2/files-2.1/org.reflections/reflections/0.9.11/4c686033d918ec1727e329b7222fcb020152e32b/reflections-0.9.11.jar
7f939c3f1000-7f939c3f3000 r--s 00004000 08:08 7999150                    /home/cheeky/.gradle/caches/modules-2/files-2.1/io.swagger/swagger-annotations/1.5.14/989c19cd0a90768885532318ca5fd7ea16290cc8/swagger-annotations-1.5.14.jar
7f939c3f3000-7f939c3f7000 r--s 00020000 08:08 7999148                    /home/cheeky/.gradle/caches/modules-2/files-2.1/io.swagger/swagger-models/1.5.14/581d784b65e82cee5bf3e91d193d3f9c0c702453/swagger-models-1.5.14.jar
7f939c3f7000-7f939c3fe000 r--s 00042000 08:08 7603322                    /home/cheeky/.gradle/caches/modules-2/files-2.1/org.yaml/snakeyaml/1.19/2d998d3d674b172a588e54ab619854d073f555b5/snakeyaml-1.19.jar
7f939c3fe000-7f939c416000 r--s 00114000 08:08 5384244                    /home/cheeky/.gradle/caches/modules-2/files-2.1/org.springframework/spring-core/5.0.5.RELEASE/1bd9feb1d9dac6accd27f5244b6c47cfcb55045c/spring-core-5.0.5.RELEASE.jar
7f939c416000-7f939c41b000 r--s 0003f000 08:08 7619543                    /home/cheeky/.gradle/caches/modules-2/files-2.1/org.springframework/spring-expression/5.0.5.RELEASE/fc6c7a95aeb7d00f4c65c338b08d97767eb0dd99/spring-expression-5.0.5.RELEASE.jar
7f939c41b000-7f939c428000 r--s 00095000 08:08 7619541                    /home/cheeky/.gradle/caches/modules-2/files-2.1/org.springframework/spring-beans/5.0.5.RELEASE/984445863c0bbdaaf860615762d998b471a6bf92/spring-beans-5.0.5.RELEASE.jar
7f939c428000-7f939c430000 r--s 00037000 08:08 7357862                    /home/cheeky/.gradle/caches/modules-2/files-2.1/org.springframework/spring-tx/5.0.5.RELEASE/b772fbba533da282adc89f33e2619ee8a8bba601/spring-tx-5.0.5.RELEASE.jar
7f939c430000-7f939c447000 r--s 000f0000 08:08 7619537                    /home/cheeky/.gradle/caches/modules-2/files-2.1/org.springframework.data/spring-data-commons/2.0.6.RELEASE/4d65fdcbe258961e866f4f85c87c13193bbfd18c/spring-data-commons-2.0.6.RELEASE.jar
7f939c447000-7f939c450000 r--s 00059000 08:08 7229860                    /home/cheeky/.gradle/caches/modules-2/files-2.1/org.springframework/spring-jdbc/5.0.5.RELEASE/456bc4d2281c37aa2f2206651a3048a1d3559d2a/spring-jdbc-5.0.5.RELEASE.jar
7f939c450000-7f939c454000 r--s 0002b000 08:08 7229858                    /home/cheeky/.gradle/caches/modules-2/files-2.1/org.springframework/spring-orm/5.0.5.RELEASE/6734f5ef4c2ebf1d00021fd4b314138f10792174/spring-orm-5.0.5.RELEASE.jar
7f939c454000-7f939c45d000 r--s 00051000 08:08 5250876                    /home/cheeky/.gradle/caches/modules-2/files-2.1/org.springframework/spring-aop/5.0.5.RELEASE/b11b61b94d7fb752a1c9bf3461d655c3084fae47/spring-aop-5.0.5.RELEASE.jar
7f939c45d000-7f939c477000 r--s 000f1000 08:08 7619539                    /home/cheeky/.gradle/caches/modules-2/files-2.1/org.springframework/spring-context/5.0.5.RELEASE/9cca4bf5acb693249a01c218f471c677b951d6e2/spring-context-5.0.5.RELEASE.jar
7f939c477000-7f939c478000 r--s 00004000 08:08 3408068                    /home/cheeky/.gradle/caches/modules-2/files-2.1/org.springframework.plugin/spring-plugin-core/1.2.0.RELEASE/f380e7760032e7d929184f8ad8a33716b75c0657/spring-plugin-core-1.2.0.RELEASE.jar
7f939c478000-7f939c47a000 r--s 00000000 08:08 3408066                    /home/cheeky/.gradle/caches/modules-2/files-2.1/org.springframework.plugin/spring-plugin-metadata/1.2.0.RELEASE/97223fc496b6cab31602eedbd4202aa4fff0d44f/spring-plugin-metadata-1.2.0.RELEASE.jar
7f939c47a000-7f939c47e000 r--s 00018000 08:08 7999146                    /home/cheeky/.gradle/caches/modules-2/files-2.1/io.springfox/springfox-core/2.8.0/5f0fbaa34cc01dfca7089000c4943629d7e1c9dc/springfox-core-2.8.0.jar
7f939c47e000-7f939c481000 r--s 0000a000 08:08 7999144                    /home/cheeky/.gradle/caches/modules-2/files-2.1/io.springfox/springfox-spi/2.8.0/efe49b45357dd9f6c27799a5f7f5ba1ce6bdc05f/springfox-spi-2.8.0.jar
7f939c481000-7f939c484000 r--s 00011000 08:08 7999142                    /home/cheeky/.gradle/caches/modules-2/files-2.1/io.springfox/springfox-schema/2.8.0/70ed8275e2277bffe269c8dbd688f54464bf1222/springfox-schema-2.8.0.jar
7f939c484000-7f939c489000 r--s 00027000 08:08 7999140                    /home/cheeky/.gradle/caches/modules-2/files-2.1/io.springfox/springfox-spring-web/2.8.0/cb2ce464b07919158dde1ad40f72cca9c364559b/springfox-spring-web-2.8.0.jar
7f939c489000-7f939c48c000 r--s 00015000 08:08 7999138                    /home/cheeky/.gradle/caches/modules-2/files-2.1/io.springfox/springfox-swagger-common/2.8.0/e0fc6a0096eb8d40fac7cc8206ddbb2fe73051d2/springfox-swagger-common-2.8.0.jar
7f939c48c000-7f939c48e000 r--s 00005000 08:08 6564753                    /home/cheeky/.gradle/caches/modules-2/files-2.1/javax.annotation/javax.annotation-api/1.3.2/934c04d3cfef185a8008e7bf34331b79730a9d43/javax.annotation-api-1.3.2.jar
7f939c48e000-7f939c4a3000 r--s 000ce000 08:08 7103436                    /home/cheeky/.gradle/caches/modules-2/files-2.1/org.springframework.boot/spring-boot/2.0.1.RELEASE/b8c5b14cbb0e52fdded8f98a8c1493cc74c7cf59/spring-boot-2.0.1.RELEASE.jar
7f939c4a3000-7f939c4c3000 r--s 000fa000 08:08 6973564                    /home/cheeky/.gradle/caches/modules-2/files-2.1/org.springframework.boot/spring-boot-autoconfigure/2.0.1.RELEASE/b0bf9d34ed70c6987a86cd58a009065e5fa02545/spring-boot-autoconfigure-2.0.1.RELEASE.jar
7f939c4c3000-7f939c4c5000 r--s 0000a000 08:08 6564723                    /home/cheeky/.gradle/caches/modules-2/files-2.1/org.springframework/spring-aspects/5.0.5.RELEASE/34994566374425cfdf82634720b010ed20be512d/spring-aspects-5.0.5.RELEASE.jar
7f939c4c5000-7f939c4cd000 r--s 0004a000 08:08 4857004                    /home/cheeky/.gradle/caches/modules-2/files-2.1/org.springframework.data/spring-data-jpa/2.0.6.RELEASE/2c683dfbd06551bfd6cc7e05f9d13f5c54c79ba/spring-data-jpa-2.0.6.RELEASE.jar
7f939c4cd000-7f939c4cf000 r--s 00006000 08:08 3408082                    /home/cheeky/.gradle/caches/modules-2/files-2.1/javax.transaction/javax.transaction-api/1.2/d81aff979d603edd90dcd8db2abc1f4ce6479e3e/javax.transaction-api-1.2.jar
7f939c4cf000-7f939c54c000 r--s 005ee000 08:08 7103434                    /home/cheeky/.gradle/caches/modules-2/files-2.1/org.hibernate/hibernate-core/5.2.16.Final/c169565556721e21e9bdc193a3e8e25160a45468/hibernate-core-5.2.16.Final.jar
7f939c54c000-7f939c551000 r--s 00037000 08:08 7229786                    /home/cheeky/.gradle/caches/modules-2/files-2.1/org.mortbay.jasper/apache-el/8.5.24.2/cd26aaf6c7ee59af58f0e8c12bfda318bf474c49/apache-el-8.5.24.2.jar
7f939c551000-7f939c553000 r--s 00007000 08:08 4069540                    /home/cheeky/.gradle/caches/modules-2/files-2.1/org.eclipse.jetty.websocket/websocket-server/9.4.9.v20180320/c278d6649a5c754f5ae5182f4ee680309c3880d3/websocket-server-9.4.9.v20180320.jar
7f939c553000-7f939c556000 r--s 0001d000 08:08 4069544                    /home/cheeky/.gradle/caches/modules-2/files-2.1/org.eclipse.jetty/jetty-webapp/9.4.9.v20180320/e10113bbae52fa213ede3cafb9235ba1b1884bed/jetty-webapp-9.4.9.v20180320.jar
7f939c556000-7f939c570000 r--s 00119000 08:08 6715661                    /home/cheeky/.gradle/caches/modules-2/files-2.1/org.springframework/spring-web/5.0.5.RELEASE/d51dbb5cabe72ae02e400577bac48f7fc94088de/spring-web-5.0.5.RELEASE.jar
7f939c570000-7f939c57f000 r--s 000b2000 08:08 6829101                    /home/cheeky/.gradle/caches/modules-2/files-2.1/org.springframework/spring-webmvc/5.0.5.RELEASE/a7fd53c7ad06b0fa7dd4ff347de1b2dc508739e/spring-webmvc-5.0.5.RELEASE.jar
7f939c57f000-7f939c582000 ---p 00000000 00:00 0 
7f939c582000-7f939c680000 rw-p 00000000 00:00 0 
7f939c680000-7f939c836000 r--p 00000000 08:08 5561427                    /usr/lib/locale/locale-archive
7f939c836000-7f939c839000 ---p 00000000 00:00 0 
7f939c839000-7f939c937000 rw-p 00000000 00:00 0 
7f939c937000-7f939c93a000 ---p 00000000 00:00 0 
7f939c93a000-7f939ca38000 rw-p 00000000 00:00 0 
7f939ca38000-7f939ca39000 ---p 00000000 00:00 0 
7f939ca39000-7f93a1000000 rw-p 00000000 00:00 0 
7f93a1000000-7f93a1350000 rwxp 00000000 00:00 0 
7f93a1350000-7f93b0000000 ---p 00000000 00:00 0 
7f93b0000000-7f93b0a74000 rw-p 00000000 00:00 0 
7f93b0a74000-7f93b4000000 ---p 00000000 00:00 0 
7f93b4000000-7f93b4002000 r--s 0000c000 08:08 4069572                    /home/cheeky/.gradle/caches/modules-2/files-2.1/org.eclipse.jetty/jetty-plus/9.4.9.v20180320/e2f7e249dd5c625154126e6e04c96e6cdc77f1ed/jetty-plus-9.4.9.v20180320.jar
7f93b4002000-7f93b401f000 r--s 000f8000 08:08 6829099                    /home/cheeky/.gradle/caches/modules-2/files-2.1/org.hibernate.validator/hibernate-validator/6.0.9.Final/b149e4cce82379f11f6129eb3187ca8ae5404005/hibernate-validator-6.0.9.Final.jar
7f93b401f000-7f93b404e000 r--s 002e7000 08:08 6564725                    /home/cheeky/.gradle/caches/modules-2/files-2.1/org.apache.derby/derby/10.14.1.0/3bcd8b1af3f8cd022d54d331e00064776be04f9c/derby-10.14.1.0.jar
7f93b404e000-7f93b4061000 r--s 00346000 08:08 6819707                    /usr/lib/jvm/java-8-openjdk/jre/lib/resources.jar
7f93b4061000-7f93b40f7000 r--s 008dd000 08:08 7209985                    /usr/lib/jvm/java-8-openjdk/jre/lib/ext/jfxrt.jar
7f93b40f7000-7f93b48ff000 rw-p 00000000 00:00 0 
7f93b48ff000-7f93b4ace000 r--s 03c2b000 08:08 6828770                    /usr/lib/jvm/java-8-openjdk/jre/lib/rt.jar
7f93b4ace000-7f93b5720000 rw-p 00000000 00:00 0 
7f93b5720000-7f93b5721000 ---p 00000000 00:00 0 
7f93b5721000-7f93b5821000 rw-p 00000000 00:00 0 
7f93b5821000-7f93b5822000 ---p 00000000 00:00 0 
7f93b5822000-7f93b5922000 rw-p 00000000 00:00 0 
7f93b5922000-7f93b5923000 ---p 00000000 00:00 0 
7f93b5923000-7f93b5a23000 rw-p 00000000 00:00 0 
7f93b5a23000-7f93b5a24000 ---p 00000000 00:00 0 
7f93b5a24000-7f93b5b4e000 rw-p 00000000 00:00 0 
7f93b5b4e000-7f93b5db7000 ---p 00000000 00:00 0 
7f93b5db7000-7f93b5de1000 rw-p 00000000 00:00 0 
7f93b5de1000-7f93b6049000 ---p 00000000 00:00 0 
7f93b6049000-7f93b606e000 rw-p 00000000 00:00 0 
7f93b606e000-7f93b6193000 ---p 00000000 00:00 0 
7f93b6193000-7f93b61a2000 rw-p 00000000 00:00 0 
7f93b61a2000-7f93b6554000 ---p 00000000 00:00 0 
7f93b6554000-7f93b655c000 r-xp 00000000 08:08 6973060                    /usr/lib/jvm/java-8-openjdk/jre/lib/amd64/libzip.so
7f93b655c000-7f93b675b000 ---p 00008000 08:08 6973060                    /usr/lib/jvm/java-8-openjdk/jre/lib/amd64/libzip.so
7f93b675b000-7f93b675c000 r--p 00007000 08:08 6973060                    /usr/lib/jvm/java-8-openjdk/jre/lib/amd64/libzip.so
7f93b675c000-7f93b675d000 rw-p 00008000 08:08 6973060                    /usr/lib/jvm/java-8-openjdk/jre/lib/amd64/libzip.so
7f93b675d000-7f93b6768000 r-xp 00000000 08:08 5507246                    /usr/lib/libnss_files-2.26.so
7f93b6768000-7f93b6967000 ---p 0000b000 08:08 5507246                    /usr/lib/libnss_files-2.26.so
7f93b6967000-7f93b6968000 r--p 0000a000 08:08 5507246                    /usr/lib/libnss_files-2.26.so
7f93b6968000-7f93b6969000 rw-p 0000b000 08:08 5507246                    /usr/lib/libnss_files-2.26.so
7f93b6969000-7f93b696f000 rw-p 00000000 00:00 0 
7f93b696f000-7f93b6979000 r-xp 00000000 08:08 6973058                    /usr/lib/jvm/java-8-openjdk/jre/lib/amd64/libinstrument.so
7f93b6979000-7f93b6b78000 ---p 0000a000 08:08 6973058                    /usr/lib/jvm/java-8-openjdk/jre/lib/amd64/libinstrument.so
7f93b6b78000-7f93b6b79000 r--p 00009000 08:08 6973058                    /usr/lib/jvm/java-8-openjdk/jre/lib/amd64/libinstrument.so
7f93b6b79000-7f93b6b7a000 rw-p 0000a000 08:08 6973058                    /usr/lib/jvm/java-8-openjdk/jre/lib/amd64/libinstrument.so
7f93b6b7a000-7f93b6ba8000 r-xp 00000000 08:08 6952160                    /usr/lib/jvm/java-8-openjdk/jre/lib/amd64/libjava.so
7f93b6ba8000-7f93b6da7000 ---p 0002e000 08:08 6952160                    /usr/lib/jvm/java-8-openjdk/jre/lib/amd64/libjava.so
7f93b6da7000-7f93b6da8000 r--p 0002d000 08:08 6952160                    /usr/lib/jvm/java-8-openjdk/jre/lib/amd64/libjava.so
7f93b6da8000-7f93b6daa000 rw-p 0002e000 08:08 6952160                    /usr/lib/jvm/java-8-openjdk/jre/lib/amd64/libjava.so
7f93b6daa000-7f93b6db7000 r-xp 00000000 08:08 6950774                    /usr/lib/jvm/java-8-openjdk/jre/lib/amd64/libverify.so
7f93b6db7000-7f93b6fb6000 ---p 0000d000 08:08 6950774                    /usr/lib/jvm/java-8-openjdk/jre/lib/amd64/libverify.so
7f93b6fb6000-7f93b6fb8000 r--p 0000c000 08:08 6950774                    /usr/lib/jvm/java-8-openjdk/jre/lib/amd64/libverify.so
7f93b6fb8000-7f93b6fb9000 rw-p 0000e000 08:08 6950774                    /usr/lib/jvm/java-8-openjdk/jre/lib/amd64/libverify.so
7f93b6fb9000-7f93b6fc0000 r-xp 00000000 08:08 5507232                    /usr/lib/librt-2.26.so
7f93b6fc0000-7f93b71bf000 ---p 00007000 08:08 5507232                    /usr/lib/librt-2.26.so
7f93b71bf000-7f93b71c0000 r--p 00006000 08:08 5507232                    /usr/lib/librt-2.26.so
7f93b71c0000-7f93b71c1000 rw-p 00007000 08:08 5507232                    /usr/lib/librt-2.26.so
7f93b71c1000-7f93b730c000 r-xp 00000000 08:08 5507238                    /usr/lib/libm-2.26.so
7f93b730c000-7f93b750b000 ---p 0014b000 08:08 5507238                    /usr/lib/libm-2.26.so
7f93b750b000-7f93b750c000 r--p 0014a000 08:08 5507238                    /usr/lib/libm-2.26.so
7f93b750c000-7f93b750d000 rw-p 0014b000 08:08 5507238                    /usr/lib/libm-2.26.so
7f93b750d000-7f93b81a5000 r-xp 00000000 08:08 7209978                    /usr/lib/jvm/java-8-openjdk/jre/lib/amd64/server/libjvm.so
7f93b81a5000-7f93b83a4000 ---p 00c98000 08:08 7209978                    /usr/lib/jvm/java-8-openjdk/jre/lib/amd64/server/libjvm.so
7f93b83a4000-7f93b8438000 r--p 00c97000 08:08 7209978                    /usr/lib/jvm/java-8-openjdk/jre/lib/amd64/server/libjvm.so
7f93b8438000-7f93b8460000 rw-p 00d2b000 08:08 7209978                    /usr/lib/jvm/java-8-openjdk/jre/lib/amd64/server/libjvm.so
7f93b8460000-7f93b8491000 rw-p 00000000 00:00 0 
7f93b8491000-7f93b863f000 r-xp 00000000 08:08 5507308                    /usr/lib/libc-2.26.so
7f93b863f000-7f93b883e000 ---p 001ae000 08:08 5507308                    /usr/lib/libc-2.26.so
7f93b883e000-7f93b8842000 r--p 001ad000 08:08 5507308                    /usr/lib/libc-2.26.so
7f93b8842000-7f93b8844000 rw-p 001b1000 08:08 5507308                    /usr/lib/libc-2.26.so
7f93b8844000-7f93b8848000 rw-p 00000000 00:00 0 
7f93b8848000-7f93b884b000 r-xp 00000000 08:08 5507240                    /usr/lib/libdl-2.26.so
7f93b884b000-7f93b8a4a000 ---p 00003000 08:08 5507240                    /usr/lib/libdl-2.26.so
7f93b8a4a000-7f93b8a4b000 r--p 00002000 08:08 5507240                    /usr/lib/libdl-2.26.so
7f93b8a4b000-7f93b8a4c000 rw-p 00003000 08:08 5507240                    /usr/lib/libdl-2.26.so
7f93b8a4c000-7f93b8a5a000 r-xp 00000000 08:08 7209977                    /usr/lib/jvm/java-8-openjdk/jre/lib/amd64/jli/libjli.so
7f93b8a5a000-7f93b8c59000 ---p 0000e000 08:08 7209977                    /usr/lib/jvm/java-8-openjdk/jre/lib/amd64/jli/libjli.so
7f93b8c59000-7f93b8c5a000 r--p 0000d000 08:08 7209977                    /usr/lib/jvm/java-8-openjdk/jre/lib/amd64/jli/libjli.so
7f93b8c5a000-7f93b8c5b000 rw-p 0000e000 08:08 7209977                    /usr/lib/jvm/java-8-openjdk/jre/lib/amd64/jli/libjli.so
7f93b8c5b000-7f93b8c71000 r-xp 00000000 08:08 5515651                    /usr/lib/libz.so.1.2.11
7f93b8c71000-7f93b8e70000 ---p 00016000 08:08 5515651                    /usr/lib/libz.so.1.2.11
7f93b8e70000-7f93b8e71000 r--p 00015000 08:08 5515651                    /usr/lib/libz.so.1.2.11
7f93b8e71000-7f93b8e72000 rw-p 00016000 08:08 5515651                    /usr/lib/libz.so.1.2.11
7f93b8e72000-7f93b8e8b000 r-xp 00000000 08:08 5507328                    /usr/lib/libpthread-2.26.so
7f93b8e8b000-7f93b908a000 ---p 00019000 08:08 5507328                    /usr/lib/libpthread-2.26.so
7f93b908a000-7f93b908b000 r--p 00018000 08:08 5507328                    /usr/lib/libpthread-2.26.so
7f93b908b000-7f93b908c000 rw-p 00019000 08:08 5507328                    /usr/lib/libpthread-2.26.so
7f93b908c000-7f93b9090000 rw-p 00000000 00:00 0 
7f93b9090000-7f93b90b5000 r-xp 00000000 08:08 5507309                    /usr/lib/ld-2.26.so
7f93b90b5000-7f93b90b6000 r--s 00000000 08:08 6973562                    /home/cheeky/.gradle/caches/modules-2/files-2.1/org.springframework.boot/spring-boot-starter-logging/2.0.1.RELEASE/10681a28c95e9f9c0159327a1ed0c860517c7ad7/spring-boot-starter-logging-2.0.1.RELEASE.jar
7f93b90b6000-7f93b90b9000 r--s 00011000 08:08 4069542                    /home/cheeky/.gradle/caches/modules-2/files-2.1/org.eclipse.jetty/jetty-annotations/9.4.9.v20180320/873f5343e6c63284b6d8b2e41db11ccb4c526bc9/jetty-annotations-9.4.9.v20180320.jar
7f93b90b9000-7f93b90ba000 r--s 00008000 08:08 4069538                    /home/cheeky/.gradle/caches/modules-2/files-2.1/org.eclipse.jetty.websocket/javax-websocket-server-impl/9.4.9.v20180320/c3c24b4c38a14a2d7789dd1f864b5c468cfe7e3e/javax-websocket-server-impl-9.4.9.v20180320.jar
7f93b90ba000-7f93b90bc000 r--s 00015000 08:08 4069536                    /home/cheeky/.gradle/caches/modules-2/files-2.1/org.eclipse.jetty/jetty-servlets/9.4.9.v20180320/cb40696bb683655b7abb4ca72ad08708cd99ca7b/jetty-servlets-9.4.9.v20180320.jar
7f93b90bc000-7f93b90bd000 r--s 0041e000 08:08 7355673                    /home/cheeky/.gradle/caches/modules-2/files-2.1/io.springfox/springfox-swagger-ui/2.8.0/2b895560df9cd70a2e93119188981b004b4e2ad5/springfox-swagger-ui-2.8.0.jar
7f93b90bd000-7f93b90bf000 r--s 0000e000 08:08 7999136                    /home/cheeky/.gradle/caches/modules-2/files-2.1/io.springfox/springfox-swagger2/2.8.0/27fbca30912258ce0e31cd56361f732f6c27d5ff/springfox-swagger2-2.8.0.jar
7f93b90bf000-7f93b90c0000 r--s 00000000 08:08 4726847                    /home/cheeky/.gradle/caches/modules-2/files-2.1/org.springframework.boot/spring-boot-starter/2.0.1.RELEASE/33abc1286b0aabea4f08ff4285d09e587835a716/spring-boot-starter-2.0.1.RELEASE.jar
7f93b90c0000-7f93b90c1000 r--s 00000000 08:08 5911574                    /home/cheeky/.gradle/caches/modules-2/files-2.1/org.springframework.boot/spring-boot-starter-jdbc/2.0.1.RELEASE/a22a7ac74388118938bfcd894318cd0c5a7c380b/spring-boot-starter-jdbc-2.0.1.RELEASE.jar
7f93b90c1000-7f93b90c2000 r--s 00000000 08:08 5911570                    /home/cheeky/.gradle/caches/modules-2/files-2.1/org.springframework.boot/spring-boot-starter-aop/2.0.1.RELEASE/c7f7b5b5e63edca2fb04899d13d8bad83377b4b3/spring-boot-starter-aop-2.0.1.RELEASE.jar
7f93b90c2000-7f93b90c3000 r--s 00000000 08:08 7619565                    /home/cheeky/.gradle/caches/modules-2/files-2.1/org.springframework.boot/spring-boot-starter-json/2.0.1.RELEASE/f2e1aeeb1ac02bfa1b4f7254633484af1866fc65/spring-boot-starter-json-2.0.1.RELEASE.jar
7f93b90c3000-7f93b90c4000 r--s 00000000 08:08 5384254                    /home/cheeky/.gradle/caches/modules-2/files-2.1/org.springframework.boot/spring-boot-starter-data-jpa/2.0.1.RELEASE/b7c701f60073e2d2b8a8f5502dcc39d4f65f45ff/spring-boot-starter-data-jpa-2.0.1.RELEASE.jar
7f93b90c4000-7f93b90c5000 r--s 00000000 08:08 4069534                    /home/cheeky/.gradle/caches/modules-2/files-2.1/org.springframework.boot/spring-boot-starter-jetty/2.0.1.RELEASE/b270ff3f1ca7e495f8297d78641a5f86f5b0cd48/spring-boot-starter-jetty-2.0.1.RELEASE.jar
7f93b90c5000-7f93b90c6000 r--s 00000000 08:08 5667223                    /home/cheeky/.gradle/caches/modules-2/files-2.1/org.springframework.boot/spring-boot-starter-web/2.0.1.RELEASE/88751ed76791d12425ce5a80476baf1749a44cf4/spring-boot-starter-web-2.0.1.RELEASE.jar
7f93b90c6000-7f93b90c7000 r--s 00000000 08:08 6819700                    /usr/lib/jvm/java-8-openjdk/jre/lib/management-agent.jar
7f93b90c7000-7f93b90cc000 r--s 0009d000 08:08 6819701                    /usr/lib/jvm/java-8-openjdk/jre/lib/jsse.jar
7f93b90cc000-7f93b90cd000 r--s 00009000 08:08 6819685                    /usr/lib/jvm/java-8-openjdk/jre/lib/jfxswt.jar
7f93b90cd000-7f93b90d0000 r--s 00015000 08:08 6819704                    /usr/lib/jvm/java-8-openjdk/jre/lib/jce.jar
7f93b90d0000-7f93b9179000 rw-p 00000000 00:00 0 
7f93b9179000-7f93b917a000 ---p 00000000 00:00 0 
7f93b917a000-7f93b917d000 ---p 00000000 00:00 0 
7f93b917d000-7f93b927e000 rw-p 00000000 00:00 0 
7f93b927e000-7f93b9283000 r--s 002f9000 08:08 6819706                    /usr/lib/jvm/java-8-openjdk/jre/lib/charsets.jar
7f93b9283000-7f93b92aa000 rw-p 00000000 00:00 0 
7f93b92aa000-7f93b92b2000 rw-s 00000000 00:2b 748810                     /tmp/hsperfdata_cheeky/22083
7f93b92b2000-7f93b92b3000 rw-p 00000000 00:00 0 
7f93b92b3000-7f93b92b4000 ---p 00000000 00:00 0 
7f93b92b4000-7f93b92b5000 r--p 00024000 08:08 5507309                    /usr/lib/ld-2.26.so
7f93b92b5000-7f93b92b6000 rw-p 00025000 08:08 5507309                    /usr/lib/ld-2.26.so
7f93b92b6000-7f93b92b7000 rw-p 00000000 00:00 0 
7ffd26720000-7ffd26745000 rw-p 00000000 00:00 0                          [stack]
7ffd26799000-7ffd2679c000 r--p 00000000 00:00 0                          [vvar]
7ffd2679c000-7ffd2679e000 r-xp 00000000 00:00 0                          [vdso]

VM Arguments:
jvm_args: -XX:TieredStopAtLevel=1 -Xverify:none -Dspring.output.ansi.enabled=always -Dcom.sun.management.jmxremote -Dcom.sun.management.jmxremote.port=35805 -Dcom.sun.management.jmxremote.authenticate=false -Dcom.sun.management.jmxremote.ssl=false -Djava.rmi.server.hostname=localhost -Dspring.liveBeansView.mbeanDomain -Dspring.application.admin.enabled=true -javaagent:/opt/intellij-idea-ultimate-edition/lib/idea_rt.jar=43797:/opt/intellij-idea-ultimate-edition/bin -Dfile.encoding=UTF-8 
java_command: com.kuligowski.maciej.platformy.lab4.allegretto.AllegrettoApplication
java_class_path (initial): /usr/lib/jvm/default-runtime/jre/lib/charsets.jar:/usr/lib/jvm/default-runtime/jre/lib/ext/cldrdata.jar:/usr/lib/jvm/default-runtime/jre/lib/ext/dnsns.jar:/usr/lib/jvm/default-runtime/jre/lib/ext/jaccess.jar:/usr/lib/jvm/default-runtime/jre/lib/ext/jfxrt.jar:/usr/lib/jvm/default-runtime/jre/lib/ext/localedata.jar:/usr/lib/jvm/default-runtime/jre/lib/ext/nashorn.jar:/usr/lib/jvm/default-runtime/jre/lib/ext/sunec.jar:/usr/lib/jvm/default-runtime/jre/lib/ext/sunjce_provider.jar:/usr/lib/jvm/default-runtime/jre/lib/ext/sunpkcs11.jar:/usr/lib/jvm/default-runtime/jre/lib/ext/zipfs.jar:/usr/lib/jvm/default-runtime/jre/lib/jce.jar:/usr/lib/jvm/default-runtime/jre/lib/jfxswt.jar:/usr/lib/jvm/default-runtime/jre/lib/jsse.jar:/usr/lib/jvm/default-runtime/jre/lib/management-agent.jar:/usr/lib/jvm/default-runtime/jre/lib/resources.jar:/usr/lib/jvm/default-runtime/jre/lib/rt.jar:/home/cheeky/workspace/Allegretto/out/production/classes:/home/cheeky/workspace/Allegretto/out/production/resources:/home/cheeky/.gradle/caches/modules-2/files-2.1/org.springframework.boot/spring-boot-starter-web/2.0.1.RELEASE/88751ed76791d12425ce5a80476baf1749a44cf4/spring-boot-starter-web-2.0.1.RELEASE.jar:/home/cheeky/.gradle/caches/modules-2/files-2.1/org.springframework.boot/spring-boot-starter-jetty/2.0.1.RELEASE/b270ff3f1ca7e495f8297d78641a5f86f5b0cd48/spring-boot-starter-jetty-2.0.1.RELEASE.jar:/home/cheeky/.gradle/caches/modules-2/files-2.1/org.springframework.boot/spring-boot-starter-data-jpa/2.0.1.RELEASE/b7c701f60073e2d2b8a8f5502dcc39d4f65f45ff/spring-boot-starter-data-jpa-2.0.1.RELEASE.jar:/home/cheeky/.gradle/caches/modules-2/files-2.1/org.springframework.boot/spring-boot-starter-json/2.0.1.RELEASE/f2e1aeeb1ac02bfa1b4f7254633484af1866fc65/spring-boot-starter-json-2.0.1.RELEASE.jar:/home/cheeky/.gradle/caches/modules-2/files-2.1/org.springframework.boot/spring-boot-starter-aop/2.0.1.RELEASE/c7f7b5b5e63edca2fb04899d13d8bad83377b4b3/spring-boot-starter-aop-2.0.1.REL
Launcher Type: SUN_STANDARD

Environment Variables:
PATH=/usr/local/sbin:/usr/local/bin:/usr/bin:/usr/lib/jvm/default/bin:/usr/bin/site_perl:/usr/bin/vendor_perl:/usr/bin/core_perl
SHELL=/bin/bash
DISPLAY=:0

Signal Handlers:
SIGSEGV: [libjvm.so+0xa9e370], sa_mask[0]=11111111011111111101111111111110, sa_flags=SA_RESTART|SA_SIGINFO
SIGBUS: [libjvm.so+0xa9e370], sa_mask[0]=11111111011111111101111111111110, sa_flags=SA_RESTART|SA_SIGINFO
SIGFPE: [libjvm.so+0x8d66a0], sa_mask[0]=11111111011111111101111111111110, sa_flags=SA_RESTART|SA_SIGINFO
SIGPIPE: [libjvm.so+0x8d66a0], sa_mask[0]=11111111011111111101111111111110, sa_flags=SA_RESTART|SA_SIGINFO
SIGXFSZ: [libjvm.so+0x8d66a0], sa_mask[0]=11111111011111111101111111111110, sa_flags=SA_RESTART|SA_SIGINFO
SIGILL: [libjvm.so+0x8d66a0], sa_mask[0]=11111111011111111101111111111110, sa_flags=SA_RESTART|SA_SIGINFO
SIGUSR1: SIG_DFL, sa_mask[0]=00000000000000000000000000000000, sa_flags=none
SIGUSR2: [libjvm.so+0x8d6550], sa_mask[0]=00100000000000000000000000000000, sa_flags=SA_RESTART|SA_SIGINFO
SIGHUP: [libjvm.so+0x8d6a00], sa_mask[0]=11111111011111111101111111111110, sa_flags=SA_RESTART|SA_SIGINFO
SIGINT: [libjvm.so+0x8d6a00], sa_mask[0]=11111111011111111101111111111110, sa_flags=SA_RESTART|SA_SIGINFO
SIGTERM: [libjvm.so+0x8d6a00], sa_mask[0]=11111111011111111101111111111110, sa_flags=SA_RESTART|SA_SIGINFO
SIGQUIT: [libjvm.so+0x8d6a00], sa_mask[0]=11111111011111111101111111111110, sa_flags=SA_RESTART|SA_SIGINFO


---------------  S Y S T E M  ---------------

OS:LSB_VERSION=1.4
DISTRIB_ID=Arch
DISTRIB_RELEASE=rolling
DISTRIB_DESCRIPTION="Arch Linux"

uname:Linux 4.15.5-1-ARCH #1 SMP PREEMPT Thu Feb 22 22:15:20 UTC 2018 x86_64
libc:glibc 2.26 NPTL 2.26 
rlimit: STACK 8192k, CORE infinity, NPROC 30779, NOFILE 4096, AS infinity
load average:1.45 1.32 1.15

/proc/meminfo:
MemTotal:        8090044 kB
MemFree:         1427428 kB
MemAvailable:    3399624 kB
Buffers:          383904 kB
Cached:          2240808 kB
SwapCached:            0 kB
Active:          4939516 kB
Inactive:        1323376 kB
Active(anon):    3596352 kB
Inactive(anon):   559788 kB
Active(file):    1343164 kB
Inactive(file):   763588 kB
Unevictable:          32 kB
Mlocked:              32 kB
SwapTotal:       1048572 kB
SwapFree:        1048572 kB
Dirty:               960 kB
Writeback:             0 kB
AnonPages:       3638308 kB
Mapped:          1006492 kB
Shmem:            517936 kB
Slab:             220196 kB
SReclaimable:     170292 kB
SUnreclaim:        49904 kB
KernelStack:       10096 kB
PageTables:        53504 kB
NFS_Unstable:          0 kB
Bounce:                0 kB
WritebackTmp:          0 kB
CommitLimit:     5093592 kB
Committed_AS:    8873260 kB
VmallocTotal:   34359738367 kB
VmallocUsed:           0 kB
VmallocChunk:          0 kB
HardwareCorrupted:     0 kB
AnonHugePages:         0 kB
ShmemHugePages:        0 kB
ShmemPmdMapped:        0 kB
HugePages_Total:       0
HugePages_Free:        0
HugePages_Rsvd:        0
HugePages_Surp:        0
Hugepagesize:       2048 kB
DirectMap4k:      236320 kB
DirectMap2M:     8071168 kB
DirectMap1G:           0 kB


CPU:total 4 (initial active 4) (2 cores per cpu, 2 threads per core) family 6 model 60 stepping 3, cmov, cx8, fxsr, mmx, sse, sse2, sse3, ssse3, sse4.1, sse4.2, popcnt, avx, avx2, aes, clmul, erms, lzcnt, ht, tsc, tscinvbit, bmi1, bmi2

/proc/cpuinfo:
processor	: 0
vendor_id	: GenuineIntel
cpu family	: 6
model		: 60
model name	: Intel(R) Core(TM) i5-4200M CPU @ 2.50GHz
stepping	: 3
microcode	: 0x23
cpu MHz		: 2993.252
cache size	: 3072 KB
physical id	: 0
siblings	: 4
core id		: 0
cpu cores	: 2
apicid		: 0
initial apicid	: 0
fpu		: yes
fpu_exception	: yes
cpuid level	: 13
wp		: yes
flags		: fpu vme de pse tsc msr pae mce cx8 apic sep mtrr pge mca cmov pat pse36 clflush dts acpi mmx fxsr sse sse2 ss ht tm pbe syscall nx pdpe1gb rdtscp lm constant_tsc arch_perfmon pebs bts rep_good nopl xtopology nonstop_tsc cpuid aperfmperf pni pclmulqdq dtes64 monitor ds_cpl vmx est tm2 ssse3 sdbg fma cx16 xtpr pdcm pcid sse4_1 sse4_2 movbe popcnt tsc_deadline_timer aes xsave avx f16c rdrand lahf_lm abm cpuid_fault epb invpcid_single pti tpr_shadow vnmi flexpriority ept vpid fsgsbase tsc_adjust bmi1 avx2 smep bmi2 erms invpcid xsaveopt dtherm ida arat pln pts
bugs		: cpu_meltdown spectre_v1 spectre_v2
bogomips	: 4988.75
clflush size	: 64
cache_alignment	: 64
address sizes	: 39 bits physical, 48 bits virtual
power management:

processor	: 1
vendor_id	: GenuineIntel
cpu family	: 6
model		: 60
model name	: Intel(R) Core(TM) i5-4200M CPU @ 2.50GHz
stepping	: 3
microcode	: 0x23
cpu MHz		: 2993.253
cache size	: 3072 KB
physical id	: 0
siblings	: 4
core id		: 1
cpu cores	: 2
apicid		: 2
initial apicid	: 2
fpu		: yes
fpu_exception	: yes
cpuid level	: 13
wp		: yes
flags		: fpu vme de pse tsc msr pae mce cx8 apic sep mtrr pge mca cmov pat pse36 clflush dts acpi mmx fxsr sse sse2 ss ht tm pbe syscall nx pdpe1gb rdtscp lm constant_tsc arch_perfmon pebs bts rep_good nopl xtopology nonstop_tsc cpuid aperfmperf pni pclmulqdq dtes64 monitor ds_cpl vmx est tm2 ssse3 sdbg fma cx16 xtpr pdcm pcid sse4_1 sse4_2 movbe popcnt tsc_deadline_timer aes xsave avx f16c rdrand lahf_lm abm cpuid_fault epb invpcid_single pti tpr_shadow vnmi flexpriority ept vpid fsgsbase tsc_adjust bmi1 avx2 smep bmi2 erms invpcid xsaveopt dtherm ida arat pln pts
bugs		: cpu_meltdown spectre_v1 spectre_v2
bogomips	: 4988.75
clflush size	: 64
cache_alignment	: 64
address sizes	: 39 bits physical, 48 bits virtual
power management:

processor	: 2
vendor_id	: GenuineIntel
cpu family	: 6
model		: 60
model name	: Intel(R) Core(TM) i5-4200M CPU @ 2.50GHz
stepping	: 3
microcode	: 0x23
cpu MHz		: 2993.252
cache size	: 3072 KB
physical id	: 0
siblings	: 4
core id		: 0
cpu cores	: 2
apicid		: 1
initial apicid	: 1
fpu		: yes
fpu_exception	: yes
cpuid level	: 13
wp		: yes
flags		: fpu vme de pse tsc msr pae mce cx8 apic sep mtrr pge mca cmov pat pse36 clflush dts acpi mmx fxsr sse sse2 ss ht tm pbe syscall nx pdpe1gb rdtscp lm constant_tsc arch_perfmon pebs bts rep_good nopl xtopology nonstop_tsc cpuid aperfmperf pni pclmulqdq dtes64 monitor ds_cpl vmx est tm2 ssse3 sdbg fma cx16 xtpr pdcm pcid sse4_1 sse4_2 movbe popcnt tsc_deadline_timer aes xsave avx f16c rdrand lahf_lm abm cpuid_fault epb invpcid_single pti tpr_shadow vnmi flexpriority ept vpid fsgsbase tsc_adjust bmi1 avx2 smep bmi2 erms invpcid xsaveopt dtherm ida arat pln pts
bugs		: cpu_meltdown spectre_v1 spectre_v2
bogomips	: 4988.75
clflush size	: 64
cache_alignment	: 64
address sizes	: 39 bits physical, 48 bits virtual
power management:

processor	: 3
vendor_id	: GenuineIntel
cpu family	: 6
model		: 60
model name	: Intel(R) Core(TM) i5-4200M CPU @ 2.50GHz
stepping	: 3
microcode	: 0x23
cpu MHz		: 2993.252
cache size	: 3072 KB
physical id	: 0
siblings	: 4
core id		: 1
cpu cores	: 2
apicid		: 3
initial apicid	: 3
fpu		: yes
fpu_exception	: yes
cpuid level	: 13
wp		: yes
flags		: fpu vme de pse tsc msr pae mce cx8 apic sep mtrr pge mca cmov pat pse36 clflush dts acpi mmx fxsr sse sse2 ss ht tm pbe syscall nx pdpe1gb rdtscp lm constant_tsc arch_perfmon pebs bts rep_good nopl xtopology nonstop_tsc cpuid aperfmperf pni pclmulqdq dtes64 monitor ds_cpl vmx est tm2 ssse3 sdbg fma cx16 xtpr pdcm pcid sse4_1 sse4_2 movbe popcnt tsc_deadline_timer aes xsave avx f16c rdrand lahf_lm abm cpuid_fault epb invpcid_single pti tpr_shadow vnmi flexpriority ept vpid fsgsbase tsc_adjust bmi1 avx2 smep bmi2 erms invpcid xsaveopt dtherm ida arat pln pts
bugs		: cpu_meltdown spectre_v1 spectre_v2
bogomips	: 4988.75
clflush size	: 64
cache_alignment	: 64
address sizes	: 39 bits physical, 48 bits virtual
power management:



Memory: 4k page, physical 8090044k(1427428k free), swap 1048572k(1048572k free)

vm_info: OpenJDK 64-Bit Server VM (25.162-b12) for linux-amd64 JRE (1.8.0_162-b12), built on Feb 27 2018 12:14:51 by "builduser" with gcc 7.3.0

time: Sun Apr  8 19:47:54 2018
elapsed time: 2 seconds (0d 0h 0m 2s)

